[0.051s] Invoking command in '/home/ctg/jaka_HumanArm_v2/build/robot_moveit_config': AMENT_PREFIX_PATH=/home/ctg/jaka_HumanArm_v2/install/robot_description:${AMENT_PREFIX_PATH} CMAKE_PREFIX_PATH=/home/ctg/jaka_HumanArm_v2/install/robot_description:/home/ctg/dev_ws/install/pkg01_helloworld_cpp:/home/ctg/dev_ws/install/learning_topic_cpp:/home/ctg/dev_ws/install/learning_tf_cpp:/home/ctg/dev_ws/install/learning_service_cpp:/home/ctg/dev_ws/install/learning_pkg_c:/home/ctg/dev_ws/install/learning_parameter_cpp:/home/ctg/dev_ws/install/learning_node_cpp:/home/ctg/dev_ws/install/learning_action_cpp:/home/ctg/dev_ws/install/learning_interface:/opt/ros/humble:/home/ctg/dev_ws/install/learning_urdf:/home/ctg/dev_ws/install/learning_topic:/home/ctg/dev_ws/install/learning_tf:/home/ctg/dev_ws/install/learning_service:/home/ctg/dev_ws/install/learning_qos:/home/ctg/dev_ws/install/learning_pkg_python:/home/ctg/dev_ws/install/learning_parameter:/home/ctg/dev_ws/install/learning_node:/home/ctg/dev_ws/install/learning_launch:/home/ctg/dev_ws/install/learning_action:/home/ctg/dev_ws/install/learning_gazebo_fortress:/home/ctg/dev_ws/install/learning_gazebo:/home/ctg/dev_ws/install/learning_cv /usr/bin/cmake --build /home/ctg/jaka_HumanArm_v2/build/robot_moveit_config -- -j32 -l32
[0.703s] Invoked command in '/home/ctg/jaka_HumanArm_v2/build/robot_moveit_config' returned '0': AMENT_PREFIX_PATH=/home/ctg/jaka_HumanArm_v2/install/robot_description:${AMENT_PREFIX_PATH} CMAKE_PREFIX_PATH=/home/ctg/jaka_HumanArm_v2/install/robot_description:/home/ctg/dev_ws/install/pkg01_helloworld_cpp:/home/ctg/dev_ws/install/learning_topic_cpp:/home/ctg/dev_ws/install/learning_tf_cpp:/home/ctg/dev_ws/install/learning_service_cpp:/home/ctg/dev_ws/install/learning_pkg_c:/home/ctg/dev_ws/install/learning_parameter_cpp:/home/ctg/dev_ws/install/learning_node_cpp:/home/ctg/dev_ws/install/learning_action_cpp:/home/ctg/dev_ws/install/learning_interface:/opt/ros/humble:/home/ctg/dev_ws/install/learning_urdf:/home/ctg/dev_ws/install/learning_topic:/home/ctg/dev_ws/install/learning_tf:/home/ctg/dev_ws/install/learning_service:/home/ctg/dev_ws/install/learning_qos:/home/ctg/dev_ws/install/learning_pkg_python:/home/ctg/dev_ws/install/learning_parameter:/home/ctg/dev_ws/install/learning_node:/home/ctg/dev_ws/install/learning_launch:/home/ctg/dev_ws/install/learning_action:/home/ctg/dev_ws/install/learning_gazebo_fortress:/home/ctg/dev_ws/install/learning_gazebo:/home/ctg/dev_ws/install/learning_cv /usr/bin/cmake --build /home/ctg/jaka_HumanArm_v2/build/robot_moveit_config -- -j32 -l32
[0.972s] Invoking command in '/home/ctg/jaka_HumanArm_v2/build/robot_moveit_config': AMENT_PREFIX_PATH=/home/ctg/jaka_HumanArm_v2/install/robot_description:${AMENT_PREFIX_PATH} CMAKE_PREFIX_PATH=/home/ctg/jaka_HumanArm_v2/install/robot_description:/home/ctg/dev_ws/install/pkg01_helloworld_cpp:/home/ctg/dev_ws/install/learning_topic_cpp:/home/ctg/dev_ws/install/learning_tf_cpp:/home/ctg/dev_ws/install/learning_service_cpp:/home/ctg/dev_ws/install/learning_pkg_c:/home/ctg/dev_ws/install/learning_parameter_cpp:/home/ctg/dev_ws/install/learning_node_cpp:/home/ctg/dev_ws/install/learning_action_cpp:/home/ctg/dev_ws/install/learning_interface:/opt/ros/humble:/home/ctg/dev_ws/install/learning_urdf:/home/ctg/dev_ws/install/learning_topic:/home/ctg/dev_ws/install/learning_tf:/home/ctg/dev_ws/install/learning_service:/home/ctg/dev_ws/install/learning_qos:/home/ctg/dev_ws/install/learning_pkg_python:/home/ctg/dev_ws/install/learning_parameter:/home/ctg/dev_ws/install/learning_node:/home/ctg/dev_ws/install/learning_launch:/home/ctg/dev_ws/install/learning_action:/home/ctg/dev_ws/install/learning_gazebo_fortress:/home/ctg/dev_ws/install/learning_gazebo:/home/ctg/dev_ws/install/learning_cv /usr/bin/cmake --install /home/ctg/jaka_HumanArm_v2/build/robot_moveit_config
[1.083s] -- Install configuration: ""
[1.083s] -- Up-to-date: /home/ctg/jaka_HumanArm_v2/install/robot_moveit_config/share/ament_index/resource_index/package_run_dependencies/robot_moveit_config
[1.083s] -- Up-to-date: /home/ctg/jaka_HumanArm_v2/install/robot_moveit_config/share/ament_index/resource_index/parent_prefix_path/robot_moveit_config
[1.083s] -- Up-to-date: /home/ctg/jaka_HumanArm_v2/install/robot_moveit_config/share/robot_moveit_config/environment/ament_prefix_path.sh
[1.083s] -- Up-to-date: /home/ctg/jaka_HumanArm_v2/install/robot_moveit_config/share/robot_moveit_config/environment/ament_prefix_path.dsv
[1.083s] -- Up-to-date: /home/ctg/jaka_HumanArm_v2/install/robot_moveit_config/share/robot_moveit_config/environment/path.sh
[1.084s] -- Up-to-date: /home/ctg/jaka_HumanArm_v2/install/robot_moveit_config/share/robot_moveit_config/environment/path.dsv
[1.084s] -- Up-to-date: /home/ctg/jaka_HumanArm_v2/install/robot_moveit_config/share/robot_moveit_config/local_setup.bash
[1.084s] -- Up-to-date: /home/ctg/jaka_HumanArm_v2/install/robot_moveit_config/share/robot_moveit_config/local_setup.sh
[1.086s] -- Up-to-date: /home/ctg/jaka_HumanArm_v2/install/robot_moveit_config/share/robot_moveit_config/local_setup.zsh
[1.086s] -- Up-to-date: /home/ctg/jaka_HumanArm_v2/install/robot_moveit_config/share/robot_moveit_config/local_setup.dsv
[1.086s] -- Installing: /home/ctg/jaka_HumanArm_v2/install/robot_moveit_config/share/robot_moveit_config/package.dsv
[1.093s] -- Up-to-date: /home/ctg/jaka_HumanArm_v2/install/robot_moveit_config/share/ament_index/resource_index/packages/robot_moveit_config
[1.093s] -- Up-to-date: /home/ctg/jaka_HumanArm_v2/install/robot_moveit_config/share/robot_moveit_config/cmake/robot_moveit_configConfig.cmake
[1.093s] -- Up-to-date: /home/ctg/jaka_HumanArm_v2/install/robot_moveit_config/share/robot_moveit_config/cmake/robot_moveit_configConfig-version.cmake
[1.093s] -- Up-to-date: /home/ctg/jaka_HumanArm_v2/install/robot_moveit_config/share/robot_moveit_config/package.xml
[1.094s] -- Up-to-date: /home/ctg/jaka_HumanArm_v2/install/robot_moveit_config/share/robot_moveit_config/launch
[1.094s] -- Up-to-date: /home/ctg/jaka_HumanArm_v2/install/robot_moveit_config/share/robot_moveit_config/launch/setup_assistant.launch.py
[1.094s] -- Up-to-date: /home/ctg/jaka_HumanArm_v2/install/robot_moveit_config/share/robot_moveit_config/launch/static_virtual_joint_tfs.launch.py
[1.094s] -- Up-to-date: /home/ctg/jaka_HumanArm_v2/install/robot_moveit_config/share/robot_moveit_config/launch/demo.launch.py
[1.094s] -- Up-to-date: /home/ctg/jaka_HumanArm_v2/install/robot_moveit_config/share/robot_moveit_config/launch/realRobot2.launch.py
[1.094s] -- Up-to-date: /home/ctg/jaka_HumanArm_v2/install/robot_moveit_config/share/robot_moveit_config/launch/spawn_controllers.launch.py
[1.094s] -- Up-to-date: /home/ctg/jaka_HumanArm_v2/install/robot_moveit_config/share/robot_moveit_config/launch/rsp.launch.py
[1.094s] -- Up-to-date: /home/ctg/jaka_HumanArm_v2/install/robot_moveit_config/share/robot_moveit_config/launch/realRobot.launch.py
[1.095s] -- Up-to-date: /home/ctg/jaka_HumanArm_v2/install/robot_moveit_config/share/robot_moveit_config/launch/moveit_rviz.launch.py
[1.095s] -- Up-to-date: /home/ctg/jaka_HumanArm_v2/install/robot_moveit_config/share/robot_moveit_config/launch/move_group.launch.py
[1.095s] -- Up-to-date: /home/ctg/jaka_HumanArm_v2/install/robot_moveit_config/share/robot_moveit_config/launch/warehouse_db.launch.py
[1.095s] -- Up-to-date: /home/ctg/jaka_HumanArm_v2/install/robot_moveit_config/share/robot_moveit_config/config
[1.095s] -- Up-to-date: /home/ctg/jaka_HumanArm_v2/install/robot_moveit_config/share/robot_moveit_config/config/pilz_cartesian_limits.yaml
[1.101s] -- Up-to-date: /home/ctg/jaka_HumanArm_v2/install/robot_moveit_config/share/robot_moveit_config/config/urdf.srdf
[1.102s] -- Up-to-date: /home/ctg/jaka_HumanArm_v2/install/robot_moveit_config/share/robot_moveit_config/config/kinematics.yaml
[1.102s] -- Up-to-date: /home/ctg/jaka_HumanArm_v2/install/robot_moveit_config/share/robot_moveit_config/config/ros2_controllers.yaml
[1.102s] -- Up-to-date: /home/ctg/jaka_HumanArm_v2/install/robot_moveit_config/share/robot_moveit_config/config/urdf.ros2_control.xacro
[1.102s] -- Up-to-date: /home/ctg/jaka_HumanArm_v2/install/robot_moveit_config/share/robot_moveit_config/config/joint_limits.yaml
[1.103s] -- Up-to-date: /home/ctg/jaka_HumanArm_v2/install/robot_moveit_config/share/robot_moveit_config/config/sensors_3d.yaml
[1.103s] -- Up-to-date: /home/ctg/jaka_HumanArm_v2/install/robot_moveit_config/share/robot_moveit_config/config/moveit.rviz
[1.103s] -- Up-to-date: /home/ctg/jaka_HumanArm_v2/install/robot_moveit_config/share/robot_moveit_config/config/initial_positions.yaml
[1.103s] -- Up-to-date: /home/ctg/jaka_HumanArm_v2/install/robot_moveit_config/share/robot_moveit_config/config/urdf.urdf.xacro
[1.103s] -- Up-to-date: /home/ctg/jaka_HumanArm_v2/install/robot_moveit_config/share/robot_moveit_config/config/moveit_controllers.yaml
[1.104s] -- Up-to-date: /home/ctg/jaka_HumanArm_v2/install/robot_moveit_config/share/robot_moveit_config/.setup_assistant
[1.108s] Invoked command in '/home/ctg/jaka_HumanArm_v2/build/robot_moveit_config' returned '0': AMENT_PREFIX_PATH=/home/ctg/jaka_HumanArm_v2/install/robot_description:${AMENT_PREFIX_PATH} CMAKE_PREFIX_PATH=/home/ctg/jaka_HumanArm_v2/install/robot_description:/home/ctg/dev_ws/install/pkg01_helloworld_cpp:/home/ctg/dev_ws/install/learning_topic_cpp:/home/ctg/dev_ws/install/learning_tf_cpp:/home/ctg/dev_ws/install/learning_service_cpp:/home/ctg/dev_ws/install/learning_pkg_c:/home/ctg/dev_ws/install/learning_parameter_cpp:/home/ctg/dev_ws/install/learning_node_cpp:/home/ctg/dev_ws/install/learning_action_cpp:/home/ctg/dev_ws/install/learning_interface:/opt/ros/humble:/home/ctg/dev_ws/install/learning_urdf:/home/ctg/dev_ws/install/learning_topic:/home/ctg/dev_ws/install/learning_tf:/home/ctg/dev_ws/install/learning_service:/home/ctg/dev_ws/install/learning_qos:/home/ctg/dev_ws/install/learning_pkg_python:/home/ctg/dev_ws/install/learning_parameter:/home/ctg/dev_ws/install/learning_node:/home/ctg/dev_ws/install/learning_launch:/home/ctg/dev_ws/install/learning_action:/home/ctg/dev_ws/install/learning_gazebo_fortress:/home/ctg/dev_ws/install/learning_gazebo:/home/ctg/dev_ws/install/learning_cv /usr/bin/cmake --install /home/ctg/jaka_HumanArm_v2/build/robot_moveit_config
