[0.466s] DEBUG:colcon:Command line arguments: ['/usr/bin/colcon', 'build']
[0.467s] DEBUG:colcon:Parsed command line arguments: Namespace(log_base=None, log_level=None, verb_name='build', build_base='build', install_base='install', merge_install=False, symlink_install=False, test_result_base=None, continue_on_error=False, executor='parallel', parallel_workers=32, event_handlers=None, ignore_user_meta=False, metas=['./colcon.meta'], base_paths=['.'], packages_ignore=None, packages_ignore_regex=None, paths=None, packages_up_to=None, packages_up_to_regex=None, packages_above=None, packages_above_and_dependencies=None, packages_above_depth=None, packages_select_by_dep=None, packages_skip_by_dep=None, packages_skip_up_to=None, packages_select_build_failed=False, packages_skip_build_finished=False, packages_select_test_failures=False, packages_skip_test_passed=False, packages_select=None, packages_skip=None, packages_select_regex=None, packages_skip_regex=None, packages_start=None, packages_end=None, allow_overriding=[], cmake_args=None, cmake_target=None, cmake_target_skip_unavailable=False, cmake_clean_cache=False, cmake_clean_first=False, cmake_force_configure=False, ament_cmake_args=None, catkin_cmake_args=None, catkin_skip_building_tests=False, mixin_files=None, mixin=None, verb_parser=<colcon_mixin.mixin.mixin_argument.MixinArgumentDecorator object at 0x70f21b64d090>, verb_extension=<colcon_core.verb.build.BuildVerb object at 0x70f21b64ca00>, main=<bound method BuildVerb.main of <colcon_core.verb.build.BuildVerb object at 0x70f21b64ca00>>, mixin_verb=('build',))
[1.090s] Level 1:colcon.colcon_core.package_discovery:discover_packages(colcon_meta) check parameters
[1.092s] Level 1:colcon.colcon_core.package_discovery:discover_packages(recursive) check parameters
[1.092s] Level 1:colcon.colcon_core.package_discovery:discover_packages(ignore) check parameters
[1.092s] Level 1:colcon.colcon_core.package_discovery:discover_packages(path) check parameters
[1.092s] Level 1:colcon.colcon_core.package_discovery:discover_packages(colcon_meta) discover
[1.093s] Level 1:colcon.colcon_core.package_discovery:discover_packages(recursive) discover
[1.093s] INFO:colcon.colcon_core.package_discovery:Crawling recursively for packages in '/home/ctg/jaka_HumanArm_v2'
[1.094s] Level 1:colcon.colcon_core.package_identification:_identify(.) by extensions ['ignore', 'ignore_ament_install']
[1.095s] Level 1:colcon.colcon_core.package_identification:_identify(.) by extension 'ignore'
[1.096s] Level 1:colcon.colcon_core.package_identification:_identify(.) by extension 'ignore_ament_install'
[1.096s] Level 1:colcon.colcon_core.package_identification:_identify(.) by extensions ['colcon_pkg']
[1.096s] Level 1:colcon.colcon_core.package_identification:_identify(.) by extension 'colcon_pkg'
[1.096s] Level 1:colcon.colcon_core.package_identification:_identify(.) by extensions ['colcon_meta']
[1.097s] Level 1:colcon.colcon_core.package_identification:_identify(.) by extension 'colcon_meta'
[1.097s] Level 1:colcon.colcon_core.package_identification:_identify(.) by extensions ['ros']
[1.097s] Level 1:colcon.colcon_core.package_identification:_identify(.) by extension 'ros'
[1.139s] Level 1:colcon.colcon_core.package_identification:_identify(.) by extensions ['cmake', 'python']
[1.139s] Level 1:colcon.colcon_core.package_identification:_identify(.) by extension 'cmake'
[1.139s] Level 1:colcon.colcon_core.package_identification:_identify(.) by extension 'python'
[1.139s] Level 1:colcon.colcon_core.package_identification:_identify(.) by extensions ['python_setup_py']
[1.139s] Level 1:colcon.colcon_core.package_identification:_identify(.) by extension 'python_setup_py'
[1.140s] Level 1:colcon.colcon_core.package_identification:_identify(build) by extensions ['ignore', 'ignore_ament_install']
[1.141s] Level 1:colcon.colcon_core.package_identification:_identify(build) by extension 'ignore'
[1.141s] Level 1:colcon.colcon_core.package_identification:_identify(build) ignored
[1.142s] Level 1:colcon.colcon_core.package_identification:_identify(install) by extensions ['ignore', 'ignore_ament_install']
[1.143s] Level 1:colcon.colcon_core.package_identification:_identify(install) by extension 'ignore'
[1.143s] Level 1:colcon.colcon_core.package_identification:_identify(install) ignored
[1.143s] Level 1:colcon.colcon_core.package_identification:_identify(log) by extensions ['ignore', 'ignore_ament_install']
[1.144s] Level 1:colcon.colcon_core.package_identification:_identify(log) by extension 'ignore'
[1.144s] Level 1:colcon.colcon_core.package_identification:_identify(log) ignored
[1.144s] Level 1:colcon.colcon_core.package_identification:_identify(src) by extensions ['ignore', 'ignore_ament_install']
[1.144s] Level 1:colcon.colcon_core.package_identification:_identify(src) by extension 'ignore'
[1.144s] Level 1:colcon.colcon_core.package_identification:_identify(src) by extension 'ignore_ament_install'
[1.145s] Level 1:colcon.colcon_core.package_identification:_identify(src) by extensions ['colcon_pkg']
[1.145s] Level 1:colcon.colcon_core.package_identification:_identify(src) by extension 'colcon_pkg'
[1.145s] Level 1:colcon.colcon_core.package_identification:_identify(src) by extensions ['colcon_meta']
[1.145s] Level 1:colcon.colcon_core.package_identification:_identify(src) by extension 'colcon_meta'
[1.145s] Level 1:colcon.colcon_core.package_identification:_identify(src) by extensions ['ros']
[1.145s] Level 1:colcon.colcon_core.package_identification:_identify(src) by extension 'ros'
[1.145s] Level 1:colcon.colcon_core.package_identification:_identify(src) by extensions ['cmake', 'python']
[1.145s] Level 1:colcon.colcon_core.package_identification:_identify(src) by extension 'cmake'
[1.146s] Level 1:colcon.colcon_core.package_identification:_identify(src) by extension 'python'
[1.146s] Level 1:colcon.colcon_core.package_identification:_identify(src) by extensions ['python_setup_py']
[1.146s] Level 1:colcon.colcon_core.package_identification:_identify(src) by extension 'python_setup_py'
[1.146s] Level 1:colcon.colcon_core.package_identification:_identify(src/arm_hand_interface) by extensions ['ignore', 'ignore_ament_install']
[1.146s] Level 1:colcon.colcon_core.package_identification:_identify(src/arm_hand_interface) by extension 'ignore'
[1.147s] Level 1:colcon.colcon_core.package_identification:_identify(src/arm_hand_interface) by extension 'ignore_ament_install'
[1.147s] Level 1:colcon.colcon_core.package_identification:_identify(src/arm_hand_interface) by extensions ['colcon_pkg']
[1.147s] Level 1:colcon.colcon_core.package_identification:_identify(src/arm_hand_interface) by extension 'colcon_pkg'
[1.147s] Level 1:colcon.colcon_core.package_identification:_identify(src/arm_hand_interface) by extensions ['colcon_meta']
[1.147s] Level 1:colcon.colcon_core.package_identification:_identify(src/arm_hand_interface) by extension 'colcon_meta'
[1.147s] Level 1:colcon.colcon_core.package_identification:_identify(src/arm_hand_interface) by extensions ['ros']
[1.147s] Level 1:colcon.colcon_core.package_identification:_identify(src/arm_hand_interface) by extension 'ros'
[1.158s] DEBUG:colcon.colcon_core.package_identification:Package 'src/arm_hand_interface' with type 'ros.ament_cmake' and name 'arm_hand_interface'
[1.158s] Level 1:colcon.colcon_core.package_identification:_identify(src/robot_control) by extensions ['ignore', 'ignore_ament_install']
[1.159s] Level 1:colcon.colcon_core.package_identification:_identify(src/robot_control) by extension 'ignore'
[1.159s] Level 1:colcon.colcon_core.package_identification:_identify(src/robot_control) by extension 'ignore_ament_install'
[1.160s] Level 1:colcon.colcon_core.package_identification:_identify(src/robot_control) by extensions ['colcon_pkg']
[1.160s] Level 1:colcon.colcon_core.package_identification:_identify(src/robot_control) by extension 'colcon_pkg'
[1.160s] Level 1:colcon.colcon_core.package_identification:_identify(src/robot_control) by extensions ['colcon_meta']
[1.160s] Level 1:colcon.colcon_core.package_identification:_identify(src/robot_control) by extension 'colcon_meta'
[1.161s] Level 1:colcon.colcon_core.package_identification:_identify(src/robot_control) by extensions ['ros']
[1.161s] Level 1:colcon.colcon_core.package_identification:_identify(src/robot_control) by extension 'ros'
[1.164s] DEBUG:colcon.colcon_core.package_identification:Package 'src/robot_control' with type 'ros.ament_cmake' and name 'robot_control'
[1.164s] Level 1:colcon.colcon_core.package_identification:_identify(src/robot_description) by extensions ['ignore', 'ignore_ament_install']
[1.165s] Level 1:colcon.colcon_core.package_identification:_identify(src/robot_description) by extension 'ignore'
[1.165s] Level 1:colcon.colcon_core.package_identification:_identify(src/robot_description) by extension 'ignore_ament_install'
[1.166s] Level 1:colcon.colcon_core.package_identification:_identify(src/robot_description) by extensions ['colcon_pkg']
[1.166s] Level 1:colcon.colcon_core.package_identification:_identify(src/robot_description) by extension 'colcon_pkg'
[1.166s] Level 1:colcon.colcon_core.package_identification:_identify(src/robot_description) by extensions ['colcon_meta']
[1.167s] Level 1:colcon.colcon_core.package_identification:_identify(src/robot_description) by extension 'colcon_meta'
[1.167s] Level 1:colcon.colcon_core.package_identification:_identify(src/robot_description) by extensions ['ros']
[1.167s] Level 1:colcon.colcon_core.package_identification:_identify(src/robot_description) by extension 'ros'
[1.170s] DEBUG:colcon.colcon_core.package_identification:Package 'src/robot_description' with type 'ros.ament_cmake' and name 'robot_description'
[1.171s] Level 1:colcon.colcon_core.package_identification:_identify(src/robot_moveit_config) by extensions ['ignore', 'ignore_ament_install']
[1.171s] Level 1:colcon.colcon_core.package_identification:_identify(src/robot_moveit_config) by extension 'ignore'
[1.171s] Level 1:colcon.colcon_core.package_identification:_identify(src/robot_moveit_config) by extension 'ignore_ament_install'
[1.171s] Level 1:colcon.colcon_core.package_identification:_identify(src/robot_moveit_config) by extensions ['colcon_pkg']
[1.172s] Level 1:colcon.colcon_core.package_identification:_identify(src/robot_moveit_config) by extension 'colcon_pkg'
[1.172s] Level 1:colcon.colcon_core.package_identification:_identify(src/robot_moveit_config) by extensions ['colcon_meta']
[1.172s] Level 1:colcon.colcon_core.package_identification:_identify(src/robot_moveit_config) by extension 'colcon_meta'
[1.172s] Level 1:colcon.colcon_core.package_identification:_identify(src/robot_moveit_config) by extensions ['ros']
[1.172s] Level 1:colcon.colcon_core.package_identification:_identify(src/robot_moveit_config) by extension 'ros'
[1.174s] DEBUG:colcon.colcon_core.package_identification:Package 'src/robot_moveit_config' with type 'ros.ament_cmake' and name 'robot_moveit_config'
[1.175s] Level 1:colcon.colcon_core.package_identification:_identify(src/robot_moveit_interface) by extensions ['ignore', 'ignore_ament_install']
[1.175s] Level 1:colcon.colcon_core.package_identification:_identify(src/robot_moveit_interface) by extension 'ignore'
[1.175s] Level 1:colcon.colcon_core.package_identification:_identify(src/robot_moveit_interface) by extension 'ignore_ament_install'
[1.175s] Level 1:colcon.colcon_core.package_identification:_identify(src/robot_moveit_interface) by extensions ['colcon_pkg']
[1.176s] Level 1:colcon.colcon_core.package_identification:_identify(src/robot_moveit_interface) by extension 'colcon_pkg'
[1.176s] Level 1:colcon.colcon_core.package_identification:_identify(src/robot_moveit_interface) by extensions ['colcon_meta']
[1.176s] Level 1:colcon.colcon_core.package_identification:_identify(src/robot_moveit_interface) by extension 'colcon_meta'
[1.177s] Level 1:colcon.colcon_core.package_identification:_identify(src/robot_moveit_interface) by extensions ['ros']
[1.177s] Level 1:colcon.colcon_core.package_identification:_identify(src/robot_moveit_interface) by extension 'ros'
[1.180s] DEBUG:colcon.colcon_core.package_identification:Package 'src/robot_moveit_interface' with type 'ros.ament_cmake' and name 'robot_moveit_interface'
[1.181s] Level 1:colcon.colcon_core.package_identification:_identify(src/robot_octomap_motion_planning) by extensions ['ignore', 'ignore_ament_install']
[1.181s] Level 1:colcon.colcon_core.package_identification:_identify(src/robot_octomap_motion_planning) by extension 'ignore'
[1.181s] Level 1:colcon.colcon_core.package_identification:_identify(src/robot_octomap_motion_planning) by extension 'ignore_ament_install'
[1.181s] Level 1:colcon.colcon_core.package_identification:_identify(src/robot_octomap_motion_planning) by extensions ['colcon_pkg']
[1.181s] Level 1:colcon.colcon_core.package_identification:_identify(src/robot_octomap_motion_planning) by extension 'colcon_pkg'
[1.181s] Level 1:colcon.colcon_core.package_identification:_identify(src/robot_octomap_motion_planning) by extensions ['colcon_meta']
[1.182s] Level 1:colcon.colcon_core.package_identification:_identify(src/robot_octomap_motion_planning) by extension 'colcon_meta'
[1.182s] Level 1:colcon.colcon_core.package_identification:_identify(src/robot_octomap_motion_planning) by extensions ['ros']
[1.182s] Level 1:colcon.colcon_core.package_identification:_identify(src/robot_octomap_motion_planning) by extension 'ros'
[1.185s] DEBUG:colcon.colcon_core.package_identification:Package 'src/robot_octomap_motion_planning' with type 'ros.ament_cmake' and name 'robot_octomap_motion_planning'
[1.186s] Level 1:colcon.colcon_core.package_discovery:discover_packages(recursive) using defaults
[1.186s] Level 1:colcon.colcon_core.package_discovery:discover_packages(ignore) discover
[1.186s] Level 1:colcon.colcon_core.package_discovery:discover_packages(ignore) using defaults
[1.187s] Level 1:colcon.colcon_core.package_discovery:discover_packages(path) discover
[1.187s] Level 1:colcon.colcon_core.package_discovery:discover_packages(path) using defaults
[1.285s] Level 1:colcon.colcon_core.package_discovery:discover_packages(prefix_path) check parameters
[1.285s] Level 1:colcon.colcon_core.package_discovery:discover_packages(prefix_path) discover
[1.293s] DEBUG:colcon.colcon_installed_package_information.package_discovery:Found 6 installed packages in /home/ctg/jaka_HumanArm_v2/install
[1.296s] DEBUG:colcon.colcon_installed_package_information.package_discovery:Found 22 installed packages in /home/ctg/dev_ws/install
[1.301s] DEBUG:colcon.colcon_installed_package_information.package_discovery:Found 406 installed packages in /opt/ros/humble
[1.309s] Level 1:colcon.colcon_core.package_discovery:discover_packages(prefix_path) using defaults
[1.504s] Level 5:colcon.colcon_core.verb:set package 'arm_hand_interface' build argument 'cmake_args' from command line to 'None'
[1.504s] Level 5:colcon.colcon_core.verb:set package 'arm_hand_interface' build argument 'cmake_target' from command line to 'None'
[1.504s] Level 5:colcon.colcon_core.verb:set package 'arm_hand_interface' build argument 'cmake_target_skip_unavailable' from command line to 'False'
[1.504s] Level 5:colcon.colcon_core.verb:set package 'arm_hand_interface' build argument 'cmake_clean_cache' from command line to 'False'
[1.504s] Level 5:colcon.colcon_core.verb:set package 'arm_hand_interface' build argument 'cmake_clean_first' from command line to 'False'
[1.504s] Level 5:colcon.colcon_core.verb:set package 'arm_hand_interface' build argument 'cmake_force_configure' from command line to 'False'
[1.504s] Level 5:colcon.colcon_core.verb:set package 'arm_hand_interface' build argument 'ament_cmake_args' from command line to 'None'
[1.504s] Level 5:colcon.colcon_core.verb:set package 'arm_hand_interface' build argument 'catkin_cmake_args' from command line to 'None'
[1.504s] Level 5:colcon.colcon_core.verb:set package 'arm_hand_interface' build argument 'catkin_skip_building_tests' from command line to 'False'
[1.504s] DEBUG:colcon.colcon_core.verb:Building package 'arm_hand_interface' with the following arguments: {'ament_cmake_args': None, 'build_base': '/home/ctg/jaka_HumanArm_v2/build/arm_hand_interface', 'catkin_cmake_args': None, 'catkin_skip_building_tests': False, 'cmake_args': None, 'cmake_clean_cache': False, 'cmake_clean_first': False, 'cmake_force_configure': False, 'cmake_target': None, 'cmake_target_skip_unavailable': False, 'install_base': '/home/ctg/jaka_HumanArm_v2/install/arm_hand_interface', 'merge_install': False, 'path': '/home/ctg/jaka_HumanArm_v2/src/arm_hand_interface', 'symlink_install': False, 'test_result_base': None}
[1.506s] Level 5:colcon.colcon_core.verb:set package 'robot_description' build argument 'cmake_args' from command line to 'None'
[1.506s] Level 5:colcon.colcon_core.verb:set package 'robot_description' build argument 'cmake_target' from command line to 'None'
[1.506s] Level 5:colcon.colcon_core.verb:set package 'robot_description' build argument 'cmake_target_skip_unavailable' from command line to 'False'
[1.506s] Level 5:colcon.colcon_core.verb:set package 'robot_description' build argument 'cmake_clean_cache' from command line to 'False'
[1.506s] Level 5:colcon.colcon_core.verb:set package 'robot_description' build argument 'cmake_clean_first' from command line to 'False'
[1.506s] Level 5:colcon.colcon_core.verb:set package 'robot_description' build argument 'cmake_force_configure' from command line to 'False'
[1.506s] Level 5:colcon.colcon_core.verb:set package 'robot_description' build argument 'ament_cmake_args' from command line to 'None'
[1.506s] Level 5:colcon.colcon_core.verb:set package 'robot_description' build argument 'catkin_cmake_args' from command line to 'None'
[1.506s] Level 5:colcon.colcon_core.verb:set package 'robot_description' build argument 'catkin_skip_building_tests' from command line to 'False'
[1.507s] DEBUG:colcon.colcon_core.verb:Building package 'robot_description' with the following arguments: {'ament_cmake_args': None, 'build_base': '/home/ctg/jaka_HumanArm_v2/build/robot_description', 'catkin_cmake_args': None, 'catkin_skip_building_tests': False, 'cmake_args': None, 'cmake_clean_cache': False, 'cmake_clean_first': False, 'cmake_force_configure': False, 'cmake_target': None, 'cmake_target_skip_unavailable': False, 'install_base': '/home/ctg/jaka_HumanArm_v2/install/robot_description', 'merge_install': False, 'path': '/home/ctg/jaka_HumanArm_v2/src/robot_description', 'symlink_install': False, 'test_result_base': None}
[1.508s] Level 5:colcon.colcon_core.verb:set package 'robot_moveit_interface' build argument 'cmake_args' from command line to 'None'
[1.508s] Level 5:colcon.colcon_core.verb:set package 'robot_moveit_interface' build argument 'cmake_target' from command line to 'None'
[1.508s] Level 5:colcon.colcon_core.verb:set package 'robot_moveit_interface' build argument 'cmake_target_skip_unavailable' from command line to 'False'
[1.508s] Level 5:colcon.colcon_core.verb:set package 'robot_moveit_interface' build argument 'cmake_clean_cache' from command line to 'False'
[1.508s] Level 5:colcon.colcon_core.verb:set package 'robot_moveit_interface' build argument 'cmake_clean_first' from command line to 'False'
[1.508s] Level 5:colcon.colcon_core.verb:set package 'robot_moveit_interface' build argument 'cmake_force_configure' from command line to 'False'
[1.508s] Level 5:colcon.colcon_core.verb:set package 'robot_moveit_interface' build argument 'ament_cmake_args' from command line to 'None'
[1.508s] Level 5:colcon.colcon_core.verb:set package 'robot_moveit_interface' build argument 'catkin_cmake_args' from command line to 'None'
[1.508s] Level 5:colcon.colcon_core.verb:set package 'robot_moveit_interface' build argument 'catkin_skip_building_tests' from command line to 'False'
[1.508s] DEBUG:colcon.colcon_core.verb:Building package 'robot_moveit_interface' with the following arguments: {'ament_cmake_args': None, 'build_base': '/home/ctg/jaka_HumanArm_v2/build/robot_moveit_interface', 'catkin_cmake_args': None, 'catkin_skip_building_tests': False, 'cmake_args': None, 'cmake_clean_cache': False, 'cmake_clean_first': False, 'cmake_force_configure': False, 'cmake_target': None, 'cmake_target_skip_unavailable': False, 'install_base': '/home/ctg/jaka_HumanArm_v2/install/robot_moveit_interface', 'merge_install': False, 'path': '/home/ctg/jaka_HumanArm_v2/src/robot_moveit_interface', 'symlink_install': False, 'test_result_base': None}
[1.509s] Level 5:colcon.colcon_core.verb:set package 'robot_octomap_motion_planning' build argument 'cmake_args' from command line to 'None'
[1.510s] Level 5:colcon.colcon_core.verb:set package 'robot_octomap_motion_planning' build argument 'cmake_target' from command line to 'None'
[1.510s] Level 5:colcon.colcon_core.verb:set package 'robot_octomap_motion_planning' build argument 'cmake_target_skip_unavailable' from command line to 'False'
[1.510s] Level 5:colcon.colcon_core.verb:set package 'robot_octomap_motion_planning' build argument 'cmake_clean_cache' from command line to 'False'
[1.510s] Level 5:colcon.colcon_core.verb:set package 'robot_octomap_motion_planning' build argument 'cmake_clean_first' from command line to 'False'
[1.510s] Level 5:colcon.colcon_core.verb:set package 'robot_octomap_motion_planning' build argument 'cmake_force_configure' from command line to 'False'
[1.510s] Level 5:colcon.colcon_core.verb:set package 'robot_octomap_motion_planning' build argument 'ament_cmake_args' from command line to 'None'
[1.510s] Level 5:colcon.colcon_core.verb:set package 'robot_octomap_motion_planning' build argument 'catkin_cmake_args' from command line to 'None'
[1.510s] Level 5:colcon.colcon_core.verb:set package 'robot_octomap_motion_planning' build argument 'catkin_skip_building_tests' from command line to 'False'
[1.510s] DEBUG:colcon.colcon_core.verb:Building package 'robot_octomap_motion_planning' with the following arguments: {'ament_cmake_args': None, 'build_base': '/home/ctg/jaka_HumanArm_v2/build/robot_octomap_motion_planning', 'catkin_cmake_args': None, 'catkin_skip_building_tests': False, 'cmake_args': None, 'cmake_clean_cache': False, 'cmake_clean_first': False, 'cmake_force_configure': False, 'cmake_target': None, 'cmake_target_skip_unavailable': False, 'install_base': '/home/ctg/jaka_HumanArm_v2/install/robot_octomap_motion_planning', 'merge_install': False, 'path': '/home/ctg/jaka_HumanArm_v2/src/robot_octomap_motion_planning', 'symlink_install': False, 'test_result_base': None}
[1.511s] Level 5:colcon.colcon_core.verb:set package 'robot_control' build argument 'cmake_args' from command line to 'None'
[1.512s] Level 5:colcon.colcon_core.verb:set package 'robot_control' build argument 'cmake_target' from command line to 'None'
[1.512s] Level 5:colcon.colcon_core.verb:set package 'robot_control' build argument 'cmake_target_skip_unavailable' from command line to 'False'
[1.512s] Level 5:colcon.colcon_core.verb:set package 'robot_control' build argument 'cmake_clean_cache' from command line to 'False'
[1.512s] Level 5:colcon.colcon_core.verb:set package 'robot_control' build argument 'cmake_clean_first' from command line to 'False'
[1.512s] Level 5:colcon.colcon_core.verb:set package 'robot_control' build argument 'cmake_force_configure' from command line to 'False'
[1.512s] Level 5:colcon.colcon_core.verb:set package 'robot_control' build argument 'ament_cmake_args' from command line to 'None'
[1.512s] Level 5:colcon.colcon_core.verb:set package 'robot_control' build argument 'catkin_cmake_args' from command line to 'None'
[1.512s] Level 5:colcon.colcon_core.verb:set package 'robot_control' build argument 'catkin_skip_building_tests' from command line to 'False'
[1.512s] DEBUG:colcon.colcon_core.verb:Building package 'robot_control' with the following arguments: {'ament_cmake_args': None, 'build_base': '/home/ctg/jaka_HumanArm_v2/build/robot_control', 'catkin_cmake_args': None, 'catkin_skip_building_tests': False, 'cmake_args': None, 'cmake_clean_cache': False, 'cmake_clean_first': False, 'cmake_force_configure': False, 'cmake_target': None, 'cmake_target_skip_unavailable': False, 'install_base': '/home/ctg/jaka_HumanArm_v2/install/robot_control', 'merge_install': False, 'path': '/home/ctg/jaka_HumanArm_v2/src/robot_control', 'symlink_install': False, 'test_result_base': None}
[1.514s] Level 5:colcon.colcon_core.verb:set package 'robot_moveit_config' build argument 'cmake_args' from command line to 'None'
[1.514s] Level 5:colcon.colcon_core.verb:set package 'robot_moveit_config' build argument 'cmake_target' from command line to 'None'
[1.514s] Level 5:colcon.colcon_core.verb:set package 'robot_moveit_config' build argument 'cmake_target_skip_unavailable' from command line to 'False'
[1.514s] Level 5:colcon.colcon_core.verb:set package 'robot_moveit_config' build argument 'cmake_clean_cache' from command line to 'False'
[1.514s] Level 5:colcon.colcon_core.verb:set package 'robot_moveit_config' build argument 'cmake_clean_first' from command line to 'False'
[1.514s] Level 5:colcon.colcon_core.verb:set package 'robot_moveit_config' build argument 'cmake_force_configure' from command line to 'False'
[1.514s] Level 5:colcon.colcon_core.verb:set package 'robot_moveit_config' build argument 'ament_cmake_args' from command line to 'None'
[1.514s] Level 5:colcon.colcon_core.verb:set package 'robot_moveit_config' build argument 'catkin_cmake_args' from command line to 'None'
[1.514s] Level 5:colcon.colcon_core.verb:set package 'robot_moveit_config' build argument 'catkin_skip_building_tests' from command line to 'False'
[1.514s] DEBUG:colcon.colcon_core.verb:Building package 'robot_moveit_config' with the following arguments: {'ament_cmake_args': None, 'build_base': '/home/ctg/jaka_HumanArm_v2/build/robot_moveit_config', 'catkin_cmake_args': None, 'catkin_skip_building_tests': False, 'cmake_args': None, 'cmake_clean_cache': False, 'cmake_clean_first': False, 'cmake_force_configure': False, 'cmake_target': None, 'cmake_target_skip_unavailable': False, 'install_base': '/home/ctg/jaka_HumanArm_v2/install/robot_moveit_config', 'merge_install': False, 'path': '/home/ctg/jaka_HumanArm_v2/src/robot_moveit_config', 'symlink_install': False, 'test_result_base': None}
[1.515s] INFO:colcon.colcon_core.executor:Executing jobs using 'parallel' executor
[1.518s] DEBUG:colcon.colcon_parallel_executor.executor.parallel:run_until_complete
[1.519s] INFO:colcon.colcon_ros.task.ament_cmake.build:Building ROS package in '/home/ctg/jaka_HumanArm_v2/src/arm_hand_interface' with build type 'ament_cmake'
[1.520s] INFO:colcon.colcon_cmake.task.cmake.build:Building CMake package in '/home/ctg/jaka_HumanArm_v2/src/arm_hand_interface'
[1.527s] INFO:colcon.colcon_core.plugin_system:Skipping extension 'colcon_core.shell.bat': Not used on non-Windows systems
[1.528s] INFO:colcon.colcon_core.shell:Skip shell extension 'powershell' for command environment: Not usable outside of PowerShell
[1.528s] DEBUG:colcon.colcon_core.shell:Skip shell extension 'dsv' for command environment
[1.548s] INFO:colcon.colcon_ros.task.ament_cmake.build:Building ROS package in '/home/ctg/jaka_HumanArm_v2/src/robot_description' with build type 'ament_cmake'
[1.549s] INFO:colcon.colcon_cmake.task.cmake.build:Building CMake package in '/home/ctg/jaka_HumanArm_v2/src/robot_description'
[1.550s] INFO:colcon.colcon_core.shell:Skip shell extension 'powershell' for command environment: Not usable outside of PowerShell
[1.551s] DEBUG:colcon.colcon_core.shell:Skip shell extension 'dsv' for command environment
[1.578s] INFO:colcon.colcon_ros.task.ament_cmake.build:Building ROS package in '/home/ctg/jaka_HumanArm_v2/src/robot_moveit_interface' with build type 'ament_cmake'
[1.578s] INFO:colcon.colcon_cmake.task.cmake.build:Building CMake package in '/home/ctg/jaka_HumanArm_v2/src/robot_moveit_interface'
[1.578s] INFO:colcon.colcon_core.shell:Skip shell extension 'powershell' for command environment: Not usable outside of PowerShell
[1.578s] DEBUG:colcon.colcon_core.shell:Skip shell extension 'dsv' for command environment
[1.597s] INFO:colcon.colcon_ros.task.ament_cmake.build:Building ROS package in '/home/ctg/jaka_HumanArm_v2/src/robot_octomap_motion_planning' with build type 'ament_cmake'
[1.597s] INFO:colcon.colcon_cmake.task.cmake.build:Building CMake package in '/home/ctg/jaka_HumanArm_v2/src/robot_octomap_motion_planning'
[1.598s] INFO:colcon.colcon_core.shell:Skip shell extension 'powershell' for command environment: Not usable outside of PowerShell
[1.599s] DEBUG:colcon.colcon_core.shell:Skip shell extension 'dsv' for command environment
[1.633s] DEBUG:colcon.colcon_core.event_handler.log_command:Invoking command in '/home/ctg/jaka_HumanArm_v2/build/arm_hand_interface': CMAKE_PREFIX_PATH=${CMAKE_PREFIX_PATH}:/opt/ros/humble:/home/ctg/dev_ws/install/learning_urdf:/home/ctg/dev_ws/install/learning_topic:/home/ctg/dev_ws/install/learning_tf:/home/ctg/dev_ws/install/learning_service:/home/ctg/dev_ws/install/learning_qos:/home/ctg/dev_ws/install/learning_pkg_python:/home/ctg/dev_ws/install/learning_parameter:/home/ctg/dev_ws/install/learning_node:/home/ctg/dev_ws/install/learning_launch:/home/ctg/dev_ws/install/learning_action:/home/ctg/dev_ws/install/learning_gazebo_fortress:/home/ctg/dev_ws/install/learning_gazebo:/home/ctg/dev_ws/install/learning_cv /usr/bin/cmake --build /home/ctg/jaka_HumanArm_v2/build/arm_hand_interface -- -j32 -l32
[1.643s] DEBUG:colcon.colcon_core.event_handler.log_command:Invoking command in '/home/ctg/jaka_HumanArm_v2/build/robot_description': CMAKE_PREFIX_PATH=${CMAKE_PREFIX_PATH}:/opt/ros/humble:/home/ctg/dev_ws/install/learning_urdf:/home/ctg/dev_ws/install/learning_topic:/home/ctg/dev_ws/install/learning_tf:/home/ctg/dev_ws/install/learning_service:/home/ctg/dev_ws/install/learning_qos:/home/ctg/dev_ws/install/learning_pkg_python:/home/ctg/dev_ws/install/learning_parameter:/home/ctg/dev_ws/install/learning_node:/home/ctg/dev_ws/install/learning_launch:/home/ctg/dev_ws/install/learning_action:/home/ctg/dev_ws/install/learning_gazebo_fortress:/home/ctg/dev_ws/install/learning_gazebo:/home/ctg/dev_ws/install/learning_cv /usr/bin/cmake --build /home/ctg/jaka_HumanArm_v2/build/robot_description -- -j32 -l32
[1.655s] DEBUG:colcon.colcon_core.event_handler.log_command:Invoking command in '/home/ctg/jaka_HumanArm_v2/build/robot_moveit_interface': CMAKE_PREFIX_PATH=${CMAKE_PREFIX_PATH}:/opt/ros/humble:/home/ctg/dev_ws/install/learning_urdf:/home/ctg/dev_ws/install/learning_topic:/home/ctg/dev_ws/install/learning_tf:/home/ctg/dev_ws/install/learning_service:/home/ctg/dev_ws/install/learning_qos:/home/ctg/dev_ws/install/learning_pkg_python:/home/ctg/dev_ws/install/learning_parameter:/home/ctg/dev_ws/install/learning_node:/home/ctg/dev_ws/install/learning_launch:/home/ctg/dev_ws/install/learning_action:/home/ctg/dev_ws/install/learning_gazebo_fortress:/home/ctg/dev_ws/install/learning_gazebo:/home/ctg/dev_ws/install/learning_cv /usr/bin/cmake --build /home/ctg/jaka_HumanArm_v2/build/robot_moveit_interface -- -j32 -l32
[1.688s] DEBUG:colcon.colcon_core.event_handler.log_command:Invoking command in '/home/ctg/jaka_HumanArm_v2/build/robot_octomap_motion_planning': CMAKE_PREFIX_PATH=${CMAKE_PREFIX_PATH}:/opt/ros/humble:/home/ctg/dev_ws/install/learning_urdf:/home/ctg/dev_ws/install/learning_topic:/home/ctg/dev_ws/install/learning_tf:/home/ctg/dev_ws/install/learning_service:/home/ctg/dev_ws/install/learning_qos:/home/ctg/dev_ws/install/learning_pkg_python:/home/ctg/dev_ws/install/learning_parameter:/home/ctg/dev_ws/install/learning_node:/home/ctg/dev_ws/install/learning_launch:/home/ctg/dev_ws/install/learning_action:/home/ctg/dev_ws/install/learning_gazebo_fortress:/home/ctg/dev_ws/install/learning_gazebo:/home/ctg/dev_ws/install/learning_cv /usr/bin/cmake --build /home/ctg/jaka_HumanArm_v2/build/robot_octomap_motion_planning -- -j32 -l32
[1.798s] DEBUG:colcon.colcon_core.event_handler.log_command:Invoked command in '/home/ctg/jaka_HumanArm_v2/build/robot_description' returned '0': CMAKE_PREFIX_PATH=${CMAKE_PREFIX_PATH}:/opt/ros/humble:/home/ctg/dev_ws/install/learning_urdf:/home/ctg/dev_ws/install/learning_topic:/home/ctg/dev_ws/install/learning_tf:/home/ctg/dev_ws/install/learning_service:/home/ctg/dev_ws/install/learning_qos:/home/ctg/dev_ws/install/learning_pkg_python:/home/ctg/dev_ws/install/learning_parameter:/home/ctg/dev_ws/install/learning_node:/home/ctg/dev_ws/install/learning_launch:/home/ctg/dev_ws/install/learning_action:/home/ctg/dev_ws/install/learning_gazebo_fortress:/home/ctg/dev_ws/install/learning_gazebo:/home/ctg/dev_ws/install/learning_cv /usr/bin/cmake --build /home/ctg/jaka_HumanArm_v2/build/robot_description -- -j32 -l32
[1.994s] DEBUG:colcon.colcon_core.event_handler.log_command:Invoking command in '/home/ctg/jaka_HumanArm_v2/build/robot_description': CMAKE_PREFIX_PATH=${CMAKE_PREFIX_PATH}:/opt/ros/humble:/home/ctg/dev_ws/install/learning_urdf:/home/ctg/dev_ws/install/learning_topic:/home/ctg/dev_ws/install/learning_tf:/home/ctg/dev_ws/install/learning_service:/home/ctg/dev_ws/install/learning_qos:/home/ctg/dev_ws/install/learning_pkg_python:/home/ctg/dev_ws/install/learning_parameter:/home/ctg/dev_ws/install/learning_node:/home/ctg/dev_ws/install/learning_launch:/home/ctg/dev_ws/install/learning_action:/home/ctg/dev_ws/install/learning_gazebo_fortress:/home/ctg/dev_ws/install/learning_gazebo:/home/ctg/dev_ws/install/learning_cv /usr/bin/cmake --install /home/ctg/jaka_HumanArm_v2/build/robot_description
[2.001s] DEBUG:colcon.colcon_core.event_handler.log_command:Invoked command in '/home/ctg/jaka_HumanArm_v2/build/robot_moveit_interface' returned '0': CMAKE_PREFIX_PATH=${CMAKE_PREFIX_PATH}:/opt/ros/humble:/home/ctg/dev_ws/install/learning_urdf:/home/ctg/dev_ws/install/learning_topic:/home/ctg/dev_ws/install/learning_tf:/home/ctg/dev_ws/install/learning_service:/home/ctg/dev_ws/install/learning_qos:/home/ctg/dev_ws/install/learning_pkg_python:/home/ctg/dev_ws/install/learning_parameter:/home/ctg/dev_ws/install/learning_node:/home/ctg/dev_ws/install/learning_launch:/home/ctg/dev_ws/install/learning_action:/home/ctg/dev_ws/install/learning_gazebo_fortress:/home/ctg/dev_ws/install/learning_gazebo:/home/ctg/dev_ws/install/learning_cv /usr/bin/cmake --build /home/ctg/jaka_HumanArm_v2/build/robot_moveit_interface -- -j32 -l32
[2.031s] Level 1:colcon.colcon_core.environment:create_environment_scripts_only(robot_description)
[2.042s] DEBUG:colcon.colcon_core.event_handler.log_command:Invoked command in '/home/ctg/jaka_HumanArm_v2/build/robot_description' returned '0': CMAKE_PREFIX_PATH=${CMAKE_PREFIX_PATH}:/opt/ros/humble:/home/ctg/dev_ws/install/learning_urdf:/home/ctg/dev_ws/install/learning_topic:/home/ctg/dev_ws/install/learning_tf:/home/ctg/dev_ws/install/learning_service:/home/ctg/dev_ws/install/learning_qos:/home/ctg/dev_ws/install/learning_pkg_python:/home/ctg/dev_ws/install/learning_parameter:/home/ctg/dev_ws/install/learning_node:/home/ctg/dev_ws/install/learning_launch:/home/ctg/dev_ws/install/learning_action:/home/ctg/dev_ws/install/learning_gazebo_fortress:/home/ctg/dev_ws/install/learning_gazebo:/home/ctg/dev_ws/install/learning_cv /usr/bin/cmake --install /home/ctg/jaka_HumanArm_v2/build/robot_description
[2.046s] Level 1:colcon.colcon_core.environment:checking '/home/ctg/jaka_HumanArm_v2/install/robot_description' for CMake module files
[2.048s] Level 1:colcon.colcon_core.environment:checking '/home/ctg/jaka_HumanArm_v2/install/robot_description' for CMake config files
[2.048s] Level 1:colcon.colcon_core.shell:create_environment_hook('robot_description', 'cmake_prefix_path')
[2.049s] INFO:colcon.colcon_core.shell:Creating environment hook '/home/ctg/jaka_HumanArm_v2/install/robot_description/share/robot_description/hook/cmake_prefix_path.ps1'
[2.051s] INFO:colcon.colcon_core.shell:Creating environment descriptor '/home/ctg/jaka_HumanArm_v2/install/robot_description/share/robot_description/hook/cmake_prefix_path.dsv'
[2.053s] INFO:colcon.colcon_core.shell:Creating environment hook '/home/ctg/jaka_HumanArm_v2/install/robot_description/share/robot_description/hook/cmake_prefix_path.sh'
[2.056s] Level 1:colcon.colcon_core.environment:checking '/home/ctg/jaka_HumanArm_v2/install/robot_description/bin'
[2.057s] Level 1:colcon.colcon_core.environment:checking '/home/ctg/jaka_HumanArm_v2/install/robot_description/lib/pkgconfig/robot_description.pc'
[2.058s] Level 1:colcon.colcon_core.environment:checking '/home/ctg/jaka_HumanArm_v2/install/robot_description/lib/python3.10/site-packages'
[2.058s] Level 1:colcon.colcon_core.environment:checking '/home/ctg/jaka_HumanArm_v2/install/robot_description/bin'
[2.060s] INFO:colcon.colcon_core.shell:Creating package script '/home/ctg/jaka_HumanArm_v2/install/robot_description/share/robot_description/package.ps1'
[2.062s] INFO:colcon.colcon_core.shell:Creating package descriptor '/home/ctg/jaka_HumanArm_v2/install/robot_description/share/robot_description/package.dsv'
[2.064s] INFO:colcon.colcon_core.shell:Creating package script '/home/ctg/jaka_HumanArm_v2/install/robot_description/share/robot_description/package.sh'
[2.067s] INFO:colcon.colcon_core.shell:Creating package script '/home/ctg/jaka_HumanArm_v2/install/robot_description/share/robot_description/package.bash'
[2.070s] INFO:colcon.colcon_core.shell:Creating package script '/home/ctg/jaka_HumanArm_v2/install/robot_description/share/robot_description/package.zsh'
[2.074s] Level 1:colcon.colcon_core.environment:create_file_with_runtime_dependencies(/home/ctg/jaka_HumanArm_v2/install/robot_description/share/colcon-core/packages/robot_description)
[2.087s] DEBUG:colcon.colcon_core.event_handler.log_command:Invoked command in '/home/ctg/jaka_HumanArm_v2/build/robot_octomap_motion_planning' returned '0': CMAKE_PREFIX_PATH=${CMAKE_PREFIX_PATH}:/opt/ros/humble:/home/ctg/dev_ws/install/learning_urdf:/home/ctg/dev_ws/install/learning_topic:/home/ctg/dev_ws/install/learning_tf:/home/ctg/dev_ws/install/learning_service:/home/ctg/dev_ws/install/learning_qos:/home/ctg/dev_ws/install/learning_pkg_python:/home/ctg/dev_ws/install/learning_parameter:/home/ctg/dev_ws/install/learning_node:/home/ctg/dev_ws/install/learning_launch:/home/ctg/dev_ws/install/learning_action:/home/ctg/dev_ws/install/learning_gazebo_fortress:/home/ctg/dev_ws/install/learning_gazebo:/home/ctg/dev_ws/install/learning_cv /usr/bin/cmake --build /home/ctg/jaka_HumanArm_v2/build/robot_octomap_motion_planning -- -j32 -l32
[2.183s] DEBUG:colcon.colcon_core.event_handler.log_command:Invoking command in '/home/ctg/jaka_HumanArm_v2/build/robot_moveit_interface': CMAKE_PREFIX_PATH=${CMAKE_PREFIX_PATH}:/opt/ros/humble:/home/ctg/dev_ws/install/learning_urdf:/home/ctg/dev_ws/install/learning_topic:/home/ctg/dev_ws/install/learning_tf:/home/ctg/dev_ws/install/learning_service:/home/ctg/dev_ws/install/learning_qos:/home/ctg/dev_ws/install/learning_pkg_python:/home/ctg/dev_ws/install/learning_parameter:/home/ctg/dev_ws/install/learning_node:/home/ctg/dev_ws/install/learning_launch:/home/ctg/dev_ws/install/learning_action:/home/ctg/dev_ws/install/learning_gazebo_fortress:/home/ctg/dev_ws/install/learning_gazebo:/home/ctg/dev_ws/install/learning_cv /usr/bin/cmake --install /home/ctg/jaka_HumanArm_v2/build/robot_moveit_interface
[2.218s] Level 1:colcon.colcon_core.environment:create_environment_scripts_only(robot_description)
[2.219s] Level 1:colcon.colcon_core.environment:checking '/home/ctg/jaka_HumanArm_v2/install/robot_description' for CMake module files
[2.221s] Level 1:colcon.colcon_core.environment:checking '/home/ctg/jaka_HumanArm_v2/install/robot_description' for CMake config files
[2.222s] Level 1:colcon.colcon_core.shell:create_environment_hook('robot_description', 'cmake_prefix_path')
[2.223s] INFO:colcon.colcon_core.shell:Creating environment hook '/home/ctg/jaka_HumanArm_v2/install/robot_description/share/robot_description/hook/cmake_prefix_path.ps1'
[2.224s] INFO:colcon.colcon_core.shell:Creating environment descriptor '/home/ctg/jaka_HumanArm_v2/install/robot_description/share/robot_description/hook/cmake_prefix_path.dsv'
[2.226s] INFO:colcon.colcon_core.shell:Creating environment hook '/home/ctg/jaka_HumanArm_v2/install/robot_description/share/robot_description/hook/cmake_prefix_path.sh'
[2.229s] Level 1:colcon.colcon_core.environment:checking '/home/ctg/jaka_HumanArm_v2/install/robot_description/bin'
[2.229s] Level 1:colcon.colcon_core.environment:checking '/home/ctg/jaka_HumanArm_v2/install/robot_description/lib/pkgconfig/robot_description.pc'
[2.230s] Level 1:colcon.colcon_core.environment:checking '/home/ctg/jaka_HumanArm_v2/install/robot_description/lib/python3.10/site-packages'
[2.231s] Level 1:colcon.colcon_core.environment:checking '/home/ctg/jaka_HumanArm_v2/install/robot_description/bin'
[2.232s] INFO:colcon.colcon_core.shell:Creating package script '/home/ctg/jaka_HumanArm_v2/install/robot_description/share/robot_description/package.ps1'
[2.236s] INFO:colcon.colcon_core.shell:Creating package descriptor '/home/ctg/jaka_HumanArm_v2/install/robot_description/share/robot_description/package.dsv'
[2.240s] INFO:colcon.colcon_core.shell:Creating package script '/home/ctg/jaka_HumanArm_v2/install/robot_description/share/robot_description/package.sh'
[2.241s] INFO:colcon.colcon_core.shell:Creating package script '/home/ctg/jaka_HumanArm_v2/install/robot_description/share/robot_description/package.bash'
[2.244s] INFO:colcon.colcon_core.shell:Creating package script '/home/ctg/jaka_HumanArm_v2/install/robot_description/share/robot_description/package.zsh'
[2.245s] Level 1:colcon.colcon_core.environment:create_file_with_runtime_dependencies(/home/ctg/jaka_HumanArm_v2/install/robot_description/share/colcon-core/packages/robot_description)
[2.247s] INFO:colcon.colcon_ros.task.ament_cmake.build:Building ROS package in '/home/ctg/jaka_HumanArm_v2/src/robot_moveit_config' with build type 'ament_cmake'
[2.247s] INFO:colcon.colcon_cmake.task.cmake.build:Building CMake package in '/home/ctg/jaka_HumanArm_v2/src/robot_moveit_config'
[2.248s] INFO:colcon.colcon_core.shell:Skip shell extension 'powershell' for command environment: Not usable outside of PowerShell
[2.248s] DEBUG:colcon.colcon_core.shell:Skip shell extension 'dsv' for command environment
[2.289s] Level 1:colcon.colcon_core.environment:create_environment_scripts_only(robot_moveit_interface)
[2.291s] Level 1:colcon.colcon_core.environment:checking '/home/ctg/jaka_HumanArm_v2/install/robot_moveit_interface' for CMake module files
[2.292s] DEBUG:colcon.colcon_core.event_handler.log_command:Invoking command in '/home/ctg/jaka_HumanArm_v2/build/robot_octomap_motion_planning': CMAKE_PREFIX_PATH=${CMAKE_PREFIX_PATH}:/opt/ros/humble:/home/ctg/dev_ws/install/learning_urdf:/home/ctg/dev_ws/install/learning_topic:/home/ctg/dev_ws/install/learning_tf:/home/ctg/dev_ws/install/learning_service:/home/ctg/dev_ws/install/learning_qos:/home/ctg/dev_ws/install/learning_pkg_python:/home/ctg/dev_ws/install/learning_parameter:/home/ctg/dev_ws/install/learning_node:/home/ctg/dev_ws/install/learning_launch:/home/ctg/dev_ws/install/learning_action:/home/ctg/dev_ws/install/learning_gazebo_fortress:/home/ctg/dev_ws/install/learning_gazebo:/home/ctg/dev_ws/install/learning_cv /usr/bin/cmake --install /home/ctg/jaka_HumanArm_v2/build/robot_octomap_motion_planning
[2.294s] Level 1:colcon.colcon_core.environment:checking '/home/ctg/jaka_HumanArm_v2/install/robot_moveit_interface' for CMake config files
[2.294s] DEBUG:colcon.colcon_core.event_handler.log_command:Invoked command in '/home/ctg/jaka_HumanArm_v2/build/robot_moveit_interface' returned '0': CMAKE_PREFIX_PATH=${CMAKE_PREFIX_PATH}:/opt/ros/humble:/home/ctg/dev_ws/install/learning_urdf:/home/ctg/dev_ws/install/learning_topic:/home/ctg/dev_ws/install/learning_tf:/home/ctg/dev_ws/install/learning_service:/home/ctg/dev_ws/install/learning_qos:/home/ctg/dev_ws/install/learning_pkg_python:/home/ctg/dev_ws/install/learning_parameter:/home/ctg/dev_ws/install/learning_node:/home/ctg/dev_ws/install/learning_launch:/home/ctg/dev_ws/install/learning_action:/home/ctg/dev_ws/install/learning_gazebo_fortress:/home/ctg/dev_ws/install/learning_gazebo:/home/ctg/dev_ws/install/learning_cv /usr/bin/cmake --install /home/ctg/jaka_HumanArm_v2/build/robot_moveit_interface
[2.297s] Level 1:colcon.colcon_core.shell:create_environment_hook('robot_moveit_interface', 'cmake_prefix_path')
[2.298s] INFO:colcon.colcon_core.shell:Creating environment hook '/home/ctg/jaka_HumanArm_v2/install/robot_moveit_interface/share/robot_moveit_interface/hook/cmake_prefix_path.ps1'
[2.300s] INFO:colcon.colcon_core.shell:Creating environment descriptor '/home/ctg/jaka_HumanArm_v2/install/robot_moveit_interface/share/robot_moveit_interface/hook/cmake_prefix_path.dsv'
[2.302s] INFO:colcon.colcon_core.shell:Creating environment hook '/home/ctg/jaka_HumanArm_v2/install/robot_moveit_interface/share/robot_moveit_interface/hook/cmake_prefix_path.sh'
[2.304s] Level 1:colcon.colcon_core.environment:checking '/home/ctg/jaka_HumanArm_v2/install/robot_moveit_interface/lib'
[2.304s] Level 1:colcon.colcon_core.environment:checking '/home/ctg/jaka_HumanArm_v2/install/robot_moveit_interface/bin'
[2.304s] Level 1:colcon.colcon_core.environment:checking '/home/ctg/jaka_HumanArm_v2/install/robot_moveit_interface/lib/pkgconfig/robot_moveit_interface.pc'
[2.306s] Level 1:colcon.colcon_core.environment:checking '/home/ctg/jaka_HumanArm_v2/install/robot_moveit_interface/lib/python3.10/site-packages'
[2.306s] Level 1:colcon.colcon_core.environment:checking '/home/ctg/jaka_HumanArm_v2/install/robot_moveit_interface/bin'
[2.307s] INFO:colcon.colcon_core.shell:Creating package script '/home/ctg/jaka_HumanArm_v2/install/robot_moveit_interface/share/robot_moveit_interface/package.ps1'
[2.309s] INFO:colcon.colcon_core.shell:Creating package descriptor '/home/ctg/jaka_HumanArm_v2/install/robot_moveit_interface/share/robot_moveit_interface/package.dsv'
[2.312s] INFO:colcon.colcon_core.shell:Creating package script '/home/ctg/jaka_HumanArm_v2/install/robot_moveit_interface/share/robot_moveit_interface/package.sh'
[2.316s] INFO:colcon.colcon_core.shell:Creating package script '/home/ctg/jaka_HumanArm_v2/install/robot_moveit_interface/share/robot_moveit_interface/package.bash'
[2.317s] INFO:colcon.colcon_core.shell:Creating package script '/home/ctg/jaka_HumanArm_v2/install/robot_moveit_interface/share/robot_moveit_interface/package.zsh'
[2.324s] Level 1:colcon.colcon_core.environment:create_file_with_runtime_dependencies(/home/ctg/jaka_HumanArm_v2/install/robot_moveit_interface/share/colcon-core/packages/robot_moveit_interface)
[2.360s] Level 1:colcon.colcon_core.environment:create_environment_scripts_only(robot_octomap_motion_planning)
[2.362s] Level 1:colcon.colcon_core.environment:checking '/home/ctg/jaka_HumanArm_v2/install/robot_octomap_motion_planning' for CMake module files
[2.366s] DEBUG:colcon.colcon_core.event_handler.log_command:Invoking command in '/home/ctg/jaka_HumanArm_v2/build/robot_moveit_config': CMAKE_PREFIX_PATH=/home/ctg/jaka_HumanArm_v2/install/robot_description:/home/ctg/jaka_HumanArm_v2/install/robot_octomap_motion_planning:/home/ctg/jaka_HumanArm_v2/install/robot_moveit_interface:/home/ctg/jaka_HumanArm_v2/install/robot_moveit_config:/home/ctg/jaka_HumanArm_v2/install/robot_control:/home/ctg/jaka_HumanArm_v2/install/arm_hand_interface:/home/ctg/dev_ws/install/pkg01_helloworld_cpp:/home/ctg/dev_ws/install/learning_topic_cpp:/home/ctg/dev_ws/install/learning_tf_cpp:/home/ctg/dev_ws/install/learning_service_cpp:/home/ctg/dev_ws/install/learning_pkg_c:/home/ctg/dev_ws/install/learning_parameter_cpp:/home/ctg/dev_ws/install/learning_node_cpp:/home/ctg/dev_ws/install/learning_action_cpp:/home/ctg/dev_ws/install/learning_interface:/opt/ros/humble:/home/ctg/dev_ws/install/learning_urdf:/home/ctg/dev_ws/install/learning_topic:/home/ctg/dev_ws/install/learning_tf:/home/ctg/dev_ws/install/learning_service:/home/ctg/dev_ws/install/learning_qos:/home/ctg/dev_ws/install/learning_pkg_python:/home/ctg/dev_ws/install/learning_parameter:/home/ctg/dev_ws/install/learning_node:/home/ctg/dev_ws/install/learning_launch:/home/ctg/dev_ws/install/learning_action:/home/ctg/dev_ws/install/learning_gazebo_fortress:/home/ctg/dev_ws/install/learning_gazebo:/home/ctg/dev_ws/install/learning_cv /usr/bin/cmake --build /home/ctg/jaka_HumanArm_v2/build/robot_moveit_config -- -j32 -l32
[2.367s] Level 1:colcon.colcon_core.environment:checking '/home/ctg/jaka_HumanArm_v2/install/robot_octomap_motion_planning' for CMake config files
[2.371s] Level 1:colcon.colcon_core.shell:create_environment_hook('robot_octomap_motion_planning', 'cmake_prefix_path')
[2.372s] INFO:colcon.colcon_core.shell:Creating environment hook '/home/ctg/jaka_HumanArm_v2/install/robot_octomap_motion_planning/share/robot_octomap_motion_planning/hook/cmake_prefix_path.ps1'
[2.370s] DEBUG:colcon.colcon_core.event_handler.log_command:Invoked command in '/home/ctg/jaka_HumanArm_v2/build/robot_octomap_motion_planning' returned '0': CMAKE_PREFIX_PATH=${CMAKE_PREFIX_PATH}:/opt/ros/humble:/home/ctg/dev_ws/install/learning_urdf:/home/ctg/dev_ws/install/learning_topic:/home/ctg/dev_ws/install/learning_tf:/home/ctg/dev_ws/install/learning_service:/home/ctg/dev_ws/install/learning_qos:/home/ctg/dev_ws/install/learning_pkg_python:/home/ctg/dev_ws/install/learning_parameter:/home/ctg/dev_ws/install/learning_node:/home/ctg/dev_ws/install/learning_launch:/home/ctg/dev_ws/install/learning_action:/home/ctg/dev_ws/install/learning_gazebo_fortress:/home/ctg/dev_ws/install/learning_gazebo:/home/ctg/dev_ws/install/learning_cv /usr/bin/cmake --install /home/ctg/jaka_HumanArm_v2/build/robot_octomap_motion_planning
[2.374s] INFO:colcon.colcon_core.shell:Creating environment descriptor '/home/ctg/jaka_HumanArm_v2/install/robot_octomap_motion_planning/share/robot_octomap_motion_planning/hook/cmake_prefix_path.dsv'
[2.376s] INFO:colcon.colcon_core.shell:Creating environment hook '/home/ctg/jaka_HumanArm_v2/install/robot_octomap_motion_planning/share/robot_octomap_motion_planning/hook/cmake_prefix_path.sh'
[2.378s] Level 1:colcon.colcon_core.environment:checking '/home/ctg/jaka_HumanArm_v2/install/robot_octomap_motion_planning/lib'
[2.378s] Level 1:colcon.colcon_core.environment:checking '/home/ctg/jaka_HumanArm_v2/install/robot_octomap_motion_planning/bin'
[2.378s] Level 1:colcon.colcon_core.environment:checking '/home/ctg/jaka_HumanArm_v2/install/robot_octomap_motion_planning/lib/pkgconfig/robot_octomap_motion_planning.pc'
[2.379s] Level 1:colcon.colcon_core.environment:checking '/home/ctg/jaka_HumanArm_v2/install/robot_octomap_motion_planning/lib/python3.10/site-packages'
[2.380s] Level 1:colcon.colcon_core.environment:checking '/home/ctg/jaka_HumanArm_v2/install/robot_octomap_motion_planning/bin'
[2.381s] INFO:colcon.colcon_core.shell:Creating package script '/home/ctg/jaka_HumanArm_v2/install/robot_octomap_motion_planning/share/robot_octomap_motion_planning/package.ps1'
[2.383s] INFO:colcon.colcon_core.shell:Creating package descriptor '/home/ctg/jaka_HumanArm_v2/install/robot_octomap_motion_planning/share/robot_octomap_motion_planning/package.dsv'
[2.384s] INFO:colcon.colcon_core.shell:Creating package script '/home/ctg/jaka_HumanArm_v2/install/robot_octomap_motion_planning/share/robot_octomap_motion_planning/package.sh'
[2.386s] INFO:colcon.colcon_core.shell:Creating package script '/home/ctg/jaka_HumanArm_v2/install/robot_octomap_motion_planning/share/robot_octomap_motion_planning/package.bash'
[2.388s] INFO:colcon.colcon_core.shell:Creating package script '/home/ctg/jaka_HumanArm_v2/install/robot_octomap_motion_planning/share/robot_octomap_motion_planning/package.zsh'
[2.389s] Level 1:colcon.colcon_core.environment:create_file_with_runtime_dependencies(/home/ctg/jaka_HumanArm_v2/install/robot_octomap_motion_planning/share/colcon-core/packages/robot_octomap_motion_planning)
[2.469s] Level 1:colcon.colcon_core.environment:create_environment_scripts_only(robot_moveit_interface)
[2.470s] Level 1:colcon.colcon_core.environment:checking '/home/ctg/jaka_HumanArm_v2/install/robot_moveit_interface' for CMake module files
[2.472s] Level 1:colcon.colcon_core.environment:checking '/home/ctg/jaka_HumanArm_v2/install/robot_moveit_interface' for CMake config files
[2.472s] Level 1:colcon.colcon_core.shell:create_environment_hook('robot_moveit_interface', 'cmake_prefix_path')
[2.473s] INFO:colcon.colcon_core.shell:Creating environment hook '/home/ctg/jaka_HumanArm_v2/install/robot_moveit_interface/share/robot_moveit_interface/hook/cmake_prefix_path.ps1'
[2.475s] INFO:colcon.colcon_core.shell:Creating environment descriptor '/home/ctg/jaka_HumanArm_v2/install/robot_moveit_interface/share/robot_moveit_interface/hook/cmake_prefix_path.dsv'
[2.476s] INFO:colcon.colcon_core.shell:Creating environment hook '/home/ctg/jaka_HumanArm_v2/install/robot_moveit_interface/share/robot_moveit_interface/hook/cmake_prefix_path.sh'
[2.478s] Level 1:colcon.colcon_core.environment:checking '/home/ctg/jaka_HumanArm_v2/install/robot_moveit_interface/lib'
[2.479s] Level 1:colcon.colcon_core.environment:checking '/home/ctg/jaka_HumanArm_v2/install/robot_moveit_interface/bin'
[2.479s] Level 1:colcon.colcon_core.environment:checking '/home/ctg/jaka_HumanArm_v2/install/robot_moveit_interface/lib/pkgconfig/robot_moveit_interface.pc'
[2.479s] Level 1:colcon.colcon_core.environment:checking '/home/ctg/jaka_HumanArm_v2/install/robot_moveit_interface/lib/python3.10/site-packages'
[2.480s] Level 1:colcon.colcon_core.environment:checking '/home/ctg/jaka_HumanArm_v2/install/robot_moveit_interface/bin'
[2.481s] INFO:colcon.colcon_core.shell:Creating package script '/home/ctg/jaka_HumanArm_v2/install/robot_moveit_interface/share/robot_moveit_interface/package.ps1'
[2.482s] INFO:colcon.colcon_core.shell:Creating package descriptor '/home/ctg/jaka_HumanArm_v2/install/robot_moveit_interface/share/robot_moveit_interface/package.dsv'
[2.485s] INFO:colcon.colcon_core.shell:Creating package script '/home/ctg/jaka_HumanArm_v2/install/robot_moveit_interface/share/robot_moveit_interface/package.sh'
[2.487s] INFO:colcon.colcon_core.shell:Creating package script '/home/ctg/jaka_HumanArm_v2/install/robot_moveit_interface/share/robot_moveit_interface/package.bash'
[2.489s] INFO:colcon.colcon_core.shell:Creating package script '/home/ctg/jaka_HumanArm_v2/install/robot_moveit_interface/share/robot_moveit_interface/package.zsh'
[2.491s] Level 1:colcon.colcon_core.environment:create_file_with_runtime_dependencies(/home/ctg/jaka_HumanArm_v2/install/robot_moveit_interface/share/colcon-core/packages/robot_moveit_interface)
[2.499s] DEBUG:colcon.colcon_core.event_handler.log_command:Invoked command in '/home/ctg/jaka_HumanArm_v2/build/robot_moveit_config' returned '0': CMAKE_PREFIX_PATH=/home/ctg/jaka_HumanArm_v2/install/robot_description:/home/ctg/jaka_HumanArm_v2/install/robot_octomap_motion_planning:/home/ctg/jaka_HumanArm_v2/install/robot_moveit_interface:/home/ctg/jaka_HumanArm_v2/install/robot_moveit_config:/home/ctg/jaka_HumanArm_v2/install/robot_control:/home/ctg/jaka_HumanArm_v2/install/arm_hand_interface:/home/ctg/dev_ws/install/pkg01_helloworld_cpp:/home/ctg/dev_ws/install/learning_topic_cpp:/home/ctg/dev_ws/install/learning_tf_cpp:/home/ctg/dev_ws/install/learning_service_cpp:/home/ctg/dev_ws/install/learning_pkg_c:/home/ctg/dev_ws/install/learning_parameter_cpp:/home/ctg/dev_ws/install/learning_node_cpp:/home/ctg/dev_ws/install/learning_action_cpp:/home/ctg/dev_ws/install/learning_interface:/opt/ros/humble:/home/ctg/dev_ws/install/learning_urdf:/home/ctg/dev_ws/install/learning_topic:/home/ctg/dev_ws/install/learning_tf:/home/ctg/dev_ws/install/learning_service:/home/ctg/dev_ws/install/learning_qos:/home/ctg/dev_ws/install/learning_pkg_python:/home/ctg/dev_ws/install/learning_parameter:/home/ctg/dev_ws/install/learning_node:/home/ctg/dev_ws/install/learning_launch:/home/ctg/dev_ws/install/learning_action:/home/ctg/dev_ws/install/learning_gazebo_fortress:/home/ctg/dev_ws/install/learning_gazebo:/home/ctg/dev_ws/install/learning_cv /usr/bin/cmake --build /home/ctg/jaka_HumanArm_v2/build/robot_moveit_config -- -j32 -l32
[2.537s] Level 1:colcon.colcon_core.environment:create_environment_scripts_only(robot_octomap_motion_planning)
[2.538s] Level 1:colcon.colcon_core.environment:checking '/home/ctg/jaka_HumanArm_v2/install/robot_octomap_motion_planning' for CMake module files
[2.541s] Level 1:colcon.colcon_core.environment:checking '/home/ctg/jaka_HumanArm_v2/install/robot_octomap_motion_planning' for CMake config files
[2.542s] Level 1:colcon.colcon_core.shell:create_environment_hook('robot_octomap_motion_planning', 'cmake_prefix_path')
[2.543s] INFO:colcon.colcon_core.shell:Creating environment hook '/home/ctg/jaka_HumanArm_v2/install/robot_octomap_motion_planning/share/robot_octomap_motion_planning/hook/cmake_prefix_path.ps1'
[2.544s] INFO:colcon.colcon_core.shell:Creating environment descriptor '/home/ctg/jaka_HumanArm_v2/install/robot_octomap_motion_planning/share/robot_octomap_motion_planning/hook/cmake_prefix_path.dsv'
[2.546s] INFO:colcon.colcon_core.shell:Creating environment hook '/home/ctg/jaka_HumanArm_v2/install/robot_octomap_motion_planning/share/robot_octomap_motion_planning/hook/cmake_prefix_path.sh'
[2.548s] Level 1:colcon.colcon_core.environment:checking '/home/ctg/jaka_HumanArm_v2/install/robot_octomap_motion_planning/lib'
[2.549s] Level 1:colcon.colcon_core.environment:checking '/home/ctg/jaka_HumanArm_v2/install/robot_octomap_motion_planning/bin'
[2.549s] Level 1:colcon.colcon_core.environment:checking '/home/ctg/jaka_HumanArm_v2/install/robot_octomap_motion_planning/lib/pkgconfig/robot_octomap_motion_planning.pc'
[2.550s] Level 1:colcon.colcon_core.environment:checking '/home/ctg/jaka_HumanArm_v2/install/robot_octomap_motion_planning/lib/python3.10/site-packages'
[2.550s] Level 1:colcon.colcon_core.environment:checking '/home/ctg/jaka_HumanArm_v2/install/robot_octomap_motion_planning/bin'
[2.551s] INFO:colcon.colcon_core.shell:Creating package script '/home/ctg/jaka_HumanArm_v2/install/robot_octomap_motion_planning/share/robot_octomap_motion_planning/package.ps1'
[2.552s] INFO:colcon.colcon_core.shell:Creating package descriptor '/home/ctg/jaka_HumanArm_v2/install/robot_octomap_motion_planning/share/robot_octomap_motion_planning/package.dsv'
[2.553s] INFO:colcon.colcon_core.shell:Creating package script '/home/ctg/jaka_HumanArm_v2/install/robot_octomap_motion_planning/share/robot_octomap_motion_planning/package.sh'
[2.553s] INFO:colcon.colcon_core.shell:Creating package script '/home/ctg/jaka_HumanArm_v2/install/robot_octomap_motion_planning/share/robot_octomap_motion_planning/package.bash'
[2.554s] INFO:colcon.colcon_core.shell:Creating package script '/home/ctg/jaka_HumanArm_v2/install/robot_octomap_motion_planning/share/robot_octomap_motion_planning/package.zsh'
[2.554s] Level 1:colcon.colcon_core.environment:create_file_with_runtime_dependencies(/home/ctg/jaka_HumanArm_v2/install/robot_octomap_motion_planning/share/colcon-core/packages/robot_octomap_motion_planning)
[2.623s] DEBUG:colcon.colcon_core.event_handler.log_command:Invoking command in '/home/ctg/jaka_HumanArm_v2/build/robot_moveit_config': CMAKE_PREFIX_PATH=/home/ctg/jaka_HumanArm_v2/install/robot_description:/home/ctg/jaka_HumanArm_v2/install/robot_octomap_motion_planning:/home/ctg/jaka_HumanArm_v2/install/robot_moveit_interface:/home/ctg/jaka_HumanArm_v2/install/robot_moveit_config:/home/ctg/jaka_HumanArm_v2/install/robot_control:/home/ctg/jaka_HumanArm_v2/install/arm_hand_interface:/home/ctg/dev_ws/install/pkg01_helloworld_cpp:/home/ctg/dev_ws/install/learning_topic_cpp:/home/ctg/dev_ws/install/learning_tf_cpp:/home/ctg/dev_ws/install/learning_service_cpp:/home/ctg/dev_ws/install/learning_pkg_c:/home/ctg/dev_ws/install/learning_parameter_cpp:/home/ctg/dev_ws/install/learning_node_cpp:/home/ctg/dev_ws/install/learning_action_cpp:/home/ctg/dev_ws/install/learning_interface:/opt/ros/humble:/home/ctg/dev_ws/install/learning_urdf:/home/ctg/dev_ws/install/learning_topic:/home/ctg/dev_ws/install/learning_tf:/home/ctg/dev_ws/install/learning_service:/home/ctg/dev_ws/install/learning_qos:/home/ctg/dev_ws/install/learning_pkg_python:/home/ctg/dev_ws/install/learning_parameter:/home/ctg/dev_ws/install/learning_node:/home/ctg/dev_ws/install/learning_launch:/home/ctg/dev_ws/install/learning_action:/home/ctg/dev_ws/install/learning_gazebo_fortress:/home/ctg/dev_ws/install/learning_gazebo:/home/ctg/dev_ws/install/learning_cv /usr/bin/cmake --install /home/ctg/jaka_HumanArm_v2/build/robot_moveit_config
[2.673s] Level 1:colcon.colcon_core.environment:create_environment_scripts_only(robot_moveit_config)
[2.675s] DEBUG:colcon.colcon_core.event_handler.log_command:Invoked command in '/home/ctg/jaka_HumanArm_v2/build/robot_moveit_config' returned '0': CMAKE_PREFIX_PATH=/home/ctg/jaka_HumanArm_v2/install/robot_description:/home/ctg/jaka_HumanArm_v2/install/robot_octomap_motion_planning:/home/ctg/jaka_HumanArm_v2/install/robot_moveit_interface:/home/ctg/jaka_HumanArm_v2/install/robot_moveit_config:/home/ctg/jaka_HumanArm_v2/install/robot_control:/home/ctg/jaka_HumanArm_v2/install/arm_hand_interface:/home/ctg/dev_ws/install/pkg01_helloworld_cpp:/home/ctg/dev_ws/install/learning_topic_cpp:/home/ctg/dev_ws/install/learning_tf_cpp:/home/ctg/dev_ws/install/learning_service_cpp:/home/ctg/dev_ws/install/learning_pkg_c:/home/ctg/dev_ws/install/learning_parameter_cpp:/home/ctg/dev_ws/install/learning_node_cpp:/home/ctg/dev_ws/install/learning_action_cpp:/home/ctg/dev_ws/install/learning_interface:/opt/ros/humble:/home/ctg/dev_ws/install/learning_urdf:/home/ctg/dev_ws/install/learning_topic:/home/ctg/dev_ws/install/learning_tf:/home/ctg/dev_ws/install/learning_service:/home/ctg/dev_ws/install/learning_qos:/home/ctg/dev_ws/install/learning_pkg_python:/home/ctg/dev_ws/install/learning_parameter:/home/ctg/dev_ws/install/learning_node:/home/ctg/dev_ws/install/learning_launch:/home/ctg/dev_ws/install/learning_action:/home/ctg/dev_ws/install/learning_gazebo_fortress:/home/ctg/dev_ws/install/learning_gazebo:/home/ctg/dev_ws/install/learning_cv /usr/bin/cmake --install /home/ctg/jaka_HumanArm_v2/build/robot_moveit_config
[2.676s] Level 1:colcon.colcon_core.environment:checking '/home/ctg/jaka_HumanArm_v2/install/robot_moveit_config' for CMake module files
[2.677s] Level 1:colcon.colcon_core.environment:checking '/home/ctg/jaka_HumanArm_v2/install/robot_moveit_config' for CMake config files
[2.677s] Level 1:colcon.colcon_core.shell:create_environment_hook('robot_moveit_config', 'cmake_prefix_path')
[2.678s] INFO:colcon.colcon_core.shell:Creating environment hook '/home/ctg/jaka_HumanArm_v2/install/robot_moveit_config/share/robot_moveit_config/hook/cmake_prefix_path.ps1'
[2.679s] INFO:colcon.colcon_core.shell:Creating environment descriptor '/home/ctg/jaka_HumanArm_v2/install/robot_moveit_config/share/robot_moveit_config/hook/cmake_prefix_path.dsv'
[2.681s] INFO:colcon.colcon_core.shell:Creating environment hook '/home/ctg/jaka_HumanArm_v2/install/robot_moveit_config/share/robot_moveit_config/hook/cmake_prefix_path.sh'
[2.683s] Level 1:colcon.colcon_core.environment:checking '/home/ctg/jaka_HumanArm_v2/install/robot_moveit_config/bin'
[2.683s] Level 1:colcon.colcon_core.environment:checking '/home/ctg/jaka_HumanArm_v2/install/robot_moveit_config/lib/pkgconfig/robot_moveit_config.pc'
[2.683s] Level 1:colcon.colcon_core.environment:checking '/home/ctg/jaka_HumanArm_v2/install/robot_moveit_config/lib/python3.10/site-packages'
[2.684s] Level 1:colcon.colcon_core.environment:checking '/home/ctg/jaka_HumanArm_v2/install/robot_moveit_config/bin'
[2.685s] INFO:colcon.colcon_core.shell:Creating package script '/home/ctg/jaka_HumanArm_v2/install/robot_moveit_config/share/robot_moveit_config/package.ps1'
[2.686s] INFO:colcon.colcon_core.shell:Creating package descriptor '/home/ctg/jaka_HumanArm_v2/install/robot_moveit_config/share/robot_moveit_config/package.dsv'
[2.688s] INFO:colcon.colcon_core.shell:Creating package script '/home/ctg/jaka_HumanArm_v2/install/robot_moveit_config/share/robot_moveit_config/package.sh'
[2.689s] INFO:colcon.colcon_core.shell:Creating package script '/home/ctg/jaka_HumanArm_v2/install/robot_moveit_config/share/robot_moveit_config/package.bash'
[2.691s] INFO:colcon.colcon_core.shell:Creating package script '/home/ctg/jaka_HumanArm_v2/install/robot_moveit_config/share/robot_moveit_config/package.zsh'
[2.692s] Level 1:colcon.colcon_core.environment:create_file_with_runtime_dependencies(/home/ctg/jaka_HumanArm_v2/install/robot_moveit_config/share/colcon-core/packages/robot_moveit_config)
[2.822s] Level 1:colcon.colcon_core.environment:create_environment_scripts_only(robot_moveit_config)
[2.823s] Level 1:colcon.colcon_core.environment:checking '/home/ctg/jaka_HumanArm_v2/install/robot_moveit_config' for CMake module files
[2.824s] Level 1:colcon.colcon_core.environment:checking '/home/ctg/jaka_HumanArm_v2/install/robot_moveit_config' for CMake config files
[2.825s] Level 1:colcon.colcon_core.shell:create_environment_hook('robot_moveit_config', 'cmake_prefix_path')
[2.826s] INFO:colcon.colcon_core.shell:Creating environment hook '/home/ctg/jaka_HumanArm_v2/install/robot_moveit_config/share/robot_moveit_config/hook/cmake_prefix_path.ps1'
[2.827s] INFO:colcon.colcon_core.shell:Creating environment descriptor '/home/ctg/jaka_HumanArm_v2/install/robot_moveit_config/share/robot_moveit_config/hook/cmake_prefix_path.dsv'
[2.828s] INFO:colcon.colcon_core.shell:Creating environment hook '/home/ctg/jaka_HumanArm_v2/install/robot_moveit_config/share/robot_moveit_config/hook/cmake_prefix_path.sh'
[2.831s] Level 1:colcon.colcon_core.environment:checking '/home/ctg/jaka_HumanArm_v2/install/robot_moveit_config/bin'
[2.831s] Level 1:colcon.colcon_core.environment:checking '/home/ctg/jaka_HumanArm_v2/install/robot_moveit_config/lib/pkgconfig/robot_moveit_config.pc'
[2.832s] Level 1:colcon.colcon_core.environment:checking '/home/ctg/jaka_HumanArm_v2/install/robot_moveit_config/lib/python3.10/site-packages'
[2.832s] Level 1:colcon.colcon_core.environment:checking '/home/ctg/jaka_HumanArm_v2/install/robot_moveit_config/bin'
[2.834s] INFO:colcon.colcon_core.shell:Creating package script '/home/ctg/jaka_HumanArm_v2/install/robot_moveit_config/share/robot_moveit_config/package.ps1'
[2.835s] INFO:colcon.colcon_core.shell:Creating package descriptor '/home/ctg/jaka_HumanArm_v2/install/robot_moveit_config/share/robot_moveit_config/package.dsv'
[2.838s] INFO:colcon.colcon_core.shell:Creating package script '/home/ctg/jaka_HumanArm_v2/install/robot_moveit_config/share/robot_moveit_config/package.sh'
[2.840s] INFO:colcon.colcon_core.shell:Creating package script '/home/ctg/jaka_HumanArm_v2/install/robot_moveit_config/share/robot_moveit_config/package.bash'
[2.841s] INFO:colcon.colcon_core.shell:Creating package script '/home/ctg/jaka_HumanArm_v2/install/robot_moveit_config/share/robot_moveit_config/package.zsh'
[2.844s] Level 1:colcon.colcon_core.environment:create_file_with_runtime_dependencies(/home/ctg/jaka_HumanArm_v2/install/robot_moveit_config/share/colcon-core/packages/robot_moveit_config)
[2.998s] DEBUG:colcon.colcon_core.event_handler.log_command:Invoked command in '/home/ctg/jaka_HumanArm_v2/build/arm_hand_interface' returned '0': CMAKE_PREFIX_PATH=${CMAKE_PREFIX_PATH}:/opt/ros/humble:/home/ctg/dev_ws/install/learning_urdf:/home/ctg/dev_ws/install/learning_topic:/home/ctg/dev_ws/install/learning_tf:/home/ctg/dev_ws/install/learning_service:/home/ctg/dev_ws/install/learning_qos:/home/ctg/dev_ws/install/learning_pkg_python:/home/ctg/dev_ws/install/learning_parameter:/home/ctg/dev_ws/install/learning_node:/home/ctg/dev_ws/install/learning_launch:/home/ctg/dev_ws/install/learning_action:/home/ctg/dev_ws/install/learning_gazebo_fortress:/home/ctg/dev_ws/install/learning_gazebo:/home/ctg/dev_ws/install/learning_cv /usr/bin/cmake --build /home/ctg/jaka_HumanArm_v2/build/arm_hand_interface -- -j32 -l32
[3.739s] DEBUG:colcon.colcon_core.event_handler.log_command:Invoking command in '/home/ctg/jaka_HumanArm_v2/build/arm_hand_interface': CMAKE_PREFIX_PATH=${CMAKE_PREFIX_PATH}:/opt/ros/humble:/home/ctg/dev_ws/install/learning_urdf:/home/ctg/dev_ws/install/learning_topic:/home/ctg/dev_ws/install/learning_tf:/home/ctg/dev_ws/install/learning_service:/home/ctg/dev_ws/install/learning_qos:/home/ctg/dev_ws/install/learning_pkg_python:/home/ctg/dev_ws/install/learning_parameter:/home/ctg/dev_ws/install/learning_node:/home/ctg/dev_ws/install/learning_launch:/home/ctg/dev_ws/install/learning_action:/home/ctg/dev_ws/install/learning_gazebo_fortress:/home/ctg/dev_ws/install/learning_gazebo:/home/ctg/dev_ws/install/learning_cv /usr/bin/cmake --install /home/ctg/jaka_HumanArm_v2/build/arm_hand_interface
[3.970s] Level 1:colcon.colcon_core.environment:create_environment_scripts_only(arm_hand_interface)
[3.971s] Level 1:colcon.colcon_core.environment:checking '/home/ctg/jaka_HumanArm_v2/install/arm_hand_interface' for CMake module files
[3.973s] Level 1:colcon.colcon_core.environment:checking '/home/ctg/jaka_HumanArm_v2/install/arm_hand_interface' for CMake config files
[3.975s] Level 1:colcon.colcon_core.shell:create_environment_hook('arm_hand_interface', 'cmake_prefix_path')
[3.975s] INFO:colcon.colcon_core.shell:Creating environment hook '/home/ctg/jaka_HumanArm_v2/install/arm_hand_interface/share/arm_hand_interface/hook/cmake_prefix_path.ps1'
[3.976s] INFO:colcon.colcon_core.shell:Creating environment descriptor '/home/ctg/jaka_HumanArm_v2/install/arm_hand_interface/share/arm_hand_interface/hook/cmake_prefix_path.dsv'
[3.977s] DEBUG:colcon.colcon_core.event_handler.log_command:Invoked command in '/home/ctg/jaka_HumanArm_v2/build/arm_hand_interface' returned '0': CMAKE_PREFIX_PATH=${CMAKE_PREFIX_PATH}:/opt/ros/humble:/home/ctg/dev_ws/install/learning_urdf:/home/ctg/dev_ws/install/learning_topic:/home/ctg/dev_ws/install/learning_tf:/home/ctg/dev_ws/install/learning_service:/home/ctg/dev_ws/install/learning_qos:/home/ctg/dev_ws/install/learning_pkg_python:/home/ctg/dev_ws/install/learning_parameter:/home/ctg/dev_ws/install/learning_node:/home/ctg/dev_ws/install/learning_launch:/home/ctg/dev_ws/install/learning_action:/home/ctg/dev_ws/install/learning_gazebo_fortress:/home/ctg/dev_ws/install/learning_gazebo:/home/ctg/dev_ws/install/learning_cv /usr/bin/cmake --install /home/ctg/jaka_HumanArm_v2/build/arm_hand_interface
[3.978s] INFO:colcon.colcon_core.shell:Creating environment hook '/home/ctg/jaka_HumanArm_v2/install/arm_hand_interface/share/arm_hand_interface/hook/cmake_prefix_path.sh'
[3.979s] Level 1:colcon.colcon_core.environment:checking '/home/ctg/jaka_HumanArm_v2/install/arm_hand_interface/lib'
[3.980s] Level 1:colcon.colcon_core.shell:create_environment_hook('arm_hand_interface', 'ld_library_path_lib')
[3.981s] INFO:colcon.colcon_core.shell:Creating environment hook '/home/ctg/jaka_HumanArm_v2/install/arm_hand_interface/share/arm_hand_interface/hook/ld_library_path_lib.ps1'
[3.982s] INFO:colcon.colcon_core.shell:Creating environment descriptor '/home/ctg/jaka_HumanArm_v2/install/arm_hand_interface/share/arm_hand_interface/hook/ld_library_path_lib.dsv'
[3.983s] INFO:colcon.colcon_core.shell:Creating environment hook '/home/ctg/jaka_HumanArm_v2/install/arm_hand_interface/share/arm_hand_interface/hook/ld_library_path_lib.sh'
[3.984s] Level 1:colcon.colcon_core.environment:checking '/home/ctg/jaka_HumanArm_v2/install/arm_hand_interface/bin'
[3.985s] Level 1:colcon.colcon_core.environment:checking '/home/ctg/jaka_HumanArm_v2/install/arm_hand_interface/lib/pkgconfig/arm_hand_interface.pc'
[3.986s] Level 1:colcon.colcon_core.environment:checking '/home/ctg/jaka_HumanArm_v2/install/arm_hand_interface/lib/python3.10/site-packages'
[3.986s] Level 1:colcon.colcon_core.environment:checking '/home/ctg/jaka_HumanArm_v2/install/arm_hand_interface/bin'
[3.987s] INFO:colcon.colcon_core.shell:Creating package script '/home/ctg/jaka_HumanArm_v2/install/arm_hand_interface/share/arm_hand_interface/package.ps1'
[3.989s] INFO:colcon.colcon_core.shell:Creating package descriptor '/home/ctg/jaka_HumanArm_v2/install/arm_hand_interface/share/arm_hand_interface/package.dsv'
[3.990s] INFO:colcon.colcon_core.shell:Creating package script '/home/ctg/jaka_HumanArm_v2/install/arm_hand_interface/share/arm_hand_interface/package.sh'
[3.992s] INFO:colcon.colcon_core.shell:Creating package script '/home/ctg/jaka_HumanArm_v2/install/arm_hand_interface/share/arm_hand_interface/package.bash'
[3.994s] INFO:colcon.colcon_core.shell:Creating package script '/home/ctg/jaka_HumanArm_v2/install/arm_hand_interface/share/arm_hand_interface/package.zsh'
[3.995s] Level 1:colcon.colcon_core.environment:create_file_with_runtime_dependencies(/home/ctg/jaka_HumanArm_v2/install/arm_hand_interface/share/colcon-core/packages/arm_hand_interface)
[4.780s] Level 1:colcon.colcon_core.environment:create_environment_scripts_only(arm_hand_interface)
[4.781s] Level 1:colcon.colcon_core.environment:checking '/home/ctg/jaka_HumanArm_v2/install/arm_hand_interface' for CMake module files
[4.783s] Level 1:colcon.colcon_core.environment:checking '/home/ctg/jaka_HumanArm_v2/install/arm_hand_interface' for CMake config files
[4.785s] Level 1:colcon.colcon_core.shell:create_environment_hook('arm_hand_interface', 'cmake_prefix_path')
[4.785s] INFO:colcon.colcon_core.shell:Creating environment hook '/home/ctg/jaka_HumanArm_v2/install/arm_hand_interface/share/arm_hand_interface/hook/cmake_prefix_path.ps1'
[4.787s] INFO:colcon.colcon_core.shell:Creating environment descriptor '/home/ctg/jaka_HumanArm_v2/install/arm_hand_interface/share/arm_hand_interface/hook/cmake_prefix_path.dsv'
[4.788s] INFO:colcon.colcon_core.shell:Creating environment hook '/home/ctg/jaka_HumanArm_v2/install/arm_hand_interface/share/arm_hand_interface/hook/cmake_prefix_path.sh'
[4.790s] Level 1:colcon.colcon_core.environment:checking '/home/ctg/jaka_HumanArm_v2/install/arm_hand_interface/lib'
[4.791s] Level 1:colcon.colcon_core.shell:create_environment_hook('arm_hand_interface', 'ld_library_path_lib')
[4.792s] INFO:colcon.colcon_core.shell:Creating environment hook '/home/ctg/jaka_HumanArm_v2/install/arm_hand_interface/share/arm_hand_interface/hook/ld_library_path_lib.ps1'
[4.794s] INFO:colcon.colcon_core.shell:Creating environment descriptor '/home/ctg/jaka_HumanArm_v2/install/arm_hand_interface/share/arm_hand_interface/hook/ld_library_path_lib.dsv'
[4.795s] INFO:colcon.colcon_core.shell:Creating environment hook '/home/ctg/jaka_HumanArm_v2/install/arm_hand_interface/share/arm_hand_interface/hook/ld_library_path_lib.sh'
[4.797s] Level 1:colcon.colcon_core.environment:checking '/home/ctg/jaka_HumanArm_v2/install/arm_hand_interface/bin'
[4.797s] Level 1:colcon.colcon_core.environment:checking '/home/ctg/jaka_HumanArm_v2/install/arm_hand_interface/lib/pkgconfig/arm_hand_interface.pc'
[4.798s] Level 1:colcon.colcon_core.environment:checking '/home/ctg/jaka_HumanArm_v2/install/arm_hand_interface/lib/python3.10/site-packages'
[4.799s] Level 1:colcon.colcon_core.environment:checking '/home/ctg/jaka_HumanArm_v2/install/arm_hand_interface/bin'
[4.800s] INFO:colcon.colcon_core.shell:Creating package script '/home/ctg/jaka_HumanArm_v2/install/arm_hand_interface/share/arm_hand_interface/package.ps1'
[4.802s] INFO:colcon.colcon_core.shell:Creating package descriptor '/home/ctg/jaka_HumanArm_v2/install/arm_hand_interface/share/arm_hand_interface/package.dsv'
[4.804s] INFO:colcon.colcon_core.shell:Creating package script '/home/ctg/jaka_HumanArm_v2/install/arm_hand_interface/share/arm_hand_interface/package.sh'
[4.807s] INFO:colcon.colcon_core.shell:Creating package script '/home/ctg/jaka_HumanArm_v2/install/arm_hand_interface/share/arm_hand_interface/package.bash'
[4.809s] INFO:colcon.colcon_core.shell:Creating package script '/home/ctg/jaka_HumanArm_v2/install/arm_hand_interface/share/arm_hand_interface/package.zsh'
[4.811s] Level 1:colcon.colcon_core.environment:create_file_with_runtime_dependencies(/home/ctg/jaka_HumanArm_v2/install/arm_hand_interface/share/colcon-core/packages/arm_hand_interface)
[4.813s] INFO:colcon.colcon_ros.task.ament_cmake.build:Building ROS package in '/home/ctg/jaka_HumanArm_v2/src/robot_control' with build type 'ament_cmake'
[4.814s] INFO:colcon.colcon_cmake.task.cmake.build:Building CMake package in '/home/ctg/jaka_HumanArm_v2/src/robot_control'
[4.815s] INFO:colcon.colcon_core.shell:Skip shell extension 'powershell' for command environment: Not usable outside of PowerShell
[4.816s] DEBUG:colcon.colcon_core.shell:Skip shell extension 'dsv' for command environment
[4.870s] DEBUG:colcon.colcon_core.event_handler.log_command:Invoking command in '/home/ctg/jaka_HumanArm_v2/build/robot_control': CMAKE_PREFIX_PATH=/home/ctg/jaka_HumanArm_v2/install/arm_hand_interface:/home/ctg/jaka_HumanArm_v2/install/robot_octomap_motion_planning:/home/ctg/jaka_HumanArm_v2/install/robot_moveit_interface:/home/ctg/jaka_HumanArm_v2/install/robot_moveit_config:/home/ctg/jaka_HumanArm_v2/install/robot_description:/home/ctg/jaka_HumanArm_v2/install/robot_control:/home/ctg/dev_ws/install/pkg01_helloworld_cpp:/home/ctg/dev_ws/install/learning_topic_cpp:/home/ctg/dev_ws/install/learning_tf_cpp:/home/ctg/dev_ws/install/learning_service_cpp:/home/ctg/dev_ws/install/learning_pkg_c:/home/ctg/dev_ws/install/learning_parameter_cpp:/home/ctg/dev_ws/install/learning_node_cpp:/home/ctg/dev_ws/install/learning_action_cpp:/home/ctg/dev_ws/install/learning_interface:/opt/ros/humble:/home/ctg/dev_ws/install/learning_urdf:/home/ctg/dev_ws/install/learning_topic:/home/ctg/dev_ws/install/learning_tf:/home/ctg/dev_ws/install/learning_service:/home/ctg/dev_ws/install/learning_qos:/home/ctg/dev_ws/install/learning_pkg_python:/home/ctg/dev_ws/install/learning_parameter:/home/ctg/dev_ws/install/learning_node:/home/ctg/dev_ws/install/learning_launch:/home/ctg/dev_ws/install/learning_action:/home/ctg/dev_ws/install/learning_gazebo_fortress:/home/ctg/dev_ws/install/learning_gazebo:/home/ctg/dev_ws/install/learning_cv /usr/bin/cmake --build /home/ctg/jaka_HumanArm_v2/build/robot_control -- -j32 -l32
[69.999s] DEBUG:colcon.colcon_core.event_handler.log_command:Invoked command in '/home/ctg/jaka_HumanArm_v2/build/robot_control' returned '0': CMAKE_PREFIX_PATH=/home/ctg/jaka_HumanArm_v2/install/arm_hand_interface:/home/ctg/jaka_HumanArm_v2/install/robot_octomap_motion_planning:/home/ctg/jaka_HumanArm_v2/install/robot_moveit_interface:/home/ctg/jaka_HumanArm_v2/install/robot_moveit_config:/home/ctg/jaka_HumanArm_v2/install/robot_description:/home/ctg/jaka_HumanArm_v2/install/robot_control:/home/ctg/dev_ws/install/pkg01_helloworld_cpp:/home/ctg/dev_ws/install/learning_topic_cpp:/home/ctg/dev_ws/install/learning_tf_cpp:/home/ctg/dev_ws/install/learning_service_cpp:/home/ctg/dev_ws/install/learning_pkg_c:/home/ctg/dev_ws/install/learning_parameter_cpp:/home/ctg/dev_ws/install/learning_node_cpp:/home/ctg/dev_ws/install/learning_action_cpp:/home/ctg/dev_ws/install/learning_interface:/opt/ros/humble:/home/ctg/dev_ws/install/learning_urdf:/home/ctg/dev_ws/install/learning_topic:/home/ctg/dev_ws/install/learning_tf:/home/ctg/dev_ws/install/learning_service:/home/ctg/dev_ws/install/learning_qos:/home/ctg/dev_ws/install/learning_pkg_python:/home/ctg/dev_ws/install/learning_parameter:/home/ctg/dev_ws/install/learning_node:/home/ctg/dev_ws/install/learning_launch:/home/ctg/dev_ws/install/learning_action:/home/ctg/dev_ws/install/learning_gazebo_fortress:/home/ctg/dev_ws/install/learning_gazebo:/home/ctg/dev_ws/install/learning_cv /usr/bin/cmake --build /home/ctg/jaka_HumanArm_v2/build/robot_control -- -j32 -l32
[70.177s] DEBUG:colcon.colcon_core.event_handler.log_command:Invoking command in '/home/ctg/jaka_HumanArm_v2/build/robot_control': CMAKE_PREFIX_PATH=/home/ctg/jaka_HumanArm_v2/install/arm_hand_interface:/home/ctg/jaka_HumanArm_v2/install/robot_octomap_motion_planning:/home/ctg/jaka_HumanArm_v2/install/robot_moveit_interface:/home/ctg/jaka_HumanArm_v2/install/robot_moveit_config:/home/ctg/jaka_HumanArm_v2/install/robot_description:/home/ctg/jaka_HumanArm_v2/install/robot_control:/home/ctg/dev_ws/install/pkg01_helloworld_cpp:/home/ctg/dev_ws/install/learning_topic_cpp:/home/ctg/dev_ws/install/learning_tf_cpp:/home/ctg/dev_ws/install/learning_service_cpp:/home/ctg/dev_ws/install/learning_pkg_c:/home/ctg/dev_ws/install/learning_parameter_cpp:/home/ctg/dev_ws/install/learning_node_cpp:/home/ctg/dev_ws/install/learning_action_cpp:/home/ctg/dev_ws/install/learning_interface:/opt/ros/humble:/home/ctg/dev_ws/install/learning_urdf:/home/ctg/dev_ws/install/learning_topic:/home/ctg/dev_ws/install/learning_tf:/home/ctg/dev_ws/install/learning_service:/home/ctg/dev_ws/install/learning_qos:/home/ctg/dev_ws/install/learning_pkg_python:/home/ctg/dev_ws/install/learning_parameter:/home/ctg/dev_ws/install/learning_node:/home/ctg/dev_ws/install/learning_launch:/home/ctg/dev_ws/install/learning_action:/home/ctg/dev_ws/install/learning_gazebo_fortress:/home/ctg/dev_ws/install/learning_gazebo:/home/ctg/dev_ws/install/learning_cv /usr/bin/cmake --install /home/ctg/jaka_HumanArm_v2/build/robot_control
[70.254s] Level 1:colcon.colcon_core.environment:create_environment_scripts_only(robot_control)
[70.255s] Level 1:colcon.colcon_core.environment:checking '/home/ctg/jaka_HumanArm_v2/install/robot_control' for CMake module files
[70.257s] Level 1:colcon.colcon_core.environment:checking '/home/ctg/jaka_HumanArm_v2/install/robot_control' for CMake config files
[70.259s] DEBUG:colcon.colcon_core.event_handler.log_command:Invoked command in '/home/ctg/jaka_HumanArm_v2/build/robot_control' returned '0': CMAKE_PREFIX_PATH=/home/ctg/jaka_HumanArm_v2/install/arm_hand_interface:/home/ctg/jaka_HumanArm_v2/install/robot_octomap_motion_planning:/home/ctg/jaka_HumanArm_v2/install/robot_moveit_interface:/home/ctg/jaka_HumanArm_v2/install/robot_moveit_config:/home/ctg/jaka_HumanArm_v2/install/robot_description:/home/ctg/jaka_HumanArm_v2/install/robot_control:/home/ctg/dev_ws/install/pkg01_helloworld_cpp:/home/ctg/dev_ws/install/learning_topic_cpp:/home/ctg/dev_ws/install/learning_tf_cpp:/home/ctg/dev_ws/install/learning_service_cpp:/home/ctg/dev_ws/install/learning_pkg_c:/home/ctg/dev_ws/install/learning_parameter_cpp:/home/ctg/dev_ws/install/learning_node_cpp:/home/ctg/dev_ws/install/learning_action_cpp:/home/ctg/dev_ws/install/learning_interface:/opt/ros/humble:/home/ctg/dev_ws/install/learning_urdf:/home/ctg/dev_ws/install/learning_topic:/home/ctg/dev_ws/install/learning_tf:/home/ctg/dev_ws/install/learning_service:/home/ctg/dev_ws/install/learning_qos:/home/ctg/dev_ws/install/learning_pkg_python:/home/ctg/dev_ws/install/learning_parameter:/home/ctg/dev_ws/install/learning_node:/home/ctg/dev_ws/install/learning_launch:/home/ctg/dev_ws/install/learning_action:/home/ctg/dev_ws/install/learning_gazebo_fortress:/home/ctg/dev_ws/install/learning_gazebo:/home/ctg/dev_ws/install/learning_cv /usr/bin/cmake --install /home/ctg/jaka_HumanArm_v2/build/robot_control
[70.260s] Level 1:colcon.colcon_core.shell:create_environment_hook('robot_control', 'cmake_prefix_path')
[70.260s] INFO:colcon.colcon_core.shell:Creating environment hook '/home/ctg/jaka_HumanArm_v2/install/robot_control/share/robot_control/hook/cmake_prefix_path.ps1'
[70.262s] INFO:colcon.colcon_core.shell:Creating environment descriptor '/home/ctg/jaka_HumanArm_v2/install/robot_control/share/robot_control/hook/cmake_prefix_path.dsv'
[70.263s] INFO:colcon.colcon_core.shell:Creating environment hook '/home/ctg/jaka_HumanArm_v2/install/robot_control/share/robot_control/hook/cmake_prefix_path.sh'
[70.265s] Level 1:colcon.colcon_core.environment:checking '/home/ctg/jaka_HumanArm_v2/install/robot_control/lib'
[70.265s] Level 1:colcon.colcon_core.environment:checking '/home/ctg/jaka_HumanArm_v2/install/robot_control/bin'
[70.265s] Level 1:colcon.colcon_core.environment:checking '/home/ctg/jaka_HumanArm_v2/install/robot_control/lib/pkgconfig/robot_control.pc'
[70.266s] Level 1:colcon.colcon_core.environment:checking '/home/ctg/jaka_HumanArm_v2/install/robot_control/lib/python3.10/site-packages'
[70.266s] Level 1:colcon.colcon_core.environment:checking '/home/ctg/jaka_HumanArm_v2/install/robot_control/bin'
[70.267s] INFO:colcon.colcon_core.shell:Creating package script '/home/ctg/jaka_HumanArm_v2/install/robot_control/share/robot_control/package.ps1'
[70.269s] INFO:colcon.colcon_core.shell:Creating package descriptor '/home/ctg/jaka_HumanArm_v2/install/robot_control/share/robot_control/package.dsv'
[70.271s] INFO:colcon.colcon_core.shell:Creating package script '/home/ctg/jaka_HumanArm_v2/install/robot_control/share/robot_control/package.sh'
[70.273s] INFO:colcon.colcon_core.shell:Creating package script '/home/ctg/jaka_HumanArm_v2/install/robot_control/share/robot_control/package.bash'
[70.274s] INFO:colcon.colcon_core.shell:Creating package script '/home/ctg/jaka_HumanArm_v2/install/robot_control/share/robot_control/package.zsh'
[70.276s] Level 1:colcon.colcon_core.environment:create_file_with_runtime_dependencies(/home/ctg/jaka_HumanArm_v2/install/robot_control/share/colcon-core/packages/robot_control)
[70.460s] Level 1:colcon.colcon_core.environment:create_environment_scripts_only(robot_control)
[70.461s] Level 1:colcon.colcon_core.environment:checking '/home/ctg/jaka_HumanArm_v2/install/robot_control' for CMake module files
[70.462s] Level 1:colcon.colcon_core.environment:checking '/home/ctg/jaka_HumanArm_v2/install/robot_control' for CMake config files
[70.463s] Level 1:colcon.colcon_core.shell:create_environment_hook('robot_control', 'cmake_prefix_path')
[70.464s] INFO:colcon.colcon_core.shell:Creating environment hook '/home/ctg/jaka_HumanArm_v2/install/robot_control/share/robot_control/hook/cmake_prefix_path.ps1'
[70.465s] INFO:colcon.colcon_core.shell:Creating environment descriptor '/home/ctg/jaka_HumanArm_v2/install/robot_control/share/robot_control/hook/cmake_prefix_path.dsv'
[70.467s] INFO:colcon.colcon_core.shell:Creating environment hook '/home/ctg/jaka_HumanArm_v2/install/robot_control/share/robot_control/hook/cmake_prefix_path.sh'
[70.469s] Level 1:colcon.colcon_core.environment:checking '/home/ctg/jaka_HumanArm_v2/install/robot_control/lib'
[70.469s] Level 1:colcon.colcon_core.environment:checking '/home/ctg/jaka_HumanArm_v2/install/robot_control/bin'
[70.470s] Level 1:colcon.colcon_core.environment:checking '/home/ctg/jaka_HumanArm_v2/install/robot_control/lib/pkgconfig/robot_control.pc'
[70.470s] Level 1:colcon.colcon_core.environment:checking '/home/ctg/jaka_HumanArm_v2/install/robot_control/lib/python3.10/site-packages'
[70.471s] Level 1:colcon.colcon_core.environment:checking '/home/ctg/jaka_HumanArm_v2/install/robot_control/bin'
[70.472s] INFO:colcon.colcon_core.shell:Creating package script '/home/ctg/jaka_HumanArm_v2/install/robot_control/share/robot_control/package.ps1'
[70.474s] INFO:colcon.colcon_core.shell:Creating package descriptor '/home/ctg/jaka_HumanArm_v2/install/robot_control/share/robot_control/package.dsv'
[70.475s] INFO:colcon.colcon_core.shell:Creating package script '/home/ctg/jaka_HumanArm_v2/install/robot_control/share/robot_control/package.sh'
[70.477s] INFO:colcon.colcon_core.shell:Creating package script '/home/ctg/jaka_HumanArm_v2/install/robot_control/share/robot_control/package.bash'
[70.478s] INFO:colcon.colcon_core.shell:Creating package script '/home/ctg/jaka_HumanArm_v2/install/robot_control/share/robot_control/package.zsh'
[70.480s] Level 1:colcon.colcon_core.environment:create_file_with_runtime_dependencies(/home/ctg/jaka_HumanArm_v2/install/robot_control/share/colcon-core/packages/robot_control)
[70.481s] DEBUG:colcon.colcon_parallel_executor.executor.parallel:closing loop
[70.481s] DEBUG:colcon.colcon_parallel_executor.executor.parallel:loop closed
[70.482s] DEBUG:colcon.colcon_parallel_executor.executor.parallel:run_until_complete finished with '0'
[70.482s] DEBUG:colcon.colcon_core.event_reactor:joining thread
[70.502s] INFO:colcon.colcon_core.plugin_system:Skipping extension 'colcon_notification.desktop_notification.terminal_notifier': Not used on non-Darwin systems
[70.502s] INFO:colcon.colcon_core.plugin_system:Skipping extension 'colcon_notification.desktop_notification.win32': Not used on non-Windows systems
[70.502s] INFO:colcon.colcon_notification.desktop_notification:Sending desktop notification using 'notify2'
[70.544s] DEBUG:colcon.colcon_core.event_reactor:joined thread
[70.545s] INFO:colcon.colcon_core.shell:Creating prefix script '/home/ctg/jaka_HumanArm_v2/install/local_setup.ps1'
[70.549s] INFO:colcon.colcon_core.shell:Creating prefix util module '/home/ctg/jaka_HumanArm_v2/install/_local_setup_util_ps1.py'
[70.553s] INFO:colcon.colcon_core.shell:Creating prefix chain script '/home/ctg/jaka_HumanArm_v2/install/setup.ps1'
[70.561s] INFO:colcon.colcon_core.shell:Creating prefix script '/home/ctg/jaka_HumanArm_v2/install/local_setup.sh'
[70.563s] INFO:colcon.colcon_core.shell:Creating prefix util module '/home/ctg/jaka_HumanArm_v2/install/_local_setup_util_sh.py'
[70.565s] INFO:colcon.colcon_core.shell:Creating prefix chain script '/home/ctg/jaka_HumanArm_v2/install/setup.sh'
[70.572s] INFO:colcon.colcon_core.shell:Creating prefix script '/home/ctg/jaka_HumanArm_v2/install/local_setup.bash'
[70.574s] INFO:colcon.colcon_core.shell:Creating prefix chain script '/home/ctg/jaka_HumanArm_v2/install/setup.bash'
[70.583s] INFO:colcon.colcon_core.shell:Creating prefix script '/home/ctg/jaka_HumanArm_v2/install/local_setup.zsh'
[70.585s] INFO:colcon.colcon_core.shell:Creating prefix chain script '/home/ctg/jaka_HumanArm_v2/install/setup.zsh'
