[0.093s] Invoking command in '/home/ctg/jaka_HumanArm_v2/build/arm_hand_interface': CMAKE_PREFIX_PATH=${CMAKE_PREFIX_PATH}:/opt/ros/humble:/home/ctg/dev_ws/install/learning_urdf:/home/ctg/dev_ws/install/learning_topic:/home/ctg/dev_ws/install/learning_tf:/home/ctg/dev_ws/install/learning_service:/home/ctg/dev_ws/install/learning_qos:/home/ctg/dev_ws/install/learning_pkg_python:/home/ctg/dev_ws/install/learning_parameter:/home/ctg/dev_ws/install/learning_node:/home/ctg/dev_ws/install/learning_launch:/home/ctg/dev_ws/install/learning_action:/home/ctg/dev_ws/install/learning_gazebo_fortress:/home/ctg/dev_ws/install/learning_gazebo:/home/ctg/dev_ws/install/learning_cv /usr/bin/cmake --build /home/ctg/jaka_HumanArm_v2/build/arm_hand_interface -- -j32 -l32
[0.303s] [ 10%] Built target arm_hand_interface__rosidl_generator_c
[0.305s] [ 12%] Built target arm_hand_interface__cpp
[0.344s] [ 12%] Built target ament_cmake_python_copy_arm_hand_interface
[0.395s] [ 23%] Built target arm_hand_interface__rosidl_typesupport_introspection_c
[0.395s] [ 44%] Built target arm_hand_interface__rosidl_typesupport_c
[0.396s] [ 44%] Built target arm_hand_interface__rosidl_typesupport_fastrtps_c
[0.400s] [ 55%] Built target arm_hand_interface__rosidl_typesupport_introspection_cpp
[0.459s] [ 65%] Built target arm_hand_interface__rosidl_typesupport_cpp
[0.459s] [ 76%] Built target arm_hand_interface__rosidl_typesupport_fastrtps_cpp
[0.520s] [ 76%] Built target arm_hand_interface
[0.594s] [ 78%] Built target arm_hand_interface__py
[0.679s] [ 87%] Built target arm_hand_interface__rosidl_generator_py
[0.770s] [ 91%] Built target arm_hand_interface__rosidl_typesupport_c__pyext
[0.770s] [ 95%] Built target arm_hand_interface__rosidl_typesupport_introspection_c__pyext
[0.771s] [100%] Built target arm_hand_interface__rosidl_typesupport_fastrtps_c__pyext
[1.146s] running egg_info
[1.148s] writing arm_hand_interface.egg-info/PKG-INFO
[1.149s] writing dependency_links to arm_hand_interface.egg-info/dependency_links.txt
[1.150s] writing top-level names to arm_hand_interface.egg-info/top_level.txt
[1.157s] reading manifest file 'arm_hand_interface.egg-info/SOURCES.txt'
[1.158s] writing manifest file 'arm_hand_interface.egg-info/SOURCES.txt'
[1.227s] [100%] Built target ament_cmake_python_build_arm_hand_interface_egg
[1.265s] Invoked command in '/home/ctg/jaka_HumanArm_v2/build/arm_hand_interface' returned '0': CMAKE_PREFIX_PATH=${CMAKE_PREFIX_PATH}:/opt/ros/humble:/home/ctg/dev_ws/install/learning_urdf:/home/ctg/dev_ws/install/learning_topic:/home/ctg/dev_ws/install/learning_tf:/home/ctg/dev_ws/install/learning_service:/home/ctg/dev_ws/install/learning_qos:/home/ctg/dev_ws/install/learning_pkg_python:/home/ctg/dev_ws/install/learning_parameter:/home/ctg/dev_ws/install/learning_node:/home/ctg/dev_ws/install/learning_launch:/home/ctg/dev_ws/install/learning_action:/home/ctg/dev_ws/install/learning_gazebo_fortress:/home/ctg/dev_ws/install/learning_gazebo:/home/ctg/dev_ws/install/learning_cv /usr/bin/cmake --build /home/ctg/jaka_HumanArm_v2/build/arm_hand_interface -- -j32 -l32
[1.922s] Invoking command in '/home/ctg/jaka_HumanArm_v2/build/arm_hand_interface': CMAKE_PREFIX_PATH=${CMAKE_PREFIX_PATH}:/opt/ros/humble:/home/ctg/dev_ws/install/learning_urdf:/home/ctg/dev_ws/install/learning_topic:/home/ctg/dev_ws/install/learning_tf:/home/ctg/dev_ws/install/learning_service:/home/ctg/dev_ws/install/learning_qos:/home/ctg/dev_ws/install/learning_pkg_python:/home/ctg/dev_ws/install/learning_parameter:/home/ctg/dev_ws/install/learning_node:/home/ctg/dev_ws/install/learning_launch:/home/ctg/dev_ws/install/learning_action:/home/ctg/dev_ws/install/learning_gazebo_fortress:/home/ctg/dev_ws/install/learning_gazebo:/home/ctg/dev_ws/install/learning_cv /usr/bin/cmake --install /home/ctg/jaka_HumanArm_v2/build/arm_hand_interface
[1.945s] -- Install configuration: "Release"
[1.946s] -- Up-to-date: /home/ctg/jaka_HumanArm_v2/install/arm_hand_interface/share/ament_index/resource_index/rosidl_interfaces/arm_hand_interface
[1.947s] -- Up-to-date: /home/ctg/jaka_HumanArm_v2/install/arm_hand_interface/include/arm_hand_interface/arm_hand_interface
[1.947s] -- Up-to-date: /home/ctg/jaka_HumanArm_v2/install/arm_hand_interface/include/arm_hand_interface/arm_hand_interface/msg
[1.947s] -- Up-to-date: /home/ctg/jaka_HumanArm_v2/install/arm_hand_interface/include/arm_hand_interface/arm_hand_interface/msg/rosidl_generator_c__visibility_control.h
[1.948s] -- Up-to-date: /home/ctg/jaka_HumanArm_v2/install/arm_hand_interface/include/arm_hand_interface/arm_hand_interface/msg/arm_status.h
[1.948s] -- Up-to-date: /home/ctg/jaka_HumanArm_v2/install/arm_hand_interface/include/arm_hand_interface/arm_hand_interface/msg/detail
[1.948s] -- Up-to-date: /home/ctg/jaka_HumanArm_v2/install/arm_hand_interface/include/arm_hand_interface/arm_hand_interface/msg/detail/arm_status__functions.c
[1.948s] -- Up-to-date: /home/ctg/jaka_HumanArm_v2/install/arm_hand_interface/include/arm_hand_interface/arm_hand_interface/msg/detail/arm_status__type_support.h
[1.948s] -- Up-to-date: /home/ctg/jaka_HumanArm_v2/install/arm_hand_interface/include/arm_hand_interface/arm_hand_interface/msg/detail/arm_status__functions.h
[1.948s] -- Up-to-date: /home/ctg/jaka_HumanArm_v2/install/arm_hand_interface/include/arm_hand_interface/arm_hand_interface/msg/detail/arm_status__struct.h
[1.949s] -- Up-to-date: /home/ctg/jaka_HumanArm_v2/install/arm_hand_interface/include/arm_hand_interface/arm_hand_interface/action
[1.949s] -- Up-to-date: /home/ctg/jaka_HumanArm_v2/install/arm_hand_interface/include/arm_hand_interface/arm_hand_interface/action/arm_vision_planning.h
[1.949s] -- Up-to-date: /home/ctg/jaka_HumanArm_v2/install/arm_hand_interface/include/arm_hand_interface/arm_hand_interface/action/detail
[1.950s] -- Up-to-date: /home/ctg/jaka_HumanArm_v2/install/arm_hand_interface/include/arm_hand_interface/arm_hand_interface/action/detail/arm_vision_planning__functions.h
[1.951s] -- Up-to-date: /home/ctg/jaka_HumanArm_v2/install/arm_hand_interface/include/arm_hand_interface/arm_hand_interface/action/detail/arm_vision_planning__struct.h
[1.951s] -- Up-to-date: /home/ctg/jaka_HumanArm_v2/install/arm_hand_interface/include/arm_hand_interface/arm_hand_interface/action/detail/dexterous_hand__type_support.h
[1.951s] -- Up-to-date: /home/ctg/jaka_HumanArm_v2/install/arm_hand_interface/include/arm_hand_interface/arm_hand_interface/action/detail/dexterous_hand__functions.c
[1.951s] -- Up-to-date: /home/ctg/jaka_HumanArm_v2/install/arm_hand_interface/include/arm_hand_interface/arm_hand_interface/action/detail/dexterous_hand__functions.h
[1.951s] -- Up-to-date: /home/ctg/jaka_HumanArm_v2/install/arm_hand_interface/include/arm_hand_interface/arm_hand_interface/action/detail/dexterous_hand__struct.h
[1.951s] -- Up-to-date: /home/ctg/jaka_HumanArm_v2/install/arm_hand_interface/include/arm_hand_interface/arm_hand_interface/action/detail/arm_vision_planning__type_support.h
[1.952s] -- Up-to-date: /home/ctg/jaka_HumanArm_v2/install/arm_hand_interface/include/arm_hand_interface/arm_hand_interface/action/detail/arm_vision_planning__functions.c
[1.953s] -- Up-to-date: /home/ctg/jaka_HumanArm_v2/install/arm_hand_interface/include/arm_hand_interface/arm_hand_interface/action/dexterous_hand.h
[1.953s] -- Up-to-date: /home/ctg/jaka_HumanArm_v2/install/arm_hand_interface/share/arm_hand_interface/environment/library_path.sh
[1.953s] -- Up-to-date: /home/ctg/jaka_HumanArm_v2/install/arm_hand_interface/share/arm_hand_interface/environment/library_path.dsv
[1.953s] -- Up-to-date: /home/ctg/jaka_HumanArm_v2/install/arm_hand_interface/lib/libarm_hand_interface__rosidl_generator_c.so
[1.953s] -- Up-to-date: /home/ctg/jaka_HumanArm_v2/install/arm_hand_interface/include/arm_hand_interface/arm_hand_interface
[1.954s] -- Up-to-date: /home/ctg/jaka_HumanArm_v2/install/arm_hand_interface/include/arm_hand_interface/arm_hand_interface/msg
[1.954s] -- Up-to-date: /home/ctg/jaka_HumanArm_v2/install/arm_hand_interface/include/arm_hand_interface/arm_hand_interface/msg/rosidl_typesupport_fastrtps_c__visibility_control.h
[1.955s] -- Up-to-date: /home/ctg/jaka_HumanArm_v2/install/arm_hand_interface/include/arm_hand_interface/arm_hand_interface/msg/detail
[1.955s] -- Up-to-date: /home/ctg/jaka_HumanArm_v2/install/arm_hand_interface/include/arm_hand_interface/arm_hand_interface/msg/detail/arm_status__rosidl_typesupport_fastrtps_c.h
[1.956s] -- Up-to-date: /home/ctg/jaka_HumanArm_v2/install/arm_hand_interface/include/arm_hand_interface/arm_hand_interface/action
[1.956s] -- Up-to-date: /home/ctg/jaka_HumanArm_v2/install/arm_hand_interface/include/arm_hand_interface/arm_hand_interface/action/detail
[1.957s] -- Up-to-date: /home/ctg/jaka_HumanArm_v2/install/arm_hand_interface/include/arm_hand_interface/arm_hand_interface/action/detail/dexterous_hand__rosidl_typesupport_fastrtps_c.h
[1.957s] -- Up-to-date: /home/ctg/jaka_HumanArm_v2/install/arm_hand_interface/include/arm_hand_interface/arm_hand_interface/action/detail/arm_vision_planning__rosidl_typesupport_fastrtps_c.h
[1.957s] -- Up-to-date: /home/ctg/jaka_HumanArm_v2/install/arm_hand_interface/lib/libarm_hand_interface__rosidl_typesupport_fastrtps_c.so
[1.957s] -- Up-to-date: /home/ctg/jaka_HumanArm_v2/install/arm_hand_interface/include/arm_hand_interface/arm_hand_interface
[1.957s] -- Up-to-date: /home/ctg/jaka_HumanArm_v2/install/arm_hand_interface/include/arm_hand_interface/arm_hand_interface/msg
[1.958s] -- Up-to-date: /home/ctg/jaka_HumanArm_v2/install/arm_hand_interface/include/arm_hand_interface/arm_hand_interface/msg/detail
[1.958s] -- Up-to-date: /home/ctg/jaka_HumanArm_v2/install/arm_hand_interface/include/arm_hand_interface/arm_hand_interface/msg/detail/arm_status__traits.hpp
[1.958s] -- Up-to-date: /home/ctg/jaka_HumanArm_v2/install/arm_hand_interface/include/arm_hand_interface/arm_hand_interface/msg/detail/arm_status__struct.hpp
[1.958s] -- Up-to-date: /home/ctg/jaka_HumanArm_v2/install/arm_hand_interface/include/arm_hand_interface/arm_hand_interface/msg/detail/arm_status__builder.hpp
[1.958s] -- Up-to-date: /home/ctg/jaka_HumanArm_v2/install/arm_hand_interface/include/arm_hand_interface/arm_hand_interface/msg/arm_status.hpp
[1.959s] -- Up-to-date: /home/ctg/jaka_HumanArm_v2/install/arm_hand_interface/include/arm_hand_interface/arm_hand_interface/action
[1.959s] -- Up-to-date: /home/ctg/jaka_HumanArm_v2/install/arm_hand_interface/include/arm_hand_interface/arm_hand_interface/action/arm_vision_planning.hpp
[1.959s] -- Up-to-date: /home/ctg/jaka_HumanArm_v2/install/arm_hand_interface/include/arm_hand_interface/arm_hand_interface/action/detail
[1.960s] -- Up-to-date: /home/ctg/jaka_HumanArm_v2/install/arm_hand_interface/include/arm_hand_interface/arm_hand_interface/action/detail/dexterous_hand__traits.hpp
[1.960s] -- Up-to-date: /home/ctg/jaka_HumanArm_v2/install/arm_hand_interface/include/arm_hand_interface/arm_hand_interface/action/detail/arm_vision_planning__builder.hpp
[1.961s] -- Up-to-date: /home/ctg/jaka_HumanArm_v2/install/arm_hand_interface/include/arm_hand_interface/arm_hand_interface/action/detail/dexterous_hand__builder.hpp
[1.961s] -- Up-to-date: /home/ctg/jaka_HumanArm_v2/install/arm_hand_interface/include/arm_hand_interface/arm_hand_interface/action/detail/dexterous_hand__struct.hpp
[1.961s] -- Up-to-date: /home/ctg/jaka_HumanArm_v2/install/arm_hand_interface/include/arm_hand_interface/arm_hand_interface/action/detail/arm_vision_planning__struct.hpp
[1.961s] -- Up-to-date: /home/ctg/jaka_HumanArm_v2/install/arm_hand_interface/include/arm_hand_interface/arm_hand_interface/action/detail/arm_vision_planning__traits.hpp
[1.962s] -- Up-to-date: /home/ctg/jaka_HumanArm_v2/install/arm_hand_interface/include/arm_hand_interface/arm_hand_interface/action/dexterous_hand.hpp
[1.962s] -- Up-to-date: /home/ctg/jaka_HumanArm_v2/install/arm_hand_interface/include/arm_hand_interface/arm_hand_interface
[1.962s] -- Up-to-date: /home/ctg/jaka_HumanArm_v2/install/arm_hand_interface/include/arm_hand_interface/arm_hand_interface/msg
[1.962s] -- Up-to-date: /home/ctg/jaka_HumanArm_v2/install/arm_hand_interface/include/arm_hand_interface/arm_hand_interface/msg/detail
[1.962s] -- Up-to-date: /home/ctg/jaka_HumanArm_v2/install/arm_hand_interface/include/arm_hand_interface/arm_hand_interface/msg/detail/dds_fastrtps
[1.963s] -- Up-to-date: /home/ctg/jaka_HumanArm_v2/install/arm_hand_interface/include/arm_hand_interface/arm_hand_interface/msg/detail/arm_status__rosidl_typesupport_fastrtps_cpp.hpp
[1.963s] -- Up-to-date: /home/ctg/jaka_HumanArm_v2/install/arm_hand_interface/include/arm_hand_interface/arm_hand_interface/msg/rosidl_typesupport_fastrtps_cpp__visibility_control.h
[1.963s] -- Up-to-date: /home/ctg/jaka_HumanArm_v2/install/arm_hand_interface/include/arm_hand_interface/arm_hand_interface/action
[1.963s] -- Up-to-date: /home/ctg/jaka_HumanArm_v2/install/arm_hand_interface/include/arm_hand_interface/arm_hand_interface/action/detail
[1.963s] -- Up-to-date: /home/ctg/jaka_HumanArm_v2/install/arm_hand_interface/include/arm_hand_interface/arm_hand_interface/action/detail/dds_fastrtps
[1.963s] -- Up-to-date: /home/ctg/jaka_HumanArm_v2/install/arm_hand_interface/include/arm_hand_interface/arm_hand_interface/action/detail/arm_vision_planning__rosidl_typesupport_fastrtps_cpp.hpp
[1.964s] -- Up-to-date: /home/ctg/jaka_HumanArm_v2/install/arm_hand_interface/include/arm_hand_interface/arm_hand_interface/action/detail/dexterous_hand__rosidl_typesupport_fastrtps_cpp.hpp
[1.964s] -- Up-to-date: /home/ctg/jaka_HumanArm_v2/install/arm_hand_interface/lib/libarm_hand_interface__rosidl_typesupport_fastrtps_cpp.so
[1.964s] -- Up-to-date: /home/ctg/jaka_HumanArm_v2/install/arm_hand_interface/include/arm_hand_interface/arm_hand_interface
[1.964s] -- Up-to-date: /home/ctg/jaka_HumanArm_v2/install/arm_hand_interface/include/arm_hand_interface/arm_hand_interface/msg
[1.964s] -- Up-to-date: /home/ctg/jaka_HumanArm_v2/install/arm_hand_interface/include/arm_hand_interface/arm_hand_interface/msg/rosidl_typesupport_introspection_c__visibility_control.h
[1.964s] -- Up-to-date: /home/ctg/jaka_HumanArm_v2/install/arm_hand_interface/include/arm_hand_interface/arm_hand_interface/msg/detail
[1.964s] -- Up-to-date: /home/ctg/jaka_HumanArm_v2/install/arm_hand_interface/include/arm_hand_interface/arm_hand_interface/msg/detail/arm_status__rosidl_typesupport_introspection_c.h
[1.965s] -- Up-to-date: /home/ctg/jaka_HumanArm_v2/install/arm_hand_interface/include/arm_hand_interface/arm_hand_interface/msg/detail/arm_status__type_support.c
[1.965s] -- Up-to-date: /home/ctg/jaka_HumanArm_v2/install/arm_hand_interface/include/arm_hand_interface/arm_hand_interface/action
[1.965s] -- Up-to-date: /home/ctg/jaka_HumanArm_v2/install/arm_hand_interface/include/arm_hand_interface/arm_hand_interface/action/detail
[1.965s] -- Up-to-date: /home/ctg/jaka_HumanArm_v2/install/arm_hand_interface/include/arm_hand_interface/arm_hand_interface/action/detail/dexterous_hand__rosidl_typesupport_introspection_c.h
[1.965s] -- Up-to-date: /home/ctg/jaka_HumanArm_v2/install/arm_hand_interface/include/arm_hand_interface/arm_hand_interface/action/detail/arm_vision_planning__rosidl_typesupport_introspection_c.h
[1.965s] -- Up-to-date: /home/ctg/jaka_HumanArm_v2/install/arm_hand_interface/include/arm_hand_interface/arm_hand_interface/action/detail/dexterous_hand__type_support.c
[1.966s] -- Up-to-date: /home/ctg/jaka_HumanArm_v2/install/arm_hand_interface/include/arm_hand_interface/arm_hand_interface/action/detail/arm_vision_planning__type_support.c
[1.966s] -- Up-to-date: /home/ctg/jaka_HumanArm_v2/install/arm_hand_interface/lib/libarm_hand_interface__rosidl_typesupport_introspection_c.so
[1.966s] -- Up-to-date: /home/ctg/jaka_HumanArm_v2/install/arm_hand_interface/lib/libarm_hand_interface__rosidl_typesupport_c.so
[1.966s] -- Up-to-date: /home/ctg/jaka_HumanArm_v2/install/arm_hand_interface/include/arm_hand_interface/arm_hand_interface
[1.966s] -- Up-to-date: /home/ctg/jaka_HumanArm_v2/install/arm_hand_interface/include/arm_hand_interface/arm_hand_interface/msg
[1.967s] -- Up-to-date: /home/ctg/jaka_HumanArm_v2/install/arm_hand_interface/include/arm_hand_interface/arm_hand_interface/msg/detail
[1.967s] -- Up-to-date: /home/ctg/jaka_HumanArm_v2/install/arm_hand_interface/include/arm_hand_interface/arm_hand_interface/msg/detail/arm_status__type_support.cpp
[1.967s] -- Up-to-date: /home/ctg/jaka_HumanArm_v2/install/arm_hand_interface/include/arm_hand_interface/arm_hand_interface/msg/detail/arm_status__rosidl_typesupport_introspection_cpp.hpp
[1.967s] -- Up-to-date: /home/ctg/jaka_HumanArm_v2/install/arm_hand_interface/include/arm_hand_interface/arm_hand_interface/action
[1.967s] -- Up-to-date: /home/ctg/jaka_HumanArm_v2/install/arm_hand_interface/include/arm_hand_interface/arm_hand_interface/action/detail
[1.967s] -- Up-to-date: /home/ctg/jaka_HumanArm_v2/install/arm_hand_interface/include/arm_hand_interface/arm_hand_interface/action/detail/arm_vision_planning__rosidl_typesupport_introspection_cpp.hpp
[1.967s] -- Up-to-date: /home/ctg/jaka_HumanArm_v2/install/arm_hand_interface/include/arm_hand_interface/arm_hand_interface/action/detail/dexterous_hand__rosidl_typesupport_introspection_cpp.hpp
[1.968s] -- Up-to-date: /home/ctg/jaka_HumanArm_v2/install/arm_hand_interface/include/arm_hand_interface/arm_hand_interface/action/detail/arm_vision_planning__type_support.cpp
[1.968s] -- Up-to-date: /home/ctg/jaka_HumanArm_v2/install/arm_hand_interface/include/arm_hand_interface/arm_hand_interface/action/detail/dexterous_hand__type_support.cpp
[1.968s] -- Up-to-date: /home/ctg/jaka_HumanArm_v2/install/arm_hand_interface/lib/libarm_hand_interface__rosidl_typesupport_introspection_cpp.so
[1.968s] -- Up-to-date: /home/ctg/jaka_HumanArm_v2/install/arm_hand_interface/lib/libarm_hand_interface__rosidl_typesupport_cpp.so
[1.968s] -- Up-to-date: /home/ctg/jaka_HumanArm_v2/install/arm_hand_interface/share/arm_hand_interface/environment/pythonpath.sh
[1.968s] -- Up-to-date: /home/ctg/jaka_HumanArm_v2/install/arm_hand_interface/share/arm_hand_interface/environment/pythonpath.dsv
[1.968s] -- Up-to-date: /home/ctg/jaka_HumanArm_v2/install/arm_hand_interface/local/lib/python3.10/dist-packages/arm_hand_interface-0.0.0-py3.10.egg-info
[1.969s] -- Installing: /home/ctg/jaka_HumanArm_v2/install/arm_hand_interface/local/lib/python3.10/dist-packages/arm_hand_interface-0.0.0-py3.10.egg-info/top_level.txt
[1.969s] -- Installing: /home/ctg/jaka_HumanArm_v2/install/arm_hand_interface/local/lib/python3.10/dist-packages/arm_hand_interface-0.0.0-py3.10.egg-info/dependency_links.txt
[1.969s] -- Installing: /home/ctg/jaka_HumanArm_v2/install/arm_hand_interface/local/lib/python3.10/dist-packages/arm_hand_interface-0.0.0-py3.10.egg-info/PKG-INFO
[1.969s] -- Installing: /home/ctg/jaka_HumanArm_v2/install/arm_hand_interface/local/lib/python3.10/dist-packages/arm_hand_interface-0.0.0-py3.10.egg-info/SOURCES.txt
[1.969s] -- Up-to-date: /home/ctg/jaka_HumanArm_v2/install/arm_hand_interface/local/lib/python3.10/dist-packages/arm_hand_interface
[1.969s] -- Up-to-date: /home/ctg/jaka_HumanArm_v2/install/arm_hand_interface/local/lib/python3.10/dist-packages/arm_hand_interface/_arm_hand_interface_s.ep.rosidl_typesupport_c.c
[1.969s] -- Up-to-date: /home/ctg/jaka_HumanArm_v2/install/arm_hand_interface/local/lib/python3.10/dist-packages/arm_hand_interface/arm_hand_interface_s__rosidl_typesupport_introspection_c.cpython-310-x86_64-linux-gnu.so
[1.970s] -- Up-to-date: /home/ctg/jaka_HumanArm_v2/install/arm_hand_interface/local/lib/python3.10/dist-packages/arm_hand_interface/msg
[1.970s] -- Up-to-date: /home/ctg/jaka_HumanArm_v2/install/arm_hand_interface/local/lib/python3.10/dist-packages/arm_hand_interface/msg/_arm_status_s.c
[1.970s] -- Up-to-date: /home/ctg/jaka_HumanArm_v2/install/arm_hand_interface/local/lib/python3.10/dist-packages/arm_hand_interface/msg/_arm_status.py
[1.970s] -- Up-to-date: /home/ctg/jaka_HumanArm_v2/install/arm_hand_interface/local/lib/python3.10/dist-packages/arm_hand_interface/msg/__init__.py
[1.970s] -- Up-to-date: /home/ctg/jaka_HumanArm_v2/install/arm_hand_interface/local/lib/python3.10/dist-packages/arm_hand_interface/libarm_hand_interface__rosidl_generator_py.so
[1.971s] -- Up-to-date: /home/ctg/jaka_HumanArm_v2/install/arm_hand_interface/local/lib/python3.10/dist-packages/arm_hand_interface/action
[1.971s] -- Up-to-date: /home/ctg/jaka_HumanArm_v2/install/arm_hand_interface/local/lib/python3.10/dist-packages/arm_hand_interface/action/_arm_vision_planning_s.c
[1.971s] -- Up-to-date: /home/ctg/jaka_HumanArm_v2/install/arm_hand_interface/local/lib/python3.10/dist-packages/arm_hand_interface/action/_dexterous_hand_s.c
[1.971s] -- Up-to-date: /home/ctg/jaka_HumanArm_v2/install/arm_hand_interface/local/lib/python3.10/dist-packages/arm_hand_interface/action/_arm_vision_planning.py
[1.971s] -- Up-to-date: /home/ctg/jaka_HumanArm_v2/install/arm_hand_interface/local/lib/python3.10/dist-packages/arm_hand_interface/action/_dexterous_hand.py
[1.972s] -- Up-to-date: /home/ctg/jaka_HumanArm_v2/install/arm_hand_interface/local/lib/python3.10/dist-packages/arm_hand_interface/action/__init__.py
[1.972s] -- Up-to-date: /home/ctg/jaka_HumanArm_v2/install/arm_hand_interface/local/lib/python3.10/dist-packages/arm_hand_interface/_arm_hand_interface_s.ep.rosidl_typesupport_fastrtps_c.c
[1.972s] -- Up-to-date: /home/ctg/jaka_HumanArm_v2/install/arm_hand_interface/local/lib/python3.10/dist-packages/arm_hand_interface/__init__.py
[1.972s] -- Up-to-date: /home/ctg/jaka_HumanArm_v2/install/arm_hand_interface/local/lib/python3.10/dist-packages/arm_hand_interface/_arm_hand_interface_s.ep.rosidl_typesupport_introspection_c.c
[1.972s] -- Up-to-date: /home/ctg/jaka_HumanArm_v2/install/arm_hand_interface/local/lib/python3.10/dist-packages/arm_hand_interface/arm_hand_interface_s__rosidl_typesupport_c.cpython-310-x86_64-linux-gnu.so
[1.972s] -- Up-to-date: /home/ctg/jaka_HumanArm_v2/install/arm_hand_interface/local/lib/python3.10/dist-packages/arm_hand_interface/arm_hand_interface_s__rosidl_typesupport_fastrtps_c.cpython-310-x86_64-linux-gnu.so
[2.054s] Listing '/home/ctg/jaka_HumanArm_v2/install/arm_hand_interface/local/lib/python3.10/dist-packages/arm_hand_interface'...
[2.054s] Listing '/home/ctg/jaka_HumanArm_v2/install/arm_hand_interface/local/lib/python3.10/dist-packages/arm_hand_interface/action'...
[2.054s] Listing '/home/ctg/jaka_HumanArm_v2/install/arm_hand_interface/local/lib/python3.10/dist-packages/arm_hand_interface/msg'...
[2.064s] -- Up-to-date: /home/ctg/jaka_HumanArm_v2/install/arm_hand_interface/local/lib/python3.10/dist-packages/arm_hand_interface/arm_hand_interface_s__rosidl_typesupport_fastrtps_c.cpython-310-x86_64-linux-gnu.so
[2.064s] -- Up-to-date: /home/ctg/jaka_HumanArm_v2/install/arm_hand_interface/local/lib/python3.10/dist-packages/arm_hand_interface/arm_hand_interface_s__rosidl_typesupport_introspection_c.cpython-310-x86_64-linux-gnu.so
[2.066s] -- Up-to-date: /home/ctg/jaka_HumanArm_v2/install/arm_hand_interface/local/lib/python3.10/dist-packages/arm_hand_interface/arm_hand_interface_s__rosidl_typesupport_c.cpython-310-x86_64-linux-gnu.so
[2.067s] -- Up-to-date: /home/ctg/jaka_HumanArm_v2/install/arm_hand_interface/lib/libarm_hand_interface__rosidl_generator_py.so
[2.067s] -- Up-to-date: /home/ctg/jaka_HumanArm_v2/install/arm_hand_interface/share/arm_hand_interface/msg/ArmStatus.idl
[2.067s] -- Up-to-date: /home/ctg/jaka_HumanArm_v2/install/arm_hand_interface/share/arm_hand_interface/action/ArmVisionPlanning.idl
[2.068s] -- Up-to-date: /home/ctg/jaka_HumanArm_v2/install/arm_hand_interface/share/arm_hand_interface/action/DexterousHand.idl
[2.068s] -- Up-to-date: /home/ctg/jaka_HumanArm_v2/install/arm_hand_interface/share/arm_hand_interface/msg/ArmStatus.msg
[2.068s] -- Up-to-date: /home/ctg/jaka_HumanArm_v2/install/arm_hand_interface/share/arm_hand_interface/action/ArmVisionPlanning.action
[2.069s] -- Up-to-date: /home/ctg/jaka_HumanArm_v2/install/arm_hand_interface/share/arm_hand_interface/action/DexterousHand.action
[2.070s] -- Up-to-date: /home/ctg/jaka_HumanArm_v2/install/arm_hand_interface/share/ament_index/resource_index/package_run_dependencies/arm_hand_interface
[2.070s] -- Up-to-date: /home/ctg/jaka_HumanArm_v2/install/arm_hand_interface/share/ament_index/resource_index/parent_prefix_path/arm_hand_interface
[2.070s] -- Up-to-date: /home/ctg/jaka_HumanArm_v2/install/arm_hand_interface/share/arm_hand_interface/environment/ament_prefix_path.sh
[2.071s] -- Up-to-date: /home/ctg/jaka_HumanArm_v2/install/arm_hand_interface/share/arm_hand_interface/environment/ament_prefix_path.dsv
[2.071s] -- Up-to-date: /home/ctg/jaka_HumanArm_v2/install/arm_hand_interface/share/arm_hand_interface/environment/path.sh
[2.071s] -- Up-to-date: /home/ctg/jaka_HumanArm_v2/install/arm_hand_interface/share/arm_hand_interface/environment/path.dsv
[2.071s] -- Up-to-date: /home/ctg/jaka_HumanArm_v2/install/arm_hand_interface/share/arm_hand_interface/local_setup.bash
[2.072s] -- Up-to-date: /home/ctg/jaka_HumanArm_v2/install/arm_hand_interface/share/arm_hand_interface/local_setup.sh
[2.072s] -- Up-to-date: /home/ctg/jaka_HumanArm_v2/install/arm_hand_interface/share/arm_hand_interface/local_setup.zsh
[2.072s] -- Up-to-date: /home/ctg/jaka_HumanArm_v2/install/arm_hand_interface/share/arm_hand_interface/local_setup.dsv
[2.072s] -- Installing: /home/ctg/jaka_HumanArm_v2/install/arm_hand_interface/share/arm_hand_interface/package.dsv
[2.072s] -- Up-to-date: /home/ctg/jaka_HumanArm_v2/install/arm_hand_interface/share/ament_index/resource_index/packages/arm_hand_interface
[2.074s] -- Up-to-date: /home/ctg/jaka_HumanArm_v2/install/arm_hand_interface/share/arm_hand_interface/cmake/export_arm_hand_interface__rosidl_generator_cExport.cmake
[2.074s] -- Up-to-date: /home/ctg/jaka_HumanArm_v2/install/arm_hand_interface/share/arm_hand_interface/cmake/export_arm_hand_interface__rosidl_generator_cExport-release.cmake
[2.074s] -- Up-to-date: /home/ctg/jaka_HumanArm_v2/install/arm_hand_interface/share/arm_hand_interface/cmake/export_arm_hand_interface__rosidl_typesupport_fastrtps_cExport.cmake
[2.074s] -- Up-to-date: /home/ctg/jaka_HumanArm_v2/install/arm_hand_interface/share/arm_hand_interface/cmake/export_arm_hand_interface__rosidl_typesupport_fastrtps_cExport-release.cmake
[2.074s] -- Up-to-date: /home/ctg/jaka_HumanArm_v2/install/arm_hand_interface/share/arm_hand_interface/cmake/export_arm_hand_interface__rosidl_generator_cppExport.cmake
[2.074s] -- Up-to-date: /home/ctg/jaka_HumanArm_v2/install/arm_hand_interface/share/arm_hand_interface/cmake/export_arm_hand_interface__rosidl_typesupport_fastrtps_cppExport.cmake
[2.074s] -- Up-to-date: /home/ctg/jaka_HumanArm_v2/install/arm_hand_interface/share/arm_hand_interface/cmake/export_arm_hand_interface__rosidl_typesupport_fastrtps_cppExport-release.cmake
[2.075s] -- Up-to-date: /home/ctg/jaka_HumanArm_v2/install/arm_hand_interface/share/arm_hand_interface/cmake/arm_hand_interface__rosidl_typesupport_introspection_cExport.cmake
[2.076s] -- Up-to-date: /home/ctg/jaka_HumanArm_v2/install/arm_hand_interface/share/arm_hand_interface/cmake/arm_hand_interface__rosidl_typesupport_introspection_cExport-release.cmake
[2.076s] -- Up-to-date: /home/ctg/jaka_HumanArm_v2/install/arm_hand_interface/share/arm_hand_interface/cmake/arm_hand_interface__rosidl_typesupport_cExport.cmake
[2.076s] -- Up-to-date: /home/ctg/jaka_HumanArm_v2/install/arm_hand_interface/share/arm_hand_interface/cmake/arm_hand_interface__rosidl_typesupport_cExport-release.cmake
[2.076s] -- Up-to-date: /home/ctg/jaka_HumanArm_v2/install/arm_hand_interface/share/arm_hand_interface/cmake/arm_hand_interface__rosidl_typesupport_introspection_cppExport.cmake
[2.076s] -- Up-to-date: /home/ctg/jaka_HumanArm_v2/install/arm_hand_interface/share/arm_hand_interface/cmake/arm_hand_interface__rosidl_typesupport_introspection_cppExport-release.cmake
[2.076s] -- Up-to-date: /home/ctg/jaka_HumanArm_v2/install/arm_hand_interface/share/arm_hand_interface/cmake/arm_hand_interface__rosidl_typesupport_cppExport.cmake
[2.076s] -- Up-to-date: /home/ctg/jaka_HumanArm_v2/install/arm_hand_interface/share/arm_hand_interface/cmake/arm_hand_interface__rosidl_typesupport_cppExport-release.cmake
[2.077s] -- Up-to-date: /home/ctg/jaka_HumanArm_v2/install/arm_hand_interface/share/arm_hand_interface/cmake/export_arm_hand_interface__rosidl_generator_pyExport.cmake
[2.077s] -- Up-to-date: /home/ctg/jaka_HumanArm_v2/install/arm_hand_interface/share/arm_hand_interface/cmake/export_arm_hand_interface__rosidl_generator_pyExport-release.cmake
[2.077s] -- Up-to-date: /home/ctg/jaka_HumanArm_v2/install/arm_hand_interface/share/arm_hand_interface/cmake/rosidl_cmake-extras.cmake
[2.077s] -- Up-to-date: /home/ctg/jaka_HumanArm_v2/install/arm_hand_interface/share/arm_hand_interface/cmake/ament_cmake_export_dependencies-extras.cmake
[2.077s] -- Up-to-date: /home/ctg/jaka_HumanArm_v2/install/arm_hand_interface/share/arm_hand_interface/cmake/ament_cmake_export_include_directories-extras.cmake
[2.077s] -- Up-to-date: /home/ctg/jaka_HumanArm_v2/install/arm_hand_interface/share/arm_hand_interface/cmake/ament_cmake_export_libraries-extras.cmake
[2.078s] -- Up-to-date: /home/ctg/jaka_HumanArm_v2/install/arm_hand_interface/share/arm_hand_interface/cmake/ament_cmake_export_targets-extras.cmake
[2.078s] -- Up-to-date: /home/ctg/jaka_HumanArm_v2/install/arm_hand_interface/share/arm_hand_interface/cmake/rosidl_cmake_export_typesupport_targets-extras.cmake
[2.078s] -- Up-to-date: /home/ctg/jaka_HumanArm_v2/install/arm_hand_interface/share/arm_hand_interface/cmake/rosidl_cmake_export_typesupport_libraries-extras.cmake
[2.078s] -- Up-to-date: /home/ctg/jaka_HumanArm_v2/install/arm_hand_interface/share/arm_hand_interface/cmake/arm_hand_interfaceConfig.cmake
[2.078s] -- Up-to-date: /home/ctg/jaka_HumanArm_v2/install/arm_hand_interface/share/arm_hand_interface/cmake/arm_hand_interfaceConfig-version.cmake
[2.079s] -- Up-to-date: /home/ctg/jaka_HumanArm_v2/install/arm_hand_interface/share/arm_hand_interface/package.xml
[2.083s] Invoked command in '/home/ctg/jaka_HumanArm_v2/build/arm_hand_interface' returned '0': CMAKE_PREFIX_PATH=${CMAKE_PREFIX_PATH}:/opt/ros/humble:/home/ctg/dev_ws/install/learning_urdf:/home/ctg/dev_ws/install/learning_topic:/home/ctg/dev_ws/install/learning_tf:/home/ctg/dev_ws/install/learning_service:/home/ctg/dev_ws/install/learning_qos:/home/ctg/dev_ws/install/learning_pkg_python:/home/ctg/dev_ws/install/learning_parameter:/home/ctg/dev_ws/install/learning_node:/home/ctg/dev_ws/install/learning_launch:/home/ctg/dev_ws/install/learning_action:/home/ctg/dev_ws/install/learning_gazebo_fortress:/home/ctg/dev_ws/install/learning_gazebo:/home/ctg/dev_ws/install/learning_cv /usr/bin/cmake --install /home/ctg/jaka_HumanArm_v2/build/arm_hand_interface
