[0.082s] Invoking command in '/home/ctg/jaka_HumanArm_v2/build/robot_octomap_motion_planning': CMAKE_PREFIX_PATH=${CMAKE_PREFIX_PATH}:/opt/ros/humble:/home/ctg/dev_ws/install/learning_urdf:/home/ctg/dev_ws/install/learning_topic:/home/ctg/dev_ws/install/learning_tf:/home/ctg/dev_ws/install/learning_service:/home/ctg/dev_ws/install/learning_qos:/home/ctg/dev_ws/install/learning_pkg_python:/home/ctg/dev_ws/install/learning_parameter:/home/ctg/dev_ws/install/learning_node:/home/ctg/dev_ws/install/learning_launch:/home/ctg/dev_ws/install/learning_action:/home/ctg/dev_ws/install/learning_gazebo_fortress:/home/ctg/dev_ws/install/learning_gazebo:/home/ctg/dev_ws/install/learning_cv /usr/bin/cmake --build /home/ctg/jaka_HumanArm_v2/build/robot_octomap_motion_planning -- -j32 -l32
[0.188s] -- Found ament_cmake: 1.3.9 (/opt/ros/humble/share/ament_cmake/cmake)
[0.668s] -- Found rclcpp: 16.0.9 (/opt/ros/humble/share/rclcpp/cmake)
[0.764s] -- Found rosidl_generator_c: 3.1.5 (/opt/ros/humble/share/rosidl_generator_c/cmake)
[0.771s] -- Found rosidl_adapter: 3.1.5 (/opt/ros/humble/share/rosidl_adapter/cmake)
[0.791s] -- Found rosidl_generator_cpp: 3.1.5 (/opt/ros/humble/share/rosidl_generator_cpp/cmake)
[0.832s] -- Using all available rosidl_typesupport_c: rosidl_typesupport_fastrtps_c;rosidl_typesupport_introspection_c
[0.889s] -- Using all available rosidl_typesupport_cpp: rosidl_typesupport_fastrtps_cpp;rosidl_typesupport_introspection_cpp
[1.084s] -- Found rmw_implementation_cmake: 6.1.2 (/opt/ros/humble/share/rmw_implementation_cmake/cmake)
[1.094s] -- Found rmw_fastrtps_cpp: 6.2.6 (/opt/ros/humble/share/rmw_fastrtps_cpp/cmake)
[1.485s] -- Using RMW implementation 'rmw_fastrtps_cpp' as default
[2.078s] -- Found octomap_msgs: 2.0.0 (/opt/ros/humble/share/octomap_msgs/cmake)
[2.566s] -- Eigen found (include: /usr/include/eigen3, version: 3.4.0)
[2.600s] -- Found Boost: /usr/lib/x86_64-linux-gnu/cmake/Boost-1.74.0/BoostConfig.cmake (found suitable version "1.74.0", minimum required is "1.65.0") found components: system filesystem date_time iostreams serialization 
[2.677s] -- FLANN found (include: /usr/include, lib: /usr/lib/x86_64-linux-gnu/libflann_cpp.so)
[2.800s] -- Found OpenGL: /usr/lib/x86_64-linux-gnu/libOpenGL.so  found components: OpenGL GLX 
[3.382s] -- Found Eigen3: /usr/include/eigen3 (found version "3.4.0") 
[3.849s] -- OpenNI found (version: 1.5.4.0, include: /usr/include/ni, lib: /usr/lib/libOpenNI.so;libusb::libusb)
[3.873s] [0m** WARNING ** io features related to pcap will be disabled[0m
[3.876s] -- OpenNI2 found (version: 2.2.0.33, include: /usr/include/openni2, lib: /usr/lib/x86_64-linux-gnu/libOpenNI2.so;libusb::libusb)
[4.373s] -- Eigen found (include: /usr/include/eigen3, version: 3.4.0)
[4.398s] -- OpenNI found (version: 1.5.4.0, include: /usr/include/ni, lib: /usr/lib/libOpenNI.so;libusb::libusb)
[4.425s] -- OpenNI2 found (version: 2.2.0.33, include: /usr/include/openni2, lib: /usr/lib/x86_64-linux-gnu/libOpenNI2.so;libusb::libusb)
[4.949s] -- Found Qhull version 8.0.2
[5.479s] -- OpenNI found (version: 1.5.4.0, include: /usr/include/ni, lib: /usr/lib/libOpenNI.so;libusb::libusb)
[5.992s] -- looking for PCL_COMMON
[5.993s] -- looking for PCL_KDTREE
[5.995s] -- looking for PCL_OCTREE
[5.996s] -- looking for PCL_SEARCH
[5.997s] -- looking for PCL_SAMPLE_CONSENSUS
[5.999s] -- looking for PCL_FILTERS
[6.000s] -- looking for PCL_2D
[6.001s] -- looking for PCL_GEOMETRY
[6.002s] -- looking for PCL_IO
[6.003s] -- looking for PCL_FEATURES
[6.005s] -- looking for PCL_ML
[6.006s] -- looking for PCL_SEGMENTATION
[6.008s] -- looking for PCL_VISUALIZATION
[6.009s] -- looking for PCL_SURFACE
[6.010s] -- looking for PCL_REGISTRATION
[6.012s] -- looking for PCL_KEYPOINTS
[6.014s] -- looking for PCL_TRACKING
[6.015s] -- looking for PCL_RECOGNITION
[6.016s] -- looking for PCL_STEREO
[6.017s] -- looking for PCL_APPS
[6.021s] -- looking for PCL_IN_HAND_SCANNER
[6.022s] -- looking for PCL_MODELER
[6.022s] -- looking for PCL_POINT_CLOUD_EDITOR
[6.023s] -- looking for PCL_OUTOFCORE
[6.024s] -- looking for PCL_PEOPLE
[6.029s] -- Found sensor_msgs: 4.2.4 (/opt/ros/humble/share/sensor_msgs/cmake)
[6.276s] -- Found moveit_core: 2.5.5 (/opt/ros/humble/share/moveit_core/cmake)
[6.312s] -- Found Boost: /usr/lib/x86_64-linux-gnu/cmake/Boost-1.74.0/BoostConfig.cmake (found version "1.74.0") found components: chrono date_time filesystem iostreams program_options regex serialization system thread 
[6.339s] -- Found parameter_traits: 0.3.8 (/opt/ros/humble/share/parameter_traits/cmake)
[6.378s] -- Found rclcpp_lifecycle: 16.0.9 (/opt/ros/humble/share/rclcpp_lifecycle/cmake)
[6.524s] -- Found Boost: /usr/lib/x86_64-linux-gnu/cmake/Boost-1.74.0/BoostConfig.cmake (found version "1.74.0") found components: filesystem 
[6.666s] -- library: /usr/lib/x86_64-linux-gnu/libcurl.so
[7.385s] -- Found Eigen3: TRUE (found version "3.4.0") 
[7.388s] -- Ensuring Eigen3 include directory is part of orocos-kdl CMake target
[11.008s] -- Found moveit_ros_planning_interface: 2.5.5 (/opt/ros/humble/share/moveit_ros_planning_interface/cmake)
[11.024s] -- Found Boost: /usr/lib/x86_64-linux-gnu/cmake/Boost-1.74.0/BoostConfig.cmake (found version "1.74.0") found components: date_time filesystem program_options system thread 
[11.384s] -- Found Boost: /usr/lib/x86_64-linux-gnu/cmake/Boost-1.74.0/BoostConfig.cmake (found version "1.74.0") found components: system filesystem date_time program_options thread chrono 
[13.168s] -- Found Boost: /usr/lib/x86_64-linux-gnu/cmake/Boost-1.74.0/BoostConfig.cmake (found version "1.74.0") found components: thread system filesystem regex date_time program_options 
[13.955s] -- Found Boost: /usr/lib/x86_64-linux-gnu/cmake/Boost-1.74.0/BoostConfig.cmake (found version "1.74.0") found components: system filesystem date_time program_options thread 
[15.407s] -- Found moveit_common: 2.5.5 (/opt/ros/humble/share/moveit_common/cmake)
[15.670s] -- Could NOT find libbfd (missing: LIBBFD_LIBRARY LIBBFD_INCLUDE_DIR) 
[15.670s] -- BACKWARD_HAS_UNWIND=1
[15.671s] -- BACKWARD_HAS_BACKTRACE=0
[15.671s] -- BACKWARD_HAS_BACKTRACE_SYMBOL=0
[15.672s] -- BACKWARD_HAS_DW=1
[15.672s] -- BACKWARD_HAS_BFD=0
[15.672s] -- Found Backward: /opt/ros/humble/share/backward_ros/cmake  
[15.673s] [0mrobot_octomap_motion_planning: You did not request a specific build type: Choosing 'Release' for maximum performance[0m
[15.698s] -- Found Boost: /usr/lib/x86_64-linux-gnu/cmake/Boost-1.74.0/BoostConfig.cmake (found version "1.74.0") found components: system filesystem date_time thread 
[15.701s] -- Found control_msgs: 4.6.0 (/opt/ros/humble/share/control_msgs/cmake)
[16.433s] -- Found moveit_ros_perception: 2.5.5 (/opt/ros/humble/share/moveit_ros_perception/cmake)
[16.445s] -- Found Boost: /usr/lib/x86_64-linux-gnu/cmake/Boost-1.74.0/BoostConfig.cmake (found version "1.74.0") found components: thread 
[17.530s] -- Found moveit_servo: 2.5.5 (/opt/ros/humble/share/moveit_servo/cmake)
[19.616s] -- Found interactive_markers: 2.3.2 (/opt/ros/humble/share/interactive_markers/cmake)
[19.655s] -- Found rviz_visual_tools: 4.1.4 (/opt/ros/humble/share/rviz_visual_tools/cmake)
[19.969s] -- Setting OGRE_DIR to: '/opt/ros/humble/share/rviz_ogre_vendor/cmake/../../../opt/rviz_ogre_vendor/lib/OGRE/cmake'
[19.973s] -- Found OGRE
[19.974s] --   static     : OFF
[19.974s] --   components : HLMS;MeshLodGenerator;Overlay;Paging;Property;RTShaderSystem;Terrain;Volume
[19.974s] --   plugins    : Plugin_BSPSceneManager;Plugin_OctreeSceneManager;Plugin_PCZSceneManager;Plugin_ParticleFX;RenderSystem_GL;RenderSystem_GL3Plus;Codec_STBI
[19.974s] --   media      : /opt/ros/humble/opt/rviz_ogre_vendor/share/OGRE/Media
[19.975s] -- OGRE_LIBRARIES: OgreHLMS;OgreMeshLodGenerator;OgreOverlay;OgrePaging;OgreProperty;OgreRTShaderSystem;OgreTerrain;OgreVolume;OgreMain
[19.975s] -- OGRE_LIBRARY_DIRS: /opt/ros/humble/opt/rviz_ogre_vendor/lib
[19.975s] -- OGRE_PLUGINS: Plugin_BSPSceneManager;Plugin_OctreeSceneManager;Plugin_PCZSceneManager;Plugin_ParticleFX;RenderSystem_GL;RenderSystem_GL3Plus;Codec_STBI
[19.975s] -- OGRE_PLUGIN_DIR: /opt/ros/humble/opt/rviz_ogre_vendor/lib/OGRE
[19.976s] -- rviz_ogre_vendor::OgreOverlay for IMPORTED_LOCATION_RELEASE: /opt/ros/humble/opt/rviz_ogre_vendor/lib/libOgreOverlay.so
[19.976s] -- rviz_ogre_vendor::OgreOverlay for IMPORTED_LOCATION_DEBUG: /opt/ros/humble/opt/rviz_ogre_vendor/lib/libOgreOverlay.so
[19.976s] -- rviz_ogre_vendor::OgreMain for IMPORTED_LOCATION_RELEASE: /opt/ros/humble/opt/rviz_ogre_vendor/lib/libOgreMain.so
[19.976s] -- rviz_ogre_vendor::OgreMain for IMPORTED_LOCATION_DEBUG: /opt/ros/humble/opt/rviz_ogre_vendor/lib/libOgreMain.so
[20.002s] -- Found OpenGL: /usr/lib/x86_64-linux-gnu/libOpenGL.so   
[20.096s] -- rviz_ogre_vendor::RenderSystem_GL for IMPORTED_LOCATION_RELEASE: _render_system_gl_static_library_abs-NOTFOUND
[20.096s] -- rviz_ogre_vendor::RenderSystem_GL for IMPORTED_LOCATION_DEBUG: _render_system_gl_static_library_abs-NOTFOUND
[21.937s] -- Found moveit_visual_tools: 4.1.0 (/opt/ros/humble/share/moveit_visual_tools/cmake)
[23.648s] -- Configuring incomplete, errors occurred!
[23.648s] See also "/home/ctg/jaka_HumanArm_v2/build/robot_octomap_motion_planning/CMakeFiles/CMakeOutput.log".
[23.649s] [31mCMake Error at CMakeLists.txt:44 (find_package):
[23.649s]   By not providing "Findrobot_moveit_config.cmake" in CMAKE_MODULE_PATH this
[23.649s]   project has asked CMake to find a package configuration file provided by
[23.649s]   "robot_moveit_config", but CMake did not find one.
[23.650s] 
[23.650s]   Could not find a package configuration file provided by
[23.650s]   "robot_moveit_config" with any of the following names:
[23.650s] 
[23.650s]     robot_moveit_configConfig.cmake
[23.650s]     robot_moveit_config-config.cmake
[23.651s] 
[23.651s]   Add the installation prefix of "robot_moveit_config" to CMAKE_PREFIX_PATH
[23.651s]   or set "robot_moveit_config_DIR" to a directory containing one of the above
[23.651s]   files.  If "robot_moveit_config" provides a separate development package or
[23.651s]   SDK, be sure it has been installed.
[23.651s] 
[23.652s] [0m
[23.708s] gmake: *** [Makefile:267：cmake_check_build_system] 错误 1
