[0.097s] Invoking command in '/home/ctg/jaka_HumanArm_v2/build/robot_moveit_interface': CMAKE_PREFIX_PATH=${CMAKE_PREFIX_PATH}:/opt/ros/humble:/home/ctg/dev_ws/install/learning_urdf:/home/ctg/dev_ws/install/learning_topic:/home/ctg/dev_ws/install/learning_tf:/home/ctg/dev_ws/install/learning_service:/home/ctg/dev_ws/install/learning_qos:/home/ctg/dev_ws/install/learning_pkg_python:/home/ctg/dev_ws/install/learning_parameter:/home/ctg/dev_ws/install/learning_node:/home/ctg/dev_ws/install/learning_launch:/home/ctg/dev_ws/install/learning_action:/home/ctg/dev_ws/install/learning_gazebo_fortress:/home/ctg/dev_ws/install/learning_gazebo:/home/ctg/dev_ws/install/learning_cv /usr/bin/cmake --build /home/ctg/jaka_HumanArm_v2/build/robot_moveit_interface -- -j32 -l32
[0.812s] [100%] Built target robot_moveit_interface
[0.855s] Invoked command in '/home/ctg/jaka_HumanArm_v2/build/robot_moveit_interface' returned '0': CMAKE_PREFIX_PATH=${CMAKE_PREFIX_PATH}:/opt/ros/humble:/home/ctg/dev_ws/install/learning_urdf:/home/ctg/dev_ws/install/learning_topic:/home/ctg/dev_ws/install/learning_tf:/home/ctg/dev_ws/install/learning_service:/home/ctg/dev_ws/install/learning_qos:/home/ctg/dev_ws/install/learning_pkg_python:/home/ctg/dev_ws/install/learning_parameter:/home/ctg/dev_ws/install/learning_node:/home/ctg/dev_ws/install/learning_launch:/home/ctg/dev_ws/install/learning_action:/home/ctg/dev_ws/install/learning_gazebo_fortress:/home/ctg/dev_ws/install/learning_gazebo:/home/ctg/dev_ws/install/learning_cv /usr/bin/cmake --build /home/ctg/jaka_HumanArm_v2/build/robot_moveit_interface -- -j32 -l32
[1.013s] Invoking command in '/home/ctg/jaka_HumanArm_v2/build/robot_moveit_interface': CMAKE_PREFIX_PATH=${CMAKE_PREFIX_PATH}:/opt/ros/humble:/home/ctg/dev_ws/install/learning_urdf:/home/ctg/dev_ws/install/learning_topic:/home/ctg/dev_ws/install/learning_tf:/home/ctg/dev_ws/install/learning_service:/home/ctg/dev_ws/install/learning_qos:/home/ctg/dev_ws/install/learning_pkg_python:/home/ctg/dev_ws/install/learning_parameter:/home/ctg/dev_ws/install/learning_node:/home/ctg/dev_ws/install/learning_launch:/home/ctg/dev_ws/install/learning_action:/home/ctg/dev_ws/install/learning_gazebo_fortress:/home/ctg/dev_ws/install/learning_gazebo:/home/ctg/dev_ws/install/learning_cv /usr/bin/cmake --install /home/ctg/jaka_HumanArm_v2/build/robot_moveit_interface
[1.042s] -- Install configuration: "Release"
[1.058s] -- Up-to-date: /home/ctg/jaka_HumanArm_v2/install/robot_moveit_interface/lib/robot_moveit_interface/robot_moveit_interface
[1.059s] -- Up-to-date: /home/ctg/jaka_HumanArm_v2/install/robot_moveit_interface/share/robot_moveit_interface/launch
[1.059s] -- Up-to-date: /home/ctg/jaka_HumanArm_v2/install/robot_moveit_interface/share/robot_moveit_interface/launch/robot_moveit_interface.launch.py
[1.060s] -- Up-to-date: /home/ctg/jaka_HumanArm_v2/install/robot_moveit_interface/share/ament_index/resource_index/package_run_dependencies/robot_moveit_interface
[1.060s] -- Up-to-date: /home/ctg/jaka_HumanArm_v2/install/robot_moveit_interface/share/ament_index/resource_index/parent_prefix_path/robot_moveit_interface
[1.061s] -- Up-to-date: /home/ctg/jaka_HumanArm_v2/install/robot_moveit_interface/share/robot_moveit_interface/environment/ament_prefix_path.sh
[1.062s] -- Up-to-date: /home/ctg/jaka_HumanArm_v2/install/robot_moveit_interface/share/robot_moveit_interface/environment/ament_prefix_path.dsv
[1.062s] -- Up-to-date: /home/ctg/jaka_HumanArm_v2/install/robot_moveit_interface/share/robot_moveit_interface/environment/path.sh
[1.062s] -- Up-to-date: /home/ctg/jaka_HumanArm_v2/install/robot_moveit_interface/share/robot_moveit_interface/environment/path.dsv
[1.062s] -- Up-to-date: /home/ctg/jaka_HumanArm_v2/install/robot_moveit_interface/share/robot_moveit_interface/local_setup.bash
[1.062s] -- Up-to-date: /home/ctg/jaka_HumanArm_v2/install/robot_moveit_interface/share/robot_moveit_interface/local_setup.sh
[1.062s] -- Up-to-date: /home/ctg/jaka_HumanArm_v2/install/robot_moveit_interface/share/robot_moveit_interface/local_setup.zsh
[1.062s] -- Up-to-date: /home/ctg/jaka_HumanArm_v2/install/robot_moveit_interface/share/robot_moveit_interface/local_setup.dsv
[1.062s] -- Installing: /home/ctg/jaka_HumanArm_v2/install/robot_moveit_interface/share/robot_moveit_interface/package.dsv
[1.062s] -- Up-to-date: /home/ctg/jaka_HumanArm_v2/install/robot_moveit_interface/share/ament_index/resource_index/packages/robot_moveit_interface
[1.071s] -- Up-to-date: /home/ctg/jaka_HumanArm_v2/install/robot_moveit_interface/share/robot_moveit_interface/cmake/ament_cmake_export_dependencies-extras.cmake
[1.079s] -- Up-to-date: /home/ctg/jaka_HumanArm_v2/install/robot_moveit_interface/share/robot_moveit_interface/cmake/ament_cmake_export_include_directories-extras.cmake
[1.079s] -- Up-to-date: /home/ctg/jaka_HumanArm_v2/install/robot_moveit_interface/share/robot_moveit_interface/cmake/robot_moveit_interfaceConfig.cmake
[1.080s] -- Up-to-date: /home/ctg/jaka_HumanArm_v2/install/robot_moveit_interface/share/robot_moveit_interface/cmake/robot_moveit_interfaceConfig-version.cmake
[1.080s] -- Up-to-date: /home/ctg/jaka_HumanArm_v2/install/robot_moveit_interface/share/robot_moveit_interface/package.xml
[1.085s] Invoked command in '/home/ctg/jaka_HumanArm_v2/build/robot_moveit_interface' returned '0': CMAKE_PREFIX_PATH=${CMAKE_PREFIX_PATH}:/opt/ros/humble:/home/ctg/dev_ws/install/learning_urdf:/home/ctg/dev_ws/install/learning_topic:/home/ctg/dev_ws/install/learning_tf:/home/ctg/dev_ws/install/learning_service:/home/ctg/dev_ws/install/learning_qos:/home/ctg/dev_ws/install/learning_pkg_python:/home/ctg/dev_ws/install/learning_parameter:/home/ctg/dev_ws/install/learning_node:/home/ctg/dev_ws/install/learning_launch:/home/ctg/dev_ws/install/learning_action:/home/ctg/dev_ws/install/learning_gazebo_fortress:/home/ctg/dev_ws/install/learning_gazebo:/home/ctg/dev_ws/install/learning_cv /usr/bin/cmake --install /home/ctg/jaka_HumanArm_v2/build/robot_moveit_interface
