[0.107s] Invoking command in '/home/ctg/jaka_HumanArm_v2/build/robot_description': CMAKE_PREFIX_PATH=${CMAKE_PREFIX_PATH}:/home/ctg/jaka_HumanArm_v2/install/robot_octomap_motion_planning:/home/ctg/jaka_HumanArm_v2/install/robot_moveit_interface:/home/ctg/jaka_HumanArm_v2/install/robot_moveit_config:/home/ctg/jaka_HumanArm_v2/install/robot_description:/home/ctg/jaka_HumanArm_v2/install/robot_control:/home/ctg/jaka_HumanArm_v2/install/arm_hand_interface:/opt/ros/humble:/home/ctg/dev_ws/install/learning_urdf:/home/ctg/dev_ws/install/learning_topic:/home/ctg/dev_ws/install/learning_tf:/home/ctg/dev_ws/install/learning_service:/home/ctg/dev_ws/install/learning_qos:/home/ctg/dev_ws/install/learning_pkg_python:/home/ctg/dev_ws/install/learning_parameter:/home/ctg/dev_ws/install/learning_node:/home/ctg/dev_ws/install/learning_launch:/home/ctg/dev_ws/install/learning_action:/home/ctg/dev_ws/install/learning_gazebo_fortress:/home/ctg/dev_ws/install/learning_gazebo:/home/ctg/dev_ws/install/learning_cv /usr/bin/cmake --build /home/ctg/jaka_HumanArm_v2/build/robot_description -- -j32 -l32
[0.263s] Invoked command in '/home/ctg/jaka_HumanArm_v2/build/robot_description' returned '0': CMAKE_PREFIX_PATH=${CMAKE_PREFIX_PATH}:/home/ctg/jaka_HumanArm_v2/install/robot_octomap_motion_planning:/home/ctg/jaka_HumanArm_v2/install/robot_moveit_interface:/home/ctg/jaka_HumanArm_v2/install/robot_moveit_config:/home/ctg/jaka_HumanArm_v2/install/robot_description:/home/ctg/jaka_HumanArm_v2/install/robot_control:/home/ctg/jaka_HumanArm_v2/install/arm_hand_interface:/opt/ros/humble:/home/ctg/dev_ws/install/learning_urdf:/home/ctg/dev_ws/install/learning_topic:/home/ctg/dev_ws/install/learning_tf:/home/ctg/dev_ws/install/learning_service:/home/ctg/dev_ws/install/learning_qos:/home/ctg/dev_ws/install/learning_pkg_python:/home/ctg/dev_ws/install/learning_parameter:/home/ctg/dev_ws/install/learning_node:/home/ctg/dev_ws/install/learning_launch:/home/ctg/dev_ws/install/learning_action:/home/ctg/dev_ws/install/learning_gazebo_fortress:/home/ctg/dev_ws/install/learning_gazebo:/home/ctg/dev_ws/install/learning_cv /usr/bin/cmake --build /home/ctg/jaka_HumanArm_v2/build/robot_description -- -j32 -l32
[0.440s] Invoking command in '/home/ctg/jaka_HumanArm_v2/build/robot_description': CMAKE_PREFIX_PATH=${CMAKE_PREFIX_PATH}:/home/ctg/jaka_HumanArm_v2/install/robot_octomap_motion_planning:/home/ctg/jaka_HumanArm_v2/install/robot_moveit_interface:/home/ctg/jaka_HumanArm_v2/install/robot_moveit_config:/home/ctg/jaka_HumanArm_v2/install/robot_description:/home/ctg/jaka_HumanArm_v2/install/robot_control:/home/ctg/jaka_HumanArm_v2/install/arm_hand_interface:/opt/ros/humble:/home/ctg/dev_ws/install/learning_urdf:/home/ctg/dev_ws/install/learning_topic:/home/ctg/dev_ws/install/learning_tf:/home/ctg/dev_ws/install/learning_service:/home/ctg/dev_ws/install/learning_qos:/home/ctg/dev_ws/install/learning_pkg_python:/home/ctg/dev_ws/install/learning_parameter:/home/ctg/dev_ws/install/learning_node:/home/ctg/dev_ws/install/learning_launch:/home/ctg/dev_ws/install/learning_action:/home/ctg/dev_ws/install/learning_gazebo_fortress:/home/ctg/dev_ws/install/learning_gazebo:/home/ctg/dev_ws/install/learning_cv /usr/bin/cmake --install /home/ctg/jaka_HumanArm_v2/build/robot_description
[0.467s] -- Install configuration: ""
[0.467s] -- Up-to-date: /home/ctg/jaka_HumanArm_v2/install/robot_description/share/robot_description//meshes
[0.468s] -- Up-to-date: /home/ctg/jaka_HumanArm_v2/install/robot_description/share/robot_description//meshes/base_link.STL
[0.468s] -- Up-to-date: /home/ctg/jaka_HumanArm_v2/install/robot_description/share/robot_description//meshes/r5.STL
[0.470s] -- Up-to-date: /home/ctg/jaka_HumanArm_v2/install/robot_description/share/robot_description//meshes/R_middle_distal.STL
[0.470s] -- Up-to-date: /home/ctg/jaka_HumanArm_v2/install/robot_description/share/robot_description//meshes/R_thumb_distal.STL
[0.470s] -- Up-to-date: /home/ctg/jaka_HumanArm_v2/install/robot_description/share/robot_description//meshes/r2.STL
[0.470s] -- Up-to-date: /home/ctg/jaka_HumanArm_v2/install/robot_description/share/robot_description//meshes/r4.STL
[0.470s] -- Up-to-date: /home/ctg/jaka_HumanArm_v2/install/robot_description/share/robot_description//meshes/R_index_distal.STL
[0.472s] -- Up-to-date: /home/ctg/jaka_HumanArm_v2/install/robot_description/share/robot_description//meshes/rt.STL
[0.472s] -- Up-to-date: /home/ctg/jaka_HumanArm_v2/install/robot_description/share/robot_description//meshes/r1.STL
[0.472s] -- Up-to-date: /home/ctg/jaka_HumanArm_v2/install/robot_description/share/robot_description//meshes/R_ring_distal.STL
[0.473s] -- Up-to-date: /home/ctg/jaka_HumanArm_v2/install/robot_description/share/robot_description//meshes/R_thumb_proximal.STL
[0.473s] -- Up-to-date: /home/ctg/jaka_HumanArm_v2/install/robot_description/share/robot_description//meshes/R_pinky_proximal.STL
[0.473s] -- Up-to-date: /home/ctg/jaka_HumanArm_v2/install/robot_description/share/robot_description//meshes/R_hand_base_link.STL
[0.474s] -- Up-to-date: /home/ctg/jaka_HumanArm_v2/install/robot_description/share/robot_description//meshes/R_index_proximal.STL
[0.474s] -- Up-to-date: /home/ctg/jaka_HumanArm_v2/install/robot_description/share/robot_description//meshes/R_ring_proximal.STL
[0.475s] -- Up-to-date: /home/ctg/jaka_HumanArm_v2/install/robot_description/share/robot_description//meshes/r3.STL
[0.475s] -- Up-to-date: /home/ctg/jaka_HumanArm_v2/install/robot_description/share/robot_description//meshes/r6.STL
[0.475s] -- Up-to-date: /home/ctg/jaka_HumanArm_v2/install/robot_description/share/robot_description//meshes/R_thumb_intermediate.STL
[0.475s] -- Up-to-date: /home/ctg/jaka_HumanArm_v2/install/robot_description/share/robot_description//meshes/R_middle_proximal.STL
[0.475s] -- Up-to-date: /home/ctg/jaka_HumanArm_v2/install/robot_description/share/robot_description//meshes/R_thumb_proximal_base.STL
[0.475s] -- Up-to-date: /home/ctg/jaka_HumanArm_v2/install/robot_description/share/robot_description//meshes/R_pinky_distal.STL
[0.475s] -- Up-to-date: /home/ctg/jaka_HumanArm_v2/install/robot_description/share/robot_description//urdf
[0.476s] -- Up-to-date: /home/ctg/jaka_HumanArm_v2/install/robot_description/share/robot_description//urdf/urdf.urdf
[0.477s] -- Up-to-date: /home/ctg/jaka_HumanArm_v2/install/robot_description/share/robot_description//urdf/urdf.csv
[0.478s] -- Up-to-date: /home/ctg/jaka_HumanArm_v2/install/robot_description/share/robot_description//launch
[0.478s] -- Up-to-date: /home/ctg/jaka_HumanArm_v2/install/robot_description/share/robot_description//launch/display.launch.py
[0.478s] -- Up-to-date: /home/ctg/jaka_HumanArm_v2/install/robot_description/share/robot_description//rviz
[0.480s] -- Up-to-date: /home/ctg/jaka_HumanArm_v2/install/robot_description/share/robot_description//rviz/urdf.rviz
[0.486s] -- Up-to-date: /home/ctg/jaka_HumanArm_v2/install/robot_description/share/ament_index/resource_index/package_run_dependencies/robot_description
[0.486s] -- Up-to-date: /home/ctg/jaka_HumanArm_v2/install/robot_description/share/ament_index/resource_index/parent_prefix_path/robot_description
[0.487s] -- Up-to-date: /home/ctg/jaka_HumanArm_v2/install/robot_description/share/robot_description/environment/ament_prefix_path.sh
[0.487s] -- Up-to-date: /home/ctg/jaka_HumanArm_v2/install/robot_description/share/robot_description/environment/ament_prefix_path.dsv
[0.488s] -- Up-to-date: /home/ctg/jaka_HumanArm_v2/install/robot_description/share/robot_description/environment/path.sh
[0.488s] -- Up-to-date: /home/ctg/jaka_HumanArm_v2/install/robot_description/share/robot_description/environment/path.dsv
[0.488s] -- Up-to-date: /home/ctg/jaka_HumanArm_v2/install/robot_description/share/robot_description/local_setup.bash
[0.489s] -- Up-to-date: /home/ctg/jaka_HumanArm_v2/install/robot_description/share/robot_description/local_setup.sh
[0.489s] -- Up-to-date: /home/ctg/jaka_HumanArm_v2/install/robot_description/share/robot_description/local_setup.zsh
[0.490s] -- Up-to-date: /home/ctg/jaka_HumanArm_v2/install/robot_description/share/robot_description/local_setup.dsv
[0.490s] -- Installing: /home/ctg/jaka_HumanArm_v2/install/robot_description/share/robot_description/package.dsv
[0.491s] -- Up-to-date: /home/ctg/jaka_HumanArm_v2/install/robot_description/share/ament_index/resource_index/packages/robot_description
[0.491s] -- Up-to-date: /home/ctg/jaka_HumanArm_v2/install/robot_description/share/robot_description/cmake/robot_descriptionConfig.cmake
[0.491s] -- Up-to-date: /home/ctg/jaka_HumanArm_v2/install/robot_description/share/robot_description/cmake/robot_descriptionConfig-version.cmake
[0.492s] -- Up-to-date: /home/ctg/jaka_HumanArm_v2/install/robot_description/share/robot_description/package.xml
[0.492s] Invoked command in '/home/ctg/jaka_HumanArm_v2/build/robot_description' returned '0': CMAKE_PREFIX_PATH=${CMAKE_PREFIX_PATH}:/home/ctg/jaka_HumanArm_v2/install/robot_octomap_motion_planning:/home/ctg/jaka_HumanArm_v2/install/robot_moveit_interface:/home/ctg/jaka_HumanArm_v2/install/robot_moveit_config:/home/ctg/jaka_HumanArm_v2/install/robot_description:/home/ctg/jaka_HumanArm_v2/install/robot_control:/home/ctg/jaka_HumanArm_v2/install/arm_hand_interface:/opt/ros/humble:/home/ctg/dev_ws/install/learning_urdf:/home/ctg/dev_ws/install/learning_topic:/home/ctg/dev_ws/install/learning_tf:/home/ctg/dev_ws/install/learning_service:/home/ctg/dev_ws/install/learning_qos:/home/ctg/dev_ws/install/learning_pkg_python:/home/ctg/dev_ws/install/learning_parameter:/home/ctg/dev_ws/install/learning_node:/home/ctg/dev_ws/install/learning_launch:/home/ctg/dev_ws/install/learning_action:/home/ctg/dev_ws/install/learning_gazebo_fortress:/home/ctg/dev_ws/install/learning_gazebo:/home/ctg/dev_ws/install/learning_cv /usr/bin/cmake --install /home/ctg/jaka_HumanArm_v2/build/robot_description
