[0.081s] Invoking command in '/home/ctg/jaka_HumanArm_v2/build/robot_description': CMAKE_PREFIX_PATH=${CMAKE_PREFIX_PATH}:/opt/ros/humble:/home/ctg/dev_ws/install/learning_urdf:/home/ctg/dev_ws/install/learning_topic:/home/ctg/dev_ws/install/learning_tf:/home/ctg/dev_ws/install/learning_service:/home/ctg/dev_ws/install/learning_qos:/home/ctg/dev_ws/install/learning_pkg_python:/home/ctg/dev_ws/install/learning_parameter:/home/ctg/dev_ws/install/learning_node:/home/ctg/dev_ws/install/learning_launch:/home/ctg/dev_ws/install/learning_action:/home/ctg/dev_ws/install/learning_gazebo_fortress:/home/ctg/dev_ws/install/learning_gazebo:/home/ctg/dev_ws/install/learning_cv /usr/bin/cmake /home/ctg/jaka_HumanArm_v2/src/robot_description -DCMAKE_INSTALL_PREFIX=/home/ctg/jaka_HumanArm_v2/install/robot_description
[0.696s] -- The C compiler identification is GNU 11.4.0
[0.926s] -- The CXX compiler identification is GNU 11.4.0
[0.966s] -- Detecting C compiler ABI info
[1.153s] -- Detecting C compiler ABI info - done
[1.165s] -- Check for working C compiler: /usr/bin/cc - skipped
[1.165s] -- Detecting C compile features
[1.169s] -- Detecting C compile features - done
[1.180s] -- Detecting CXX compiler ABI info
[1.349s] -- Detecting CXX compiler ABI info - done
[1.359s] -- Check for working CXX compiler: /usr/bin/c++ - skipped
[1.360s] -- Detecting CXX compile features
[1.362s] -- Detecting CXX compile features - done
[1.419s] -- Found ament_cmake: 1.3.9 (/opt/ros/humble/share/ament_cmake/cmake)
[1.760s] -- Found Python3: /usr/bin/python3 (found version "3.10.12") found components: Interpreter 
[2.142s] -- Found ament_lint_auto: 0.12.11 (/opt/ros/humble/share/ament_lint_auto/cmake)
[2.531s] -- Added test 'flake8' to check Python code syntax and style conventions
[2.534s] -- Added test 'lint_cmake' to check CMake code style
[2.536s] -- Added test 'pep257' to check Python code against some of the docstring style conventions in PEP 257
[2.541s] -- Added test 'xmllint' to check XML markup files
[2.550s] -- Configuring done
[2.568s] -- Generating done
[2.568s] -- Build files have been written to: /home/ctg/jaka_HumanArm_v2/build/robot_description
[2.589s] Invoked command in '/home/ctg/jaka_HumanArm_v2/build/robot_description' returned '0': CMAKE_PREFIX_PATH=${CMAKE_PREFIX_PATH}:/opt/ros/humble:/home/ctg/dev_ws/install/learning_urdf:/home/ctg/dev_ws/install/learning_topic:/home/ctg/dev_ws/install/learning_tf:/home/ctg/dev_ws/install/learning_service:/home/ctg/dev_ws/install/learning_qos:/home/ctg/dev_ws/install/learning_pkg_python:/home/ctg/dev_ws/install/learning_parameter:/home/ctg/dev_ws/install/learning_node:/home/ctg/dev_ws/install/learning_launch:/home/ctg/dev_ws/install/learning_action:/home/ctg/dev_ws/install/learning_gazebo_fortress:/home/ctg/dev_ws/install/learning_gazebo:/home/ctg/dev_ws/install/learning_cv /usr/bin/cmake /home/ctg/jaka_HumanArm_v2/src/robot_description -DCMAKE_INSTALL_PREFIX=/home/ctg/jaka_HumanArm_v2/install/robot_description
[2.590s] Invoking command in '/home/ctg/jaka_HumanArm_v2/build/robot_description': CMAKE_PREFIX_PATH=${CMAKE_PREFIX_PATH}:/opt/ros/humble:/home/ctg/dev_ws/install/learning_urdf:/home/ctg/dev_ws/install/learning_topic:/home/ctg/dev_ws/install/learning_tf:/home/ctg/dev_ws/install/learning_service:/home/ctg/dev_ws/install/learning_qos:/home/ctg/dev_ws/install/learning_pkg_python:/home/ctg/dev_ws/install/learning_parameter:/home/ctg/dev_ws/install/learning_node:/home/ctg/dev_ws/install/learning_launch:/home/ctg/dev_ws/install/learning_action:/home/ctg/dev_ws/install/learning_gazebo_fortress:/home/ctg/dev_ws/install/learning_gazebo:/home/ctg/dev_ws/install/learning_cv /usr/bin/cmake --build /home/ctg/jaka_HumanArm_v2/build/robot_description -- -j32 -l32
[2.697s] Invoked command in '/home/ctg/jaka_HumanArm_v2/build/robot_description' returned '0': CMAKE_PREFIX_PATH=${CMAKE_PREFIX_PATH}:/opt/ros/humble:/home/ctg/dev_ws/install/learning_urdf:/home/ctg/dev_ws/install/learning_topic:/home/ctg/dev_ws/install/learning_tf:/home/ctg/dev_ws/install/learning_service:/home/ctg/dev_ws/install/learning_qos:/home/ctg/dev_ws/install/learning_pkg_python:/home/ctg/dev_ws/install/learning_parameter:/home/ctg/dev_ws/install/learning_node:/home/ctg/dev_ws/install/learning_launch:/home/ctg/dev_ws/install/learning_action:/home/ctg/dev_ws/install/learning_gazebo_fortress:/home/ctg/dev_ws/install/learning_gazebo:/home/ctg/dev_ws/install/learning_cv /usr/bin/cmake --build /home/ctg/jaka_HumanArm_v2/build/robot_description -- -j32 -l32
[2.811s] Invoking command in '/home/ctg/jaka_HumanArm_v2/build/robot_description': CMAKE_PREFIX_PATH=${CMAKE_PREFIX_PATH}:/opt/ros/humble:/home/ctg/dev_ws/install/learning_urdf:/home/ctg/dev_ws/install/learning_topic:/home/ctg/dev_ws/install/learning_tf:/home/ctg/dev_ws/install/learning_service:/home/ctg/dev_ws/install/learning_qos:/home/ctg/dev_ws/install/learning_pkg_python:/home/ctg/dev_ws/install/learning_parameter:/home/ctg/dev_ws/install/learning_node:/home/ctg/dev_ws/install/learning_launch:/home/ctg/dev_ws/install/learning_action:/home/ctg/dev_ws/install/learning_gazebo_fortress:/home/ctg/dev_ws/install/learning_gazebo:/home/ctg/dev_ws/install/learning_cv /usr/bin/cmake --install /home/ctg/jaka_HumanArm_v2/build/robot_description
[2.831s] -- Install configuration: ""
[2.832s] -- Installing: /home/ctg/jaka_HumanArm_v2/install/robot_description/share/robot_description//meshes
[2.832s] -- Installing: /home/ctg/jaka_HumanArm_v2/install/robot_description/share/robot_description//meshes/base_link.STL
[2.832s] -- Installing: /home/ctg/jaka_HumanArm_v2/install/robot_description/share/robot_description//meshes/r5.STL
[2.834s] -- Installing: /home/ctg/jaka_HumanArm_v2/install/robot_description/share/robot_description//meshes/r2.STL
[2.835s] -- Installing: /home/ctg/jaka_HumanArm_v2/install/robot_description/share/robot_description//meshes/r4.STL
[2.836s] -- Installing: /home/ctg/jaka_HumanArm_v2/install/robot_description/share/robot_description//meshes/rt.STL
[2.836s] -- Installing: /home/ctg/jaka_HumanArm_v2/install/robot_description/share/robot_description//meshes/r1.STL
[2.837s] -- Installing: /home/ctg/jaka_HumanArm_v2/install/robot_description/share/robot_description//meshes/r3.STL
[2.838s] -- Installing: /home/ctg/jaka_HumanArm_v2/install/robot_description/share/robot_description//meshes/r6.STL
[2.840s] -- Installing: /home/ctg/jaka_HumanArm_v2/install/robot_description/share/robot_description//urdf
[2.841s] -- Installing: /home/ctg/jaka_HumanArm_v2/install/robot_description/share/robot_description//urdf/urdf.urdf
[2.841s] -- Installing: /home/ctg/jaka_HumanArm_v2/install/robot_description/share/robot_description//urdf/urdf.csv
[2.841s] -- Installing: /home/ctg/jaka_HumanArm_v2/install/robot_description/share/robot_description//launch
[2.842s] -- Installing: /home/ctg/jaka_HumanArm_v2/install/robot_description/share/robot_description//launch/display.launch.py
[2.842s] -- Installing: /home/ctg/jaka_HumanArm_v2/install/robot_description/share/robot_description//rviz
[2.842s] -- Installing: /home/ctg/jaka_HumanArm_v2/install/robot_description/share/robot_description//rviz/urdf.rviz
[2.842s] -- Installing: /home/ctg/jaka_HumanArm_v2/install/robot_description/share/ament_index/resource_index/package_run_dependencies/robot_description
[2.844s] -- Installing: /home/ctg/jaka_HumanArm_v2/install/robot_description/share/ament_index/resource_index/parent_prefix_path/robot_description
[2.844s] -- Installing: /home/ctg/jaka_HumanArm_v2/install/robot_description/share/robot_description/environment/ament_prefix_path.sh
[2.844s] -- Installing: /home/ctg/jaka_HumanArm_v2/install/robot_description/share/robot_description/environment/ament_prefix_path.dsv
[2.846s] -- Installing: /home/ctg/jaka_HumanArm_v2/install/robot_description/share/robot_description/environment/path.sh
[2.846s] -- Installing: /home/ctg/jaka_HumanArm_v2/install/robot_description/share/robot_description/environment/path.dsv
[2.846s] -- Installing: /home/ctg/jaka_HumanArm_v2/install/robot_description/share/robot_description/local_setup.bash
[2.847s] -- Installing: /home/ctg/jaka_HumanArm_v2/install/robot_description/share/robot_description/local_setup.sh
[2.847s] -- Installing: /home/ctg/jaka_HumanArm_v2/install/robot_description/share/robot_description/local_setup.zsh
[2.847s] -- Installing: /home/ctg/jaka_HumanArm_v2/install/robot_description/share/robot_description/local_setup.dsv
[2.848s] -- Installing: /home/ctg/jaka_HumanArm_v2/install/robot_description/share/robot_description/package.dsv
[2.848s] -- Installing: /home/ctg/jaka_HumanArm_v2/install/robot_description/share/ament_index/resource_index/packages/robot_description
[2.848s] -- Installing: /home/ctg/jaka_HumanArm_v2/install/robot_description/share/robot_description/cmake/robot_descriptionConfig.cmake
[2.848s] -- Installing: /home/ctg/jaka_HumanArm_v2/install/robot_description/share/robot_description/cmake/robot_descriptionConfig-version.cmake
[2.848s] -- Installing: /home/ctg/jaka_HumanArm_v2/install/robot_description/share/robot_description/package.xml
[2.851s] Invoked command in '/home/ctg/jaka_HumanArm_v2/build/robot_description' returned '0': CMAKE_PREFIX_PATH=${CMAKE_PREFIX_PATH}:/opt/ros/humble:/home/ctg/dev_ws/install/learning_urdf:/home/ctg/dev_ws/install/learning_topic:/home/ctg/dev_ws/install/learning_tf:/home/ctg/dev_ws/install/learning_service:/home/ctg/dev_ws/install/learning_qos:/home/ctg/dev_ws/install/learning_pkg_python:/home/ctg/dev_ws/install/learning_parameter:/home/ctg/dev_ws/install/learning_node:/home/ctg/dev_ws/install/learning_launch:/home/ctg/dev_ws/install/learning_action:/home/ctg/dev_ws/install/learning_gazebo_fortress:/home/ctg/dev_ws/install/learning_gazebo:/home/ctg/dev_ws/install/learning_cv /usr/bin/cmake --install /home/ctg/jaka_HumanArm_v2/build/robot_description
