[0.046s] Invoking command in '/home/ctg/jaka_HumanArm_v2/build/robot_control': AMENT_PREFIX_PATH=/home/ctg/jaka_HumanArm_v2/install/arm_hand_interface:${AMENT_PREFIX_PATH} CMAKE_PREFIX_PATH=/home/ctg/jaka_HumanArm_v2/install/arm_hand_interface:/home/ctg/dev_ws/install/pkg01_helloworld_cpp:/home/ctg/dev_ws/install/learning_topic_cpp:/home/ctg/dev_ws/install/learning_tf_cpp:/home/ctg/dev_ws/install/learning_service_cpp:/home/ctg/dev_ws/install/learning_pkg_c:/home/ctg/dev_ws/install/learning_parameter_cpp:/home/ctg/dev_ws/install/learning_node_cpp:/home/ctg/dev_ws/install/learning_action_cpp:/home/ctg/dev_ws/install/learning_interface:/opt/ros/humble:/home/ctg/dev_ws/install/learning_urdf:/home/ctg/dev_ws/install/learning_topic:/home/ctg/dev_ws/install/learning_tf:/home/ctg/dev_ws/install/learning_service:/home/ctg/dev_ws/install/learning_qos:/home/ctg/dev_ws/install/learning_pkg_python:/home/ctg/dev_ws/install/learning_parameter:/home/ctg/dev_ws/install/learning_node:/home/ctg/dev_ws/install/learning_launch:/home/ctg/dev_ws/install/learning_action:/home/ctg/dev_ws/install/learning_gazebo_fortress:/home/ctg/dev_ws/install/learning_gazebo:/home/ctg/dev_ws/install/learning_cv LD_LIBRARY_PATH=/home/ctg/jaka_HumanArm_v2/install/arm_hand_interface/lib:${LD_LIBRARY_PATH} PYTHONPATH=/home/ctg/jaka_HumanArm_v2/install/arm_hand_interface/local/lib/python3.10/dist-packages:${PYTHONPATH} /usr/bin/cmake --build /home/ctg/jaka_HumanArm_v2/build/robot_control -- -j32 -l32
[0.203s] [35m[1mConsolidate compiler generated dependencies of target robot_control[0m
[0.302s] [ 33%] [32mBuilding CXX object CMakeFiles/robot_control.dir/src/robot_control.cpp.o[0m
[29.738s] [01m[K/home/ctg/jaka_HumanArm_v2/src/robot_control/src/robot_control.cpp:[m[K In member function ‘[01m[Krclcpp_action::GoalResponse robot_control::handle_goal_hand(const GoalUUID&, std::shared_ptr<const arm_hand_interface::action::DexterousHand_Goal_<std::allocator<void> > >)[m[K’:
[29.739s] [01m[K/home/ctg/jaka_HumanArm_v2/src/robot_control/src/robot_control.cpp:598:142:[m[K [01;35m[Kwarning: [m[Kunused parameter ‘[01m[Kgoal[m[K’ [[01;35m[K]8;;https://gcc.gnu.org/onlinedocs/gcc/Warning-Options.html#index-Wunused-parameter-Wunused-parameter]8;;[m[K]
[29.739s]   598 | _goal_hand(const rclcpp_action::GoalUUID &uuid, [01;35m[Kstd::shared_ptr<const DexterousHand::Goal> goal[m[K)
[29.739s]       |                                                 [01;35m[K~~~~~~~~~~~~~~~~~~~~~~~~~~~~~~~~~~~~~~~~~~~^~~~[m[K
[29.739s] 
[29.740s] [01m[K/home/ctg/jaka_HumanArm_v2/src/robot_control/src/robot_control.cpp:[m[K In member function ‘[01m[Krclcpp_action::CancelResponse robot_control::handle_cancel_hand(std::shared_ptr<rclcpp_action::ServerGoalHandle<arm_hand_interface::action::DexterousHand> >)[m[K’:
[29.740s] [01m[K/home/ctg/jaka_HumanArm_v2/src/robot_control/src/robot_control.cpp:607:113:[m[K [01;35m[Kwarning: [m[Kunused parameter ‘[01m[Kgoal_handle[m[K’ [[01;35m[K]8;;https://gcc.gnu.org/onlinedocs/gcc/Warning-Options.html#index-Wunused-parameter-Wunused-parameter]8;;[m[K]
[29.740s]   607 | se robot_control ::handle_cancel_hand([01;35m[Kconst std::shared_ptr<GoalHandleDexterousHand> goal_handle[m[K)
[29.740s]       |                                       [01;35m[K~~~~~~~~~~~~~~~~~~~~~~~~~~~~~~~~~~~~~~~~~~~~~~~^~~~~~~~~~~[m[K
[29.741s] 
[63.845s] [ 66%] [32m[1mLinking CXX executable robot_control[0m
[67.520s] [100%] Built target robot_control
[67.561s] Invoked command in '/home/ctg/jaka_HumanArm_v2/build/robot_control' returned '0': AMENT_PREFIX_PATH=/home/ctg/jaka_HumanArm_v2/install/arm_hand_interface:${AMENT_PREFIX_PATH} CMAKE_PREFIX_PATH=/home/ctg/jaka_HumanArm_v2/install/arm_hand_interface:/home/ctg/dev_ws/install/pkg01_helloworld_cpp:/home/ctg/dev_ws/install/learning_topic_cpp:/home/ctg/dev_ws/install/learning_tf_cpp:/home/ctg/dev_ws/install/learning_service_cpp:/home/ctg/dev_ws/install/learning_pkg_c:/home/ctg/dev_ws/install/learning_parameter_cpp:/home/ctg/dev_ws/install/learning_node_cpp:/home/ctg/dev_ws/install/learning_action_cpp:/home/ctg/dev_ws/install/learning_interface:/opt/ros/humble:/home/ctg/dev_ws/install/learning_urdf:/home/ctg/dev_ws/install/learning_topic:/home/ctg/dev_ws/install/learning_tf:/home/ctg/dev_ws/install/learning_service:/home/ctg/dev_ws/install/learning_qos:/home/ctg/dev_ws/install/learning_pkg_python:/home/ctg/dev_ws/install/learning_parameter:/home/ctg/dev_ws/install/learning_node:/home/ctg/dev_ws/install/learning_launch:/home/ctg/dev_ws/install/learning_action:/home/ctg/dev_ws/install/learning_gazebo_fortress:/home/ctg/dev_ws/install/learning_gazebo:/home/ctg/dev_ws/install/learning_cv LD_LIBRARY_PATH=/home/ctg/jaka_HumanArm_v2/install/arm_hand_interface/lib:${LD_LIBRARY_PATH} PYTHONPATH=/home/ctg/jaka_HumanArm_v2/install/arm_hand_interface/local/lib/python3.10/dist-packages:${PYTHONPATH} /usr/bin/cmake --build /home/ctg/jaka_HumanArm_v2/build/robot_control -- -j32 -l32
[67.729s] Invoking command in '/home/ctg/jaka_HumanArm_v2/build/robot_control': AMENT_PREFIX_PATH=/home/ctg/jaka_HumanArm_v2/install/arm_hand_interface:${AMENT_PREFIX_PATH} CMAKE_PREFIX_PATH=/home/ctg/jaka_HumanArm_v2/install/arm_hand_interface:/home/ctg/dev_ws/install/pkg01_helloworld_cpp:/home/ctg/dev_ws/install/learning_topic_cpp:/home/ctg/dev_ws/install/learning_tf_cpp:/home/ctg/dev_ws/install/learning_service_cpp:/home/ctg/dev_ws/install/learning_pkg_c:/home/ctg/dev_ws/install/learning_parameter_cpp:/home/ctg/dev_ws/install/learning_node_cpp:/home/ctg/dev_ws/install/learning_action_cpp:/home/ctg/dev_ws/install/learning_interface:/opt/ros/humble:/home/ctg/dev_ws/install/learning_urdf:/home/ctg/dev_ws/install/learning_topic:/home/ctg/dev_ws/install/learning_tf:/home/ctg/dev_ws/install/learning_service:/home/ctg/dev_ws/install/learning_qos:/home/ctg/dev_ws/install/learning_pkg_python:/home/ctg/dev_ws/install/learning_parameter:/home/ctg/dev_ws/install/learning_node:/home/ctg/dev_ws/install/learning_launch:/home/ctg/dev_ws/install/learning_action:/home/ctg/dev_ws/install/learning_gazebo_fortress:/home/ctg/dev_ws/install/learning_gazebo:/home/ctg/dev_ws/install/learning_cv LD_LIBRARY_PATH=/home/ctg/jaka_HumanArm_v2/install/arm_hand_interface/lib:${LD_LIBRARY_PATH} PYTHONPATH=/home/ctg/jaka_HumanArm_v2/install/arm_hand_interface/local/lib/python3.10/dist-packages:${PYTHONPATH} /usr/bin/cmake --install /home/ctg/jaka_HumanArm_v2/build/robot_control
[67.743s] -- Install configuration: "Debug"
[67.743s] -- Installing: /home/ctg/jaka_HumanArm_v2/install/robot_control/lib/robot_control/robot_control
[67.823s] -- Set runtime path of "/home/ctg/jaka_HumanArm_v2/install/robot_control/lib/robot_control/robot_control" to ""
[67.824s] -- Up-to-date: /home/ctg/jaka_HumanArm_v2/install/robot_control/share/robot_control/launch
[67.824s] -- Up-to-date: /home/ctg/jaka_HumanArm_v2/install/robot_control/share/robot_control/launch/robot_control.launch.py
[67.824s] -- Up-to-date: /home/ctg/jaka_HumanArm_v2/install/robot_control/share/ament_index/resource_index/package_run_dependencies/robot_control
[67.824s] -- Up-to-date: /home/ctg/jaka_HumanArm_v2/install/robot_control/share/ament_index/resource_index/parent_prefix_path/robot_control
[67.824s] -- Up-to-date: /home/ctg/jaka_HumanArm_v2/install/robot_control/share/robot_control/environment/ament_prefix_path.sh
[67.824s] -- Up-to-date: /home/ctg/jaka_HumanArm_v2/install/robot_control/share/robot_control/environment/ament_prefix_path.dsv
[67.824s] -- Up-to-date: /home/ctg/jaka_HumanArm_v2/install/robot_control/share/robot_control/environment/path.sh
[67.824s] -- Up-to-date: /home/ctg/jaka_HumanArm_v2/install/robot_control/share/robot_control/environment/path.dsv
[67.824s] -- Up-to-date: /home/ctg/jaka_HumanArm_v2/install/robot_control/share/robot_control/local_setup.bash
[67.824s] -- Up-to-date: /home/ctg/jaka_HumanArm_v2/install/robot_control/share/robot_control/local_setup.sh
[67.824s] -- Up-to-date: /home/ctg/jaka_HumanArm_v2/install/robot_control/share/robot_control/local_setup.zsh
[67.824s] -- Up-to-date: /home/ctg/jaka_HumanArm_v2/install/robot_control/share/robot_control/local_setup.dsv
[67.824s] -- Installing: /home/ctg/jaka_HumanArm_v2/install/robot_control/share/robot_control/package.dsv
[67.826s] -- Up-to-date: /home/ctg/jaka_HumanArm_v2/install/robot_control/share/ament_index/resource_index/packages/robot_control
[67.826s] -- Up-to-date: /home/ctg/jaka_HumanArm_v2/install/robot_control/share/robot_control/cmake/ament_cmake_export_dependencies-extras.cmake
[67.826s] -- Up-to-date: /home/ctg/jaka_HumanArm_v2/install/robot_control/share/robot_control/cmake/ament_cmake_export_include_directories-extras.cmake
[67.826s] -- Up-to-date: /home/ctg/jaka_HumanArm_v2/install/robot_control/share/robot_control/cmake/robot_controlConfig.cmake
[67.826s] -- Up-to-date: /home/ctg/jaka_HumanArm_v2/install/robot_control/share/robot_control/cmake/robot_controlConfig-version.cmake
[67.827s] -- Up-to-date: /home/ctg/jaka_HumanArm_v2/install/robot_control/share/robot_control/package.xml
[67.831s] Invoked command in '/home/ctg/jaka_HumanArm_v2/build/robot_control' returned '0': AMENT_PREFIX_PATH=/home/ctg/jaka_HumanArm_v2/install/arm_hand_interface:${AMENT_PREFIX_PATH} CMAKE_PREFIX_PATH=/home/ctg/jaka_HumanArm_v2/install/arm_hand_interface:/home/ctg/dev_ws/install/pkg01_helloworld_cpp:/home/ctg/dev_ws/install/learning_topic_cpp:/home/ctg/dev_ws/install/learning_tf_cpp:/home/ctg/dev_ws/install/learning_service_cpp:/home/ctg/dev_ws/install/learning_pkg_c:/home/ctg/dev_ws/install/learning_parameter_cpp:/home/ctg/dev_ws/install/learning_node_cpp:/home/ctg/dev_ws/install/learning_action_cpp:/home/ctg/dev_ws/install/learning_interface:/opt/ros/humble:/home/ctg/dev_ws/install/learning_urdf:/home/ctg/dev_ws/install/learning_topic:/home/ctg/dev_ws/install/learning_tf:/home/ctg/dev_ws/install/learning_service:/home/ctg/dev_ws/install/learning_qos:/home/ctg/dev_ws/install/learning_pkg_python:/home/ctg/dev_ws/install/learning_parameter:/home/ctg/dev_ws/install/learning_node:/home/ctg/dev_ws/install/learning_launch:/home/ctg/dev_ws/install/learning_action:/home/ctg/dev_ws/install/learning_gazebo_fortress:/home/ctg/dev_ws/install/learning_gazebo:/home/ctg/dev_ws/install/learning_cv LD_LIBRARY_PATH=/home/ctg/jaka_HumanArm_v2/install/arm_hand_interface/lib:${LD_LIBRARY_PATH} PYTHONPATH=/home/ctg/jaka_HumanArm_v2/install/arm_hand_interface/local/lib/python3.10/dist-packages:${PYTHONPATH} /usr/bin/cmake --install /home/ctg/jaka_HumanArm_v2/build/robot_control
