[0.104s] Invoking command in '/home/ctg/jaka_HumanArm_v2/build/arm_hand_interface': CMAKE_PREFIX_PATH=${CMAKE_PREFIX_PATH}:/opt/ros/humble:/home/ctg/dev_ws/install/learning_urdf:/home/ctg/dev_ws/install/learning_topic:/home/ctg/dev_ws/install/learning_tf:/home/ctg/dev_ws/install/learning_service:/home/ctg/dev_ws/install/learning_qos:/home/ctg/dev_ws/install/learning_pkg_python:/home/ctg/dev_ws/install/learning_parameter:/home/ctg/dev_ws/install/learning_node:/home/ctg/dev_ws/install/learning_launch:/home/ctg/dev_ws/install/learning_action:/home/ctg/dev_ws/install/learning_gazebo_fortress:/home/ctg/dev_ws/install/learning_gazebo:/home/ctg/dev_ws/install/learning_cv /usr/bin/cmake --build /home/ctg/jaka_HumanArm_v2/build/arm_hand_interface -- -j32 -l32
[0.299s] [  2%] Built target arm_hand_interface__cpp
[0.308s] [ 12%] Built target arm_hand_interface__rosidl_generator_c
[0.335s] [ 12%] Built target ament_cmake_python_copy_arm_hand_interface
[0.372s] [ 23%] Built target arm_hand_interface__rosidl_typesupport_cpp
[0.386s] [ 34%] Built target arm_hand_interface__rosidl_typesupport_c
[0.393s] [ 44%] Built target arm_hand_interface__rosidl_typesupport_introspection_cpp
[0.394s] [ 55%] Built target arm_hand_interface__rosidl_typesupport_fastrtps_cpp
[0.404s] [ 65%] Built target arm_hand_interface__rosidl_typesupport_fastrtps_c
[0.404s] [ 76%] Built target arm_hand_interface__rosidl_typesupport_introspection_c
[0.466s] [ 76%] Built target arm_hand_interface
[0.550s] [ 78%] Built target arm_hand_interface__py
[0.630s] [ 87%] Built target arm_hand_interface__rosidl_generator_py
[0.695s] [ 91%] Built target arm_hand_interface__rosidl_typesupport_introspection_c__pyext
[0.696s] [ 95%] Built target arm_hand_interface__rosidl_typesupport_fastrtps_c__pyext
[0.702s] [100%] Built target arm_hand_interface__rosidl_typesupport_c__pyext
[1.145s] running egg_info
[1.147s] writing arm_hand_interface.egg-info/PKG-INFO
[1.147s] writing dependency_links to arm_hand_interface.egg-info/dependency_links.txt
[1.147s] writing top-level names to arm_hand_interface.egg-info/top_level.txt
[1.154s] reading manifest file 'arm_hand_interface.egg-info/SOURCES.txt'
[1.156s] writing manifest file 'arm_hand_interface.egg-info/SOURCES.txt'
[1.224s] [100%] Built target ament_cmake_python_build_arm_hand_interface_egg
[1.263s] Invoked command in '/home/ctg/jaka_HumanArm_v2/build/arm_hand_interface' returned '0': CMAKE_PREFIX_PATH=${CMAKE_PREFIX_PATH}:/opt/ros/humble:/home/ctg/dev_ws/install/learning_urdf:/home/ctg/dev_ws/install/learning_topic:/home/ctg/dev_ws/install/learning_tf:/home/ctg/dev_ws/install/learning_service:/home/ctg/dev_ws/install/learning_qos:/home/ctg/dev_ws/install/learning_pkg_python:/home/ctg/dev_ws/install/learning_parameter:/home/ctg/dev_ws/install/learning_node:/home/ctg/dev_ws/install/learning_launch:/home/ctg/dev_ws/install/learning_action:/home/ctg/dev_ws/install/learning_gazebo_fortress:/home/ctg/dev_ws/install/learning_gazebo:/home/ctg/dev_ws/install/learning_cv /usr/bin/cmake --build /home/ctg/jaka_HumanArm_v2/build/arm_hand_interface -- -j32 -l32
[1.983s] Invoking command in '/home/ctg/jaka_HumanArm_v2/build/arm_hand_interface': CMAKE_PREFIX_PATH=${CMAKE_PREFIX_PATH}:/opt/ros/humble:/home/ctg/dev_ws/install/learning_urdf:/home/ctg/dev_ws/install/learning_topic:/home/ctg/dev_ws/install/learning_tf:/home/ctg/dev_ws/install/learning_service:/home/ctg/dev_ws/install/learning_qos:/home/ctg/dev_ws/install/learning_pkg_python:/home/ctg/dev_ws/install/learning_parameter:/home/ctg/dev_ws/install/learning_node:/home/ctg/dev_ws/install/learning_launch:/home/ctg/dev_ws/install/learning_action:/home/ctg/dev_ws/install/learning_gazebo_fortress:/home/ctg/dev_ws/install/learning_gazebo:/home/ctg/dev_ws/install/learning_cv /usr/bin/cmake --install /home/ctg/jaka_HumanArm_v2/build/arm_hand_interface
[2.023s] -- Install configuration: "Release"
[2.024s] -- Up-to-date: /home/ctg/jaka_HumanArm_v2/install/arm_hand_interface/share/ament_index/resource_index/rosidl_interfaces/arm_hand_interface
[2.025s] -- Up-to-date: /home/ctg/jaka_HumanArm_v2/install/arm_hand_interface/include/arm_hand_interface/arm_hand_interface
[2.025s] -- Up-to-date: /home/ctg/jaka_HumanArm_v2/install/arm_hand_interface/include/arm_hand_interface/arm_hand_interface/msg
[2.025s] -- Up-to-date: /home/ctg/jaka_HumanArm_v2/install/arm_hand_interface/include/arm_hand_interface/arm_hand_interface/msg/rosidl_generator_c__visibility_control.h
[2.025s] -- Up-to-date: /home/ctg/jaka_HumanArm_v2/install/arm_hand_interface/include/arm_hand_interface/arm_hand_interface/msg/arm_status.h
[2.026s] -- Up-to-date: /home/ctg/jaka_HumanArm_v2/install/arm_hand_interface/include/arm_hand_interface/arm_hand_interface/msg/detail
[2.026s] -- Up-to-date: /home/ctg/jaka_HumanArm_v2/install/arm_hand_interface/include/arm_hand_interface/arm_hand_interface/msg/detail/arm_status__functions.c
[2.026s] -- Up-to-date: /home/ctg/jaka_HumanArm_v2/install/arm_hand_interface/include/arm_hand_interface/arm_hand_interface/msg/detail/arm_status__type_support.h
[2.026s] -- Up-to-date: /home/ctg/jaka_HumanArm_v2/install/arm_hand_interface/include/arm_hand_interface/arm_hand_interface/msg/detail/arm_status__functions.h
[2.026s] -- Up-to-date: /home/ctg/jaka_HumanArm_v2/install/arm_hand_interface/include/arm_hand_interface/arm_hand_interface/msg/detail/arm_status__struct.h
[2.026s] -- Up-to-date: /home/ctg/jaka_HumanArm_v2/install/arm_hand_interface/include/arm_hand_interface/arm_hand_interface/action
[2.027s] -- Up-to-date: /home/ctg/jaka_HumanArm_v2/install/arm_hand_interface/include/arm_hand_interface/arm_hand_interface/action/arm_vision_planning.h
[2.027s] -- Up-to-date: /home/ctg/jaka_HumanArm_v2/install/arm_hand_interface/include/arm_hand_interface/arm_hand_interface/action/detail
[2.027s] -- Up-to-date: /home/ctg/jaka_HumanArm_v2/install/arm_hand_interface/include/arm_hand_interface/arm_hand_interface/action/detail/arm_vision_planning__functions.h
[2.027s] -- Up-to-date: /home/ctg/jaka_HumanArm_v2/install/arm_hand_interface/include/arm_hand_interface/arm_hand_interface/action/detail/arm_vision_planning__struct.h
[2.027s] -- Up-to-date: /home/ctg/jaka_HumanArm_v2/install/arm_hand_interface/include/arm_hand_interface/arm_hand_interface/action/detail/dexterous_hand__type_support.h
[2.027s] -- Up-to-date: /home/ctg/jaka_HumanArm_v2/install/arm_hand_interface/include/arm_hand_interface/arm_hand_interface/action/detail/dexterous_hand__functions.c
[2.028s] -- Up-to-date: /home/ctg/jaka_HumanArm_v2/install/arm_hand_interface/include/arm_hand_interface/arm_hand_interface/action/detail/dexterous_hand__functions.h
[2.028s] -- Up-to-date: /home/ctg/jaka_HumanArm_v2/install/arm_hand_interface/include/arm_hand_interface/arm_hand_interface/action/detail/dexterous_hand__struct.h
[2.028s] -- Up-to-date: /home/ctg/jaka_HumanArm_v2/install/arm_hand_interface/include/arm_hand_interface/arm_hand_interface/action/detail/arm_vision_planning__type_support.h
[2.028s] -- Up-to-date: /home/ctg/jaka_HumanArm_v2/install/arm_hand_interface/include/arm_hand_interface/arm_hand_interface/action/detail/arm_vision_planning__functions.c
[2.029s] -- Up-to-date: /home/ctg/jaka_HumanArm_v2/install/arm_hand_interface/include/arm_hand_interface/arm_hand_interface/action/dexterous_hand.h
[2.029s] -- Up-to-date: /home/ctg/jaka_HumanArm_v2/install/arm_hand_interface/share/arm_hand_interface/environment/library_path.sh
[2.029s] -- Up-to-date: /home/ctg/jaka_HumanArm_v2/install/arm_hand_interface/share/arm_hand_interface/environment/library_path.dsv
[2.029s] -- Up-to-date: /home/ctg/jaka_HumanArm_v2/install/arm_hand_interface/lib/libarm_hand_interface__rosidl_generator_c.so
[2.030s] -- Up-to-date: /home/ctg/jaka_HumanArm_v2/install/arm_hand_interface/include/arm_hand_interface/arm_hand_interface
[2.030s] -- Up-to-date: /home/ctg/jaka_HumanArm_v2/install/arm_hand_interface/include/arm_hand_interface/arm_hand_interface/msg
[2.030s] -- Up-to-date: /home/ctg/jaka_HumanArm_v2/install/arm_hand_interface/include/arm_hand_interface/arm_hand_interface/msg/rosidl_typesupport_fastrtps_c__visibility_control.h
[2.030s] -- Up-to-date: /home/ctg/jaka_HumanArm_v2/install/arm_hand_interface/include/arm_hand_interface/arm_hand_interface/msg/detail
[2.030s] -- Up-to-date: /home/ctg/jaka_HumanArm_v2/install/arm_hand_interface/include/arm_hand_interface/arm_hand_interface/msg/detail/arm_status__rosidl_typesupport_fastrtps_c.h
[2.031s] -- Up-to-date: /home/ctg/jaka_HumanArm_v2/install/arm_hand_interface/include/arm_hand_interface/arm_hand_interface/action
[2.031s] -- Up-to-date: /home/ctg/jaka_HumanArm_v2/install/arm_hand_interface/include/arm_hand_interface/arm_hand_interface/action/detail
[2.031s] -- Up-to-date: /home/ctg/jaka_HumanArm_v2/install/arm_hand_interface/include/arm_hand_interface/arm_hand_interface/action/detail/dexterous_hand__rosidl_typesupport_fastrtps_c.h
[2.032s] -- Up-to-date: /home/ctg/jaka_HumanArm_v2/install/arm_hand_interface/include/arm_hand_interface/arm_hand_interface/action/detail/arm_vision_planning__rosidl_typesupport_fastrtps_c.h
[2.032s] -- Up-to-date: /home/ctg/jaka_HumanArm_v2/install/arm_hand_interface/lib/libarm_hand_interface__rosidl_typesupport_fastrtps_c.so
[2.032s] -- Up-to-date: /home/ctg/jaka_HumanArm_v2/install/arm_hand_interface/include/arm_hand_interface/arm_hand_interface
[2.033s] -- Up-to-date: /home/ctg/jaka_HumanArm_v2/install/arm_hand_interface/include/arm_hand_interface/arm_hand_interface/msg
[2.033s] -- Up-to-date: /home/ctg/jaka_HumanArm_v2/install/arm_hand_interface/include/arm_hand_interface/arm_hand_interface/msg/detail
[2.034s] -- Up-to-date: /home/ctg/jaka_HumanArm_v2/install/arm_hand_interface/include/arm_hand_interface/arm_hand_interface/msg/detail/arm_status__traits.hpp
[2.035s] -- Up-to-date: /home/ctg/jaka_HumanArm_v2/install/arm_hand_interface/include/arm_hand_interface/arm_hand_interface/msg/detail/arm_status__struct.hpp
[2.035s] -- Up-to-date: /home/ctg/jaka_HumanArm_v2/install/arm_hand_interface/include/arm_hand_interface/arm_hand_interface/msg/detail/arm_status__builder.hpp
[2.035s] -- Up-to-date: /home/ctg/jaka_HumanArm_v2/install/arm_hand_interface/include/arm_hand_interface/arm_hand_interface/msg/arm_status.hpp
[2.035s] -- Up-to-date: /home/ctg/jaka_HumanArm_v2/install/arm_hand_interface/include/arm_hand_interface/arm_hand_interface/action
[2.035s] -- Up-to-date: /home/ctg/jaka_HumanArm_v2/install/arm_hand_interface/include/arm_hand_interface/arm_hand_interface/action/arm_vision_planning.hpp
[2.035s] -- Up-to-date: /home/ctg/jaka_HumanArm_v2/install/arm_hand_interface/include/arm_hand_interface/arm_hand_interface/action/detail
[2.036s] -- Up-to-date: /home/ctg/jaka_HumanArm_v2/install/arm_hand_interface/include/arm_hand_interface/arm_hand_interface/action/detail/dexterous_hand__traits.hpp
[2.036s] -- Up-to-date: /home/ctg/jaka_HumanArm_v2/install/arm_hand_interface/include/arm_hand_interface/arm_hand_interface/action/detail/arm_vision_planning__builder.hpp
[2.036s] -- Up-to-date: /home/ctg/jaka_HumanArm_v2/install/arm_hand_interface/include/arm_hand_interface/arm_hand_interface/action/detail/dexterous_hand__builder.hpp
[2.037s] -- Up-to-date: /home/ctg/jaka_HumanArm_v2/install/arm_hand_interface/include/arm_hand_interface/arm_hand_interface/action/detail/dexterous_hand__struct.hpp
[2.038s] -- Up-to-date: /home/ctg/jaka_HumanArm_v2/install/arm_hand_interface/include/arm_hand_interface/arm_hand_interface/action/detail/arm_vision_planning__struct.hpp
[2.038s] -- Up-to-date: /home/ctg/jaka_HumanArm_v2/install/arm_hand_interface/include/arm_hand_interface/arm_hand_interface/action/detail/arm_vision_planning__traits.hpp
[2.038s] -- Up-to-date: /home/ctg/jaka_HumanArm_v2/install/arm_hand_interface/include/arm_hand_interface/arm_hand_interface/action/dexterous_hand.hpp
[2.039s] -- Up-to-date: /home/ctg/jaka_HumanArm_v2/install/arm_hand_interface/include/arm_hand_interface/arm_hand_interface
[2.039s] -- Up-to-date: /home/ctg/jaka_HumanArm_v2/install/arm_hand_interface/include/arm_hand_interface/arm_hand_interface/msg
[2.039s] -- Up-to-date: /home/ctg/jaka_HumanArm_v2/install/arm_hand_interface/include/arm_hand_interface/arm_hand_interface/msg/detail
[2.039s] -- Up-to-date: /home/ctg/jaka_HumanArm_v2/install/arm_hand_interface/include/arm_hand_interface/arm_hand_interface/msg/detail/dds_fastrtps
[2.039s] -- Up-to-date: /home/ctg/jaka_HumanArm_v2/install/arm_hand_interface/include/arm_hand_interface/arm_hand_interface/msg/detail/arm_status__rosidl_typesupport_fastrtps_cpp.hpp
[2.039s] -- Up-to-date: /home/ctg/jaka_HumanArm_v2/install/arm_hand_interface/include/arm_hand_interface/arm_hand_interface/msg/rosidl_typesupport_fastrtps_cpp__visibility_control.h
[2.040s] -- Up-to-date: /home/ctg/jaka_HumanArm_v2/install/arm_hand_interface/include/arm_hand_interface/arm_hand_interface/action
[2.040s] -- Up-to-date: /home/ctg/jaka_HumanArm_v2/install/arm_hand_interface/include/arm_hand_interface/arm_hand_interface/action/detail
[2.040s] -- Up-to-date: /home/ctg/jaka_HumanArm_v2/install/arm_hand_interface/include/arm_hand_interface/arm_hand_interface/action/detail/dds_fastrtps
[2.041s] -- Up-to-date: /home/ctg/jaka_HumanArm_v2/install/arm_hand_interface/include/arm_hand_interface/arm_hand_interface/action/detail/arm_vision_planning__rosidl_typesupport_fastrtps_cpp.hpp
[2.041s] -- Up-to-date: /home/ctg/jaka_HumanArm_v2/install/arm_hand_interface/include/arm_hand_interface/arm_hand_interface/action/detail/dexterous_hand__rosidl_typesupport_fastrtps_cpp.hpp
[2.041s] -- Up-to-date: /home/ctg/jaka_HumanArm_v2/install/arm_hand_interface/lib/libarm_hand_interface__rosidl_typesupport_fastrtps_cpp.so
[2.041s] -- Up-to-date: /home/ctg/jaka_HumanArm_v2/install/arm_hand_interface/include/arm_hand_interface/arm_hand_interface
[2.041s] -- Up-to-date: /home/ctg/jaka_HumanArm_v2/install/arm_hand_interface/include/arm_hand_interface/arm_hand_interface/msg
[2.042s] -- Up-to-date: /home/ctg/jaka_HumanArm_v2/install/arm_hand_interface/include/arm_hand_interface/arm_hand_interface/msg/rosidl_typesupport_introspection_c__visibility_control.h
[2.042s] -- Up-to-date: /home/ctg/jaka_HumanArm_v2/install/arm_hand_interface/include/arm_hand_interface/arm_hand_interface/msg/detail
[2.042s] -- Up-to-date: /home/ctg/jaka_HumanArm_v2/install/arm_hand_interface/include/arm_hand_interface/arm_hand_interface/msg/detail/arm_status__rosidl_typesupport_introspection_c.h
[2.042s] -- Up-to-date: /home/ctg/jaka_HumanArm_v2/install/arm_hand_interface/include/arm_hand_interface/arm_hand_interface/msg/detail/arm_status__type_support.c
[2.042s] -- Up-to-date: /home/ctg/jaka_HumanArm_v2/install/arm_hand_interface/include/arm_hand_interface/arm_hand_interface/action
[2.043s] -- Up-to-date: /home/ctg/jaka_HumanArm_v2/install/arm_hand_interface/include/arm_hand_interface/arm_hand_interface/action/detail
[2.043s] -- Up-to-date: /home/ctg/jaka_HumanArm_v2/install/arm_hand_interface/include/arm_hand_interface/arm_hand_interface/action/detail/dexterous_hand__rosidl_typesupport_introspection_c.h
[2.043s] -- Up-to-date: /home/ctg/jaka_HumanArm_v2/install/arm_hand_interface/include/arm_hand_interface/arm_hand_interface/action/detail/arm_vision_planning__rosidl_typesupport_introspection_c.h
[2.043s] -- Up-to-date: /home/ctg/jaka_HumanArm_v2/install/arm_hand_interface/include/arm_hand_interface/arm_hand_interface/action/detail/dexterous_hand__type_support.c
[2.043s] -- Up-to-date: /home/ctg/jaka_HumanArm_v2/install/arm_hand_interface/include/arm_hand_interface/arm_hand_interface/action/detail/arm_vision_planning__type_support.c
[2.044s] -- Up-to-date: /home/ctg/jaka_HumanArm_v2/install/arm_hand_interface/lib/libarm_hand_interface__rosidl_typesupport_introspection_c.so
[2.044s] -- Up-to-date: /home/ctg/jaka_HumanArm_v2/install/arm_hand_interface/lib/libarm_hand_interface__rosidl_typesupport_c.so
[2.044s] -- Up-to-date: /home/ctg/jaka_HumanArm_v2/install/arm_hand_interface/include/arm_hand_interface/arm_hand_interface
[2.045s] -- Up-to-date: /home/ctg/jaka_HumanArm_v2/install/arm_hand_interface/include/arm_hand_interface/arm_hand_interface/msg
[2.045s] -- Up-to-date: /home/ctg/jaka_HumanArm_v2/install/arm_hand_interface/include/arm_hand_interface/arm_hand_interface/msg/detail
[2.045s] -- Up-to-date: /home/ctg/jaka_HumanArm_v2/install/arm_hand_interface/include/arm_hand_interface/arm_hand_interface/msg/detail/arm_status__type_support.cpp
[2.045s] -- Up-to-date: /home/ctg/jaka_HumanArm_v2/install/arm_hand_interface/include/arm_hand_interface/arm_hand_interface/msg/detail/arm_status__rosidl_typesupport_introspection_cpp.hpp
[2.046s] -- Up-to-date: /home/ctg/jaka_HumanArm_v2/install/arm_hand_interface/include/arm_hand_interface/arm_hand_interface/action
[2.046s] -- Up-to-date: /home/ctg/jaka_HumanArm_v2/install/arm_hand_interface/include/arm_hand_interface/arm_hand_interface/action/detail
[2.046s] -- Up-to-date: /home/ctg/jaka_HumanArm_v2/install/arm_hand_interface/include/arm_hand_interface/arm_hand_interface/action/detail/arm_vision_planning__rosidl_typesupport_introspection_cpp.hpp
[2.046s] -- Up-to-date: /home/ctg/jaka_HumanArm_v2/install/arm_hand_interface/include/arm_hand_interface/arm_hand_interface/action/detail/dexterous_hand__rosidl_typesupport_introspection_cpp.hpp
[2.047s] -- Up-to-date: /home/ctg/jaka_HumanArm_v2/install/arm_hand_interface/include/arm_hand_interface/arm_hand_interface/action/detail/arm_vision_planning__type_support.cpp
[2.047s] -- Up-to-date: /home/ctg/jaka_HumanArm_v2/install/arm_hand_interface/include/arm_hand_interface/arm_hand_interface/action/detail/dexterous_hand__type_support.cpp
[2.047s] -- Up-to-date: /home/ctg/jaka_HumanArm_v2/install/arm_hand_interface/lib/libarm_hand_interface__rosidl_typesupport_introspection_cpp.so
[2.047s] -- Up-to-date: /home/ctg/jaka_HumanArm_v2/install/arm_hand_interface/lib/libarm_hand_interface__rosidl_typesupport_cpp.so
[2.047s] -- Up-to-date: /home/ctg/jaka_HumanArm_v2/install/arm_hand_interface/share/arm_hand_interface/environment/pythonpath.sh
[2.048s] -- Up-to-date: /home/ctg/jaka_HumanArm_v2/install/arm_hand_interface/share/arm_hand_interface/environment/pythonpath.dsv
[2.048s] -- Up-to-date: /home/ctg/jaka_HumanArm_v2/install/arm_hand_interface/local/lib/python3.10/dist-packages/arm_hand_interface-0.0.0-py3.10.egg-info
[2.048s] -- Installing: /home/ctg/jaka_HumanArm_v2/install/arm_hand_interface/local/lib/python3.10/dist-packages/arm_hand_interface-0.0.0-py3.10.egg-info/top_level.txt
[2.049s] -- Installing: /home/ctg/jaka_HumanArm_v2/install/arm_hand_interface/local/lib/python3.10/dist-packages/arm_hand_interface-0.0.0-py3.10.egg-info/dependency_links.txt
[2.049s] -- Installing: /home/ctg/jaka_HumanArm_v2/install/arm_hand_interface/local/lib/python3.10/dist-packages/arm_hand_interface-0.0.0-py3.10.egg-info/PKG-INFO
[2.049s] -- Installing: /home/ctg/jaka_HumanArm_v2/install/arm_hand_interface/local/lib/python3.10/dist-packages/arm_hand_interface-0.0.0-py3.10.egg-info/SOURCES.txt
[2.049s] -- Up-to-date: /home/ctg/jaka_HumanArm_v2/install/arm_hand_interface/local/lib/python3.10/dist-packages/arm_hand_interface
[2.049s] -- Up-to-date: /home/ctg/jaka_HumanArm_v2/install/arm_hand_interface/local/lib/python3.10/dist-packages/arm_hand_interface/_arm_hand_interface_s.ep.rosidl_typesupport_c.c
[2.049s] -- Up-to-date: /home/ctg/jaka_HumanArm_v2/install/arm_hand_interface/local/lib/python3.10/dist-packages/arm_hand_interface/arm_hand_interface_s__rosidl_typesupport_introspection_c.cpython-310-x86_64-linux-gnu.so
[2.050s] -- Up-to-date: /home/ctg/jaka_HumanArm_v2/install/arm_hand_interface/local/lib/python3.10/dist-packages/arm_hand_interface/msg
[2.050s] -- Up-to-date: /home/ctg/jaka_HumanArm_v2/install/arm_hand_interface/local/lib/python3.10/dist-packages/arm_hand_interface/msg/_arm_status_s.c
[2.050s] -- Up-to-date: /home/ctg/jaka_HumanArm_v2/install/arm_hand_interface/local/lib/python3.10/dist-packages/arm_hand_interface/msg/_arm_status.py
[2.051s] -- Up-to-date: /home/ctg/jaka_HumanArm_v2/install/arm_hand_interface/local/lib/python3.10/dist-packages/arm_hand_interface/msg/__init__.py
[2.051s] -- Up-to-date: /home/ctg/jaka_HumanArm_v2/install/arm_hand_interface/local/lib/python3.10/dist-packages/arm_hand_interface/libarm_hand_interface__rosidl_generator_py.so
[2.051s] -- Up-to-date: /home/ctg/jaka_HumanArm_v2/install/arm_hand_interface/local/lib/python3.10/dist-packages/arm_hand_interface/action
[2.051s] -- Up-to-date: /home/ctg/jaka_HumanArm_v2/install/arm_hand_interface/local/lib/python3.10/dist-packages/arm_hand_interface/action/_arm_vision_planning_s.c
[2.051s] -- Up-to-date: /home/ctg/jaka_HumanArm_v2/install/arm_hand_interface/local/lib/python3.10/dist-packages/arm_hand_interface/action/_dexterous_hand_s.c
[2.051s] -- Up-to-date: /home/ctg/jaka_HumanArm_v2/install/arm_hand_interface/local/lib/python3.10/dist-packages/arm_hand_interface/action/_arm_vision_planning.py
[2.051s] -- Up-to-date: /home/ctg/jaka_HumanArm_v2/install/arm_hand_interface/local/lib/python3.10/dist-packages/arm_hand_interface/action/_dexterous_hand.py
[2.052s] -- Up-to-date: /home/ctg/jaka_HumanArm_v2/install/arm_hand_interface/local/lib/python3.10/dist-packages/arm_hand_interface/action/__init__.py
[2.052s] -- Up-to-date: /home/ctg/jaka_HumanArm_v2/install/arm_hand_interface/local/lib/python3.10/dist-packages/arm_hand_interface/_arm_hand_interface_s.ep.rosidl_typesupport_fastrtps_c.c
[2.052s] -- Up-to-date: /home/ctg/jaka_HumanArm_v2/install/arm_hand_interface/local/lib/python3.10/dist-packages/arm_hand_interface/__init__.py
[2.052s] -- Up-to-date: /home/ctg/jaka_HumanArm_v2/install/arm_hand_interface/local/lib/python3.10/dist-packages/arm_hand_interface/_arm_hand_interface_s.ep.rosidl_typesupport_introspection_c.c
[2.052s] -- Up-to-date: /home/ctg/jaka_HumanArm_v2/install/arm_hand_interface/local/lib/python3.10/dist-packages/arm_hand_interface/arm_hand_interface_s__rosidl_typesupport_c.cpython-310-x86_64-linux-gnu.so
[2.053s] -- Up-to-date: /home/ctg/jaka_HumanArm_v2/install/arm_hand_interface/local/lib/python3.10/dist-packages/arm_hand_interface/arm_hand_interface_s__rosidl_typesupport_fastrtps_c.cpython-310-x86_64-linux-gnu.so
[2.152s] Listing '/home/ctg/jaka_HumanArm_v2/install/arm_hand_interface/local/lib/python3.10/dist-packages/arm_hand_interface'...
[2.153s] Listing '/home/ctg/jaka_HumanArm_v2/install/arm_hand_interface/local/lib/python3.10/dist-packages/arm_hand_interface/action'...
[2.153s] Listing '/home/ctg/jaka_HumanArm_v2/install/arm_hand_interface/local/lib/python3.10/dist-packages/arm_hand_interface/msg'...
[2.162s] -- Up-to-date: /home/ctg/jaka_HumanArm_v2/install/arm_hand_interface/local/lib/python3.10/dist-packages/arm_hand_interface/arm_hand_interface_s__rosidl_typesupport_fastrtps_c.cpython-310-x86_64-linux-gnu.so
[2.164s] -- Up-to-date: /home/ctg/jaka_HumanArm_v2/install/arm_hand_interface/local/lib/python3.10/dist-packages/arm_hand_interface/arm_hand_interface_s__rosidl_typesupport_introspection_c.cpython-310-x86_64-linux-gnu.so
[2.165s] -- Up-to-date: /home/ctg/jaka_HumanArm_v2/install/arm_hand_interface/local/lib/python3.10/dist-packages/arm_hand_interface/arm_hand_interface_s__rosidl_typesupport_c.cpython-310-x86_64-linux-gnu.so
[2.166s] -- Up-to-date: /home/ctg/jaka_HumanArm_v2/install/arm_hand_interface/lib/libarm_hand_interface__rosidl_generator_py.so
[2.166s] -- Up-to-date: /home/ctg/jaka_HumanArm_v2/install/arm_hand_interface/share/arm_hand_interface/msg/ArmStatus.idl
[2.167s] -- Up-to-date: /home/ctg/jaka_HumanArm_v2/install/arm_hand_interface/share/arm_hand_interface/action/ArmVisionPlanning.idl
[2.167s] -- Up-to-date: /home/ctg/jaka_HumanArm_v2/install/arm_hand_interface/share/arm_hand_interface/action/DexterousHand.idl
[2.168s] -- Up-to-date: /home/ctg/jaka_HumanArm_v2/install/arm_hand_interface/share/arm_hand_interface/msg/ArmStatus.msg
[2.168s] -- Up-to-date: /home/ctg/jaka_HumanArm_v2/install/arm_hand_interface/share/arm_hand_interface/action/ArmVisionPlanning.action
[2.168s] -- Up-to-date: /home/ctg/jaka_HumanArm_v2/install/arm_hand_interface/share/arm_hand_interface/action/DexterousHand.action
[2.169s] -- Up-to-date: /home/ctg/jaka_HumanArm_v2/install/arm_hand_interface/share/ament_index/resource_index/package_run_dependencies/arm_hand_interface
[2.169s] -- Up-to-date: /home/ctg/jaka_HumanArm_v2/install/arm_hand_interface/share/ament_index/resource_index/parent_prefix_path/arm_hand_interface
[2.169s] -- Up-to-date: /home/ctg/jaka_HumanArm_v2/install/arm_hand_interface/share/arm_hand_interface/environment/ament_prefix_path.sh
[2.169s] -- Up-to-date: /home/ctg/jaka_HumanArm_v2/install/arm_hand_interface/share/arm_hand_interface/environment/ament_prefix_path.dsv
[2.170s] -- Up-to-date: /home/ctg/jaka_HumanArm_v2/install/arm_hand_interface/share/arm_hand_interface/environment/path.sh
[2.170s] -- Up-to-date: /home/ctg/jaka_HumanArm_v2/install/arm_hand_interface/share/arm_hand_interface/environment/path.dsv
[2.170s] -- Up-to-date: /home/ctg/jaka_HumanArm_v2/install/arm_hand_interface/share/arm_hand_interface/local_setup.bash
[2.170s] -- Up-to-date: /home/ctg/jaka_HumanArm_v2/install/arm_hand_interface/share/arm_hand_interface/local_setup.sh
[2.171s] -- Up-to-date: /home/ctg/jaka_HumanArm_v2/install/arm_hand_interface/share/arm_hand_interface/local_setup.zsh
[2.171s] -- Up-to-date: /home/ctg/jaka_HumanArm_v2/install/arm_hand_interface/share/arm_hand_interface/local_setup.dsv
[2.171s] -- Installing: /home/ctg/jaka_HumanArm_v2/install/arm_hand_interface/share/arm_hand_interface/package.dsv
[2.172s] -- Up-to-date: /home/ctg/jaka_HumanArm_v2/install/arm_hand_interface/share/ament_index/resource_index/packages/arm_hand_interface
[2.172s] -- Up-to-date: /home/ctg/jaka_HumanArm_v2/install/arm_hand_interface/share/arm_hand_interface/cmake/export_arm_hand_interface__rosidl_generator_cExport.cmake
[2.172s] -- Up-to-date: /home/ctg/jaka_HumanArm_v2/install/arm_hand_interface/share/arm_hand_interface/cmake/export_arm_hand_interface__rosidl_generator_cExport-release.cmake
[2.172s] -- Up-to-date: /home/ctg/jaka_HumanArm_v2/install/arm_hand_interface/share/arm_hand_interface/cmake/export_arm_hand_interface__rosidl_typesupport_fastrtps_cExport.cmake
[2.172s] -- Up-to-date: /home/ctg/jaka_HumanArm_v2/install/arm_hand_interface/share/arm_hand_interface/cmake/export_arm_hand_interface__rosidl_typesupport_fastrtps_cExport-release.cmake
[2.172s] -- Up-to-date: /home/ctg/jaka_HumanArm_v2/install/arm_hand_interface/share/arm_hand_interface/cmake/export_arm_hand_interface__rosidl_generator_cppExport.cmake
[2.173s] -- Up-to-date: /home/ctg/jaka_HumanArm_v2/install/arm_hand_interface/share/arm_hand_interface/cmake/export_arm_hand_interface__rosidl_typesupport_fastrtps_cppExport.cmake
[2.173s] -- Up-to-date: /home/ctg/jaka_HumanArm_v2/install/arm_hand_interface/share/arm_hand_interface/cmake/export_arm_hand_interface__rosidl_typesupport_fastrtps_cppExport-release.cmake
[2.173s] -- Up-to-date: /home/ctg/jaka_HumanArm_v2/install/arm_hand_interface/share/arm_hand_interface/cmake/arm_hand_interface__rosidl_typesupport_introspection_cExport.cmake
[2.174s] -- Up-to-date: /home/ctg/jaka_HumanArm_v2/install/arm_hand_interface/share/arm_hand_interface/cmake/arm_hand_interface__rosidl_typesupport_introspection_cExport-release.cmake
[2.174s] -- Up-to-date: /home/ctg/jaka_HumanArm_v2/install/arm_hand_interface/share/arm_hand_interface/cmake/arm_hand_interface__rosidl_typesupport_cExport.cmake
[2.174s] -- Up-to-date: /home/ctg/jaka_HumanArm_v2/install/arm_hand_interface/share/arm_hand_interface/cmake/arm_hand_interface__rosidl_typesupport_cExport-release.cmake
[2.174s] -- Up-to-date: /home/ctg/jaka_HumanArm_v2/install/arm_hand_interface/share/arm_hand_interface/cmake/arm_hand_interface__rosidl_typesupport_introspection_cppExport.cmake
[2.174s] -- Up-to-date: /home/ctg/jaka_HumanArm_v2/install/arm_hand_interface/share/arm_hand_interface/cmake/arm_hand_interface__rosidl_typesupport_introspection_cppExport-release.cmake
[2.175s] -- Up-to-date: /home/ctg/jaka_HumanArm_v2/install/arm_hand_interface/share/arm_hand_interface/cmake/arm_hand_interface__rosidl_typesupport_cppExport.cmake
[2.175s] -- Up-to-date: /home/ctg/jaka_HumanArm_v2/install/arm_hand_interface/share/arm_hand_interface/cmake/arm_hand_interface__rosidl_typesupport_cppExport-release.cmake
[2.176s] -- Up-to-date: /home/ctg/jaka_HumanArm_v2/install/arm_hand_interface/share/arm_hand_interface/cmake/export_arm_hand_interface__rosidl_generator_pyExport.cmake
[2.176s] -- Up-to-date: /home/ctg/jaka_HumanArm_v2/install/arm_hand_interface/share/arm_hand_interface/cmake/export_arm_hand_interface__rosidl_generator_pyExport-release.cmake
[2.176s] -- Up-to-date: /home/ctg/jaka_HumanArm_v2/install/arm_hand_interface/share/arm_hand_interface/cmake/rosidl_cmake-extras.cmake
[2.176s] -- Up-to-date: /home/ctg/jaka_HumanArm_v2/install/arm_hand_interface/share/arm_hand_interface/cmake/ament_cmake_export_dependencies-extras.cmake
[2.176s] -- Up-to-date: /home/ctg/jaka_HumanArm_v2/install/arm_hand_interface/share/arm_hand_interface/cmake/ament_cmake_export_include_directories-extras.cmake
[2.177s] -- Up-to-date: /home/ctg/jaka_HumanArm_v2/install/arm_hand_interface/share/arm_hand_interface/cmake/ament_cmake_export_libraries-extras.cmake
[2.177s] -- Up-to-date: /home/ctg/jaka_HumanArm_v2/install/arm_hand_interface/share/arm_hand_interface/cmake/ament_cmake_export_targets-extras.cmake
[2.177s] -- Up-to-date: /home/ctg/jaka_HumanArm_v2/install/arm_hand_interface/share/arm_hand_interface/cmake/rosidl_cmake_export_typesupport_targets-extras.cmake
[2.177s] -- Up-to-date: /home/ctg/jaka_HumanArm_v2/install/arm_hand_interface/share/arm_hand_interface/cmake/rosidl_cmake_export_typesupport_libraries-extras.cmake
[2.177s] -- Up-to-date: /home/ctg/jaka_HumanArm_v2/install/arm_hand_interface/share/arm_hand_interface/cmake/arm_hand_interfaceConfig.cmake
[2.177s] -- Up-to-date: /home/ctg/jaka_HumanArm_v2/install/arm_hand_interface/share/arm_hand_interface/cmake/arm_hand_interfaceConfig-version.cmake
[2.177s] -- Up-to-date: /home/ctg/jaka_HumanArm_v2/install/arm_hand_interface/share/arm_hand_interface/package.xml
[2.182s] Invoked command in '/home/ctg/jaka_HumanArm_v2/build/arm_hand_interface' returned '0': CMAKE_PREFIX_PATH=${CMAKE_PREFIX_PATH}:/opt/ros/humble:/home/ctg/dev_ws/install/learning_urdf:/home/ctg/dev_ws/install/learning_topic:/home/ctg/dev_ws/install/learning_tf:/home/ctg/dev_ws/install/learning_service:/home/ctg/dev_ws/install/learning_qos:/home/ctg/dev_ws/install/learning_pkg_python:/home/ctg/dev_ws/install/learning_parameter:/home/ctg/dev_ws/install/learning_node:/home/ctg/dev_ws/install/learning_launch:/home/ctg/dev_ws/install/learning_action:/home/ctg/dev_ws/install/learning_gazebo_fortress:/home/ctg/dev_ws/install/learning_gazebo:/home/ctg/dev_ws/install/learning_cv /usr/bin/cmake --install /home/ctg/jaka_HumanArm_v2/build/arm_hand_interface
