-- Install configuration: ""
-- Up-to-date: /home/ctg/jaka_HumanArm_v2/install/robot_description/share/robot_description//meshes
-- Installing: /home/ctg/jaka_HumanArm_v2/install/robot_description/share/robot_description//meshes/base_link.STL
-- Installing: /home/ctg/jaka_HumanArm_v2/install/robot_description/share/robot_description//meshes/r5.STL
-- Installing: /home/ctg/jaka_HumanArm_v2/install/robot_description/share/robot_description//meshes/R_middle_distal.STL
-- Installing: /home/ctg/jaka_HumanArm_v2/install/robot_description/share/robot_description//meshes/R_thumb_distal.STL
-- Installing: /home/ctg/jaka_HumanArm_v2/install/robot_description/share/robot_description//meshes/r2.STL
-- Installing: /home/ctg/jaka_HumanArm_v2/install/robot_description/share/robot_description//meshes/r4.STL
-- Installing: /home/ctg/jaka_HumanArm_v2/install/robot_description/share/robot_description//meshes/R_index_distal.STL
-- Installing: /home/ctg/jaka_HumanArm_v2/install/robot_description/share/robot_description//meshes/rt.STL
-- Installing: /home/ctg/jaka_HumanArm_v2/install/robot_description/share/robot_description//meshes/r1.STL
-- Installing: /home/ctg/jaka_HumanArm_v2/install/robot_description/share/robot_description//meshes/R_ring_distal.STL
-- Installing: /home/ctg/jaka_HumanArm_v2/install/robot_description/share/robot_description//meshes/R_thumb_proximal.STL
-- Installing: /home/ctg/jaka_HumanArm_v2/install/robot_description/share/robot_description//meshes/R_pinky_proximal.STL
-- Installing: /home/ctg/jaka_HumanArm_v2/install/robot_description/share/robot_description//meshes/R_hand_base_link.STL
-- Installing: /home/ctg/jaka_HumanArm_v2/install/robot_description/share/robot_description//meshes/R_index_proximal.STL
-- Installing: /home/ctg/jaka_HumanArm_v2/install/robot_description/share/robot_description//meshes/R_ring_proximal.STL
-- Installing: /home/ctg/jaka_HumanArm_v2/install/robot_description/share/robot_description//meshes/r3.STL
-- Installing: /home/ctg/jaka_HumanArm_v2/install/robot_description/share/robot_description//meshes/r6.STL
-- Installing: /home/ctg/jaka_HumanArm_v2/install/robot_description/share/robot_description//meshes/R_thumb_intermediate.STL
-- Installing: /home/ctg/jaka_HumanArm_v2/install/robot_description/share/robot_description//meshes/R_middle_proximal.STL
-- Installing: /home/ctg/jaka_HumanArm_v2/install/robot_description/share/robot_description//meshes/R_thumb_proximal_base.STL
-- Installing: /home/ctg/jaka_HumanArm_v2/install/robot_description/share/robot_description//meshes/R_pinky_distal.STL
-- Up-to-date: /home/ctg/jaka_HumanArm_v2/install/robot_description/share/robot_description//urdf
-- Installing: /home/ctg/jaka_HumanArm_v2/install/robot_description/share/robot_description//urdf/urdf.urdf
-- Installing: /home/ctg/jaka_HumanArm_v2/install/robot_description/share/robot_description//urdf/urdf.csv
-- Up-to-date: /home/ctg/jaka_HumanArm_v2/install/robot_description/share/robot_description//launch
-- Up-to-date: /home/ctg/jaka_HumanArm_v2/install/robot_description/share/robot_description//launch/display.launch.py
-- Up-to-date: /home/ctg/jaka_HumanArm_v2/install/robot_description/share/robot_description//rviz
-- Up-to-date: /home/ctg/jaka_HumanArm_v2/install/robot_description/share/robot_description//rviz/urdf.rviz
-- Up-to-date: /home/ctg/jaka_HumanArm_v2/install/robot_description/share/ament_index/resource_index/package_run_dependencies/robot_description
-- Up-to-date: /home/ctg/jaka_HumanArm_v2/install/robot_description/share/ament_index/resource_index/parent_prefix_path/robot_description
-- Up-to-date: /home/ctg/jaka_HumanArm_v2/install/robot_description/share/robot_description/environment/ament_prefix_path.sh
-- Up-to-date: /home/ctg/jaka_HumanArm_v2/install/robot_description/share/robot_description/environment/ament_prefix_path.dsv
-- Up-to-date: /home/ctg/jaka_HumanArm_v2/install/robot_description/share/robot_description/environment/path.sh
-- Up-to-date: /home/ctg/jaka_HumanArm_v2/install/robot_description/share/robot_description/environment/path.dsv
-- Up-to-date: /home/ctg/jaka_HumanArm_v2/install/robot_description/share/robot_description/local_setup.bash
-- Up-to-date: /home/ctg/jaka_HumanArm_v2/install/robot_description/share/robot_description/local_setup.sh
-- Up-to-date: /home/ctg/jaka_HumanArm_v2/install/robot_description/share/robot_description/local_setup.zsh
-- Up-to-date: /home/ctg/jaka_HumanArm_v2/install/robot_description/share/robot_description/local_setup.dsv
-- Up-to-date: /home/ctg/jaka_HumanArm_v2/install/robot_description/share/robot_description/package.dsv
-- Up-to-date: /home/ctg/jaka_HumanArm_v2/install/robot_description/share/ament_index/resource_index/packages/robot_description
-- Up-to-date: /home/ctg/jaka_HumanArm_v2/install/robot_description/share/robot_description/cmake/robot_descriptionConfig.cmake
-- Up-to-date: /home/ctg/jaka_HumanArm_v2/install/robot_description/share/robot_description/cmake/robot_descriptionConfig-version.cmake
-- Up-to-date: /home/ctg/jaka_HumanArm_v2/install/robot_description/share/robot_description/package.xml
