[  2%] [34m[1mGenerating C code for ROS interfaces[0m
[  4%] [34m[1mGenerating C++ code for ROS interfaces[0m
[  4%] Built target ament_cmake_python_copy_arm_hand_interface
running egg_info
creating arm_hand_interface.egg-info
writing arm_hand_interface.egg-info/PKG-INFO
writing dependency_links to arm_hand_interface.egg-info/dependency_links.txt
writing top-level names to arm_hand_interface.egg-info/top_level.txt
writing manifest file 'arm_hand_interface.egg-info/SOURCES.txt'
reading manifest file 'arm_hand_interface.egg-info/SOURCES.txt'
writing manifest file 'arm_hand_interface.egg-info/SOURCES.txt'
[  4%] Built target ament_cmake_python_build_arm_hand_interface_egg
[  4%] Built target arm_hand_interface__cpp
[  6%] [34m[1mGenerating C++ type support dispatch for ROS interfaces[0m
[  8%] [34m[1mGenerating C++ introspection for ROS interfaces[0m
[ 10%] [34m[1mGenerating C++ type support for eProsima Fast-RTPS[0m
[ 12%] [32mBuilding C object CMakeFiles/arm_hand_interface__rosidl_generator_c.dir/rosidl_generator_c/arm_hand_interface/action/detail/arm_vision_planning__functions.c.o[0m
[ 14%] [32mBuilding C object CMakeFiles/arm_hand_interface__rosidl_generator_c.dir/rosidl_generator_c/arm_hand_interface/action/detail/dexterous_hand__functions.c.o[0m
[ 17%] [32mBuilding C object CMakeFiles/arm_hand_interface__rosidl_generator_c.dir/rosidl_generator_c/arm_hand_interface/msg/detail/arm_status__functions.c.o[0m
[ 19%] [32m[1mLinking C shared library libarm_hand_interface__rosidl_generator_c.so[0m
[ 19%] Built target arm_hand_interface__rosidl_generator_c
[ 21%] [34m[1mGenerating C type support dispatch for ROS interfaces[0m
[ 25%] [34m[1mGenerating C introspection for ROS interfaces[0m
[ 25%] [34m[1mGenerating C type support for eProsima Fast-RTPS[0m
[ 27%] [32mBuilding CXX object CMakeFiles/arm_hand_interface__rosidl_typesupport_cpp.dir/rosidl_typesupport_cpp/arm_hand_interface/action/dexterous_hand__type_support.cpp.o[0m
[ 29%] [32mBuilding CXX object CMakeFiles/arm_hand_interface__rosidl_typesupport_cpp.dir/rosidl_typesupport_cpp/arm_hand_interface/action/arm_vision_planning__type_support.cpp.o[0m
[ 31%] [32mBuilding CXX object CMakeFiles/arm_hand_interface__rosidl_typesupport_cpp.dir/rosidl_typesupport_cpp/arm_hand_interface/msg/arm_status__type_support.cpp.o[0m
[ 34%] [32mBuilding CXX object CMakeFiles/arm_hand_interface__rosidl_typesupport_introspection_cpp.dir/rosidl_typesupport_introspection_cpp/arm_hand_interface/msg/detail/arm_status__type_support.cpp.o[0m
[ 38%] [32mBuilding CXX object CMakeFiles/arm_hand_interface__rosidl_typesupport_introspection_cpp.dir/rosidl_typesupport_introspection_cpp/arm_hand_interface/action/detail/dexterous_hand__type_support.cpp.o[0m
[ 38%] [32mBuilding CXX object CMakeFiles/arm_hand_interface__rosidl_typesupport_introspection_cpp.dir/rosidl_typesupport_introspection_cpp/arm_hand_interface/action/detail/arm_vision_planning__type_support.cpp.o[0m
[ 40%] [32mBuilding CXX object CMakeFiles/arm_hand_interface__rosidl_typesupport_fastrtps_cpp.dir/rosidl_typesupport_fastrtps_cpp/arm_hand_interface/action/detail/dds_fastrtps/dexterous_hand__type_support.cpp.o[0m
[ 44%] [32mBuilding CXX object CMakeFiles/arm_hand_interface__rosidl_typesupport_fastrtps_cpp.dir/rosidl_typesupport_fastrtps_cpp/arm_hand_interface/msg/detail/dds_fastrtps/arm_status__type_support.cpp.o[0m
[ 44%] [32mBuilding CXX object CMakeFiles/arm_hand_interface__rosidl_typesupport_fastrtps_cpp.dir/rosidl_typesupport_fastrtps_cpp/arm_hand_interface/action/detail/dds_fastrtps/arm_vision_planning__type_support.cpp.o[0m
[ 46%] [32mBuilding CXX object CMakeFiles/arm_hand_interface__rosidl_typesupport_c.dir/rosidl_typesupport_c/arm_hand_interface/msg/arm_status__type_support.cpp.o[0m
[ 48%] [32mBuilding CXX object CMakeFiles/arm_hand_interface__rosidl_typesupport_c.dir/rosidl_typesupport_c/arm_hand_interface/action/dexterous_hand__type_support.cpp.o[0m
[ 51%] [32mBuilding CXX object CMakeFiles/arm_hand_interface__rosidl_typesupport_c.dir/rosidl_typesupport_c/arm_hand_interface/action/arm_vision_planning__type_support.cpp.o[0m
[ 53%] [32mBuilding C object CMakeFiles/arm_hand_interface__rosidl_typesupport_introspection_c.dir/rosidl_typesupport_introspection_c/arm_hand_interface/action/detail/arm_vision_planning__type_support.c.o[0m
[ 55%] [32mBuilding C object CMakeFiles/arm_hand_interface__rosidl_typesupport_introspection_c.dir/rosidl_typesupport_introspection_c/arm_hand_interface/action/detail/dexterous_hand__type_support.c.o[0m
[ 57%] [32mBuilding C object CMakeFiles/arm_hand_interface__rosidl_typesupport_introspection_c.dir/rosidl_typesupport_introspection_c/arm_hand_interface/msg/detail/arm_status__type_support.c.o[0m
[ 59%] [32mBuilding CXX object CMakeFiles/arm_hand_interface__rosidl_typesupport_fastrtps_c.dir/rosidl_typesupport_fastrtps_c/arm_hand_interface/msg/detail/arm_status__type_support_c.cpp.o[0m
[ 61%] [32mBuilding CXX object CMakeFiles/arm_hand_interface__rosidl_typesupport_fastrtps_c.dir/rosidl_typesupport_fastrtps_c/arm_hand_interface/action/detail/arm_vision_planning__type_support_c.cpp.o[0m
[ 63%] [32mBuilding CXX object CMakeFiles/arm_hand_interface__rosidl_typesupport_fastrtps_c.dir/rosidl_typesupport_fastrtps_c/arm_hand_interface/action/detail/dexterous_hand__type_support_c.cpp.o[0m
[ 65%] [32m[1mLinking CXX shared library libarm_hand_interface__rosidl_typesupport_c.so[0m
[ 68%] [32m[1mLinking C shared library libarm_hand_interface__rosidl_typesupport_introspection_c.so[0m
[ 68%] Built target arm_hand_interface__rosidl_typesupport_c
[ 68%] Built target arm_hand_interface__rosidl_typesupport_introspection_c
[ 70%] [32m[1mLinking CXX shared library libarm_hand_interface__rosidl_typesupport_cpp.so[0m
[ 70%] Built target arm_hand_interface__rosidl_typesupport_cpp
[ 72%] [32m[1mLinking CXX shared library libarm_hand_interface__rosidl_typesupport_introspection_cpp.so[0m
[ 74%] [32m[1mLinking CXX shared library libarm_hand_interface__rosidl_typesupport_fastrtps_c.so[0m
[ 76%] [32m[1mLinking CXX shared library libarm_hand_interface__rosidl_typesupport_fastrtps_cpp.so[0m
[ 76%] Built target arm_hand_interface__rosidl_typesupport_fastrtps_c
[ 76%] Built target arm_hand_interface__rosidl_typesupport_introspection_cpp
[ 76%] Built target arm_hand_interface__rosidl_typesupport_fastrtps_cpp
[ 76%] Built target arm_hand_interface
[ 78%] [34m[1mGenerating Python code for ROS interfaces[0m
[ 78%] Built target arm_hand_interface__py
[ 80%] [32mBuilding C object CMakeFiles/arm_hand_interface__rosidl_generator_py.dir/rosidl_generator_py/arm_hand_interface/action/_dexterous_hand_s.c.o[0m
[ 82%] [32mBuilding C object CMakeFiles/arm_hand_interface__rosidl_generator_py.dir/rosidl_generator_py/arm_hand_interface/msg/_arm_status_s.c.o[0m
[ 85%] [32mBuilding C object CMakeFiles/arm_hand_interface__rosidl_generator_py.dir/rosidl_generator_py/arm_hand_interface/action/_arm_vision_planning_s.c.o[0m
[ 87%] [32m[1mLinking C shared library rosidl_generator_py/arm_hand_interface/libarm_hand_interface__rosidl_generator_py.so[0m
[ 87%] Built target arm_hand_interface__rosidl_generator_py
[ 89%] [32mBuilding C object CMakeFiles/arm_hand_interface__rosidl_typesupport_c__pyext.dir/rosidl_generator_py/arm_hand_interface/_arm_hand_interface_s.ep.rosidl_typesupport_c.c.o[0m
[ 91%] [32mBuilding C object CMakeFiles/arm_hand_interface__rosidl_typesupport_introspection_c__pyext.dir/rosidl_generator_py/arm_hand_interface/_arm_hand_interface_s.ep.rosidl_typesupport_introspection_c.c.o[0m
[ 93%] [32mBuilding C object CMakeFiles/arm_hand_interface__rosidl_typesupport_fastrtps_c__pyext.dir/rosidl_generator_py/arm_hand_interface/_arm_hand_interface_s.ep.rosidl_typesupport_fastrtps_c.c.o[0m
[ 95%] [32m[1mLinking C shared library rosidl_generator_py/arm_hand_interface/arm_hand_interface_s__rosidl_typesupport_introspection_c.cpython-310-x86_64-linux-gnu.so[0m
[ 97%] [32m[1mLinking C shared library rosidl_generator_py/arm_hand_interface/arm_hand_interface_s__rosidl_typesupport_fastrtps_c.cpython-310-x86_64-linux-gnu.so[0m
[100%] [32m[1mLinking C shared library rosidl_generator_py/arm_hand_interface/arm_hand_interface_s__rosidl_typesupport_c.cpython-310-x86_64-linux-gnu.so[0m
[100%] Built target arm_hand_interface__rosidl_typesupport_c__pyext
[100%] Built target arm_hand_interface__rosidl_typesupport_introspection_c__pyext
[100%] Built target arm_hand_interface__rosidl_typesupport_fastrtps_c__pyext
