[0.453s] DEBUG:colcon:Command line arguments: ['/usr/bin/colcon', 'build']
[0.453s] DEBUG:colcon:Parsed command line arguments: Namespace(log_base=None, log_level=None, verb_name='build', build_base='build', install_base='install', merge_install=False, symlink_install=False, test_result_base=None, continue_on_error=False, executor='parallel', parallel_workers=32, event_handlers=None, ignore_user_meta=False, metas=['./colcon.meta'], base_paths=['.'], packages_ignore=None, packages_ignore_regex=None, paths=None, packages_up_to=None, packages_up_to_regex=None, packages_above=None, packages_above_and_dependencies=None, packages_above_depth=None, packages_select_by_dep=None, packages_skip_by_dep=None, packages_skip_up_to=None, packages_select_build_failed=False, packages_skip_build_finished=False, packages_select_test_failures=False, packages_skip_test_passed=False, packages_select=None, packages_skip=None, packages_select_regex=None, packages_skip_regex=None, packages_start=None, packages_end=None, allow_overriding=[], cmake_args=None, cmake_target=None, cmake_target_skip_unavailable=False, cmake_clean_cache=False, cmake_clean_first=False, cmake_force_configure=False, ament_cmake_args=None, catkin_cmake_args=None, catkin_skip_building_tests=False, mixin_files=None, mixin=None, verb_parser=<colcon_mixin.mixin.mixin_argument.MixinArgumentDecorator object at 0x70503f060d90>, verb_extension=<colcon_core.verb.build.BuildVerb object at 0x70503f060790>, main=<bound method BuildVerb.main of <colcon_core.verb.build.BuildVerb object at 0x70503f060790>>, mixin_verb=('build',))
[1.001s] Level 1:colcon.colcon_core.package_discovery:discover_packages(colcon_meta) check parameters
[1.001s] Level 1:colcon.colcon_core.package_discovery:discover_packages(recursive) check parameters
[1.002s] Level 1:colcon.colcon_core.package_discovery:discover_packages(ignore) check parameters
[1.002s] Level 1:colcon.colcon_core.package_discovery:discover_packages(path) check parameters
[1.002s] Level 1:colcon.colcon_core.package_discovery:discover_packages(colcon_meta) discover
[1.002s] Level 1:colcon.colcon_core.package_discovery:discover_packages(recursive) discover
[1.002s] INFO:colcon.colcon_core.package_discovery:Crawling recursively for packages in '/home/ctg/jaka_HumanArm_v2'
[1.002s] Level 1:colcon.colcon_core.package_identification:_identify(.) by extensions ['ignore', 'ignore_ament_install']
[1.003s] Level 1:colcon.colcon_core.package_identification:_identify(.) by extension 'ignore'
[1.003s] Level 1:colcon.colcon_core.package_identification:_identify(.) by extension 'ignore_ament_install'
[1.003s] Level 1:colcon.colcon_core.package_identification:_identify(.) by extensions ['colcon_pkg']
[1.003s] Level 1:colcon.colcon_core.package_identification:_identify(.) by extension 'colcon_pkg'
[1.003s] Level 1:colcon.colcon_core.package_identification:_identify(.) by extensions ['colcon_meta']
[1.003s] Level 1:colcon.colcon_core.package_identification:_identify(.) by extension 'colcon_meta'
[1.003s] Level 1:colcon.colcon_core.package_identification:_identify(.) by extensions ['ros']
[1.003s] Level 1:colcon.colcon_core.package_identification:_identify(.) by extension 'ros'
[1.027s] Level 1:colcon.colcon_core.package_identification:_identify(.) by extensions ['cmake', 'python']
[1.027s] Level 1:colcon.colcon_core.package_identification:_identify(.) by extension 'cmake'
[1.027s] Level 1:colcon.colcon_core.package_identification:_identify(.) by extension 'python'
[1.027s] Level 1:colcon.colcon_core.package_identification:_identify(.) by extensions ['python_setup_py']
[1.027s] Level 1:colcon.colcon_core.package_identification:_identify(.) by extension 'python_setup_py'
[1.027s] Level 1:colcon.colcon_core.package_identification:_identify(build) by extensions ['ignore', 'ignore_ament_install']
[1.028s] Level 1:colcon.colcon_core.package_identification:_identify(build) by extension 'ignore'
[1.028s] Level 1:colcon.colcon_core.package_identification:_identify(build) ignored
[1.028s] Level 1:colcon.colcon_core.package_identification:_identify(install) by extensions ['ignore', 'ignore_ament_install']
[1.028s] Level 1:colcon.colcon_core.package_identification:_identify(install) by extension 'ignore'
[1.028s] Level 1:colcon.colcon_core.package_identification:_identify(install) ignored
[1.028s] Level 1:colcon.colcon_core.package_identification:_identify(log) by extensions ['ignore', 'ignore_ament_install']
[1.028s] Level 1:colcon.colcon_core.package_identification:_identify(log) by extension 'ignore'
[1.028s] Level 1:colcon.colcon_core.package_identification:_identify(log) ignored
[1.028s] Level 1:colcon.colcon_core.package_identification:_identify(src) by extensions ['ignore', 'ignore_ament_install']
[1.028s] Level 1:colcon.colcon_core.package_identification:_identify(src) by extension 'ignore'
[1.028s] Level 1:colcon.colcon_core.package_identification:_identify(src) by extension 'ignore_ament_install'
[1.028s] Level 1:colcon.colcon_core.package_identification:_identify(src) by extensions ['colcon_pkg']
[1.028s] Level 1:colcon.colcon_core.package_identification:_identify(src) by extension 'colcon_pkg'
[1.028s] Level 1:colcon.colcon_core.package_identification:_identify(src) by extensions ['colcon_meta']
[1.028s] Level 1:colcon.colcon_core.package_identification:_identify(src) by extension 'colcon_meta'
[1.028s] Level 1:colcon.colcon_core.package_identification:_identify(src) by extensions ['ros']
[1.028s] Level 1:colcon.colcon_core.package_identification:_identify(src) by extension 'ros'
[1.029s] Level 1:colcon.colcon_core.package_identification:_identify(src) by extensions ['cmake', 'python']
[1.029s] Level 1:colcon.colcon_core.package_identification:_identify(src) by extension 'cmake'
[1.029s] Level 1:colcon.colcon_core.package_identification:_identify(src) by extension 'python'
[1.029s] Level 1:colcon.colcon_core.package_identification:_identify(src) by extensions ['python_setup_py']
[1.029s] Level 1:colcon.colcon_core.package_identification:_identify(src) by extension 'python_setup_py'
[1.029s] Level 1:colcon.colcon_core.package_identification:_identify(src/arm_hand_interface) by extensions ['ignore', 'ignore_ament_install']
[1.029s] Level 1:colcon.colcon_core.package_identification:_identify(src/arm_hand_interface) by extension 'ignore'
[1.029s] Level 1:colcon.colcon_core.package_identification:_identify(src/arm_hand_interface) by extension 'ignore_ament_install'
[1.029s] Level 1:colcon.colcon_core.package_identification:_identify(src/arm_hand_interface) by extensions ['colcon_pkg']
[1.029s] Level 1:colcon.colcon_core.package_identification:_identify(src/arm_hand_interface) by extension 'colcon_pkg'
[1.029s] Level 1:colcon.colcon_core.package_identification:_identify(src/arm_hand_interface) by extensions ['colcon_meta']
[1.029s] Level 1:colcon.colcon_core.package_identification:_identify(src/arm_hand_interface) by extension 'colcon_meta'
[1.029s] Level 1:colcon.colcon_core.package_identification:_identify(src/arm_hand_interface) by extensions ['ros']
[1.029s] Level 1:colcon.colcon_core.package_identification:_identify(src/arm_hand_interface) by extension 'ros'
[1.032s] DEBUG:colcon.colcon_core.package_identification:Package 'src/arm_hand_interface' with type 'ros.ament_cmake' and name 'arm_hand_interface'
[1.032s] Level 1:colcon.colcon_core.package_identification:_identify(src/robot_control) by extensions ['ignore', 'ignore_ament_install']
[1.032s] Level 1:colcon.colcon_core.package_identification:_identify(src/robot_control) by extension 'ignore'
[1.032s] Level 1:colcon.colcon_core.package_identification:_identify(src/robot_control) by extension 'ignore_ament_install'
[1.032s] Level 1:colcon.colcon_core.package_identification:_identify(src/robot_control) by extensions ['colcon_pkg']
[1.032s] Level 1:colcon.colcon_core.package_identification:_identify(src/robot_control) by extension 'colcon_pkg'
[1.032s] Level 1:colcon.colcon_core.package_identification:_identify(src/robot_control) by extensions ['colcon_meta']
[1.032s] Level 1:colcon.colcon_core.package_identification:_identify(src/robot_control) by extension 'colcon_meta'
[1.032s] Level 1:colcon.colcon_core.package_identification:_identify(src/robot_control) by extensions ['ros']
[1.032s] Level 1:colcon.colcon_core.package_identification:_identify(src/robot_control) by extension 'ros'
[1.033s] DEBUG:colcon.colcon_core.package_identification:Package 'src/robot_control' with type 'ros.ament_cmake' and name 'robot_control'
[1.033s] Level 1:colcon.colcon_core.package_identification:_identify(src/robot_description) by extensions ['ignore', 'ignore_ament_install']
[1.033s] Level 1:colcon.colcon_core.package_identification:_identify(src/robot_description) by extension 'ignore'
[1.033s] Level 1:colcon.colcon_core.package_identification:_identify(src/robot_description) by extension 'ignore_ament_install'
[1.033s] Level 1:colcon.colcon_core.package_identification:_identify(src/robot_description) by extensions ['colcon_pkg']
[1.033s] Level 1:colcon.colcon_core.package_identification:_identify(src/robot_description) by extension 'colcon_pkg'
[1.033s] Level 1:colcon.colcon_core.package_identification:_identify(src/robot_description) by extensions ['colcon_meta']
[1.033s] Level 1:colcon.colcon_core.package_identification:_identify(src/robot_description) by extension 'colcon_meta'
[1.033s] Level 1:colcon.colcon_core.package_identification:_identify(src/robot_description) by extensions ['ros']
[1.033s] Level 1:colcon.colcon_core.package_identification:_identify(src/robot_description) by extension 'ros'
[1.034s] DEBUG:colcon.colcon_core.package_identification:Package 'src/robot_description' with type 'ros.ament_cmake' and name 'robot_description'
[1.034s] Level 1:colcon.colcon_core.package_identification:_identify(src/robot_moveit_config) by extensions ['ignore', 'ignore_ament_install']
[1.034s] Level 1:colcon.colcon_core.package_identification:_identify(src/robot_moveit_config) by extension 'ignore'
[1.034s] Level 1:colcon.colcon_core.package_identification:_identify(src/robot_moveit_config) by extension 'ignore_ament_install'
[1.034s] Level 1:colcon.colcon_core.package_identification:_identify(src/robot_moveit_config) by extensions ['colcon_pkg']
[1.034s] Level 1:colcon.colcon_core.package_identification:_identify(src/robot_moveit_config) by extension 'colcon_pkg'
[1.034s] Level 1:colcon.colcon_core.package_identification:_identify(src/robot_moveit_config) by extensions ['colcon_meta']
[1.034s] Level 1:colcon.colcon_core.package_identification:_identify(src/robot_moveit_config) by extension 'colcon_meta'
[1.034s] Level 1:colcon.colcon_core.package_identification:_identify(src/robot_moveit_config) by extensions ['ros']
[1.034s] Level 1:colcon.colcon_core.package_identification:_identify(src/robot_moveit_config) by extension 'ros'
[1.035s] DEBUG:colcon.colcon_core.package_identification:Package 'src/robot_moveit_config' with type 'ros.ament_cmake' and name 'robot_moveit_config'
[1.035s] Level 1:colcon.colcon_core.package_identification:_identify(src/robot_moveit_interface) by extensions ['ignore', 'ignore_ament_install']
[1.035s] Level 1:colcon.colcon_core.package_identification:_identify(src/robot_moveit_interface) by extension 'ignore'
[1.035s] Level 1:colcon.colcon_core.package_identification:_identify(src/robot_moveit_interface) by extension 'ignore_ament_install'
[1.035s] Level 1:colcon.colcon_core.package_identification:_identify(src/robot_moveit_interface) by extensions ['colcon_pkg']
[1.036s] Level 1:colcon.colcon_core.package_identification:_identify(src/robot_moveit_interface) by extension 'colcon_pkg'
[1.036s] Level 1:colcon.colcon_core.package_identification:_identify(src/robot_moveit_interface) by extensions ['colcon_meta']
[1.036s] Level 1:colcon.colcon_core.package_identification:_identify(src/robot_moveit_interface) by extension 'colcon_meta'
[1.036s] Level 1:colcon.colcon_core.package_identification:_identify(src/robot_moveit_interface) by extensions ['ros']
[1.036s] Level 1:colcon.colcon_core.package_identification:_identify(src/robot_moveit_interface) by extension 'ros'
[1.036s] DEBUG:colcon.colcon_core.package_identification:Package 'src/robot_moveit_interface' with type 'ros.ament_cmake' and name 'robot_moveit_interface'
[1.036s] Level 1:colcon.colcon_core.package_identification:_identify(src/robot_octomap_motion_planning) by extensions ['ignore', 'ignore_ament_install']
[1.036s] Level 1:colcon.colcon_core.package_identification:_identify(src/robot_octomap_motion_planning) by extension 'ignore'
[1.036s] Level 1:colcon.colcon_core.package_identification:_identify(src/robot_octomap_motion_planning) by extension 'ignore_ament_install'
[1.036s] Level 1:colcon.colcon_core.package_identification:_identify(src/robot_octomap_motion_planning) by extensions ['colcon_pkg']
[1.036s] Level 1:colcon.colcon_core.package_identification:_identify(src/robot_octomap_motion_planning) by extension 'colcon_pkg'
[1.037s] Level 1:colcon.colcon_core.package_identification:_identify(src/robot_octomap_motion_planning) by extensions ['colcon_meta']
[1.037s] Level 1:colcon.colcon_core.package_identification:_identify(src/robot_octomap_motion_planning) by extension 'colcon_meta'
[1.037s] Level 1:colcon.colcon_core.package_identification:_identify(src/robot_octomap_motion_planning) by extensions ['ros']
[1.037s] Level 1:colcon.colcon_core.package_identification:_identify(src/robot_octomap_motion_planning) by extension 'ros'
[1.037s] DEBUG:colcon.colcon_core.package_identification:Package 'src/robot_octomap_motion_planning' with type 'ros.ament_cmake' and name 'robot_octomap_motion_planning'
[1.038s] Level 1:colcon.colcon_core.package_discovery:discover_packages(recursive) using defaults
[1.038s] Level 1:colcon.colcon_core.package_discovery:discover_packages(ignore) discover
[1.038s] Level 1:colcon.colcon_core.package_discovery:discover_packages(ignore) using defaults
[1.038s] Level 1:colcon.colcon_core.package_discovery:discover_packages(path) discover
[1.038s] Level 1:colcon.colcon_core.package_discovery:discover_packages(path) using defaults
[1.117s] Level 1:colcon.colcon_core.package_discovery:discover_packages(prefix_path) check parameters
[1.117s] Level 1:colcon.colcon_core.package_discovery:discover_packages(prefix_path) discover
[1.126s] DEBUG:colcon.colcon_installed_package_information.package_discovery:Found 22 installed packages in /home/ctg/dev_ws/install
[1.131s] DEBUG:colcon.colcon_installed_package_information.package_discovery:Found 406 installed packages in /opt/ros/humble
[1.137s] Level 1:colcon.colcon_core.package_discovery:discover_packages(prefix_path) using defaults
[1.339s] Level 5:colcon.colcon_core.verb:set package 'arm_hand_interface' build argument 'cmake_args' from command line to 'None'
[1.339s] Level 5:colcon.colcon_core.verb:set package 'arm_hand_interface' build argument 'cmake_target' from command line to 'None'
[1.340s] Level 5:colcon.colcon_core.verb:set package 'arm_hand_interface' build argument 'cmake_target_skip_unavailable' from command line to 'False'
[1.340s] Level 5:colcon.colcon_core.verb:set package 'arm_hand_interface' build argument 'cmake_clean_cache' from command line to 'False'
[1.340s] Level 5:colcon.colcon_core.verb:set package 'arm_hand_interface' build argument 'cmake_clean_first' from command line to 'False'
[1.340s] Level 5:colcon.colcon_core.verb:set package 'arm_hand_interface' build argument 'cmake_force_configure' from command line to 'False'
[1.340s] Level 5:colcon.colcon_core.verb:set package 'arm_hand_interface' build argument 'ament_cmake_args' from command line to 'None'
[1.340s] Level 5:colcon.colcon_core.verb:set package 'arm_hand_interface' build argument 'catkin_cmake_args' from command line to 'None'
[1.340s] Level 5:colcon.colcon_core.verb:set package 'arm_hand_interface' build argument 'catkin_skip_building_tests' from command line to 'False'
[1.340s] DEBUG:colcon.colcon_core.verb:Building package 'arm_hand_interface' with the following arguments: {'ament_cmake_args': None, 'build_base': '/home/ctg/jaka_HumanArm_v2/build/arm_hand_interface', 'catkin_cmake_args': None, 'catkin_skip_building_tests': False, 'cmake_args': None, 'cmake_clean_cache': False, 'cmake_clean_first': False, 'cmake_force_configure': False, 'cmake_target': None, 'cmake_target_skip_unavailable': False, 'install_base': '/home/ctg/jaka_HumanArm_v2/install/arm_hand_interface', 'merge_install': False, 'path': '/home/ctg/jaka_HumanArm_v2/src/arm_hand_interface', 'symlink_install': False, 'test_result_base': None}
[1.342s] Level 5:colcon.colcon_core.verb:set package 'robot_description' build argument 'cmake_args' from command line to 'None'
[1.342s] Level 5:colcon.colcon_core.verb:set package 'robot_description' build argument 'cmake_target' from command line to 'None'
[1.342s] Level 5:colcon.colcon_core.verb:set package 'robot_description' build argument 'cmake_target_skip_unavailable' from command line to 'False'
[1.342s] Level 5:colcon.colcon_core.verb:set package 'robot_description' build argument 'cmake_clean_cache' from command line to 'False'
[1.342s] Level 5:colcon.colcon_core.verb:set package 'robot_description' build argument 'cmake_clean_first' from command line to 'False'
[1.342s] Level 5:colcon.colcon_core.verb:set package 'robot_description' build argument 'cmake_force_configure' from command line to 'False'
[1.342s] Level 5:colcon.colcon_core.verb:set package 'robot_description' build argument 'ament_cmake_args' from command line to 'None'
[1.342s] Level 5:colcon.colcon_core.verb:set package 'robot_description' build argument 'catkin_cmake_args' from command line to 'None'
[1.343s] Level 5:colcon.colcon_core.verb:set package 'robot_description' build argument 'catkin_skip_building_tests' from command line to 'False'
[1.343s] DEBUG:colcon.colcon_core.verb:Building package 'robot_description' with the following arguments: {'ament_cmake_args': None, 'build_base': '/home/ctg/jaka_HumanArm_v2/build/robot_description', 'catkin_cmake_args': None, 'catkin_skip_building_tests': False, 'cmake_args': None, 'cmake_clean_cache': False, 'cmake_clean_first': False, 'cmake_force_configure': False, 'cmake_target': None, 'cmake_target_skip_unavailable': False, 'install_base': '/home/ctg/jaka_HumanArm_v2/install/robot_description', 'merge_install': False, 'path': '/home/ctg/jaka_HumanArm_v2/src/robot_description', 'symlink_install': False, 'test_result_base': None}
[1.344s] Level 5:colcon.colcon_core.verb:set package 'robot_moveit_interface' build argument 'cmake_args' from command line to 'None'
[1.344s] Level 5:colcon.colcon_core.verb:set package 'robot_moveit_interface' build argument 'cmake_target' from command line to 'None'
[1.344s] Level 5:colcon.colcon_core.verb:set package 'robot_moveit_interface' build argument 'cmake_target_skip_unavailable' from command line to 'False'
[1.344s] Level 5:colcon.colcon_core.verb:set package 'robot_moveit_interface' build argument 'cmake_clean_cache' from command line to 'False'
[1.345s] Level 5:colcon.colcon_core.verb:set package 'robot_moveit_interface' build argument 'cmake_clean_first' from command line to 'False'
[1.345s] Level 5:colcon.colcon_core.verb:set package 'robot_moveit_interface' build argument 'cmake_force_configure' from command line to 'False'
[1.345s] Level 5:colcon.colcon_core.verb:set package 'robot_moveit_interface' build argument 'ament_cmake_args' from command line to 'None'
[1.345s] Level 5:colcon.colcon_core.verb:set package 'robot_moveit_interface' build argument 'catkin_cmake_args' from command line to 'None'
[1.345s] Level 5:colcon.colcon_core.verb:set package 'robot_moveit_interface' build argument 'catkin_skip_building_tests' from command line to 'False'
[1.345s] DEBUG:colcon.colcon_core.verb:Building package 'robot_moveit_interface' with the following arguments: {'ament_cmake_args': None, 'build_base': '/home/ctg/jaka_HumanArm_v2/build/robot_moveit_interface', 'catkin_cmake_args': None, 'catkin_skip_building_tests': False, 'cmake_args': None, 'cmake_clean_cache': False, 'cmake_clean_first': False, 'cmake_force_configure': False, 'cmake_target': None, 'cmake_target_skip_unavailable': False, 'install_base': '/home/ctg/jaka_HumanArm_v2/install/robot_moveit_interface', 'merge_install': False, 'path': '/home/ctg/jaka_HumanArm_v2/src/robot_moveit_interface', 'symlink_install': False, 'test_result_base': None}
[1.346s] Level 5:colcon.colcon_core.verb:set package 'robot_octomap_motion_planning' build argument 'cmake_args' from command line to 'None'
[1.346s] Level 5:colcon.colcon_core.verb:set package 'robot_octomap_motion_planning' build argument 'cmake_target' from command line to 'None'
[1.346s] Level 5:colcon.colcon_core.verb:set package 'robot_octomap_motion_planning' build argument 'cmake_target_skip_unavailable' from command line to 'False'
[1.346s] Level 5:colcon.colcon_core.verb:set package 'robot_octomap_motion_planning' build argument 'cmake_clean_cache' from command line to 'False'
[1.346s] Level 5:colcon.colcon_core.verb:set package 'robot_octomap_motion_planning' build argument 'cmake_clean_first' from command line to 'False'
[1.346s] Level 5:colcon.colcon_core.verb:set package 'robot_octomap_motion_planning' build argument 'cmake_force_configure' from command line to 'False'
[1.346s] Level 5:colcon.colcon_core.verb:set package 'robot_octomap_motion_planning' build argument 'ament_cmake_args' from command line to 'None'
[1.346s] Level 5:colcon.colcon_core.verb:set package 'robot_octomap_motion_planning' build argument 'catkin_cmake_args' from command line to 'None'
[1.346s] Level 5:colcon.colcon_core.verb:set package 'robot_octomap_motion_planning' build argument 'catkin_skip_building_tests' from command line to 'False'
[1.347s] DEBUG:colcon.colcon_core.verb:Building package 'robot_octomap_motion_planning' with the following arguments: {'ament_cmake_args': None, 'build_base': '/home/ctg/jaka_HumanArm_v2/build/robot_octomap_motion_planning', 'catkin_cmake_args': None, 'catkin_skip_building_tests': False, 'cmake_args': None, 'cmake_clean_cache': False, 'cmake_clean_first': False, 'cmake_force_configure': False, 'cmake_target': None, 'cmake_target_skip_unavailable': False, 'install_base': '/home/ctg/jaka_HumanArm_v2/install/robot_octomap_motion_planning', 'merge_install': False, 'path': '/home/ctg/jaka_HumanArm_v2/src/robot_octomap_motion_planning', 'symlink_install': False, 'test_result_base': None}
[1.347s] Level 5:colcon.colcon_core.verb:set package 'robot_control' build argument 'cmake_args' from command line to 'None'
[1.347s] Level 5:colcon.colcon_core.verb:set package 'robot_control' build argument 'cmake_target' from command line to 'None'
[1.347s] Level 5:colcon.colcon_core.verb:set package 'robot_control' build argument 'cmake_target_skip_unavailable' from command line to 'False'
[1.347s] Level 5:colcon.colcon_core.verb:set package 'robot_control' build argument 'cmake_clean_cache' from command line to 'False'
[1.347s] Level 5:colcon.colcon_core.verb:set package 'robot_control' build argument 'cmake_clean_first' from command line to 'False'
[1.347s] Level 5:colcon.colcon_core.verb:set package 'robot_control' build argument 'cmake_force_configure' from command line to 'False'
[1.347s] Level 5:colcon.colcon_core.verb:set package 'robot_control' build argument 'ament_cmake_args' from command line to 'None'
[1.347s] Level 5:colcon.colcon_core.verb:set package 'robot_control' build argument 'catkin_cmake_args' from command line to 'None'
[1.347s] Level 5:colcon.colcon_core.verb:set package 'robot_control' build argument 'catkin_skip_building_tests' from command line to 'False'
[1.347s] DEBUG:colcon.colcon_core.verb:Building package 'robot_control' with the following arguments: {'ament_cmake_args': None, 'build_base': '/home/ctg/jaka_HumanArm_v2/build/robot_control', 'catkin_cmake_args': None, 'catkin_skip_building_tests': False, 'cmake_args': None, 'cmake_clean_cache': False, 'cmake_clean_first': False, 'cmake_force_configure': False, 'cmake_target': None, 'cmake_target_skip_unavailable': False, 'install_base': '/home/ctg/jaka_HumanArm_v2/install/robot_control', 'merge_install': False, 'path': '/home/ctg/jaka_HumanArm_v2/src/robot_control', 'symlink_install': False, 'test_result_base': None}
[1.348s] Level 5:colcon.colcon_core.verb:set package 'robot_moveit_config' build argument 'cmake_args' from command line to 'None'
[1.348s] Level 5:colcon.colcon_core.verb:set package 'robot_moveit_config' build argument 'cmake_target' from command line to 'None'
[1.348s] Level 5:colcon.colcon_core.verb:set package 'robot_moveit_config' build argument 'cmake_target_skip_unavailable' from command line to 'False'
[1.348s] Level 5:colcon.colcon_core.verb:set package 'robot_moveit_config' build argument 'cmake_clean_cache' from command line to 'False'
[1.348s] Level 5:colcon.colcon_core.verb:set package 'robot_moveit_config' build argument 'cmake_clean_first' from command line to 'False'
[1.348s] Level 5:colcon.colcon_core.verb:set package 'robot_moveit_config' build argument 'cmake_force_configure' from command line to 'False'
[1.348s] Level 5:colcon.colcon_core.verb:set package 'robot_moveit_config' build argument 'ament_cmake_args' from command line to 'None'
[1.348s] Level 5:colcon.colcon_core.verb:set package 'robot_moveit_config' build argument 'catkin_cmake_args' from command line to 'None'
[1.348s] Level 5:colcon.colcon_core.verb:set package 'robot_moveit_config' build argument 'catkin_skip_building_tests' from command line to 'False'
[1.348s] DEBUG:colcon.colcon_core.verb:Building package 'robot_moveit_config' with the following arguments: {'ament_cmake_args': None, 'build_base': '/home/ctg/jaka_HumanArm_v2/build/robot_moveit_config', 'catkin_cmake_args': None, 'catkin_skip_building_tests': False, 'cmake_args': None, 'cmake_clean_cache': False, 'cmake_clean_first': False, 'cmake_force_configure': False, 'cmake_target': None, 'cmake_target_skip_unavailable': False, 'install_base': '/home/ctg/jaka_HumanArm_v2/install/robot_moveit_config', 'merge_install': False, 'path': '/home/ctg/jaka_HumanArm_v2/src/robot_moveit_config', 'symlink_install': False, 'test_result_base': None}
[1.349s] INFO:colcon.colcon_core.executor:Executing jobs using 'parallel' executor
[1.351s] DEBUG:colcon.colcon_parallel_executor.executor.parallel:run_until_complete
[1.352s] INFO:colcon.colcon_ros.task.ament_cmake.build:Building ROS package in '/home/ctg/jaka_HumanArm_v2/src/arm_hand_interface' with build type 'ament_cmake'
[1.352s] INFO:colcon.colcon_cmake.task.cmake.build:Building CMake package in '/home/ctg/jaka_HumanArm_v2/src/arm_hand_interface'
[1.361s] INFO:colcon.colcon_core.plugin_system:Skipping extension 'colcon_core.shell.bat': Not used on non-Windows systems
[1.362s] INFO:colcon.colcon_core.shell:Skip shell extension 'powershell' for command environment: Not usable outside of PowerShell
[1.362s] DEBUG:colcon.colcon_core.shell:Skip shell extension 'dsv' for command environment
[1.381s] INFO:colcon.colcon_ros.task.ament_cmake.build:Building ROS package in '/home/ctg/jaka_HumanArm_v2/src/robot_description' with build type 'ament_cmake'
[1.382s] INFO:colcon.colcon_cmake.task.cmake.build:Building CMake package in '/home/ctg/jaka_HumanArm_v2/src/robot_description'
[1.383s] INFO:colcon.colcon_core.shell:Skip shell extension 'powershell' for command environment: Not usable outside of PowerShell
[1.383s] DEBUG:colcon.colcon_core.shell:Skip shell extension 'dsv' for command environment
[1.398s] INFO:colcon.colcon_ros.task.ament_cmake.build:Building ROS package in '/home/ctg/jaka_HumanArm_v2/src/robot_moveit_interface' with build type 'ament_cmake'
[1.399s] INFO:colcon.colcon_cmake.task.cmake.build:Building CMake package in '/home/ctg/jaka_HumanArm_v2/src/robot_moveit_interface'
[1.400s] INFO:colcon.colcon_core.shell:Skip shell extension 'powershell' for command environment: Not usable outside of PowerShell
[1.400s] DEBUG:colcon.colcon_core.shell:Skip shell extension 'dsv' for command environment
[1.418s] INFO:colcon.colcon_ros.task.ament_cmake.build:Building ROS package in '/home/ctg/jaka_HumanArm_v2/src/robot_octomap_motion_planning' with build type 'ament_cmake'
[1.419s] INFO:colcon.colcon_cmake.task.cmake.build:Building CMake package in '/home/ctg/jaka_HumanArm_v2/src/robot_octomap_motion_planning'
[1.419s] INFO:colcon.colcon_core.shell:Skip shell extension 'powershell' for command environment: Not usable outside of PowerShell
[1.420s] DEBUG:colcon.colcon_core.shell:Skip shell extension 'dsv' for command environment
[1.467s] DEBUG:colcon.colcon_core.event_handler.log_command:Invoking command in '/home/ctg/jaka_HumanArm_v2/build/arm_hand_interface': CMAKE_PREFIX_PATH=${CMAKE_PREFIX_PATH}:/opt/ros/humble:/home/ctg/dev_ws/install/learning_urdf:/home/ctg/dev_ws/install/learning_topic:/home/ctg/dev_ws/install/learning_tf:/home/ctg/dev_ws/install/learning_service:/home/ctg/dev_ws/install/learning_qos:/home/ctg/dev_ws/install/learning_pkg_python:/home/ctg/dev_ws/install/learning_parameter:/home/ctg/dev_ws/install/learning_node:/home/ctg/dev_ws/install/learning_launch:/home/ctg/dev_ws/install/learning_action:/home/ctg/dev_ws/install/learning_gazebo_fortress:/home/ctg/dev_ws/install/learning_gazebo:/home/ctg/dev_ws/install/learning_cv /usr/bin/cmake --build /home/ctg/jaka_HumanArm_v2/build/arm_hand_interface -- -j32 -l32
[1.491s] DEBUG:colcon.colcon_core.event_handler.log_command:Invoking command in '/home/ctg/jaka_HumanArm_v2/build/robot_description': CMAKE_PREFIX_PATH=${CMAKE_PREFIX_PATH}:/opt/ros/humble:/home/ctg/dev_ws/install/learning_urdf:/home/ctg/dev_ws/install/learning_topic:/home/ctg/dev_ws/install/learning_tf:/home/ctg/dev_ws/install/learning_service:/home/ctg/dev_ws/install/learning_qos:/home/ctg/dev_ws/install/learning_pkg_python:/home/ctg/dev_ws/install/learning_parameter:/home/ctg/dev_ws/install/learning_node:/home/ctg/dev_ws/install/learning_launch:/home/ctg/dev_ws/install/learning_action:/home/ctg/dev_ws/install/learning_gazebo_fortress:/home/ctg/dev_ws/install/learning_gazebo:/home/ctg/dev_ws/install/learning_cv /usr/bin/cmake --build /home/ctg/jaka_HumanArm_v2/build/robot_description -- -j32 -l32
[1.499s] DEBUG:colcon.colcon_core.event_handler.log_command:Invoking command in '/home/ctg/jaka_HumanArm_v2/build/robot_moveit_interface': CMAKE_PREFIX_PATH=${CMAKE_PREFIX_PATH}:/opt/ros/humble:/home/ctg/dev_ws/install/learning_urdf:/home/ctg/dev_ws/install/learning_topic:/home/ctg/dev_ws/install/learning_tf:/home/ctg/dev_ws/install/learning_service:/home/ctg/dev_ws/install/learning_qos:/home/ctg/dev_ws/install/learning_pkg_python:/home/ctg/dev_ws/install/learning_parameter:/home/ctg/dev_ws/install/learning_node:/home/ctg/dev_ws/install/learning_launch:/home/ctg/dev_ws/install/learning_action:/home/ctg/dev_ws/install/learning_gazebo_fortress:/home/ctg/dev_ws/install/learning_gazebo:/home/ctg/dev_ws/install/learning_cv /usr/bin/cmake --build /home/ctg/jaka_HumanArm_v2/build/robot_moveit_interface -- -j32 -l32
[1.519s] DEBUG:colcon.colcon_core.event_handler.log_command:Invoking command in '/home/ctg/jaka_HumanArm_v2/build/robot_octomap_motion_planning': CMAKE_PREFIX_PATH=${CMAKE_PREFIX_PATH}:/opt/ros/humble:/home/ctg/dev_ws/install/learning_urdf:/home/ctg/dev_ws/install/learning_topic:/home/ctg/dev_ws/install/learning_tf:/home/ctg/dev_ws/install/learning_service:/home/ctg/dev_ws/install/learning_qos:/home/ctg/dev_ws/install/learning_pkg_python:/home/ctg/dev_ws/install/learning_parameter:/home/ctg/dev_ws/install/learning_node:/home/ctg/dev_ws/install/learning_launch:/home/ctg/dev_ws/install/learning_action:/home/ctg/dev_ws/install/learning_gazebo_fortress:/home/ctg/dev_ws/install/learning_gazebo:/home/ctg/dev_ws/install/learning_cv /usr/bin/cmake --build /home/ctg/jaka_HumanArm_v2/build/robot_octomap_motion_planning -- -j32 -l32
[1.621s] DEBUG:colcon.colcon_core.event_handler.log_command:Invoked command in '/home/ctg/jaka_HumanArm_v2/build/robot_description' returned '0': CMAKE_PREFIX_PATH=${CMAKE_PREFIX_PATH}:/opt/ros/humble:/home/ctg/dev_ws/install/learning_urdf:/home/ctg/dev_ws/install/learning_topic:/home/ctg/dev_ws/install/learning_tf:/home/ctg/dev_ws/install/learning_service:/home/ctg/dev_ws/install/learning_qos:/home/ctg/dev_ws/install/learning_pkg_python:/home/ctg/dev_ws/install/learning_parameter:/home/ctg/dev_ws/install/learning_node:/home/ctg/dev_ws/install/learning_launch:/home/ctg/dev_ws/install/learning_action:/home/ctg/dev_ws/install/learning_gazebo_fortress:/home/ctg/dev_ws/install/learning_gazebo:/home/ctg/dev_ws/install/learning_cv /usr/bin/cmake --build /home/ctg/jaka_HumanArm_v2/build/robot_description -- -j32 -l32
[1.742s] DEBUG:colcon.colcon_core.event_handler.log_command:Invoked command in '/home/ctg/jaka_HumanArm_v2/build/robot_moveit_interface' returned '0': CMAKE_PREFIX_PATH=${CMAKE_PREFIX_PATH}:/opt/ros/humble:/home/ctg/dev_ws/install/learning_urdf:/home/ctg/dev_ws/install/learning_topic:/home/ctg/dev_ws/install/learning_tf:/home/ctg/dev_ws/install/learning_service:/home/ctg/dev_ws/install/learning_qos:/home/ctg/dev_ws/install/learning_pkg_python:/home/ctg/dev_ws/install/learning_parameter:/home/ctg/dev_ws/install/learning_node:/home/ctg/dev_ws/install/learning_launch:/home/ctg/dev_ws/install/learning_action:/home/ctg/dev_ws/install/learning_gazebo_fortress:/home/ctg/dev_ws/install/learning_gazebo:/home/ctg/dev_ws/install/learning_cv /usr/bin/cmake --build /home/ctg/jaka_HumanArm_v2/build/robot_moveit_interface -- -j32 -l32
[1.782s] DEBUG:colcon.colcon_core.event_handler.log_command:Invoking command in '/home/ctg/jaka_HumanArm_v2/build/robot_description': CMAKE_PREFIX_PATH=${CMAKE_PREFIX_PATH}:/opt/ros/humble:/home/ctg/dev_ws/install/learning_urdf:/home/ctg/dev_ws/install/learning_topic:/home/ctg/dev_ws/install/learning_tf:/home/ctg/dev_ws/install/learning_service:/home/ctg/dev_ws/install/learning_qos:/home/ctg/dev_ws/install/learning_pkg_python:/home/ctg/dev_ws/install/learning_parameter:/home/ctg/dev_ws/install/learning_node:/home/ctg/dev_ws/install/learning_launch:/home/ctg/dev_ws/install/learning_action:/home/ctg/dev_ws/install/learning_gazebo_fortress:/home/ctg/dev_ws/install/learning_gazebo:/home/ctg/dev_ws/install/learning_cv /usr/bin/cmake --install /home/ctg/jaka_HumanArm_v2/build/robot_description
[1.816s] Level 1:colcon.colcon_core.environment:create_environment_scripts_only(robot_description)
[1.823s] DEBUG:colcon.colcon_core.event_handler.log_command:Invoked command in '/home/ctg/jaka_HumanArm_v2/build/robot_octomap_motion_planning' returned '0': CMAKE_PREFIX_PATH=${CMAKE_PREFIX_PATH}:/opt/ros/humble:/home/ctg/dev_ws/install/learning_urdf:/home/ctg/dev_ws/install/learning_topic:/home/ctg/dev_ws/install/learning_tf:/home/ctg/dev_ws/install/learning_service:/home/ctg/dev_ws/install/learning_qos:/home/ctg/dev_ws/install/learning_pkg_python:/home/ctg/dev_ws/install/learning_parameter:/home/ctg/dev_ws/install/learning_node:/home/ctg/dev_ws/install/learning_launch:/home/ctg/dev_ws/install/learning_action:/home/ctg/dev_ws/install/learning_gazebo_fortress:/home/ctg/dev_ws/install/learning_gazebo:/home/ctg/dev_ws/install/learning_cv /usr/bin/cmake --build /home/ctg/jaka_HumanArm_v2/build/robot_octomap_motion_planning -- -j32 -l32
[1.824s] DEBUG:colcon.colcon_core.event_handler.log_command:Invoked command in '/home/ctg/jaka_HumanArm_v2/build/robot_description' returned '0': CMAKE_PREFIX_PATH=${CMAKE_PREFIX_PATH}:/opt/ros/humble:/home/ctg/dev_ws/install/learning_urdf:/home/ctg/dev_ws/install/learning_topic:/home/ctg/dev_ws/install/learning_tf:/home/ctg/dev_ws/install/learning_service:/home/ctg/dev_ws/install/learning_qos:/home/ctg/dev_ws/install/learning_pkg_python:/home/ctg/dev_ws/install/learning_parameter:/home/ctg/dev_ws/install/learning_node:/home/ctg/dev_ws/install/learning_launch:/home/ctg/dev_ws/install/learning_action:/home/ctg/dev_ws/install/learning_gazebo_fortress:/home/ctg/dev_ws/install/learning_gazebo:/home/ctg/dev_ws/install/learning_cv /usr/bin/cmake --install /home/ctg/jaka_HumanArm_v2/build/robot_description
[1.827s] Level 1:colcon.colcon_core.environment:checking '/home/ctg/jaka_HumanArm_v2/install/robot_description' for CMake module files
[1.829s] Level 1:colcon.colcon_core.environment:checking '/home/ctg/jaka_HumanArm_v2/install/robot_description' for CMake config files
[1.829s] Level 1:colcon.colcon_core.shell:create_environment_hook('robot_description', 'cmake_prefix_path')
[1.831s] INFO:colcon.colcon_core.shell:Creating environment hook '/home/ctg/jaka_HumanArm_v2/install/robot_description/share/robot_description/hook/cmake_prefix_path.ps1'
[1.833s] INFO:colcon.colcon_core.shell:Creating environment descriptor '/home/ctg/jaka_HumanArm_v2/install/robot_description/share/robot_description/hook/cmake_prefix_path.dsv'
[1.834s] INFO:colcon.colcon_core.shell:Creating environment hook '/home/ctg/jaka_HumanArm_v2/install/robot_description/share/robot_description/hook/cmake_prefix_path.sh'
[1.837s] Level 1:colcon.colcon_core.environment:checking '/home/ctg/jaka_HumanArm_v2/install/robot_description/bin'
[1.837s] Level 1:colcon.colcon_core.environment:checking '/home/ctg/jaka_HumanArm_v2/install/robot_description/lib/pkgconfig/robot_description.pc'
[1.838s] Level 1:colcon.colcon_core.environment:checking '/home/ctg/jaka_HumanArm_v2/install/robot_description/lib/python3.10/site-packages'
[1.838s] Level 1:colcon.colcon_core.environment:checking '/home/ctg/jaka_HumanArm_v2/install/robot_description/bin'
[1.839s] INFO:colcon.colcon_core.shell:Creating package script '/home/ctg/jaka_HumanArm_v2/install/robot_description/share/robot_description/package.ps1'
[1.841s] INFO:colcon.colcon_core.shell:Creating package descriptor '/home/ctg/jaka_HumanArm_v2/install/robot_description/share/robot_description/package.dsv'
[1.844s] INFO:colcon.colcon_core.shell:Creating package script '/home/ctg/jaka_HumanArm_v2/install/robot_description/share/robot_description/package.sh'
[1.846s] INFO:colcon.colcon_core.shell:Creating package script '/home/ctg/jaka_HumanArm_v2/install/robot_description/share/robot_description/package.bash'
[1.849s] INFO:colcon.colcon_core.shell:Creating package script '/home/ctg/jaka_HumanArm_v2/install/robot_description/share/robot_description/package.zsh'
[1.852s] Level 1:colcon.colcon_core.environment:create_file_with_runtime_dependencies(/home/ctg/jaka_HumanArm_v2/install/robot_description/share/colcon-core/packages/robot_description)
[1.866s] DEBUG:colcon.colcon_core.event_handler.log_command:Invoking command in '/home/ctg/jaka_HumanArm_v2/build/robot_moveit_interface': CMAKE_PREFIX_PATH=${CMAKE_PREFIX_PATH}:/opt/ros/humble:/home/ctg/dev_ws/install/learning_urdf:/home/ctg/dev_ws/install/learning_topic:/home/ctg/dev_ws/install/learning_tf:/home/ctg/dev_ws/install/learning_service:/home/ctg/dev_ws/install/learning_qos:/home/ctg/dev_ws/install/learning_pkg_python:/home/ctg/dev_ws/install/learning_parameter:/home/ctg/dev_ws/install/learning_node:/home/ctg/dev_ws/install/learning_launch:/home/ctg/dev_ws/install/learning_action:/home/ctg/dev_ws/install/learning_gazebo_fortress:/home/ctg/dev_ws/install/learning_gazebo:/home/ctg/dev_ws/install/learning_cv /usr/bin/cmake --install /home/ctg/jaka_HumanArm_v2/build/robot_moveit_interface
[1.901s] Level 1:colcon.colcon_core.environment:create_environment_scripts_only(robot_moveit_interface)
[1.903s] Level 1:colcon.colcon_core.environment:checking '/home/ctg/jaka_HumanArm_v2/install/robot_moveit_interface' for CMake module files
[1.905s] Level 1:colcon.colcon_core.environment:checking '/home/ctg/jaka_HumanArm_v2/install/robot_moveit_interface' for CMake config files
[1.905s] DEBUG:colcon.colcon_core.event_handler.log_command:Invoked command in '/home/ctg/jaka_HumanArm_v2/build/robot_moveit_interface' returned '0': CMAKE_PREFIX_PATH=${CMAKE_PREFIX_PATH}:/opt/ros/humble:/home/ctg/dev_ws/install/learning_urdf:/home/ctg/dev_ws/install/learning_topic:/home/ctg/dev_ws/install/learning_tf:/home/ctg/dev_ws/install/learning_service:/home/ctg/dev_ws/install/learning_qos:/home/ctg/dev_ws/install/learning_pkg_python:/home/ctg/dev_ws/install/learning_parameter:/home/ctg/dev_ws/install/learning_node:/home/ctg/dev_ws/install/learning_launch:/home/ctg/dev_ws/install/learning_action:/home/ctg/dev_ws/install/learning_gazebo_fortress:/home/ctg/dev_ws/install/learning_gazebo:/home/ctg/dev_ws/install/learning_cv /usr/bin/cmake --install /home/ctg/jaka_HumanArm_v2/build/robot_moveit_interface
[1.906s] Level 1:colcon.colcon_core.shell:create_environment_hook('robot_moveit_interface', 'cmake_prefix_path')
[1.906s] INFO:colcon.colcon_core.shell:Creating environment hook '/home/ctg/jaka_HumanArm_v2/install/robot_moveit_interface/share/robot_moveit_interface/hook/cmake_prefix_path.ps1'
[1.908s] INFO:colcon.colcon_core.shell:Creating environment descriptor '/home/ctg/jaka_HumanArm_v2/install/robot_moveit_interface/share/robot_moveit_interface/hook/cmake_prefix_path.dsv'
[1.909s] INFO:colcon.colcon_core.shell:Creating environment hook '/home/ctg/jaka_HumanArm_v2/install/robot_moveit_interface/share/robot_moveit_interface/hook/cmake_prefix_path.sh'
[1.911s] Level 1:colcon.colcon_core.environment:checking '/home/ctg/jaka_HumanArm_v2/install/robot_moveit_interface/lib'
[1.912s] Level 1:colcon.colcon_core.environment:checking '/home/ctg/jaka_HumanArm_v2/install/robot_moveit_interface/bin'
[1.912s] Level 1:colcon.colcon_core.environment:checking '/home/ctg/jaka_HumanArm_v2/install/robot_moveit_interface/lib/pkgconfig/robot_moveit_interface.pc'
[1.913s] Level 1:colcon.colcon_core.environment:checking '/home/ctg/jaka_HumanArm_v2/install/robot_moveit_interface/lib/python3.10/site-packages'
[1.913s] Level 1:colcon.colcon_core.environment:checking '/home/ctg/jaka_HumanArm_v2/install/robot_moveit_interface/bin'
[1.913s] INFO:colcon.colcon_core.shell:Creating package script '/home/ctg/jaka_HumanArm_v2/install/robot_moveit_interface/share/robot_moveit_interface/package.ps1'
[1.915s] INFO:colcon.colcon_core.shell:Creating package descriptor '/home/ctg/jaka_HumanArm_v2/install/robot_moveit_interface/share/robot_moveit_interface/package.dsv'
[1.916s] INFO:colcon.colcon_core.shell:Creating package script '/home/ctg/jaka_HumanArm_v2/install/robot_moveit_interface/share/robot_moveit_interface/package.sh'
[1.918s] INFO:colcon.colcon_core.shell:Creating package script '/home/ctg/jaka_HumanArm_v2/install/robot_moveit_interface/share/robot_moveit_interface/package.bash'
[1.921s] INFO:colcon.colcon_core.shell:Creating package script '/home/ctg/jaka_HumanArm_v2/install/robot_moveit_interface/share/robot_moveit_interface/package.zsh'
[1.923s] Level 1:colcon.colcon_core.environment:create_file_with_runtime_dependencies(/home/ctg/jaka_HumanArm_v2/install/robot_moveit_interface/share/colcon-core/packages/robot_moveit_interface)
[1.938s] DEBUG:colcon.colcon_core.event_handler.log_command:Invoking command in '/home/ctg/jaka_HumanArm_v2/build/robot_octomap_motion_planning': CMAKE_PREFIX_PATH=${CMAKE_PREFIX_PATH}:/opt/ros/humble:/home/ctg/dev_ws/install/learning_urdf:/home/ctg/dev_ws/install/learning_topic:/home/ctg/dev_ws/install/learning_tf:/home/ctg/dev_ws/install/learning_service:/home/ctg/dev_ws/install/learning_qos:/home/ctg/dev_ws/install/learning_pkg_python:/home/ctg/dev_ws/install/learning_parameter:/home/ctg/dev_ws/install/learning_node:/home/ctg/dev_ws/install/learning_launch:/home/ctg/dev_ws/install/learning_action:/home/ctg/dev_ws/install/learning_gazebo_fortress:/home/ctg/dev_ws/install/learning_gazebo:/home/ctg/dev_ws/install/learning_cv /usr/bin/cmake --install /home/ctg/jaka_HumanArm_v2/build/robot_octomap_motion_planning
[1.950s] Level 1:colcon.colcon_core.environment:create_environment_scripts_only(robot_description)
[1.951s] Level 1:colcon.colcon_core.environment:checking '/home/ctg/jaka_HumanArm_v2/install/robot_description' for CMake module files
[1.952s] Level 1:colcon.colcon_core.environment:checking '/home/ctg/jaka_HumanArm_v2/install/robot_description' for CMake config files
[1.953s] Level 1:colcon.colcon_core.shell:create_environment_hook('robot_description', 'cmake_prefix_path')
[1.953s] INFO:colcon.colcon_core.shell:Creating environment hook '/home/ctg/jaka_HumanArm_v2/install/robot_description/share/robot_description/hook/cmake_prefix_path.ps1'
[1.956s] INFO:colcon.colcon_core.shell:Creating environment descriptor '/home/ctg/jaka_HumanArm_v2/install/robot_description/share/robot_description/hook/cmake_prefix_path.dsv'
[1.958s] INFO:colcon.colcon_core.shell:Creating environment hook '/home/ctg/jaka_HumanArm_v2/install/robot_description/share/robot_description/hook/cmake_prefix_path.sh'
[1.968s] Level 1:colcon.colcon_core.environment:checking '/home/ctg/jaka_HumanArm_v2/install/robot_description/bin'
[1.968s] Level 1:colcon.colcon_core.environment:checking '/home/ctg/jaka_HumanArm_v2/install/robot_description/lib/pkgconfig/robot_description.pc'
[1.969s] Level 1:colcon.colcon_core.environment:checking '/home/ctg/jaka_HumanArm_v2/install/robot_description/lib/python3.10/site-packages'
[1.970s] Level 1:colcon.colcon_core.environment:checking '/home/ctg/jaka_HumanArm_v2/install/robot_description/bin'
[1.971s] INFO:colcon.colcon_core.shell:Creating package script '/home/ctg/jaka_HumanArm_v2/install/robot_description/share/robot_description/package.ps1'
[1.975s] INFO:colcon.colcon_core.shell:Creating package descriptor '/home/ctg/jaka_HumanArm_v2/install/robot_description/share/robot_description/package.dsv'
[1.979s] INFO:colcon.colcon_core.shell:Creating package script '/home/ctg/jaka_HumanArm_v2/install/robot_description/share/robot_description/package.sh'
[1.981s] INFO:colcon.colcon_core.shell:Creating package script '/home/ctg/jaka_HumanArm_v2/install/robot_description/share/robot_description/package.bash'
[1.982s] INFO:colcon.colcon_core.shell:Creating package script '/home/ctg/jaka_HumanArm_v2/install/robot_description/share/robot_description/package.zsh'
[1.984s] Level 1:colcon.colcon_core.environment:create_file_with_runtime_dependencies(/home/ctg/jaka_HumanArm_v2/install/robot_description/share/colcon-core/packages/robot_description)
[1.985s] INFO:colcon.colcon_ros.task.ament_cmake.build:Building ROS package in '/home/ctg/jaka_HumanArm_v2/src/robot_moveit_config' with build type 'ament_cmake'
[1.986s] INFO:colcon.colcon_cmake.task.cmake.build:Building CMake package in '/home/ctg/jaka_HumanArm_v2/src/robot_moveit_config'
[1.986s] INFO:colcon.colcon_core.shell:Skip shell extension 'powershell' for command environment: Not usable outside of PowerShell
[1.987s] DEBUG:colcon.colcon_core.shell:Skip shell extension 'dsv' for command environment
[2.005s] Level 1:colcon.colcon_core.environment:create_environment_scripts_only(robot_octomap_motion_planning)
[2.006s] Level 1:colcon.colcon_core.environment:checking '/home/ctg/jaka_HumanArm_v2/install/robot_octomap_motion_planning' for CMake module files
[2.007s] DEBUG:colcon.colcon_core.event_handler.log_command:Invoked command in '/home/ctg/jaka_HumanArm_v2/build/robot_octomap_motion_planning' returned '0': CMAKE_PREFIX_PATH=${CMAKE_PREFIX_PATH}:/opt/ros/humble:/home/ctg/dev_ws/install/learning_urdf:/home/ctg/dev_ws/install/learning_topic:/home/ctg/dev_ws/install/learning_tf:/home/ctg/dev_ws/install/learning_service:/home/ctg/dev_ws/install/learning_qos:/home/ctg/dev_ws/install/learning_pkg_python:/home/ctg/dev_ws/install/learning_parameter:/home/ctg/dev_ws/install/learning_node:/home/ctg/dev_ws/install/learning_launch:/home/ctg/dev_ws/install/learning_action:/home/ctg/dev_ws/install/learning_gazebo_fortress:/home/ctg/dev_ws/install/learning_gazebo:/home/ctg/dev_ws/install/learning_cv /usr/bin/cmake --install /home/ctg/jaka_HumanArm_v2/build/robot_octomap_motion_planning
[2.010s] Level 1:colcon.colcon_core.environment:checking '/home/ctg/jaka_HumanArm_v2/install/robot_octomap_motion_planning' for CMake config files
[2.012s] Level 1:colcon.colcon_core.shell:create_environment_hook('robot_octomap_motion_planning', 'cmake_prefix_path')
[2.012s] INFO:colcon.colcon_core.shell:Creating environment hook '/home/ctg/jaka_HumanArm_v2/install/robot_octomap_motion_planning/share/robot_octomap_motion_planning/hook/cmake_prefix_path.ps1'
[2.014s] INFO:colcon.colcon_core.shell:Creating environment descriptor '/home/ctg/jaka_HumanArm_v2/install/robot_octomap_motion_planning/share/robot_octomap_motion_planning/hook/cmake_prefix_path.dsv'
[2.015s] INFO:colcon.colcon_core.shell:Creating environment hook '/home/ctg/jaka_HumanArm_v2/install/robot_octomap_motion_planning/share/robot_octomap_motion_planning/hook/cmake_prefix_path.sh'
[2.018s] Level 1:colcon.colcon_core.environment:checking '/home/ctg/jaka_HumanArm_v2/install/robot_octomap_motion_planning/lib'
[2.018s] Level 1:colcon.colcon_core.environment:checking '/home/ctg/jaka_HumanArm_v2/install/robot_octomap_motion_planning/bin'
[2.018s] Level 1:colcon.colcon_core.environment:checking '/home/ctg/jaka_HumanArm_v2/install/robot_octomap_motion_planning/lib/pkgconfig/robot_octomap_motion_planning.pc'
[2.019s] Level 1:colcon.colcon_core.environment:checking '/home/ctg/jaka_HumanArm_v2/install/robot_octomap_motion_planning/lib/python3.10/site-packages'
[2.020s] Level 1:colcon.colcon_core.environment:checking '/home/ctg/jaka_HumanArm_v2/install/robot_octomap_motion_planning/bin'
[2.020s] INFO:colcon.colcon_core.shell:Creating package script '/home/ctg/jaka_HumanArm_v2/install/robot_octomap_motion_planning/share/robot_octomap_motion_planning/package.ps1'
[2.021s] INFO:colcon.colcon_core.shell:Creating package descriptor '/home/ctg/jaka_HumanArm_v2/install/robot_octomap_motion_planning/share/robot_octomap_motion_planning/package.dsv'
[2.022s] INFO:colcon.colcon_core.shell:Creating package script '/home/ctg/jaka_HumanArm_v2/install/robot_octomap_motion_planning/share/robot_octomap_motion_planning/package.sh'
[2.025s] INFO:colcon.colcon_core.shell:Creating package script '/home/ctg/jaka_HumanArm_v2/install/robot_octomap_motion_planning/share/robot_octomap_motion_planning/package.bash'
[2.026s] INFO:colcon.colcon_core.shell:Creating package script '/home/ctg/jaka_HumanArm_v2/install/robot_octomap_motion_planning/share/robot_octomap_motion_planning/package.zsh'
[2.027s] Level 1:colcon.colcon_core.environment:create_file_with_runtime_dependencies(/home/ctg/jaka_HumanArm_v2/install/robot_octomap_motion_planning/share/colcon-core/packages/robot_octomap_motion_planning)
[2.050s] DEBUG:colcon.colcon_core.event_handler.log_command:Invoking command in '/home/ctg/jaka_HumanArm_v2/build/robot_moveit_config': AMENT_PREFIX_PATH=/home/ctg/jaka_HumanArm_v2/install/robot_description:${AMENT_PREFIX_PATH} CMAKE_PREFIX_PATH=/home/ctg/jaka_HumanArm_v2/install/robot_description:/home/ctg/dev_ws/install/pkg01_helloworld_cpp:/home/ctg/dev_ws/install/learning_topic_cpp:/home/ctg/dev_ws/install/learning_tf_cpp:/home/ctg/dev_ws/install/learning_service_cpp:/home/ctg/dev_ws/install/learning_pkg_c:/home/ctg/dev_ws/install/learning_parameter_cpp:/home/ctg/dev_ws/install/learning_node_cpp:/home/ctg/dev_ws/install/learning_action_cpp:/home/ctg/dev_ws/install/learning_interface:/opt/ros/humble:/home/ctg/dev_ws/install/learning_urdf:/home/ctg/dev_ws/install/learning_topic:/home/ctg/dev_ws/install/learning_tf:/home/ctg/dev_ws/install/learning_service:/home/ctg/dev_ws/install/learning_qos:/home/ctg/dev_ws/install/learning_pkg_python:/home/ctg/dev_ws/install/learning_parameter:/home/ctg/dev_ws/install/learning_node:/home/ctg/dev_ws/install/learning_launch:/home/ctg/dev_ws/install/learning_action:/home/ctg/dev_ws/install/learning_gazebo_fortress:/home/ctg/dev_ws/install/learning_gazebo:/home/ctg/dev_ws/install/learning_cv /usr/bin/cmake --build /home/ctg/jaka_HumanArm_v2/build/robot_moveit_config -- -j32 -l32
[2.062s] Level 1:colcon.colcon_core.environment:create_environment_scripts_only(robot_moveit_interface)
[2.063s] Level 1:colcon.colcon_core.environment:checking '/home/ctg/jaka_HumanArm_v2/install/robot_moveit_interface' for CMake module files
[2.064s] Level 1:colcon.colcon_core.environment:checking '/home/ctg/jaka_HumanArm_v2/install/robot_moveit_interface' for CMake config files
[2.065s] Level 1:colcon.colcon_core.shell:create_environment_hook('robot_moveit_interface', 'cmake_prefix_path')
[2.065s] INFO:colcon.colcon_core.shell:Creating environment hook '/home/ctg/jaka_HumanArm_v2/install/robot_moveit_interface/share/robot_moveit_interface/hook/cmake_prefix_path.ps1'
[2.067s] INFO:colcon.colcon_core.shell:Creating environment descriptor '/home/ctg/jaka_HumanArm_v2/install/robot_moveit_interface/share/robot_moveit_interface/hook/cmake_prefix_path.dsv'
[2.070s] INFO:colcon.colcon_core.shell:Creating environment hook '/home/ctg/jaka_HumanArm_v2/install/robot_moveit_interface/share/robot_moveit_interface/hook/cmake_prefix_path.sh'
[2.072s] Level 1:colcon.colcon_core.environment:checking '/home/ctg/jaka_HumanArm_v2/install/robot_moveit_interface/lib'
[2.073s] Level 1:colcon.colcon_core.environment:checking '/home/ctg/jaka_HumanArm_v2/install/robot_moveit_interface/bin'
[2.073s] Level 1:colcon.colcon_core.environment:checking '/home/ctg/jaka_HumanArm_v2/install/robot_moveit_interface/lib/pkgconfig/robot_moveit_interface.pc'
[2.074s] Level 1:colcon.colcon_core.environment:checking '/home/ctg/jaka_HumanArm_v2/install/robot_moveit_interface/lib/python3.10/site-packages'
[2.075s] Level 1:colcon.colcon_core.environment:checking '/home/ctg/jaka_HumanArm_v2/install/robot_moveit_interface/bin'
[2.075s] INFO:colcon.colcon_core.shell:Creating package script '/home/ctg/jaka_HumanArm_v2/install/robot_moveit_interface/share/robot_moveit_interface/package.ps1'
[2.077s] INFO:colcon.colcon_core.shell:Creating package descriptor '/home/ctg/jaka_HumanArm_v2/install/robot_moveit_interface/share/robot_moveit_interface/package.dsv'
[2.079s] INFO:colcon.colcon_core.shell:Creating package script '/home/ctg/jaka_HumanArm_v2/install/robot_moveit_interface/share/robot_moveit_interface/package.sh'
[2.081s] INFO:colcon.colcon_core.shell:Creating package script '/home/ctg/jaka_HumanArm_v2/install/robot_moveit_interface/share/robot_moveit_interface/package.bash'
[2.082s] INFO:colcon.colcon_core.shell:Creating package script '/home/ctg/jaka_HumanArm_v2/install/robot_moveit_interface/share/robot_moveit_interface/package.zsh'
[2.083s] Level 1:colcon.colcon_core.environment:create_file_with_runtime_dependencies(/home/ctg/jaka_HumanArm_v2/install/robot_moveit_interface/share/colcon-core/packages/robot_moveit_interface)
[2.166s] Level 1:colcon.colcon_core.environment:create_environment_scripts_only(robot_octomap_motion_planning)
[2.167s] Level 1:colcon.colcon_core.environment:checking '/home/ctg/jaka_HumanArm_v2/install/robot_octomap_motion_planning' for CMake module files
[2.170s] Level 1:colcon.colcon_core.environment:checking '/home/ctg/jaka_HumanArm_v2/install/robot_octomap_motion_planning' for CMake config files
[2.170s] Level 1:colcon.colcon_core.shell:create_environment_hook('robot_octomap_motion_planning', 'cmake_prefix_path')
[2.170s] INFO:colcon.colcon_core.shell:Creating environment hook '/home/ctg/jaka_HumanArm_v2/install/robot_octomap_motion_planning/share/robot_octomap_motion_planning/hook/cmake_prefix_path.ps1'
[2.172s] INFO:colcon.colcon_core.shell:Creating environment descriptor '/home/ctg/jaka_HumanArm_v2/install/robot_octomap_motion_planning/share/robot_octomap_motion_planning/hook/cmake_prefix_path.dsv'
[2.174s] INFO:colcon.colcon_core.shell:Creating environment hook '/home/ctg/jaka_HumanArm_v2/install/robot_octomap_motion_planning/share/robot_octomap_motion_planning/hook/cmake_prefix_path.sh'
[2.176s] Level 1:colcon.colcon_core.environment:checking '/home/ctg/jaka_HumanArm_v2/install/robot_octomap_motion_planning/lib'
[2.176s] Level 1:colcon.colcon_core.environment:checking '/home/ctg/jaka_HumanArm_v2/install/robot_octomap_motion_planning/bin'
[2.176s] Level 1:colcon.colcon_core.environment:checking '/home/ctg/jaka_HumanArm_v2/install/robot_octomap_motion_planning/lib/pkgconfig/robot_octomap_motion_planning.pc'
[2.177s] Level 1:colcon.colcon_core.environment:checking '/home/ctg/jaka_HumanArm_v2/install/robot_octomap_motion_planning/lib/python3.10/site-packages'
[2.178s] Level 1:colcon.colcon_core.environment:checking '/home/ctg/jaka_HumanArm_v2/install/robot_octomap_motion_planning/bin'
[2.179s] INFO:colcon.colcon_core.shell:Creating package script '/home/ctg/jaka_HumanArm_v2/install/robot_octomap_motion_planning/share/robot_octomap_motion_planning/package.ps1'
[2.180s] INFO:colcon.colcon_core.shell:Creating package descriptor '/home/ctg/jaka_HumanArm_v2/install/robot_octomap_motion_planning/share/robot_octomap_motion_planning/package.dsv'
[2.182s] INFO:colcon.colcon_core.shell:Creating package script '/home/ctg/jaka_HumanArm_v2/install/robot_octomap_motion_planning/share/robot_octomap_motion_planning/package.sh'
[2.184s] INFO:colcon.colcon_core.shell:Creating package script '/home/ctg/jaka_HumanArm_v2/install/robot_octomap_motion_planning/share/robot_octomap_motion_planning/package.bash'
[2.185s] INFO:colcon.colcon_core.shell:Creating package script '/home/ctg/jaka_HumanArm_v2/install/robot_octomap_motion_planning/share/robot_octomap_motion_planning/package.zsh'
[2.185s] Level 1:colcon.colcon_core.environment:create_file_with_runtime_dependencies(/home/ctg/jaka_HumanArm_v2/install/robot_octomap_motion_planning/share/colcon-core/packages/robot_octomap_motion_planning)
[2.193s] DEBUG:colcon.colcon_core.event_handler.log_command:Invoked command in '/home/ctg/jaka_HumanArm_v2/build/robot_moveit_config' returned '0': AMENT_PREFIX_PATH=/home/ctg/jaka_HumanArm_v2/install/robot_description:${AMENT_PREFIX_PATH} CMAKE_PREFIX_PATH=/home/ctg/jaka_HumanArm_v2/install/robot_description:/home/ctg/dev_ws/install/pkg01_helloworld_cpp:/home/ctg/dev_ws/install/learning_topic_cpp:/home/ctg/dev_ws/install/learning_tf_cpp:/home/ctg/dev_ws/install/learning_service_cpp:/home/ctg/dev_ws/install/learning_pkg_c:/home/ctg/dev_ws/install/learning_parameter_cpp:/home/ctg/dev_ws/install/learning_node_cpp:/home/ctg/dev_ws/install/learning_action_cpp:/home/ctg/dev_ws/install/learning_interface:/opt/ros/humble:/home/ctg/dev_ws/install/learning_urdf:/home/ctg/dev_ws/install/learning_topic:/home/ctg/dev_ws/install/learning_tf:/home/ctg/dev_ws/install/learning_service:/home/ctg/dev_ws/install/learning_qos:/home/ctg/dev_ws/install/learning_pkg_python:/home/ctg/dev_ws/install/learning_parameter:/home/ctg/dev_ws/install/learning_node:/home/ctg/dev_ws/install/learning_launch:/home/ctg/dev_ws/install/learning_action:/home/ctg/dev_ws/install/learning_gazebo_fortress:/home/ctg/dev_ws/install/learning_gazebo:/home/ctg/dev_ws/install/learning_cv /usr/bin/cmake --build /home/ctg/jaka_HumanArm_v2/build/robot_moveit_config -- -j32 -l32
[2.319s] DEBUG:colcon.colcon_core.event_handler.log_command:Invoking command in '/home/ctg/jaka_HumanArm_v2/build/robot_moveit_config': AMENT_PREFIX_PATH=/home/ctg/jaka_HumanArm_v2/install/robot_description:${AMENT_PREFIX_PATH} CMAKE_PREFIX_PATH=/home/ctg/jaka_HumanArm_v2/install/robot_description:/home/ctg/dev_ws/install/pkg01_helloworld_cpp:/home/ctg/dev_ws/install/learning_topic_cpp:/home/ctg/dev_ws/install/learning_tf_cpp:/home/ctg/dev_ws/install/learning_service_cpp:/home/ctg/dev_ws/install/learning_pkg_c:/home/ctg/dev_ws/install/learning_parameter_cpp:/home/ctg/dev_ws/install/learning_node_cpp:/home/ctg/dev_ws/install/learning_action_cpp:/home/ctg/dev_ws/install/learning_interface:/opt/ros/humble:/home/ctg/dev_ws/install/learning_urdf:/home/ctg/dev_ws/install/learning_topic:/home/ctg/dev_ws/install/learning_tf:/home/ctg/dev_ws/install/learning_service:/home/ctg/dev_ws/install/learning_qos:/home/ctg/dev_ws/install/learning_pkg_python:/home/ctg/dev_ws/install/learning_parameter:/home/ctg/dev_ws/install/learning_node:/home/ctg/dev_ws/install/learning_launch:/home/ctg/dev_ws/install/learning_action:/home/ctg/dev_ws/install/learning_gazebo_fortress:/home/ctg/dev_ws/install/learning_gazebo:/home/ctg/dev_ws/install/learning_cv /usr/bin/cmake --install /home/ctg/jaka_HumanArm_v2/build/robot_moveit_config
[2.360s] Level 1:colcon.colcon_core.environment:create_environment_scripts_only(robot_moveit_config)
[2.361s] Level 1:colcon.colcon_core.environment:checking '/home/ctg/jaka_HumanArm_v2/install/robot_moveit_config' for CMake module files
[2.362s] DEBUG:colcon.colcon_core.event_handler.log_command:Invoked command in '/home/ctg/jaka_HumanArm_v2/build/robot_moveit_config' returned '0': AMENT_PREFIX_PATH=/home/ctg/jaka_HumanArm_v2/install/robot_description:${AMENT_PREFIX_PATH} CMAKE_PREFIX_PATH=/home/ctg/jaka_HumanArm_v2/install/robot_description:/home/ctg/dev_ws/install/pkg01_helloworld_cpp:/home/ctg/dev_ws/install/learning_topic_cpp:/home/ctg/dev_ws/install/learning_tf_cpp:/home/ctg/dev_ws/install/learning_service_cpp:/home/ctg/dev_ws/install/learning_pkg_c:/home/ctg/dev_ws/install/learning_parameter_cpp:/home/ctg/dev_ws/install/learning_node_cpp:/home/ctg/dev_ws/install/learning_action_cpp:/home/ctg/dev_ws/install/learning_interface:/opt/ros/humble:/home/ctg/dev_ws/install/learning_urdf:/home/ctg/dev_ws/install/learning_topic:/home/ctg/dev_ws/install/learning_tf:/home/ctg/dev_ws/install/learning_service:/home/ctg/dev_ws/install/learning_qos:/home/ctg/dev_ws/install/learning_pkg_python:/home/ctg/dev_ws/install/learning_parameter:/home/ctg/dev_ws/install/learning_node:/home/ctg/dev_ws/install/learning_launch:/home/ctg/dev_ws/install/learning_action:/home/ctg/dev_ws/install/learning_gazebo_fortress:/home/ctg/dev_ws/install/learning_gazebo:/home/ctg/dev_ws/install/learning_cv /usr/bin/cmake --install /home/ctg/jaka_HumanArm_v2/build/robot_moveit_config
[2.364s] Level 1:colcon.colcon_core.environment:checking '/home/ctg/jaka_HumanArm_v2/install/robot_moveit_config' for CMake config files
[2.365s] Level 1:colcon.colcon_core.shell:create_environment_hook('robot_moveit_config', 'cmake_prefix_path')
[2.365s] INFO:colcon.colcon_core.shell:Creating environment hook '/home/ctg/jaka_HumanArm_v2/install/robot_moveit_config/share/robot_moveit_config/hook/cmake_prefix_path.ps1'
[2.367s] INFO:colcon.colcon_core.shell:Creating environment descriptor '/home/ctg/jaka_HumanArm_v2/install/robot_moveit_config/share/robot_moveit_config/hook/cmake_prefix_path.dsv'
[2.369s] INFO:colcon.colcon_core.shell:Creating environment hook '/home/ctg/jaka_HumanArm_v2/install/robot_moveit_config/share/robot_moveit_config/hook/cmake_prefix_path.sh'
[2.371s] Level 1:colcon.colcon_core.environment:checking '/home/ctg/jaka_HumanArm_v2/install/robot_moveit_config/bin'
[2.371s] Level 1:colcon.colcon_core.environment:checking '/home/ctg/jaka_HumanArm_v2/install/robot_moveit_config/lib/pkgconfig/robot_moveit_config.pc'
[2.371s] Level 1:colcon.colcon_core.environment:checking '/home/ctg/jaka_HumanArm_v2/install/robot_moveit_config/lib/python3.10/site-packages'
[2.372s] Level 1:colcon.colcon_core.environment:checking '/home/ctg/jaka_HumanArm_v2/install/robot_moveit_config/bin'
[2.373s] INFO:colcon.colcon_core.shell:Creating package script '/home/ctg/jaka_HumanArm_v2/install/robot_moveit_config/share/robot_moveit_config/package.ps1'
[2.376s] INFO:colcon.colcon_core.shell:Creating package descriptor '/home/ctg/jaka_HumanArm_v2/install/robot_moveit_config/share/robot_moveit_config/package.dsv'
[2.377s] INFO:colcon.colcon_core.shell:Creating package script '/home/ctg/jaka_HumanArm_v2/install/robot_moveit_config/share/robot_moveit_config/package.sh'
[2.379s] INFO:colcon.colcon_core.shell:Creating package script '/home/ctg/jaka_HumanArm_v2/install/robot_moveit_config/share/robot_moveit_config/package.bash'
[2.381s] INFO:colcon.colcon_core.shell:Creating package script '/home/ctg/jaka_HumanArm_v2/install/robot_moveit_config/share/robot_moveit_config/package.zsh'
[2.383s] Level 1:colcon.colcon_core.environment:create_file_with_runtime_dependencies(/home/ctg/jaka_HumanArm_v2/install/robot_moveit_config/share/colcon-core/packages/robot_moveit_config)
[2.488s] Level 1:colcon.colcon_core.environment:create_environment_scripts_only(robot_moveit_config)
[2.489s] Level 1:colcon.colcon_core.environment:checking '/home/ctg/jaka_HumanArm_v2/install/robot_moveit_config' for CMake module files
[2.491s] Level 1:colcon.colcon_core.environment:checking '/home/ctg/jaka_HumanArm_v2/install/robot_moveit_config' for CMake config files
[2.491s] Level 1:colcon.colcon_core.shell:create_environment_hook('robot_moveit_config', 'cmake_prefix_path')
[2.492s] INFO:colcon.colcon_core.shell:Creating environment hook '/home/ctg/jaka_HumanArm_v2/install/robot_moveit_config/share/robot_moveit_config/hook/cmake_prefix_path.ps1'
[2.494s] INFO:colcon.colcon_core.shell:Creating environment descriptor '/home/ctg/jaka_HumanArm_v2/install/robot_moveit_config/share/robot_moveit_config/hook/cmake_prefix_path.dsv'
[2.495s] INFO:colcon.colcon_core.shell:Creating environment hook '/home/ctg/jaka_HumanArm_v2/install/robot_moveit_config/share/robot_moveit_config/hook/cmake_prefix_path.sh'
[2.497s] Level 1:colcon.colcon_core.environment:checking '/home/ctg/jaka_HumanArm_v2/install/robot_moveit_config/bin'
[2.497s] Level 1:colcon.colcon_core.environment:checking '/home/ctg/jaka_HumanArm_v2/install/robot_moveit_config/lib/pkgconfig/robot_moveit_config.pc'
[2.498s] Level 1:colcon.colcon_core.environment:checking '/home/ctg/jaka_HumanArm_v2/install/robot_moveit_config/lib/python3.10/site-packages'
[2.498s] Level 1:colcon.colcon_core.environment:checking '/home/ctg/jaka_HumanArm_v2/install/robot_moveit_config/bin'
[2.499s] INFO:colcon.colcon_core.shell:Creating package script '/home/ctg/jaka_HumanArm_v2/install/robot_moveit_config/share/robot_moveit_config/package.ps1'
[2.500s] INFO:colcon.colcon_core.shell:Creating package descriptor '/home/ctg/jaka_HumanArm_v2/install/robot_moveit_config/share/robot_moveit_config/package.dsv'
[2.501s] INFO:colcon.colcon_core.shell:Creating package script '/home/ctg/jaka_HumanArm_v2/install/robot_moveit_config/share/robot_moveit_config/package.sh'
[2.503s] INFO:colcon.colcon_core.shell:Creating package script '/home/ctg/jaka_HumanArm_v2/install/robot_moveit_config/share/robot_moveit_config/package.bash'
[2.505s] INFO:colcon.colcon_core.shell:Creating package script '/home/ctg/jaka_HumanArm_v2/install/robot_moveit_config/share/robot_moveit_config/package.zsh'
[2.506s] Level 1:colcon.colcon_core.environment:create_file_with_runtime_dependencies(/home/ctg/jaka_HumanArm_v2/install/robot_moveit_config/share/colcon-core/packages/robot_moveit_config)
