-- Found ament_cmake: 1.3.9 (/opt/ros/humble/share/ament_cmake/cmake)
-- Found rclcpp: 16.0.9 (/opt/ros/humble/share/rclcpp/cmake)
-- Found rosidl_generator_c: 3.1.5 (/opt/ros/humble/share/rosidl_generator_c/cmake)
-- Found rosidl_adapter: 3.1.5 (/opt/ros/humble/share/rosidl_adapter/cmake)
-- Found rosidl_generator_cpp: 3.1.5 (/opt/ros/humble/share/rosidl_generator_cpp/cmake)
-- Using all available rosidl_typesupport_c: rosidl_typesupport_fastrtps_c;rosidl_typesupport_introspection_c
-- Using all available rosidl_typesupport_cpp: rosidl_typesupport_fastrtps_cpp;rosidl_typesupport_introspection_cpp
-- Found rmw_implementation_cmake: 6.1.2 (/opt/ros/humble/share/rmw_implementation_cmake/cmake)
-- Found rmw_fastrtps_cpp: 6.2.6 (/opt/ros/humble/share/rmw_fastrtps_cpp/cmake)
-- Using RMW implementation 'rmw_fastrtps_cpp' as default
-- Found octomap_msgs: 2.0.0 (/opt/ros/humble/share/octomap_msgs/cmake)
-- Eigen found (include: /usr/include/eigen3, version: 3.4.0)
-- Found Boost: /usr/lib/x86_64-linux-gnu/cmake/Boost-1.74.0/BoostConfig.cmake (found suitable version "1.74.0", minimum required is "1.65.0") found components: system filesystem date_time iostreams serialization 
-- FLANN found (include: /usr/include, lib: /usr/lib/x86_64-linux-gnu/libflann_cpp.so)
-- Found OpenGL: /usr/lib/x86_64-linux-gnu/libOpenGL.so  found components: OpenGL GLX 
-- Found Eigen3: /usr/include/eigen3 (found version "3.4.0") 
-- OpenNI found (version: 1.5.4.0, include: /usr/include/ni, lib: /usr/lib/libOpenNI.so;libusb::libusb)
-- OpenNI2 found (version: 2.2.0.33, include: /usr/include/openni2, lib: /usr/lib/x86_64-linux-gnu/libOpenNI2.so;libusb::libusb)
-- Eigen found (include: /usr/include/eigen3, version: 3.4.0)
-- OpenNI found (version: 1.5.4.0, include: /usr/include/ni, lib: /usr/lib/libOpenNI.so;libusb::libusb)
-- OpenNI2 found (version: 2.2.0.33, include: /usr/include/openni2, lib: /usr/lib/x86_64-linux-gnu/libOpenNI2.so;libusb::libusb)
-- Found Qhull version 8.0.2
-- OpenNI found (version: 1.5.4.0, include: /usr/include/ni, lib: /usr/lib/libOpenNI.so;libusb::libusb)
-- looking for PCL_COMMON
-- looking for PCL_KDTREE
-- looking for PCL_OCTREE
-- looking for PCL_SEARCH
-- looking for PCL_SAMPLE_CONSENSUS
-- looking for PCL_FILTERS
-- looking for PCL_2D
-- looking for PCL_GEOMETRY
-- looking for PCL_IO
-- looking for PCL_FEATURES
-- looking for PCL_ML
-- looking for PCL_SEGMENTATION
-- looking for PCL_VISUALIZATION
-- looking for PCL_SURFACE
-- looking for PCL_REGISTRATION
-- looking for PCL_KEYPOINTS
-- looking for PCL_TRACKING
-- looking for PCL_RECOGNITION
-- looking for PCL_STEREO
-- looking for PCL_APPS
-- looking for PCL_IN_HAND_SCANNER
-- looking for PCL_MODELER
-- looking for PCL_POINT_CLOUD_EDITOR
-- looking for PCL_OUTOFCORE
-- looking for PCL_PEOPLE
-- Found sensor_msgs: 4.2.4 (/opt/ros/humble/share/sensor_msgs/cmake)
-- Found moveit_core: 2.5.5 (/opt/ros/humble/share/moveit_core/cmake)
-- Found Boost: /usr/lib/x86_64-linux-gnu/cmake/Boost-1.74.0/BoostConfig.cmake (found version "1.74.0") found components: chrono date_time filesystem iostreams program_options regex serialization system thread 
-- Found parameter_traits: 0.3.8 (/opt/ros/humble/share/parameter_traits/cmake)
-- Found rclcpp_lifecycle: 16.0.9 (/opt/ros/humble/share/rclcpp_lifecycle/cmake)
-- Found Boost: /usr/lib/x86_64-linux-gnu/cmake/Boost-1.74.0/BoostConfig.cmake (found version "1.74.0") found components: filesystem 
-- library: /usr/lib/x86_64-linux-gnu/libcurl.so
-- Found Eigen3: TRUE (found version "3.4.0") 
-- Ensuring Eigen3 include directory is part of orocos-kdl CMake target
-- Found moveit_ros_planning_interface: 2.5.5 (/opt/ros/humble/share/moveit_ros_planning_interface/cmake)
-- Found Boost: /usr/lib/x86_64-linux-gnu/cmake/Boost-1.74.0/BoostConfig.cmake (found version "1.74.0") found components: date_time filesystem program_options system thread 
-- Found Boost: /usr/lib/x86_64-linux-gnu/cmake/Boost-1.74.0/BoostConfig.cmake (found version "1.74.0") found components: system filesystem date_time program_options thread chrono 
-- Found Boost: /usr/lib/x86_64-linux-gnu/cmake/Boost-1.74.0/BoostConfig.cmake (found version "1.74.0") found components: thread system filesystem regex date_time program_options 
-- Found Boost: /usr/lib/x86_64-linux-gnu/cmake/Boost-1.74.0/BoostConfig.cmake (found version "1.74.0") found components: system filesystem date_time program_options thread 
-- Found moveit_common: 2.5.5 (/opt/ros/humble/share/moveit_common/cmake)
-- Could NOT find libbfd (missing: LIBBFD_LIBRARY LIBBFD_INCLUDE_DIR) 
-- BACKWARD_HAS_UNWIND=1
-- BACKWARD_HAS_BACKTRACE=0
-- BACKWARD_HAS_BACKTRACE_SYMBOL=0
-- BACKWARD_HAS_DW=1
-- BACKWARD_HAS_BFD=0
-- Found Backward: /opt/ros/humble/share/backward_ros/cmake  
-- Found Boost: /usr/lib/x86_64-linux-gnu/cmake/Boost-1.74.0/BoostConfig.cmake (found version "1.74.0") found components: system filesystem date_time thread 
-- Found control_msgs: 4.6.0 (/opt/ros/humble/share/control_msgs/cmake)
-- Found moveit_ros_perception: 2.5.5 (/opt/ros/humble/share/moveit_ros_perception/cmake)
-- Found Boost: /usr/lib/x86_64-linux-gnu/cmake/Boost-1.74.0/BoostConfig.cmake (found version "1.74.0") found components: thread 
-- Found moveit_servo: 2.5.5 (/opt/ros/humble/share/moveit_servo/cmake)
-- Found interactive_markers: 2.3.2 (/opt/ros/humble/share/interactive_markers/cmake)
-- Found rviz_visual_tools: 4.1.4 (/opt/ros/humble/share/rviz_visual_tools/cmake)
-- Setting OGRE_DIR to: '/opt/ros/humble/share/rviz_ogre_vendor/cmake/../../../opt/rviz_ogre_vendor/lib/OGRE/cmake'
-- Found OGRE
--   static     : OFF
--   components : HLMS;MeshLodGenerator;Overlay;Paging;Property;RTShaderSystem;Terrain;Volume
--   plugins    : Plugin_BSPSceneManager;Plugin_OctreeSceneManager;Plugin_PCZSceneManager;Plugin_ParticleFX;RenderSystem_GL;RenderSystem_GL3Plus;Codec_STBI
--   media      : /opt/ros/humble/opt/rviz_ogre_vendor/share/OGRE/Media
-- OGRE_LIBRARIES: OgreHLMS;OgreMeshLodGenerator;OgreOverlay;OgrePaging;OgreProperty;OgreRTShaderSystem;OgreTerrain;OgreVolume;OgreMain
-- OGRE_LIBRARY_DIRS: /opt/ros/humble/opt/rviz_ogre_vendor/lib
-- OGRE_PLUGINS: Plugin_BSPSceneManager;Plugin_OctreeSceneManager;Plugin_PCZSceneManager;Plugin_ParticleFX;RenderSystem_GL;RenderSystem_GL3Plus;Codec_STBI
-- OGRE_PLUGIN_DIR: /opt/ros/humble/opt/rviz_ogre_vendor/lib/OGRE
-- rviz_ogre_vendor::OgreOverlay for IMPORTED_LOCATION_RELEASE: /opt/ros/humble/opt/rviz_ogre_vendor/lib/libOgreOverlay.so
-- rviz_ogre_vendor::OgreOverlay for IMPORTED_LOCATION_DEBUG: /opt/ros/humble/opt/rviz_ogre_vendor/lib/libOgreOverlay.so
-- rviz_ogre_vendor::OgreMain for IMPORTED_LOCATION_RELEASE: /opt/ros/humble/opt/rviz_ogre_vendor/lib/libOgreMain.so
-- rviz_ogre_vendor::OgreMain for IMPORTED_LOCATION_DEBUG: /opt/ros/humble/opt/rviz_ogre_vendor/lib/libOgreMain.so
-- Found OpenGL: /usr/lib/x86_64-linux-gnu/libOpenGL.so   
-- rviz_ogre_vendor::RenderSystem_GL for IMPORTED_LOCATION_RELEASE: _render_system_gl_static_library_abs-NOTFOUND
-- rviz_ogre_vendor::RenderSystem_GL for IMPORTED_LOCATION_DEBUG: _render_system_gl_static_library_abs-NOTFOUND
-- Found moveit_visual_tools: 4.1.0 (/opt/ros/humble/share/moveit_visual_tools/cmake)
-- Found robot_moveit_config: 0.3.0 (/home/ctg/jaka_HumanArm_v2/install/robot_moveit_config/share/robot_moveit_config/cmake)
-- Found robot_description: 0.0.0 (/home/ctg/jaka_HumanArm_v2/install/robot_description/share/robot_description/cmake)
-- Found arm_hand_interface: 0.0.0 (/home/ctg/jaka_HumanArm_v2/install/arm_hand_interface/share/arm_hand_interface/cmake)
-- Found ament_lint_auto: 0.12.11 (/opt/ros/humble/share/ament_lint_auto/cmake)
-- Added test 'cppcheck' to perform static code analysis on C / C++ code
-- Configured cppcheck include dirs: /home/ctg/jaka_HumanArm_v2/src/robot_octomap_motion_planning/doc/interactivity/include;/home/ctg/jaka_HumanArm_v2/src/robot_octomap_motion_planning/,;$<BUILD_INTERFACE:/home/ctg/jaka_HumanArm_v2/src/robot_octomap_motion_planning/include>;/home/ctg/jaka_HumanArm_v2/src/robot_octomap_motion_planning/include
-- Configured cppcheck exclude dirs and/or files: 
-- Added test 'flake8' to check Python code syntax and style conventions
-- Added test 'lint_cmake' to check CMake code style
-- Added test 'pep257' to check Python code against some of the docstring style conventions in PEP 257
-- Added test 'uncrustify' to check C / C++ code style
-- Configured uncrustify additional arguments: 
-- Added test 'xmllint' to check XML markup files
-- Configuring done
-- Generating done
-- Build files have been written to: /home/ctg/jaka_HumanArm_v2/build/robot_octomap_motion_planning
[ 50%] [32mBuilding CXX object CMakeFiles/robot_octomap_motion_planning.dir/src/robot_octomap_motion_planning.cpp.o[0m
[100%] [32m[1mLinking CXX executable robot_octomap_motion_planning[0m
[100%] Built target robot_octomap_motion_planning
-- Install configuration: "Release"
-- Installing: /home/ctg/jaka_HumanArm_v2/install/robot_octomap_motion_planning/lib/robot_octomap_motion_planning/robot_octomap_motion_planning
-- Set runtime path of "/home/ctg/jaka_HumanArm_v2/install/robot_octomap_motion_planning/lib/robot_octomap_motion_planning/robot_octomap_motion_planning" to ""
-- Installing: /home/ctg/jaka_HumanArm_v2/install/robot_octomap_motion_planning/share/robot_octomap_motion_planning/launch
-- Installing: /home/ctg/jaka_HumanArm_v2/install/robot_octomap_motion_planning/share/robot_octomap_motion_planning/launch/robot_octomap_motion_planning.launch.py
-- Installing: /home/ctg/jaka_HumanArm_v2/install/robot_octomap_motion_planning/share/ament_index/resource_index/package_run_dependencies/robot_octomap_motion_planning
-- Installing: /home/ctg/jaka_HumanArm_v2/install/robot_octomap_motion_planning/share/ament_index/resource_index/parent_prefix_path/robot_octomap_motion_planning
-- Installing: /home/ctg/jaka_HumanArm_v2/install/robot_octomap_motion_planning/share/robot_octomap_motion_planning/environment/ament_prefix_path.sh
-- Installing: /home/ctg/jaka_HumanArm_v2/install/robot_octomap_motion_planning/share/robot_octomap_motion_planning/environment/ament_prefix_path.dsv
-- Installing: /home/ctg/jaka_HumanArm_v2/install/robot_octomap_motion_planning/share/robot_octomap_motion_planning/environment/path.sh
-- Installing: /home/ctg/jaka_HumanArm_v2/install/robot_octomap_motion_planning/share/robot_octomap_motion_planning/environment/path.dsv
-- Installing: /home/ctg/jaka_HumanArm_v2/install/robot_octomap_motion_planning/share/robot_octomap_motion_planning/local_setup.bash
-- Installing: /home/ctg/jaka_HumanArm_v2/install/robot_octomap_motion_planning/share/robot_octomap_motion_planning/local_setup.sh
-- Installing: /home/ctg/jaka_HumanArm_v2/install/robot_octomap_motion_planning/share/robot_octomap_motion_planning/local_setup.zsh
-- Installing: /home/ctg/jaka_HumanArm_v2/install/robot_octomap_motion_planning/share/robot_octomap_motion_planning/local_setup.dsv
-- Installing: /home/ctg/jaka_HumanArm_v2/install/robot_octomap_motion_planning/share/robot_octomap_motion_planning/package.dsv
-- Installing: /home/ctg/jaka_HumanArm_v2/install/robot_octomap_motion_planning/share/ament_index/resource_index/packages/robot_octomap_motion_planning
-- Installing: /home/ctg/jaka_HumanArm_v2/install/robot_octomap_motion_planning/share/robot_octomap_motion_planning/cmake/ament_cmake_export_dependencies-extras.cmake
-- Installing: /home/ctg/jaka_HumanArm_v2/install/robot_octomap_motion_planning/share/robot_octomap_motion_planning/cmake/ament_cmake_export_include_directories-extras.cmake
-- Installing: /home/ctg/jaka_HumanArm_v2/install/robot_octomap_motion_planning/share/robot_octomap_motion_planning/cmake/robot_octomap_motion_planningConfig.cmake
-- Installing: /home/ctg/jaka_HumanArm_v2/install/robot_octomap_motion_planning/share/robot_octomap_motion_planning/cmake/robot_octomap_motion_planningConfig-version.cmake
-- Installing: /home/ctg/jaka_HumanArm_v2/install/robot_octomap_motion_planning/share/robot_octomap_motion_planning/package.xml
