[0.058s] Invoking command in '/home/ctg/jaka_HumanArm_v2/build/robot_moveit_interface': CMAKE_PREFIX_PATH=${CMAKE_PREFIX_PATH}:/opt/ros/humble:/home/ctg/dev_ws/install/learning_urdf:/home/ctg/dev_ws/install/learning_topic:/home/ctg/dev_ws/install/learning_tf:/home/ctg/dev_ws/install/learning_service:/home/ctg/dev_ws/install/learning_qos:/home/ctg/dev_ws/install/learning_pkg_python:/home/ctg/dev_ws/install/learning_parameter:/home/ctg/dev_ws/install/learning_node:/home/ctg/dev_ws/install/learning_launch:/home/ctg/dev_ws/install/learning_action:/home/ctg/dev_ws/install/learning_gazebo_fortress:/home/ctg/dev_ws/install/learning_gazebo:/home/ctg/dev_ws/install/learning_cv /usr/bin/cmake /home/ctg/jaka_HumanArm_v2/src/robot_moveit_interface -DCMAKE_INSTALL_PREFIX=/home/ctg/jaka_HumanArm_v2/install/robot_moveit_interface
[0.083s] -- Found ament_cmake: 1.3.9 (/opt/ros/humble/share/ament_cmake/cmake)
[0.359s] -- Found rclcpp: 16.0.9 (/opt/ros/humble/share/rclcpp/cmake)
[0.417s] -- Found rosidl_generator_c: 3.1.5 (/opt/ros/humble/share/rosidl_generator_c/cmake)
[0.431s] -- Found rosidl_adapter: 3.1.5 (/opt/ros/humble/share/rosidl_adapter/cmake)
[0.445s] -- Found rosidl_generator_cpp: 3.1.5 (/opt/ros/humble/share/rosidl_generator_cpp/cmake)
[0.467s] -- Using all available rosidl_typesupport_c: rosidl_typesupport_fastrtps_c;rosidl_typesupport_introspection_c
[0.507s] -- Using all available rosidl_typesupport_cpp: rosidl_typesupport_fastrtps_cpp;rosidl_typesupport_introspection_cpp
[0.643s] -- Found rmw_implementation_cmake: 6.1.2 (/opt/ros/humble/share/rmw_implementation_cmake/cmake)
[0.648s] -- Found rmw_fastrtps_cpp: 6.2.6 (/opt/ros/humble/share/rmw_fastrtps_cpp/cmake)
[0.954s] -- Using RMW implementation 'rmw_fastrtps_cpp' as default
[1.297s] -- Found moveit_core: 2.5.5 (/opt/ros/humble/share/moveit_core/cmake)
[1.328s] -- Found Boost: /usr/lib/x86_64-linux-gnu/cmake/Boost-1.74.0/BoostConfig.cmake (found version "1.74.0") found components: chrono date_time filesystem iostreams program_options regex serialization system thread 
[1.338s] -- Found parameter_traits: 0.3.8 (/opt/ros/humble/share/parameter_traits/cmake)
[1.364s] -- Found rclcpp_lifecycle: 16.0.9 (/opt/ros/humble/share/rclcpp_lifecycle/cmake)
[1.452s] -- Found Boost: /usr/lib/x86_64-linux-gnu/cmake/Boost-1.74.0/BoostConfig.cmake (found version "1.74.0") found components: filesystem 
[1.644s] -- library: /usr/lib/x86_64-linux-gnu/libcurl.so
[2.390s] -- Ensuring Eigen3 include directory is part of orocos-kdl CMake target
[4.866s] -- Found moveit_ros_planning_interface: 2.5.5 (/opt/ros/humble/share/moveit_ros_planning_interface/cmake)
[4.880s] -- Found Boost: /usr/lib/x86_64-linux-gnu/cmake/Boost-1.74.0/BoostConfig.cmake (found version "1.74.0") found components: date_time filesystem program_options system thread 
[5.159s] -- Found Boost: /usr/lib/x86_64-linux-gnu/cmake/Boost-1.74.0/BoostConfig.cmake (found version "1.74.0") found components: system filesystem date_time program_options thread chrono 
[6.347s] -- Found Boost: /usr/lib/x86_64-linux-gnu/cmake/Boost-1.74.0/BoostConfig.cmake (found version "1.74.0") found components: thread system filesystem regex date_time program_options 
[6.878s] -- Found Boost: /usr/lib/x86_64-linux-gnu/cmake/Boost-1.74.0/BoostConfig.cmake (found version "1.74.0") found components: system filesystem date_time program_options thread 
[7.846s] -- Found moveit_common: 2.5.5 (/opt/ros/humble/share/moveit_common/cmake)
[7.991s] -- Could NOT find libbfd (missing: LIBBFD_LIBRARY LIBBFD_INCLUDE_DIR) 
[7.991s] -- BACKWARD_HAS_UNWIND=1
[7.991s] -- BACKWARD_HAS_BACKTRACE=0
[7.992s] -- BACKWARD_HAS_BACKTRACE_SYMBOL=0
[7.992s] -- BACKWARD_HAS_DW=1
[7.992s] -- BACKWARD_HAS_BFD=0
[7.992s] -- Found Backward: /opt/ros/humble/share/backward_ros/cmake  
[7.993s] [0mrobot_moveit_interface: You did not request a specific build type: Choosing 'Release' for maximum performance[0m
[8.010s] -- Found Boost: /usr/lib/x86_64-linux-gnu/cmake/Boost-1.74.0/BoostConfig.cmake (found version "1.74.0") found components: system filesystem date_time thread 
[8.013s] -- Found control_msgs: 4.6.0 (/opt/ros/humble/share/control_msgs/cmake)
[8.442s] -- Found moveit_ros_perception: 2.5.5 (/opt/ros/humble/share/moveit_ros_perception/cmake)
[8.457s] -- Found Boost: /usr/lib/x86_64-linux-gnu/cmake/Boost-1.74.0/BoostConfig.cmake (found version "1.74.0") found components: thread 
[9.130s] -- Found moveit_servo: 2.5.5 (/opt/ros/humble/share/moveit_servo/cmake)
[10.506s] -- Found interactive_markers: 2.3.2 (/opt/ros/humble/share/interactive_markers/cmake)
[10.527s] -- Found rviz_visual_tools: 4.1.4 (/opt/ros/humble/share/rviz_visual_tools/cmake)
[10.700s] -- Setting OGRE_DIR to: '/opt/ros/humble/share/rviz_ogre_vendor/cmake/../../../opt/rviz_ogre_vendor/lib/OGRE/cmake'
[10.704s] -- Found OGRE
[10.704s] --   static     : OFF
[10.704s] --   components : HLMS;MeshLodGenerator;Overlay;Paging;Property;RTShaderSystem;Terrain;Volume
[10.704s] --   plugins    : Plugin_BSPSceneManager;Plugin_OctreeSceneManager;Plugin_PCZSceneManager;Plugin_ParticleFX;RenderSystem_GL;RenderSystem_GL3Plus;Codec_STBI
[10.704s] --   media      : /opt/ros/humble/opt/rviz_ogre_vendor/share/OGRE/Media
[10.704s] -- OGRE_LIBRARIES: OgreHLMS;OgreMeshLodGenerator;OgreOverlay;OgrePaging;OgreProperty;OgreRTShaderSystem;OgreTerrain;OgreVolume;OgreMain
[10.704s] -- OGRE_LIBRARY_DIRS: /opt/ros/humble/opt/rviz_ogre_vendor/lib
[10.704s] -- OGRE_PLUGINS: Plugin_BSPSceneManager;Plugin_OctreeSceneManager;Plugin_PCZSceneManager;Plugin_ParticleFX;RenderSystem_GL;RenderSystem_GL3Plus;Codec_STBI
[10.704s] -- OGRE_PLUGIN_DIR: /opt/ros/humble/opt/rviz_ogre_vendor/lib/OGRE
[10.704s] -- rviz_ogre_vendor::OgreOverlay for IMPORTED_LOCATION_RELEASE: /opt/ros/humble/opt/rviz_ogre_vendor/lib/libOgreOverlay.so
[10.704s] -- rviz_ogre_vendor::OgreOverlay for IMPORTED_LOCATION_DEBUG: /opt/ros/humble/opt/rviz_ogre_vendor/lib/libOgreOverlay.so
[10.706s] -- rviz_ogre_vendor::OgreMain for IMPORTED_LOCATION_RELEASE: /opt/ros/humble/opt/rviz_ogre_vendor/lib/libOgreMain.so
[10.706s] -- rviz_ogre_vendor::OgreMain for IMPORTED_LOCATION_DEBUG: /opt/ros/humble/opt/rviz_ogre_vendor/lib/libOgreMain.so
[10.816s] -- rviz_ogre_vendor::RenderSystem_GL for IMPORTED_LOCATION_RELEASE: _render_system_gl_static_library_abs-NOTFOUND
[10.816s] -- rviz_ogre_vendor::RenderSystem_GL for IMPORTED_LOCATION_DEBUG: _render_system_gl_static_library_abs-NOTFOUND
[11.962s] -- Found moveit_visual_tools: 4.1.0 (/opt/ros/humble/share/moveit_visual_tools/cmake)
[13.006s] -- Found robot_moveit_config: 0.3.0 (/home/ctg/jaka_HumanArm_v2/install/robot_moveit_config/share/robot_moveit_config/cmake)
[13.007s] -- Found robot_description: 0.0.0 (/home/ctg/jaka_HumanArm_v2/install/robot_description/share/robot_description/cmake)
[13.040s] -- Configuring done
[13.222s] -- Generating done
[13.237s] -- Build files have been written to: /home/ctg/jaka_HumanArm_v2/build/robot_moveit_interface
[13.263s] Invoked command in '/home/ctg/jaka_HumanArm_v2/build/robot_moveit_interface' returned '0': CMAKE_PREFIX_PATH=${CMAKE_PREFIX_PATH}:/opt/ros/humble:/home/ctg/dev_ws/install/learning_urdf:/home/ctg/dev_ws/install/learning_topic:/home/ctg/dev_ws/install/learning_tf:/home/ctg/dev_ws/install/learning_service:/home/ctg/dev_ws/install/learning_qos:/home/ctg/dev_ws/install/learning_pkg_python:/home/ctg/dev_ws/install/learning_parameter:/home/ctg/dev_ws/install/learning_node:/home/ctg/dev_ws/install/learning_launch:/home/ctg/dev_ws/install/learning_action:/home/ctg/dev_ws/install/learning_gazebo_fortress:/home/ctg/dev_ws/install/learning_gazebo:/home/ctg/dev_ws/install/learning_cv /usr/bin/cmake /home/ctg/jaka_HumanArm_v2/src/robot_moveit_interface -DCMAKE_INSTALL_PREFIX=/home/ctg/jaka_HumanArm_v2/install/robot_moveit_interface
[13.268s] Invoking command in '/home/ctg/jaka_HumanArm_v2/build/robot_moveit_interface': CMAKE_PREFIX_PATH=${CMAKE_PREFIX_PATH}:/opt/ros/humble:/home/ctg/dev_ws/install/learning_urdf:/home/ctg/dev_ws/install/learning_topic:/home/ctg/dev_ws/install/learning_tf:/home/ctg/dev_ws/install/learning_service:/home/ctg/dev_ws/install/learning_qos:/home/ctg/dev_ws/install/learning_pkg_python:/home/ctg/dev_ws/install/learning_parameter:/home/ctg/dev_ws/install/learning_node:/home/ctg/dev_ws/install/learning_launch:/home/ctg/dev_ws/install/learning_action:/home/ctg/dev_ws/install/learning_gazebo_fortress:/home/ctg/dev_ws/install/learning_gazebo:/home/ctg/dev_ws/install/learning_cv /usr/bin/cmake --build /home/ctg/jaka_HumanArm_v2/build/robot_moveit_interface -- -j32 -l32
[13.412s] [ 50%] [32mBuilding CXX object CMakeFiles/robot_moveit_interface.dir/src/robot_moveit_interface.cpp.o[0m
[56.261s] [100%] [32m[1mLinking CXX executable robot_moveit_interface[0m
[59.513s] [100%] Built target robot_moveit_interface
[59.567s] Invoked command in '/home/ctg/jaka_HumanArm_v2/build/robot_moveit_interface' returned '0': CMAKE_PREFIX_PATH=${CMAKE_PREFIX_PATH}:/opt/ros/humble:/home/ctg/dev_ws/install/learning_urdf:/home/ctg/dev_ws/install/learning_topic:/home/ctg/dev_ws/install/learning_tf:/home/ctg/dev_ws/install/learning_service:/home/ctg/dev_ws/install/learning_qos:/home/ctg/dev_ws/install/learning_pkg_python:/home/ctg/dev_ws/install/learning_parameter:/home/ctg/dev_ws/install/learning_node:/home/ctg/dev_ws/install/learning_launch:/home/ctg/dev_ws/install/learning_action:/home/ctg/dev_ws/install/learning_gazebo_fortress:/home/ctg/dev_ws/install/learning_gazebo:/home/ctg/dev_ws/install/learning_cv /usr/bin/cmake --build /home/ctg/jaka_HumanArm_v2/build/robot_moveit_interface -- -j32 -l32
[59.705s] Invoking command in '/home/ctg/jaka_HumanArm_v2/build/robot_moveit_interface': CMAKE_PREFIX_PATH=${CMAKE_PREFIX_PATH}:/opt/ros/humble:/home/ctg/dev_ws/install/learning_urdf:/home/ctg/dev_ws/install/learning_topic:/home/ctg/dev_ws/install/learning_tf:/home/ctg/dev_ws/install/learning_service:/home/ctg/dev_ws/install/learning_qos:/home/ctg/dev_ws/install/learning_pkg_python:/home/ctg/dev_ws/install/learning_parameter:/home/ctg/dev_ws/install/learning_node:/home/ctg/dev_ws/install/learning_launch:/home/ctg/dev_ws/install/learning_action:/home/ctg/dev_ws/install/learning_gazebo_fortress:/home/ctg/dev_ws/install/learning_gazebo:/home/ctg/dev_ws/install/learning_cv /usr/bin/cmake --install /home/ctg/jaka_HumanArm_v2/build/robot_moveit_interface
[59.715s] -- Install configuration: "Release"
[59.715s] -- Installing: /home/ctg/jaka_HumanArm_v2/install/robot_moveit_interface/lib/robot_moveit_interface/robot_moveit_interface
[59.716s] -- Set runtime path of "/home/ctg/jaka_HumanArm_v2/install/robot_moveit_interface/lib/robot_moveit_interface/robot_moveit_interface" to ""
[59.716s] -- Installing: /home/ctg/jaka_HumanArm_v2/install/robot_moveit_interface/share/robot_moveit_interface/launch
[59.717s] -- Installing: /home/ctg/jaka_HumanArm_v2/install/robot_moveit_interface/share/robot_moveit_interface/launch/robot_moveit_interface.launch.py
[59.719s] -- Installing: /home/ctg/jaka_HumanArm_v2/install/robot_moveit_interface/share/ament_index/resource_index/package_run_dependencies/robot_moveit_interface
[59.720s] -- Installing: /home/ctg/jaka_HumanArm_v2/install/robot_moveit_interface/share/ament_index/resource_index/parent_prefix_path/robot_moveit_interface
[59.723s] -- Installing: /home/ctg/jaka_HumanArm_v2/install/robot_moveit_interface/share/robot_moveit_interface/environment/ament_prefix_path.sh
[59.723s] -- Installing: /home/ctg/jaka_HumanArm_v2/install/robot_moveit_interface/share/robot_moveit_interface/environment/ament_prefix_path.dsv
[59.723s] -- Installing: /home/ctg/jaka_HumanArm_v2/install/robot_moveit_interface/share/robot_moveit_interface/environment/path.sh
[59.723s] -- Installing: /home/ctg/jaka_HumanArm_v2/install/robot_moveit_interface/share/robot_moveit_interface/environment/path.dsv
[59.723s] -- Installing: /home/ctg/jaka_HumanArm_v2/install/robot_moveit_interface/share/robot_moveit_interface/local_setup.bash
[59.723s] -- Installing: /home/ctg/jaka_HumanArm_v2/install/robot_moveit_interface/share/robot_moveit_interface/local_setup.sh
[59.724s] -- Installing: /home/ctg/jaka_HumanArm_v2/install/robot_moveit_interface/share/robot_moveit_interface/local_setup.zsh
[59.724s] -- Installing: /home/ctg/jaka_HumanArm_v2/install/robot_moveit_interface/share/robot_moveit_interface/local_setup.dsv
[59.725s] -- Installing: /home/ctg/jaka_HumanArm_v2/install/robot_moveit_interface/share/robot_moveit_interface/package.dsv
[59.725s] -- Installing: /home/ctg/jaka_HumanArm_v2/install/robot_moveit_interface/share/ament_index/resource_index/packages/robot_moveit_interface
[59.725s] -- Installing: /home/ctg/jaka_HumanArm_v2/install/robot_moveit_interface/share/robot_moveit_interface/cmake/ament_cmake_export_dependencies-extras.cmake
[59.726s] -- Installing: /home/ctg/jaka_HumanArm_v2/install/robot_moveit_interface/share/robot_moveit_interface/cmake/ament_cmake_export_include_directories-extras.cmake
[59.727s] -- Installing: /home/ctg/jaka_HumanArm_v2/install/robot_moveit_interface/share/robot_moveit_interface/cmake/robot_moveit_interfaceConfig.cmake
[59.727s] -- Installing: /home/ctg/jaka_HumanArm_v2/install/robot_moveit_interface/share/robot_moveit_interface/cmake/robot_moveit_interfaceConfig-version.cmake
[59.727s] -- Installing: /home/ctg/jaka_HumanArm_v2/install/robot_moveit_interface/share/robot_moveit_interface/package.xml
[59.731s] Invoked command in '/home/ctg/jaka_HumanArm_v2/build/robot_moveit_interface' returned '0': CMAKE_PREFIX_PATH=${CMAKE_PREFIX_PATH}:/opt/ros/humble:/home/ctg/dev_ws/install/learning_urdf:/home/ctg/dev_ws/install/learning_topic:/home/ctg/dev_ws/install/learning_tf:/home/ctg/dev_ws/install/learning_service:/home/ctg/dev_ws/install/learning_qos:/home/ctg/dev_ws/install/learning_pkg_python:/home/ctg/dev_ws/install/learning_parameter:/home/ctg/dev_ws/install/learning_node:/home/ctg/dev_ws/install/learning_launch:/home/ctg/dev_ws/install/learning_action:/home/ctg/dev_ws/install/learning_gazebo_fortress:/home/ctg/dev_ws/install/learning_gazebo:/home/ctg/dev_ws/install/learning_cv /usr/bin/cmake --install /home/ctg/jaka_HumanArm_v2/build/robot_moveit_interface
