[0.109s] Invoking command in '/home/ctg/jaka_HumanArm_v2/build/arm_hand_interface': CMAKE_PREFIX_PATH=${CMAKE_PREFIX_PATH}:/opt/ros/humble:/home/ctg/dev_ws/install/learning_urdf:/home/ctg/dev_ws/install/learning_topic:/home/ctg/dev_ws/install/learning_tf:/home/ctg/dev_ws/install/learning_service:/home/ctg/dev_ws/install/learning_qos:/home/ctg/dev_ws/install/learning_pkg_python:/home/ctg/dev_ws/install/learning_parameter:/home/ctg/dev_ws/install/learning_node:/home/ctg/dev_ws/install/learning_launch:/home/ctg/dev_ws/install/learning_action:/home/ctg/dev_ws/install/learning_gazebo_fortress:/home/ctg/dev_ws/install/learning_gazebo:/home/ctg/dev_ws/install/learning_cv /usr/bin/cmake --build /home/ctg/jaka_HumanArm_v2/build/arm_hand_interface -- -j32 -l32
[0.511s] [  2%] Built target arm_hand_interface__cpp
[0.555s] [ 12%] Built target arm_hand_interface__rosidl_generator_c
[0.625s] [ 23%] Built target arm_hand_interface__rosidl_typesupport_cpp
[0.626s] [ 23%] Built target ament_cmake_python_copy_arm_hand_interface
[0.633s] [ 34%] Built target arm_hand_interface__rosidl_typesupport_fastrtps_cpp
[0.634s] [ 44%] Built target arm_hand_interface__rosidl_typesupport_introspection_cpp
[0.675s] [ 55%] Built target arm_hand_interface__rosidl_typesupport_introspection_c
[0.680s] [ 72%] Built target arm_hand_interface__rosidl_typesupport_c
[0.681s] [ 76%] Built target arm_hand_interface__rosidl_typesupport_fastrtps_c
[0.755s] [ 76%] Built target arm_hand_interface
[0.843s] [ 78%] Built target arm_hand_interface__py
[0.934s] [ 87%] Built target arm_hand_interface__rosidl_generator_py
[1.058s] [ 91%] Built target arm_hand_interface__rosidl_typesupport_introspection_c__pyext
[1.058s] [ 95%] Built target arm_hand_interface__rosidl_typesupport_fastrtps_c__pyext
[1.074s] [100%] Built target arm_hand_interface__rosidl_typesupport_c__pyext
[1.454s] running egg_info
[1.457s] writing arm_hand_interface.egg-info/PKG-INFO
[1.459s] writing dependency_links to arm_hand_interface.egg-info/dependency_links.txt
[1.459s] writing top-level names to arm_hand_interface.egg-info/top_level.txt
[1.471s] reading manifest file 'arm_hand_interface.egg-info/SOURCES.txt'
[1.474s] writing manifest file 'arm_hand_interface.egg-info/SOURCES.txt'
[1.548s] [100%] Built target ament_cmake_python_build_arm_hand_interface_egg
[1.582s] Invoked command in '/home/ctg/jaka_HumanArm_v2/build/arm_hand_interface' returned '0': CMAKE_PREFIX_PATH=${CMAKE_PREFIX_PATH}:/opt/ros/humble:/home/ctg/dev_ws/install/learning_urdf:/home/ctg/dev_ws/install/learning_topic:/home/ctg/dev_ws/install/learning_tf:/home/ctg/dev_ws/install/learning_service:/home/ctg/dev_ws/install/learning_qos:/home/ctg/dev_ws/install/learning_pkg_python:/home/ctg/dev_ws/install/learning_parameter:/home/ctg/dev_ws/install/learning_node:/home/ctg/dev_ws/install/learning_launch:/home/ctg/dev_ws/install/learning_action:/home/ctg/dev_ws/install/learning_gazebo_fortress:/home/ctg/dev_ws/install/learning_gazebo:/home/ctg/dev_ws/install/learning_cv /usr/bin/cmake --build /home/ctg/jaka_HumanArm_v2/build/arm_hand_interface -- -j32 -l32
[2.245s] Invoking command in '/home/ctg/jaka_HumanArm_v2/build/arm_hand_interface': CMAKE_PREFIX_PATH=${CMAKE_PREFIX_PATH}:/opt/ros/humble:/home/ctg/dev_ws/install/learning_urdf:/home/ctg/dev_ws/install/learning_topic:/home/ctg/dev_ws/install/learning_tf:/home/ctg/dev_ws/install/learning_service:/home/ctg/dev_ws/install/learning_qos:/home/ctg/dev_ws/install/learning_pkg_python:/home/ctg/dev_ws/install/learning_parameter:/home/ctg/dev_ws/install/learning_node:/home/ctg/dev_ws/install/learning_launch:/home/ctg/dev_ws/install/learning_action:/home/ctg/dev_ws/install/learning_gazebo_fortress:/home/ctg/dev_ws/install/learning_gazebo:/home/ctg/dev_ws/install/learning_cv /usr/bin/cmake --install /home/ctg/jaka_HumanArm_v2/build/arm_hand_interface
[2.275s] -- Install configuration: "Release"
[2.275s] -- Up-to-date: /home/ctg/jaka_HumanArm_v2/install/arm_hand_interface/share/ament_index/resource_index/rosidl_interfaces/arm_hand_interface
[2.275s] -- Up-to-date: /home/ctg/jaka_HumanArm_v2/install/arm_hand_interface/include/arm_hand_interface/arm_hand_interface
[2.275s] -- Up-to-date: /home/ctg/jaka_HumanArm_v2/install/arm_hand_interface/include/arm_hand_interface/arm_hand_interface/msg
[2.276s] -- Up-to-date: /home/ctg/jaka_HumanArm_v2/install/arm_hand_interface/include/arm_hand_interface/arm_hand_interface/msg/rosidl_generator_c__visibility_control.h
[2.276s] -- Up-to-date: /home/ctg/jaka_HumanArm_v2/install/arm_hand_interface/include/arm_hand_interface/arm_hand_interface/msg/arm_status.h
[2.277s] -- Up-to-date: /home/ctg/jaka_HumanArm_v2/install/arm_hand_interface/include/arm_hand_interface/arm_hand_interface/msg/detail
[2.277s] -- Up-to-date: /home/ctg/jaka_HumanArm_v2/install/arm_hand_interface/include/arm_hand_interface/arm_hand_interface/msg/detail/arm_status__functions.c
[2.277s] -- Up-to-date: /home/ctg/jaka_HumanArm_v2/install/arm_hand_interface/include/arm_hand_interface/arm_hand_interface/msg/detail/arm_status__type_support.h
[2.277s] -- Up-to-date: /home/ctg/jaka_HumanArm_v2/install/arm_hand_interface/include/arm_hand_interface/arm_hand_interface/msg/detail/arm_status__functions.h
[2.277s] -- Up-to-date: /home/ctg/jaka_HumanArm_v2/install/arm_hand_interface/include/arm_hand_interface/arm_hand_interface/msg/detail/arm_status__struct.h
[2.277s] -- Up-to-date: /home/ctg/jaka_HumanArm_v2/install/arm_hand_interface/include/arm_hand_interface/arm_hand_interface/action
[2.278s] -- Up-to-date: /home/ctg/jaka_HumanArm_v2/install/arm_hand_interface/include/arm_hand_interface/arm_hand_interface/action/arm_vision_planning.h
[2.278s] -- Up-to-date: /home/ctg/jaka_HumanArm_v2/install/arm_hand_interface/include/arm_hand_interface/arm_hand_interface/action/detail
[2.278s] -- Up-to-date: /home/ctg/jaka_HumanArm_v2/install/arm_hand_interface/include/arm_hand_interface/arm_hand_interface/action/detail/arm_vision_planning__functions.h
[2.278s] -- Up-to-date: /home/ctg/jaka_HumanArm_v2/install/arm_hand_interface/include/arm_hand_interface/arm_hand_interface/action/detail/arm_vision_planning__struct.h
[2.279s] -- Up-to-date: /home/ctg/jaka_HumanArm_v2/install/arm_hand_interface/include/arm_hand_interface/arm_hand_interface/action/detail/dexterous_hand__type_support.h
[2.279s] -- Up-to-date: /home/ctg/jaka_HumanArm_v2/install/arm_hand_interface/include/arm_hand_interface/arm_hand_interface/action/detail/dexterous_hand__functions.c
[2.280s] -- Up-to-date: /home/ctg/jaka_HumanArm_v2/install/arm_hand_interface/include/arm_hand_interface/arm_hand_interface/action/detail/dexterous_hand__functions.h
[2.280s] -- Up-to-date: /home/ctg/jaka_HumanArm_v2/install/arm_hand_interface/include/arm_hand_interface/arm_hand_interface/action/detail/dexterous_hand__struct.h
[2.280s] -- Up-to-date: /home/ctg/jaka_HumanArm_v2/install/arm_hand_interface/include/arm_hand_interface/arm_hand_interface/action/detail/arm_vision_planning__type_support.h
[2.280s] -- Up-to-date: /home/ctg/jaka_HumanArm_v2/install/arm_hand_interface/include/arm_hand_interface/arm_hand_interface/action/detail/arm_vision_planning__functions.c
[2.280s] -- Up-to-date: /home/ctg/jaka_HumanArm_v2/install/arm_hand_interface/include/arm_hand_interface/arm_hand_interface/action/dexterous_hand.h
[2.280s] -- Up-to-date: /home/ctg/jaka_HumanArm_v2/install/arm_hand_interface/share/arm_hand_interface/environment/library_path.sh
[2.280s] -- Up-to-date: /home/ctg/jaka_HumanArm_v2/install/arm_hand_interface/share/arm_hand_interface/environment/library_path.dsv
[2.280s] -- Up-to-date: /home/ctg/jaka_HumanArm_v2/install/arm_hand_interface/lib/libarm_hand_interface__rosidl_generator_c.so
[2.280s] -- Up-to-date: /home/ctg/jaka_HumanArm_v2/install/arm_hand_interface/include/arm_hand_interface/arm_hand_interface
[2.280s] -- Up-to-date: /home/ctg/jaka_HumanArm_v2/install/arm_hand_interface/include/arm_hand_interface/arm_hand_interface/msg
[2.280s] -- Up-to-date: /home/ctg/jaka_HumanArm_v2/install/arm_hand_interface/include/arm_hand_interface/arm_hand_interface/msg/rosidl_typesupport_fastrtps_c__visibility_control.h
[2.280s] -- Up-to-date: /home/ctg/jaka_HumanArm_v2/install/arm_hand_interface/include/arm_hand_interface/arm_hand_interface/msg/detail
[2.280s] -- Up-to-date: /home/ctg/jaka_HumanArm_v2/install/arm_hand_interface/include/arm_hand_interface/arm_hand_interface/msg/detail/arm_status__rosidl_typesupport_fastrtps_c.h
[2.280s] -- Up-to-date: /home/ctg/jaka_HumanArm_v2/install/arm_hand_interface/include/arm_hand_interface/arm_hand_interface/action
[2.280s] -- Up-to-date: /home/ctg/jaka_HumanArm_v2/install/arm_hand_interface/include/arm_hand_interface/arm_hand_interface/action/detail
[2.281s] -- Up-to-date: /home/ctg/jaka_HumanArm_v2/install/arm_hand_interface/include/arm_hand_interface/arm_hand_interface/action/detail/dexterous_hand__rosidl_typesupport_fastrtps_c.h
[2.281s] -- Up-to-date: /home/ctg/jaka_HumanArm_v2/install/arm_hand_interface/include/arm_hand_interface/arm_hand_interface/action/detail/arm_vision_planning__rosidl_typesupport_fastrtps_c.h
[2.284s] -- Up-to-date: /home/ctg/jaka_HumanArm_v2/install/arm_hand_interface/lib/libarm_hand_interface__rosidl_typesupport_fastrtps_c.so
[2.284s] -- Up-to-date: /home/ctg/jaka_HumanArm_v2/install/arm_hand_interface/include/arm_hand_interface/arm_hand_interface
[2.284s] -- Up-to-date: /home/ctg/jaka_HumanArm_v2/install/arm_hand_interface/include/arm_hand_interface/arm_hand_interface/msg
[2.284s] -- Up-to-date: /home/ctg/jaka_HumanArm_v2/install/arm_hand_interface/include/arm_hand_interface/arm_hand_interface/msg/detail
[2.284s] -- Up-to-date: /home/ctg/jaka_HumanArm_v2/install/arm_hand_interface/include/arm_hand_interface/arm_hand_interface/msg/detail/arm_status__traits.hpp
[2.285s] -- Up-to-date: /home/ctg/jaka_HumanArm_v2/install/arm_hand_interface/include/arm_hand_interface/arm_hand_interface/msg/detail/arm_status__struct.hpp
[2.285s] -- Up-to-date: /home/ctg/jaka_HumanArm_v2/install/arm_hand_interface/include/arm_hand_interface/arm_hand_interface/msg/detail/arm_status__builder.hpp
[2.285s] -- Up-to-date: /home/ctg/jaka_HumanArm_v2/install/arm_hand_interface/include/arm_hand_interface/arm_hand_interface/msg/arm_status.hpp
[2.285s] -- Up-to-date: /home/ctg/jaka_HumanArm_v2/install/arm_hand_interface/include/arm_hand_interface/arm_hand_interface/action
[2.285s] -- Up-to-date: /home/ctg/jaka_HumanArm_v2/install/arm_hand_interface/include/arm_hand_interface/arm_hand_interface/action/arm_vision_planning.hpp
[2.285s] -- Up-to-date: /home/ctg/jaka_HumanArm_v2/install/arm_hand_interface/include/arm_hand_interface/arm_hand_interface/action/detail
[2.285s] -- Up-to-date: /home/ctg/jaka_HumanArm_v2/install/arm_hand_interface/include/arm_hand_interface/arm_hand_interface/action/detail/dexterous_hand__traits.hpp
[2.285s] -- Up-to-date: /home/ctg/jaka_HumanArm_v2/install/arm_hand_interface/include/arm_hand_interface/arm_hand_interface/action/detail/arm_vision_planning__builder.hpp
[2.285s] -- Up-to-date: /home/ctg/jaka_HumanArm_v2/install/arm_hand_interface/include/arm_hand_interface/arm_hand_interface/action/detail/dexterous_hand__builder.hpp
[2.285s] -- Up-to-date: /home/ctg/jaka_HumanArm_v2/install/arm_hand_interface/include/arm_hand_interface/arm_hand_interface/action/detail/dexterous_hand__struct.hpp
[2.285s] -- Up-to-date: /home/ctg/jaka_HumanArm_v2/install/arm_hand_interface/include/arm_hand_interface/arm_hand_interface/action/detail/arm_vision_planning__struct.hpp
[2.285s] -- Up-to-date: /home/ctg/jaka_HumanArm_v2/install/arm_hand_interface/include/arm_hand_interface/arm_hand_interface/action/detail/arm_vision_planning__traits.hpp
[2.285s] -- Up-to-date: /home/ctg/jaka_HumanArm_v2/install/arm_hand_interface/include/arm_hand_interface/arm_hand_interface/action/dexterous_hand.hpp
[2.285s] -- Up-to-date: /home/ctg/jaka_HumanArm_v2/install/arm_hand_interface/include/arm_hand_interface/arm_hand_interface
[2.285s] -- Up-to-date: /home/ctg/jaka_HumanArm_v2/install/arm_hand_interface/include/arm_hand_interface/arm_hand_interface/msg
[2.285s] -- Up-to-date: /home/ctg/jaka_HumanArm_v2/install/arm_hand_interface/include/arm_hand_interface/arm_hand_interface/msg/detail
[2.285s] -- Up-to-date: /home/ctg/jaka_HumanArm_v2/install/arm_hand_interface/include/arm_hand_interface/arm_hand_interface/msg/detail/dds_fastrtps
[2.285s] -- Up-to-date: /home/ctg/jaka_HumanArm_v2/install/arm_hand_interface/include/arm_hand_interface/arm_hand_interface/msg/detail/arm_status__rosidl_typesupport_fastrtps_cpp.hpp
[2.285s] -- Up-to-date: /home/ctg/jaka_HumanArm_v2/install/arm_hand_interface/include/arm_hand_interface/arm_hand_interface/msg/rosidl_typesupport_fastrtps_cpp__visibility_control.h
[2.286s] -- Up-to-date: /home/ctg/jaka_HumanArm_v2/install/arm_hand_interface/include/arm_hand_interface/arm_hand_interface/action
[2.286s] -- Up-to-date: /home/ctg/jaka_HumanArm_v2/install/arm_hand_interface/include/arm_hand_interface/arm_hand_interface/action/detail
[2.286s] -- Up-to-date: /home/ctg/jaka_HumanArm_v2/install/arm_hand_interface/include/arm_hand_interface/arm_hand_interface/action/detail/dds_fastrtps
[2.286s] -- Up-to-date: /home/ctg/jaka_HumanArm_v2/install/arm_hand_interface/include/arm_hand_interface/arm_hand_interface/action/detail/arm_vision_planning__rosidl_typesupport_fastrtps_cpp.hpp
[2.286s] -- Up-to-date: /home/ctg/jaka_HumanArm_v2/install/arm_hand_interface/include/arm_hand_interface/arm_hand_interface/action/detail/dexterous_hand__rosidl_typesupport_fastrtps_cpp.hpp
[2.290s] -- Up-to-date: /home/ctg/jaka_HumanArm_v2/install/arm_hand_interface/lib/libarm_hand_interface__rosidl_typesupport_fastrtps_cpp.so
[2.290s] -- Up-to-date: /home/ctg/jaka_HumanArm_v2/install/arm_hand_interface/include/arm_hand_interface/arm_hand_interface
[2.290s] -- Up-to-date: /home/ctg/jaka_HumanArm_v2/install/arm_hand_interface/include/arm_hand_interface/arm_hand_interface/msg
[2.291s] -- Up-to-date: /home/ctg/jaka_HumanArm_v2/install/arm_hand_interface/include/arm_hand_interface/arm_hand_interface/msg/rosidl_typesupport_introspection_c__visibility_control.h
[2.291s] -- Up-to-date: /home/ctg/jaka_HumanArm_v2/install/arm_hand_interface/include/arm_hand_interface/arm_hand_interface/msg/detail
[2.291s] -- Up-to-date: /home/ctg/jaka_HumanArm_v2/install/arm_hand_interface/include/arm_hand_interface/arm_hand_interface/msg/detail/arm_status__rosidl_typesupport_introspection_c.h
[2.291s] -- Up-to-date: /home/ctg/jaka_HumanArm_v2/install/arm_hand_interface/include/arm_hand_interface/arm_hand_interface/msg/detail/arm_status__type_support.c
[2.291s] -- Up-to-date: /home/ctg/jaka_HumanArm_v2/install/arm_hand_interface/include/arm_hand_interface/arm_hand_interface/action
[2.291s] -- Up-to-date: /home/ctg/jaka_HumanArm_v2/install/arm_hand_interface/include/arm_hand_interface/arm_hand_interface/action/detail
[2.291s] -- Up-to-date: /home/ctg/jaka_HumanArm_v2/install/arm_hand_interface/include/arm_hand_interface/arm_hand_interface/action/detail/dexterous_hand__rosidl_typesupport_introspection_c.h
[2.292s] -- Up-to-date: /home/ctg/jaka_HumanArm_v2/install/arm_hand_interface/include/arm_hand_interface/arm_hand_interface/action/detail/arm_vision_planning__rosidl_typesupport_introspection_c.h
[2.292s] -- Up-to-date: /home/ctg/jaka_HumanArm_v2/install/arm_hand_interface/include/arm_hand_interface/arm_hand_interface/action/detail/dexterous_hand__type_support.c
[2.292s] -- Up-to-date: /home/ctg/jaka_HumanArm_v2/install/arm_hand_interface/include/arm_hand_interface/arm_hand_interface/action/detail/arm_vision_planning__type_support.c
[2.294s] -- Up-to-date: /home/ctg/jaka_HumanArm_v2/install/arm_hand_interface/lib/libarm_hand_interface__rosidl_typesupport_introspection_c.so
[2.300s] -- Up-to-date: /home/ctg/jaka_HumanArm_v2/install/arm_hand_interface/lib/libarm_hand_interface__rosidl_typesupport_c.so
[2.300s] -- Up-to-date: /home/ctg/jaka_HumanArm_v2/install/arm_hand_interface/include/arm_hand_interface/arm_hand_interface
[2.300s] -- Up-to-date: /home/ctg/jaka_HumanArm_v2/install/arm_hand_interface/include/arm_hand_interface/arm_hand_interface/msg
[2.300s] -- Up-to-date: /home/ctg/jaka_HumanArm_v2/install/arm_hand_interface/include/arm_hand_interface/arm_hand_interface/msg/detail
[2.300s] -- Up-to-date: /home/ctg/jaka_HumanArm_v2/install/arm_hand_interface/include/arm_hand_interface/arm_hand_interface/msg/detail/arm_status__type_support.cpp
[2.300s] -- Up-to-date: /home/ctg/jaka_HumanArm_v2/install/arm_hand_interface/include/arm_hand_interface/arm_hand_interface/msg/detail/arm_status__rosidl_typesupport_introspection_cpp.hpp
[2.301s] -- Up-to-date: /home/ctg/jaka_HumanArm_v2/install/arm_hand_interface/include/arm_hand_interface/arm_hand_interface/action
[2.301s] -- Up-to-date: /home/ctg/jaka_HumanArm_v2/install/arm_hand_interface/include/arm_hand_interface/arm_hand_interface/action/detail
[2.301s] -- Up-to-date: /home/ctg/jaka_HumanArm_v2/install/arm_hand_interface/include/arm_hand_interface/arm_hand_interface/action/detail/arm_vision_planning__rosidl_typesupport_introspection_cpp.hpp
[2.301s] -- Up-to-date: /home/ctg/jaka_HumanArm_v2/install/arm_hand_interface/include/arm_hand_interface/arm_hand_interface/action/detail/dexterous_hand__rosidl_typesupport_introspection_cpp.hpp
[2.302s] -- Up-to-date: /home/ctg/jaka_HumanArm_v2/install/arm_hand_interface/include/arm_hand_interface/arm_hand_interface/action/detail/arm_vision_planning__type_support.cpp
[2.302s] -- Up-to-date: /home/ctg/jaka_HumanArm_v2/install/arm_hand_interface/include/arm_hand_interface/arm_hand_interface/action/detail/dexterous_hand__type_support.cpp
[2.307s] -- Up-to-date: /home/ctg/jaka_HumanArm_v2/install/arm_hand_interface/lib/libarm_hand_interface__rosidl_typesupport_introspection_cpp.so
[2.312s] -- Up-to-date: /home/ctg/jaka_HumanArm_v2/install/arm_hand_interface/lib/libarm_hand_interface__rosidl_typesupport_cpp.so
[2.312s] -- Up-to-date: /home/ctg/jaka_HumanArm_v2/install/arm_hand_interface/share/arm_hand_interface/environment/pythonpath.sh
[2.313s] -- Up-to-date: /home/ctg/jaka_HumanArm_v2/install/arm_hand_interface/share/arm_hand_interface/environment/pythonpath.dsv
[2.313s] -- Up-to-date: /home/ctg/jaka_HumanArm_v2/install/arm_hand_interface/local/lib/python3.10/dist-packages/arm_hand_interface-0.0.0-py3.10.egg-info
[2.313s] -- Installing: /home/ctg/jaka_HumanArm_v2/install/arm_hand_interface/local/lib/python3.10/dist-packages/arm_hand_interface-0.0.0-py3.10.egg-info/top_level.txt
[2.315s] -- Installing: /home/ctg/jaka_HumanArm_v2/install/arm_hand_interface/local/lib/python3.10/dist-packages/arm_hand_interface-0.0.0-py3.10.egg-info/dependency_links.txt
[2.315s] -- Installing: /home/ctg/jaka_HumanArm_v2/install/arm_hand_interface/local/lib/python3.10/dist-packages/arm_hand_interface-0.0.0-py3.10.egg-info/PKG-INFO
[2.316s] -- Installing: /home/ctg/jaka_HumanArm_v2/install/arm_hand_interface/local/lib/python3.10/dist-packages/arm_hand_interface-0.0.0-py3.10.egg-info/SOURCES.txt
[2.316s] -- Up-to-date: /home/ctg/jaka_HumanArm_v2/install/arm_hand_interface/local/lib/python3.10/dist-packages/arm_hand_interface
[2.316s] -- Up-to-date: /home/ctg/jaka_HumanArm_v2/install/arm_hand_interface/local/lib/python3.10/dist-packages/arm_hand_interface/_arm_hand_interface_s.ep.rosidl_typesupport_c.c
[2.316s] -- Up-to-date: /home/ctg/jaka_HumanArm_v2/install/arm_hand_interface/local/lib/python3.10/dist-packages/arm_hand_interface/arm_hand_interface_s__rosidl_typesupport_introspection_c.cpython-310-x86_64-linux-gnu.so
[2.316s] -- Up-to-date: /home/ctg/jaka_HumanArm_v2/install/arm_hand_interface/local/lib/python3.10/dist-packages/arm_hand_interface/msg
[2.316s] -- Up-to-date: /home/ctg/jaka_HumanArm_v2/install/arm_hand_interface/local/lib/python3.10/dist-packages/arm_hand_interface/msg/_arm_status_s.c
[2.316s] -- Up-to-date: /home/ctg/jaka_HumanArm_v2/install/arm_hand_interface/local/lib/python3.10/dist-packages/arm_hand_interface/msg/_arm_status.py
[2.317s] -- Up-to-date: /home/ctg/jaka_HumanArm_v2/install/arm_hand_interface/local/lib/python3.10/dist-packages/arm_hand_interface/msg/__init__.py
[2.317s] -- Up-to-date: /home/ctg/jaka_HumanArm_v2/install/arm_hand_interface/local/lib/python3.10/dist-packages/arm_hand_interface/libarm_hand_interface__rosidl_generator_py.so
[2.317s] -- Up-to-date: /home/ctg/jaka_HumanArm_v2/install/arm_hand_interface/local/lib/python3.10/dist-packages/arm_hand_interface/action
[2.317s] -- Up-to-date: /home/ctg/jaka_HumanArm_v2/install/arm_hand_interface/local/lib/python3.10/dist-packages/arm_hand_interface/action/_arm_vision_planning_s.c
[2.317s] -- Up-to-date: /home/ctg/jaka_HumanArm_v2/install/arm_hand_interface/local/lib/python3.10/dist-packages/arm_hand_interface/action/_dexterous_hand_s.c
[2.318s] -- Up-to-date: /home/ctg/jaka_HumanArm_v2/install/arm_hand_interface/local/lib/python3.10/dist-packages/arm_hand_interface/action/_arm_vision_planning.py
[2.318s] -- Up-to-date: /home/ctg/jaka_HumanArm_v2/install/arm_hand_interface/local/lib/python3.10/dist-packages/arm_hand_interface/action/_dexterous_hand.py
[2.318s] -- Up-to-date: /home/ctg/jaka_HumanArm_v2/install/arm_hand_interface/local/lib/python3.10/dist-packages/arm_hand_interface/action/__init__.py
[2.318s] -- Up-to-date: /home/ctg/jaka_HumanArm_v2/install/arm_hand_interface/local/lib/python3.10/dist-packages/arm_hand_interface/_arm_hand_interface_s.ep.rosidl_typesupport_fastrtps_c.c
[2.318s] -- Up-to-date: /home/ctg/jaka_HumanArm_v2/install/arm_hand_interface/local/lib/python3.10/dist-packages/arm_hand_interface/__init__.py
[2.318s] -- Up-to-date: /home/ctg/jaka_HumanArm_v2/install/arm_hand_interface/local/lib/python3.10/dist-packages/arm_hand_interface/_arm_hand_interface_s.ep.rosidl_typesupport_introspection_c.c
[2.319s] -- Up-to-date: /home/ctg/jaka_HumanArm_v2/install/arm_hand_interface/local/lib/python3.10/dist-packages/arm_hand_interface/arm_hand_interface_s__rosidl_typesupport_c.cpython-310-x86_64-linux-gnu.so
[2.319s] -- Up-to-date: /home/ctg/jaka_HumanArm_v2/install/arm_hand_interface/local/lib/python3.10/dist-packages/arm_hand_interface/arm_hand_interface_s__rosidl_typesupport_fastrtps_c.cpython-310-x86_64-linux-gnu.so
[2.440s] Listing '/home/ctg/jaka_HumanArm_v2/install/arm_hand_interface/local/lib/python3.10/dist-packages/arm_hand_interface'...
[2.440s] Listing '/home/ctg/jaka_HumanArm_v2/install/arm_hand_interface/local/lib/python3.10/dist-packages/arm_hand_interface/action'...
[2.440s] Listing '/home/ctg/jaka_HumanArm_v2/install/arm_hand_interface/local/lib/python3.10/dist-packages/arm_hand_interface/msg'...
[2.451s] -- Up-to-date: /home/ctg/jaka_HumanArm_v2/install/arm_hand_interface/local/lib/python3.10/dist-packages/arm_hand_interface/arm_hand_interface_s__rosidl_typesupport_fastrtps_c.cpython-310-x86_64-linux-gnu.so
[2.457s] -- Up-to-date: /home/ctg/jaka_HumanArm_v2/install/arm_hand_interface/local/lib/python3.10/dist-packages/arm_hand_interface/arm_hand_interface_s__rosidl_typesupport_introspection_c.cpython-310-x86_64-linux-gnu.so
[2.462s] -- Up-to-date: /home/ctg/jaka_HumanArm_v2/install/arm_hand_interface/local/lib/python3.10/dist-packages/arm_hand_interface/arm_hand_interface_s__rosidl_typesupport_c.cpython-310-x86_64-linux-gnu.so
[2.473s] -- Up-to-date: /home/ctg/jaka_HumanArm_v2/install/arm_hand_interface/lib/libarm_hand_interface__rosidl_generator_py.so
[2.473s] -- Up-to-date: /home/ctg/jaka_HumanArm_v2/install/arm_hand_interface/share/arm_hand_interface/msg/ArmStatus.idl
[2.473s] -- Up-to-date: /home/ctg/jaka_HumanArm_v2/install/arm_hand_interface/share/arm_hand_interface/action/ArmVisionPlanning.idl
[2.474s] -- Up-to-date: /home/ctg/jaka_HumanArm_v2/install/arm_hand_interface/share/arm_hand_interface/action/DexterousHand.idl
[2.474s] -- Up-to-date: /home/ctg/jaka_HumanArm_v2/install/arm_hand_interface/share/arm_hand_interface/msg/ArmStatus.msg
[2.474s] -- Up-to-date: /home/ctg/jaka_HumanArm_v2/install/arm_hand_interface/share/arm_hand_interface/action/ArmVisionPlanning.action
[2.474s] -- Up-to-date: /home/ctg/jaka_HumanArm_v2/install/arm_hand_interface/share/arm_hand_interface/action/DexterousHand.action
[2.474s] -- Up-to-date: /home/ctg/jaka_HumanArm_v2/install/arm_hand_interface/share/ament_index/resource_index/package_run_dependencies/arm_hand_interface
[2.474s] -- Up-to-date: /home/ctg/jaka_HumanArm_v2/install/arm_hand_interface/share/ament_index/resource_index/parent_prefix_path/arm_hand_interface
[2.474s] -- Up-to-date: /home/ctg/jaka_HumanArm_v2/install/arm_hand_interface/share/arm_hand_interface/environment/ament_prefix_path.sh
[2.475s] -- Up-to-date: /home/ctg/jaka_HumanArm_v2/install/arm_hand_interface/share/arm_hand_interface/environment/ament_prefix_path.dsv
[2.475s] -- Up-to-date: /home/ctg/jaka_HumanArm_v2/install/arm_hand_interface/share/arm_hand_interface/environment/path.sh
[2.475s] -- Up-to-date: /home/ctg/jaka_HumanArm_v2/install/arm_hand_interface/share/arm_hand_interface/environment/path.dsv
[2.475s] -- Up-to-date: /home/ctg/jaka_HumanArm_v2/install/arm_hand_interface/share/arm_hand_interface/local_setup.bash
[2.475s] -- Up-to-date: /home/ctg/jaka_HumanArm_v2/install/arm_hand_interface/share/arm_hand_interface/local_setup.sh
[2.475s] -- Up-to-date: /home/ctg/jaka_HumanArm_v2/install/arm_hand_interface/share/arm_hand_interface/local_setup.zsh
[2.476s] -- Up-to-date: /home/ctg/jaka_HumanArm_v2/install/arm_hand_interface/share/arm_hand_interface/local_setup.dsv
[2.476s] -- Installing: /home/ctg/jaka_HumanArm_v2/install/arm_hand_interface/share/arm_hand_interface/package.dsv
[2.477s] -- Up-to-date: /home/ctg/jaka_HumanArm_v2/install/arm_hand_interface/share/ament_index/resource_index/packages/arm_hand_interface
[2.480s] -- Up-to-date: /home/ctg/jaka_HumanArm_v2/install/arm_hand_interface/share/arm_hand_interface/cmake/export_arm_hand_interface__rosidl_generator_cExport.cmake
[2.480s] -- Up-to-date: /home/ctg/jaka_HumanArm_v2/install/arm_hand_interface/share/arm_hand_interface/cmake/export_arm_hand_interface__rosidl_generator_cExport-release.cmake
[2.483s] -- Up-to-date: /home/ctg/jaka_HumanArm_v2/install/arm_hand_interface/share/arm_hand_interface/cmake/export_arm_hand_interface__rosidl_typesupport_fastrtps_cExport.cmake
[2.483s] -- Up-to-date: /home/ctg/jaka_HumanArm_v2/install/arm_hand_interface/share/arm_hand_interface/cmake/export_arm_hand_interface__rosidl_typesupport_fastrtps_cExport-release.cmake
[2.489s] -- Up-to-date: /home/ctg/jaka_HumanArm_v2/install/arm_hand_interface/share/arm_hand_interface/cmake/export_arm_hand_interface__rosidl_generator_cppExport.cmake
[2.493s] -- Up-to-date: /home/ctg/jaka_HumanArm_v2/install/arm_hand_interface/share/arm_hand_interface/cmake/export_arm_hand_interface__rosidl_typesupport_fastrtps_cppExport.cmake
[2.493s] -- Up-to-date: /home/ctg/jaka_HumanArm_v2/install/arm_hand_interface/share/arm_hand_interface/cmake/export_arm_hand_interface__rosidl_typesupport_fastrtps_cppExport-release.cmake
[2.495s] -- Up-to-date: /home/ctg/jaka_HumanArm_v2/install/arm_hand_interface/share/arm_hand_interface/cmake/arm_hand_interface__rosidl_typesupport_introspection_cExport.cmake
[2.495s] -- Up-to-date: /home/ctg/jaka_HumanArm_v2/install/arm_hand_interface/share/arm_hand_interface/cmake/arm_hand_interface__rosidl_typesupport_introspection_cExport-release.cmake
[2.498s] -- Up-to-date: /home/ctg/jaka_HumanArm_v2/install/arm_hand_interface/share/arm_hand_interface/cmake/arm_hand_interface__rosidl_typesupport_cExport.cmake
[2.498s] -- Up-to-date: /home/ctg/jaka_HumanArm_v2/install/arm_hand_interface/share/arm_hand_interface/cmake/arm_hand_interface__rosidl_typesupport_cExport-release.cmake
[2.500s] -- Up-to-date: /home/ctg/jaka_HumanArm_v2/install/arm_hand_interface/share/arm_hand_interface/cmake/arm_hand_interface__rosidl_typesupport_introspection_cppExport.cmake
[2.500s] -- Up-to-date: /home/ctg/jaka_HumanArm_v2/install/arm_hand_interface/share/arm_hand_interface/cmake/arm_hand_interface__rosidl_typesupport_introspection_cppExport-release.cmake
[2.503s] -- Up-to-date: /home/ctg/jaka_HumanArm_v2/install/arm_hand_interface/share/arm_hand_interface/cmake/arm_hand_interface__rosidl_typesupport_cppExport.cmake
[2.503s] -- Up-to-date: /home/ctg/jaka_HumanArm_v2/install/arm_hand_interface/share/arm_hand_interface/cmake/arm_hand_interface__rosidl_typesupport_cppExport-release.cmake
[2.507s] -- Up-to-date: /home/ctg/jaka_HumanArm_v2/install/arm_hand_interface/share/arm_hand_interface/cmake/export_arm_hand_interface__rosidl_generator_pyExport.cmake
[2.507s] -- Up-to-date: /home/ctg/jaka_HumanArm_v2/install/arm_hand_interface/share/arm_hand_interface/cmake/export_arm_hand_interface__rosidl_generator_pyExport-release.cmake
[2.507s] -- Up-to-date: /home/ctg/jaka_HumanArm_v2/install/arm_hand_interface/share/arm_hand_interface/cmake/rosidl_cmake-extras.cmake
[2.507s] -- Up-to-date: /home/ctg/jaka_HumanArm_v2/install/arm_hand_interface/share/arm_hand_interface/cmake/ament_cmake_export_dependencies-extras.cmake
[2.507s] -- Up-to-date: /home/ctg/jaka_HumanArm_v2/install/arm_hand_interface/share/arm_hand_interface/cmake/ament_cmake_export_include_directories-extras.cmake
[2.508s] -- Up-to-date: /home/ctg/jaka_HumanArm_v2/install/arm_hand_interface/share/arm_hand_interface/cmake/ament_cmake_export_libraries-extras.cmake
[2.508s] -- Up-to-date: /home/ctg/jaka_HumanArm_v2/install/arm_hand_interface/share/arm_hand_interface/cmake/ament_cmake_export_targets-extras.cmake
[2.508s] -- Up-to-date: /home/ctg/jaka_HumanArm_v2/install/arm_hand_interface/share/arm_hand_interface/cmake/rosidl_cmake_export_typesupport_targets-extras.cmake
[2.508s] -- Up-to-date: /home/ctg/jaka_HumanArm_v2/install/arm_hand_interface/share/arm_hand_interface/cmake/rosidl_cmake_export_typesupport_libraries-extras.cmake
[2.508s] -- Up-to-date: /home/ctg/jaka_HumanArm_v2/install/arm_hand_interface/share/arm_hand_interface/cmake/arm_hand_interfaceConfig.cmake
[2.508s] -- Up-to-date: /home/ctg/jaka_HumanArm_v2/install/arm_hand_interface/share/arm_hand_interface/cmake/arm_hand_interfaceConfig-version.cmake
[2.509s] -- Up-to-date: /home/ctg/jaka_HumanArm_v2/install/arm_hand_interface/share/arm_hand_interface/package.xml
[2.517s] Invoked command in '/home/ctg/jaka_HumanArm_v2/build/arm_hand_interface' returned '0': CMAKE_PREFIX_PATH=${CMAKE_PREFIX_PATH}:/opt/ros/humble:/home/ctg/dev_ws/install/learning_urdf:/home/ctg/dev_ws/install/learning_topic:/home/ctg/dev_ws/install/learning_tf:/home/ctg/dev_ws/install/learning_service:/home/ctg/dev_ws/install/learning_qos:/home/ctg/dev_ws/install/learning_pkg_python:/home/ctg/dev_ws/install/learning_parameter:/home/ctg/dev_ws/install/learning_node:/home/ctg/dev_ws/install/learning_launch:/home/ctg/dev_ws/install/learning_action:/home/ctg/dev_ws/install/learning_gazebo_fortress:/home/ctg/dev_ws/install/learning_gazebo:/home/ctg/dev_ws/install/learning_cv /usr/bin/cmake --install /home/ctg/jaka_HumanArm_v2/build/arm_hand_interface
