[35m[1mConsolidate compiler generated dependencies of target robot_octomap_motion_planning[0m
[100%] Built target robot_octomap_motion_planning
-- Install configuration: "Release"
-- Up-to-date: /home/ctg/jaka_HumanArm_v2/install/robot_octomap_motion_planning/lib/robot_octomap_motion_planning/robot_octomap_motion_planning
-- Up-to-date: /home/ctg/jaka_HumanArm_v2/install/robot_octomap_motion_planning/share/robot_octomap_motion_planning/launch
-- Up-to-date: /home/ctg/jaka_HumanArm_v2/install/robot_octomap_motion_planning/share/robot_octomap_motion_planning/launch/robot_octomap_motion_planning.launch.py
-- Up-to-date: /home/ctg/jaka_HumanArm_v2/install/robot_octomap_motion_planning/share/ament_index/resource_index/package_run_dependencies/robot_octomap_motion_planning
-- Up-to-date: /home/ctg/jaka_HumanArm_v2/install/robot_octomap_motion_planning/share/ament_index/resource_index/parent_prefix_path/robot_octomap_motion_planning
-- Up-to-date: /home/ctg/jaka_HumanArm_v2/install/robot_octomap_motion_planning/share/robot_octomap_motion_planning/environment/ament_prefix_path.sh
-- Up-to-date: /home/ctg/jaka_HumanArm_v2/install/robot_octomap_motion_planning/share/robot_octomap_motion_planning/environment/ament_prefix_path.dsv
-- Up-to-date: /home/ctg/jaka_HumanArm_v2/install/robot_octomap_motion_planning/share/robot_octomap_motion_planning/environment/path.sh
-- Up-to-date: /home/ctg/jaka_HumanArm_v2/install/robot_octomap_motion_planning/share/robot_octomap_motion_planning/environment/path.dsv
-- Up-to-date: /home/ctg/jaka_HumanArm_v2/install/robot_octomap_motion_planning/share/robot_octomap_motion_planning/local_setup.bash
-- Up-to-date: /home/ctg/jaka_HumanArm_v2/install/robot_octomap_motion_planning/share/robot_octomap_motion_planning/local_setup.sh
-- Up-to-date: /home/ctg/jaka_HumanArm_v2/install/robot_octomap_motion_planning/share/robot_octomap_motion_planning/local_setup.zsh
-- Up-to-date: /home/ctg/jaka_HumanArm_v2/install/robot_octomap_motion_planning/share/robot_octomap_motion_planning/local_setup.dsv
-- Installing: /home/ctg/jaka_HumanArm_v2/install/robot_octomap_motion_planning/share/robot_octomap_motion_planning/package.dsv
-- Up-to-date: /home/ctg/jaka_HumanArm_v2/install/robot_octomap_motion_planning/share/ament_index/resource_index/packages/robot_octomap_motion_planning
-- Up-to-date: /home/ctg/jaka_HumanArm_v2/install/robot_octomap_motion_planning/share/robot_octomap_motion_planning/cmake/ament_cmake_export_dependencies-extras.cmake
-- Up-to-date: /home/ctg/jaka_HumanArm_v2/install/robot_octomap_motion_planning/share/robot_octomap_motion_planning/cmake/ament_cmake_export_include_directories-extras.cmake
-- Up-to-date: /home/ctg/jaka_HumanArm_v2/install/robot_octomap_motion_planning/share/robot_octomap_motion_planning/cmake/robot_octomap_motion_planningConfig.cmake
-- Up-to-date: /home/ctg/jaka_HumanArm_v2/install/robot_octomap_motion_planning/share/robot_octomap_motion_planning/cmake/robot_octomap_motion_planningConfig-version.cmake
-- Up-to-date: /home/ctg/jaka_HumanArm_v2/install/robot_octomap_motion_planning/share/robot_octomap_motion_planning/package.xml
