[ 12%] Built target arm_hand_interface__cpp
[ 12%] Built target arm_hand_interface__rosidl_generator_c
[ 12%] Built target ament_cmake_python_copy_arm_hand_interface
[ 23%] Built target arm_hand_interface__rosidl_typesupport_cpp
[ 34%] Built target arm_hand_interface__rosidl_typesupport_fastrtps_cpp
[ 55%] Built target arm_hand_interface__rosidl_typesupport_introspection_cpp
[ 55%] Built target arm_hand_interface__rosidl_typesupport_fastrtps_c
[ 65%] Built target arm_hand_interface__rosidl_typesupport_introspection_c
[ 76%] Built target arm_hand_interface__rosidl_typesupport_c
[ 76%] Built target arm_hand_interface
[ 78%] Built target arm_hand_interface__py
[ 87%] Built target arm_hand_interface__rosidl_generator_py
[ 91%] Built target arm_hand_interface__rosidl_typesupport_introspection_c__pyext
[ 95%] Built target arm_hand_interface__rosidl_typesupport_fastrtps_c__pyext
[100%] Built target arm_hand_interface__rosidl_typesupport_c__pyext
running egg_info
writing arm_hand_interface.egg-info/PKG-INFO
writing dependency_links to arm_hand_interface.egg-info/dependency_links.txt
writing top-level names to arm_hand_interface.egg-info/top_level.txt
reading manifest file 'arm_hand_interface.egg-info/SOURCES.txt'
writing manifest file 'arm_hand_interface.egg-info/SOURCES.txt'
