[0.319s] DEBUG:colcon:Command line arguments: ['/usr/bin/colcon', 'build']
[0.320s] DEBUG:colcon:Parsed command line arguments: Namespace(log_base=None, log_level=None, verb_name='build', build_base='build', install_base='install', merge_install=False, symlink_install=False, test_result_base=None, continue_on_error=False, executor='parallel', parallel_workers=32, event_handlers=None, ignore_user_meta=False, metas=['./colcon.meta'], base_paths=['.'], packages_ignore=None, packages_ignore_regex=None, paths=None, packages_up_to=None, packages_up_to_regex=None, packages_above=None, packages_above_and_dependencies=None, packages_above_depth=None, packages_select_by_dep=None, packages_skip_by_dep=None, packages_skip_up_to=None, packages_select_build_failed=False, packages_skip_build_finished=False, packages_select_test_failures=False, packages_skip_test_passed=False, packages_select=None, packages_skip=None, packages_select_regex=None, packages_skip_regex=None, packages_start=None, packages_end=None, allow_overriding=[], cmake_args=None, cmake_target=None, cmake_target_skip_unavailable=False, cmake_clean_cache=False, cmake_clean_first=False, cmake_force_configure=False, ament_cmake_args=None, catkin_cmake_args=None, catkin_skip_building_tests=False, mixin_files=None, mixin=None, verb_parser=<colcon_mixin.mixin.mixin_argument.MixinArgumentDecorator object at 0x7fde51669090>, verb_extension=<colcon_core.verb.build.BuildVerb object at 0x7fde51668a00>, main=<bound method BuildVerb.main of <colcon_core.verb.build.BuildVerb object at 0x7fde51668a00>>, mixin_verb=('build',))
[0.738s] Level 1:colcon.colcon_core.package_discovery:discover_packages(colcon_meta) check parameters
[0.739s] Level 1:colcon.colcon_core.package_discovery:discover_packages(recursive) check parameters
[0.739s] Level 1:colcon.colcon_core.package_discovery:discover_packages(ignore) check parameters
[0.739s] Level 1:colcon.colcon_core.package_discovery:discover_packages(path) check parameters
[0.739s] Level 1:colcon.colcon_core.package_discovery:discover_packages(colcon_meta) discover
[0.739s] Level 1:colcon.colcon_core.package_discovery:discover_packages(recursive) discover
[0.739s] INFO:colcon.colcon_core.package_discovery:Crawling recursively for packages in '/home/ctg/jaka_HumanArm_v2'
[0.739s] Level 1:colcon.colcon_core.package_identification:_identify(.) by extensions ['ignore', 'ignore_ament_install']
[0.739s] Level 1:colcon.colcon_core.package_identification:_identify(.) by extension 'ignore'
[0.739s] Level 1:colcon.colcon_core.package_identification:_identify(.) by extension 'ignore_ament_install'
[0.739s] Level 1:colcon.colcon_core.package_identification:_identify(.) by extensions ['colcon_pkg']
[0.739s] Level 1:colcon.colcon_core.package_identification:_identify(.) by extension 'colcon_pkg'
[0.739s] Level 1:colcon.colcon_core.package_identification:_identify(.) by extensions ['colcon_meta']
[0.739s] Level 1:colcon.colcon_core.package_identification:_identify(.) by extension 'colcon_meta'
[0.739s] Level 1:colcon.colcon_core.package_identification:_identify(.) by extensions ['ros']
[0.739s] Level 1:colcon.colcon_core.package_identification:_identify(.) by extension 'ros'
[0.772s] Level 1:colcon.colcon_core.package_identification:_identify(.) by extensions ['cmake', 'python']
[0.772s] Level 1:colcon.colcon_core.package_identification:_identify(.) by extension 'cmake'
[0.772s] Level 1:colcon.colcon_core.package_identification:_identify(.) by extension 'python'
[0.772s] Level 1:colcon.colcon_core.package_identification:_identify(.) by extensions ['python_setup_py']
[0.772s] Level 1:colcon.colcon_core.package_identification:_identify(.) by extension 'python_setup_py'
[0.772s] Level 1:colcon.colcon_core.package_identification:_identify(build) by extensions ['ignore', 'ignore_ament_install']
[0.772s] Level 1:colcon.colcon_core.package_identification:_identify(build) by extension 'ignore'
[0.772s] Level 1:colcon.colcon_core.package_identification:_identify(build) ignored
[0.772s] Level 1:colcon.colcon_core.package_identification:_identify(install) by extensions ['ignore', 'ignore_ament_install']
[0.773s] Level 1:colcon.colcon_core.package_identification:_identify(install) by extension 'ignore'
[0.773s] Level 1:colcon.colcon_core.package_identification:_identify(install) ignored
[0.774s] Level 1:colcon.colcon_core.package_identification:_identify(log) by extensions ['ignore', 'ignore_ament_install']
[0.774s] Level 1:colcon.colcon_core.package_identification:_identify(log) by extension 'ignore'
[0.774s] Level 1:colcon.colcon_core.package_identification:_identify(log) ignored
[0.774s] Level 1:colcon.colcon_core.package_identification:_identify(src) by extensions ['ignore', 'ignore_ament_install']
[0.774s] Level 1:colcon.colcon_core.package_identification:_identify(src) by extension 'ignore'
[0.774s] Level 1:colcon.colcon_core.package_identification:_identify(src) by extension 'ignore_ament_install'
[0.774s] Level 1:colcon.colcon_core.package_identification:_identify(src) by extensions ['colcon_pkg']
[0.775s] Level 1:colcon.colcon_core.package_identification:_identify(src) by extension 'colcon_pkg'
[0.775s] Level 1:colcon.colcon_core.package_identification:_identify(src) by extensions ['colcon_meta']
[0.775s] Level 1:colcon.colcon_core.package_identification:_identify(src) by extension 'colcon_meta'
[0.775s] Level 1:colcon.colcon_core.package_identification:_identify(src) by extensions ['ros']
[0.775s] Level 1:colcon.colcon_core.package_identification:_identify(src) by extension 'ros'
[0.775s] Level 1:colcon.colcon_core.package_identification:_identify(src) by extensions ['cmake', 'python']
[0.775s] Level 1:colcon.colcon_core.package_identification:_identify(src) by extension 'cmake'
[0.775s] Level 1:colcon.colcon_core.package_identification:_identify(src) by extension 'python'
[0.775s] Level 1:colcon.colcon_core.package_identification:_identify(src) by extensions ['python_setup_py']
[0.775s] Level 1:colcon.colcon_core.package_identification:_identify(src) by extension 'python_setup_py'
[0.776s] Level 1:colcon.colcon_core.package_identification:_identify(src/arm_hand_interface) by extensions ['ignore', 'ignore_ament_install']
[0.776s] Level 1:colcon.colcon_core.package_identification:_identify(src/arm_hand_interface) by extension 'ignore'
[0.776s] Level 1:colcon.colcon_core.package_identification:_identify(src/arm_hand_interface) by extension 'ignore_ament_install'
[0.776s] Level 1:colcon.colcon_core.package_identification:_identify(src/arm_hand_interface) by extensions ['colcon_pkg']
[0.776s] Level 1:colcon.colcon_core.package_identification:_identify(src/arm_hand_interface) by extension 'colcon_pkg'
[0.777s] Level 1:colcon.colcon_core.package_identification:_identify(src/arm_hand_interface) by extensions ['colcon_meta']
[0.777s] Level 1:colcon.colcon_core.package_identification:_identify(src/arm_hand_interface) by extension 'colcon_meta'
[0.777s] Level 1:colcon.colcon_core.package_identification:_identify(src/arm_hand_interface) by extensions ['ros']
[0.777s] Level 1:colcon.colcon_core.package_identification:_identify(src/arm_hand_interface) by extension 'ros'
[0.784s] DEBUG:colcon.colcon_core.package_identification:Package 'src/arm_hand_interface' with type 'ros.ament_cmake' and name 'arm_hand_interface'
[0.785s] Level 1:colcon.colcon_core.package_identification:_identify(src/robot_control) by extensions ['ignore', 'ignore_ament_install']
[0.785s] Level 1:colcon.colcon_core.package_identification:_identify(src/robot_control) by extension 'ignore'
[0.785s] Level 1:colcon.colcon_core.package_identification:_identify(src/robot_control) by extension 'ignore_ament_install'
[0.785s] Level 1:colcon.colcon_core.package_identification:_identify(src/robot_control) by extensions ['colcon_pkg']
[0.786s] Level 1:colcon.colcon_core.package_identification:_identify(src/robot_control) by extension 'colcon_pkg'
[0.786s] Level 1:colcon.colcon_core.package_identification:_identify(src/robot_control) by extensions ['colcon_meta']
[0.786s] Level 1:colcon.colcon_core.package_identification:_identify(src/robot_control) by extension 'colcon_meta'
[0.786s] Level 1:colcon.colcon_core.package_identification:_identify(src/robot_control) by extensions ['ros']
[0.786s] Level 1:colcon.colcon_core.package_identification:_identify(src/robot_control) by extension 'ros'
[0.788s] DEBUG:colcon.colcon_core.package_identification:Package 'src/robot_control' with type 'ros.ament_cmake' and name 'robot_control'
[0.788s] Level 1:colcon.colcon_core.package_identification:_identify(src/robot_description) by extensions ['ignore', 'ignore_ament_install']
[0.788s] Level 1:colcon.colcon_core.package_identification:_identify(src/robot_description) by extension 'ignore'
[0.788s] Level 1:colcon.colcon_core.package_identification:_identify(src/robot_description) by extension 'ignore_ament_install'
[0.788s] Level 1:colcon.colcon_core.package_identification:_identify(src/robot_description) by extensions ['colcon_pkg']
[0.788s] Level 1:colcon.colcon_core.package_identification:_identify(src/robot_description) by extension 'colcon_pkg'
[0.788s] Level 1:colcon.colcon_core.package_identification:_identify(src/robot_description) by extensions ['colcon_meta']
[0.788s] Level 1:colcon.colcon_core.package_identification:_identify(src/robot_description) by extension 'colcon_meta'
[0.788s] Level 1:colcon.colcon_core.package_identification:_identify(src/robot_description) by extensions ['ros']
[0.788s] Level 1:colcon.colcon_core.package_identification:_identify(src/robot_description) by extension 'ros'
[0.790s] DEBUG:colcon.colcon_core.package_identification:Package 'src/robot_description' with type 'ros.ament_cmake' and name 'robot_description'
[0.790s] Level 1:colcon.colcon_core.package_identification:_identify(src/robot_moveit_config) by extensions ['ignore', 'ignore_ament_install']
[0.790s] Level 1:colcon.colcon_core.package_identification:_identify(src/robot_moveit_config) by extension 'ignore'
[0.790s] Level 1:colcon.colcon_core.package_identification:_identify(src/robot_moveit_config) by extension 'ignore_ament_install'
[0.791s] Level 1:colcon.colcon_core.package_identification:_identify(src/robot_moveit_config) by extensions ['colcon_pkg']
[0.791s] Level 1:colcon.colcon_core.package_identification:_identify(src/robot_moveit_config) by extension 'colcon_pkg'
[0.791s] Level 1:colcon.colcon_core.package_identification:_identify(src/robot_moveit_config) by extensions ['colcon_meta']
[0.791s] Level 1:colcon.colcon_core.package_identification:_identify(src/robot_moveit_config) by extension 'colcon_meta'
[0.791s] Level 1:colcon.colcon_core.package_identification:_identify(src/robot_moveit_config) by extensions ['ros']
[0.791s] Level 1:colcon.colcon_core.package_identification:_identify(src/robot_moveit_config) by extension 'ros'
[0.794s] DEBUG:colcon.colcon_core.package_identification:Package 'src/robot_moveit_config' with type 'ros.ament_cmake' and name 'robot_moveit_config'
[0.794s] Level 1:colcon.colcon_core.package_identification:_identify(src/robot_moveit_interface) by extensions ['ignore', 'ignore_ament_install']
[0.795s] Level 1:colcon.colcon_core.package_identification:_identify(src/robot_moveit_interface) by extension 'ignore'
[0.795s] Level 1:colcon.colcon_core.package_identification:_identify(src/robot_moveit_interface) by extension 'ignore_ament_install'
[0.795s] Level 1:colcon.colcon_core.package_identification:_identify(src/robot_moveit_interface) by extensions ['colcon_pkg']
[0.795s] Level 1:colcon.colcon_core.package_identification:_identify(src/robot_moveit_interface) by extension 'colcon_pkg'
[0.795s] Level 1:colcon.colcon_core.package_identification:_identify(src/robot_moveit_interface) by extensions ['colcon_meta']
[0.795s] Level 1:colcon.colcon_core.package_identification:_identify(src/robot_moveit_interface) by extension 'colcon_meta'
[0.795s] Level 1:colcon.colcon_core.package_identification:_identify(src/robot_moveit_interface) by extensions ['ros']
[0.795s] Level 1:colcon.colcon_core.package_identification:_identify(src/robot_moveit_interface) by extension 'ros'
[0.797s] DEBUG:colcon.colcon_core.package_identification:Package 'src/robot_moveit_interface' with type 'ros.ament_cmake' and name 'robot_moveit_interface'
[0.798s] Level 1:colcon.colcon_core.package_identification:_identify(src/robot_octomap_motion_planning) by extensions ['ignore', 'ignore_ament_install']
[0.798s] Level 1:colcon.colcon_core.package_identification:_identify(src/robot_octomap_motion_planning) by extension 'ignore'
[0.798s] Level 1:colcon.colcon_core.package_identification:_identify(src/robot_octomap_motion_planning) by extension 'ignore_ament_install'
[0.798s] Level 1:colcon.colcon_core.package_identification:_identify(src/robot_octomap_motion_planning) by extensions ['colcon_pkg']
[0.798s] Level 1:colcon.colcon_core.package_identification:_identify(src/robot_octomap_motion_planning) by extension 'colcon_pkg'
[0.798s] Level 1:colcon.colcon_core.package_identification:_identify(src/robot_octomap_motion_planning) by extensions ['colcon_meta']
[0.798s] Level 1:colcon.colcon_core.package_identification:_identify(src/robot_octomap_motion_planning) by extension 'colcon_meta'
[0.799s] Level 1:colcon.colcon_core.package_identification:_identify(src/robot_octomap_motion_planning) by extensions ['ros']
[0.799s] Level 1:colcon.colcon_core.package_identification:_identify(src/robot_octomap_motion_planning) by extension 'ros'
[0.802s] DEBUG:colcon.colcon_core.package_identification:Package 'src/robot_octomap_motion_planning' with type 'ros.ament_cmake' and name 'robot_octomap_motion_planning'
[0.802s] Level 1:colcon.colcon_core.package_discovery:discover_packages(recursive) using defaults
[0.803s] Level 1:colcon.colcon_core.package_discovery:discover_packages(ignore) discover
[0.803s] Level 1:colcon.colcon_core.package_discovery:discover_packages(ignore) using defaults
[0.803s] Level 1:colcon.colcon_core.package_discovery:discover_packages(path) discover
[0.803s] Level 1:colcon.colcon_core.package_discovery:discover_packages(path) using defaults
[0.880s] Level 1:colcon.colcon_core.package_discovery:discover_packages(prefix_path) check parameters
[0.880s] Level 1:colcon.colcon_core.package_discovery:discover_packages(prefix_path) discover
[0.888s] DEBUG:colcon.colcon_installed_package_information.package_discovery:Found 6 installed packages in /home/ctg/jaka_HumanArm_v2/install
[0.890s] DEBUG:colcon.colcon_installed_package_information.package_discovery:Found 22 installed packages in /home/ctg/dev_ws/install
[0.891s] DEBUG:colcon.colcon_installed_package_information.package_discovery:Found 406 installed packages in /opt/ros/humble
[0.897s] Level 1:colcon.colcon_core.package_discovery:discover_packages(prefix_path) using defaults
[1.028s] Level 5:colcon.colcon_core.verb:set package 'arm_hand_interface' build argument 'cmake_args' from command line to 'None'
[1.029s] Level 5:colcon.colcon_core.verb:set package 'arm_hand_interface' build argument 'cmake_target' from command line to 'None'
[1.029s] Level 5:colcon.colcon_core.verb:set package 'arm_hand_interface' build argument 'cmake_target_skip_unavailable' from command line to 'False'
[1.029s] Level 5:colcon.colcon_core.verb:set package 'arm_hand_interface' build argument 'cmake_clean_cache' from command line to 'False'
[1.030s] Level 5:colcon.colcon_core.verb:set package 'arm_hand_interface' build argument 'cmake_clean_first' from command line to 'False'
[1.030s] Level 5:colcon.colcon_core.verb:set package 'arm_hand_interface' build argument 'cmake_force_configure' from command line to 'False'
[1.030s] Level 5:colcon.colcon_core.verb:set package 'arm_hand_interface' build argument 'ament_cmake_args' from command line to 'None'
[1.030s] Level 5:colcon.colcon_core.verb:set package 'arm_hand_interface' build argument 'catkin_cmake_args' from command line to 'None'
[1.030s] Level 5:colcon.colcon_core.verb:set package 'arm_hand_interface' build argument 'catkin_skip_building_tests' from command line to 'False'
[1.030s] DEBUG:colcon.colcon_core.verb:Building package 'arm_hand_interface' with the following arguments: {'ament_cmake_args': None, 'build_base': '/home/ctg/jaka_HumanArm_v2/build/arm_hand_interface', 'catkin_cmake_args': None, 'catkin_skip_building_tests': False, 'cmake_args': None, 'cmake_clean_cache': False, 'cmake_clean_first': False, 'cmake_force_configure': False, 'cmake_target': None, 'cmake_target_skip_unavailable': False, 'install_base': '/home/ctg/jaka_HumanArm_v2/install/arm_hand_interface', 'merge_install': False, 'path': '/home/ctg/jaka_HumanArm_v2/src/arm_hand_interface', 'symlink_install': False, 'test_result_base': None}
[1.031s] Level 5:colcon.colcon_core.verb:set package 'robot_description' build argument 'cmake_args' from command line to 'None'
[1.031s] Level 5:colcon.colcon_core.verb:set package 'robot_description' build argument 'cmake_target' from command line to 'None'
[1.031s] Level 5:colcon.colcon_core.verb:set package 'robot_description' build argument 'cmake_target_skip_unavailable' from command line to 'False'
[1.031s] Level 5:colcon.colcon_core.verb:set package 'robot_description' build argument 'cmake_clean_cache' from command line to 'False'
[1.031s] Level 5:colcon.colcon_core.verb:set package 'robot_description' build argument 'cmake_clean_first' from command line to 'False'
[1.031s] Level 5:colcon.colcon_core.verb:set package 'robot_description' build argument 'cmake_force_configure' from command line to 'False'
[1.032s] Level 5:colcon.colcon_core.verb:set package 'robot_description' build argument 'ament_cmake_args' from command line to 'None'
[1.032s] Level 5:colcon.colcon_core.verb:set package 'robot_description' build argument 'catkin_cmake_args' from command line to 'None'
[1.032s] Level 5:colcon.colcon_core.verb:set package 'robot_description' build argument 'catkin_skip_building_tests' from command line to 'False'
[1.032s] DEBUG:colcon.colcon_core.verb:Building package 'robot_description' with the following arguments: {'ament_cmake_args': None, 'build_base': '/home/ctg/jaka_HumanArm_v2/build/robot_description', 'catkin_cmake_args': None, 'catkin_skip_building_tests': False, 'cmake_args': None, 'cmake_clean_cache': False, 'cmake_clean_first': False, 'cmake_force_configure': False, 'cmake_target': None, 'cmake_target_skip_unavailable': False, 'install_base': '/home/ctg/jaka_HumanArm_v2/install/robot_description', 'merge_install': False, 'path': '/home/ctg/jaka_HumanArm_v2/src/robot_description', 'symlink_install': False, 'test_result_base': None}
[1.033s] Level 5:colcon.colcon_core.verb:set package 'robot_moveit_interface' build argument 'cmake_args' from command line to 'None'
[1.034s] Level 5:colcon.colcon_core.verb:set package 'robot_moveit_interface' build argument 'cmake_target' from command line to 'None'
[1.034s] Level 5:colcon.colcon_core.verb:set package 'robot_moveit_interface' build argument 'cmake_target_skip_unavailable' from command line to 'False'
[1.034s] Level 5:colcon.colcon_core.verb:set package 'robot_moveit_interface' build argument 'cmake_clean_cache' from command line to 'False'
[1.034s] Level 5:colcon.colcon_core.verb:set package 'robot_moveit_interface' build argument 'cmake_clean_first' from command line to 'False'
[1.034s] Level 5:colcon.colcon_core.verb:set package 'robot_moveit_interface' build argument 'cmake_force_configure' from command line to 'False'
[1.034s] Level 5:colcon.colcon_core.verb:set package 'robot_moveit_interface' build argument 'ament_cmake_args' from command line to 'None'
[1.034s] Level 5:colcon.colcon_core.verb:set package 'robot_moveit_interface' build argument 'catkin_cmake_args' from command line to 'None'
[1.034s] Level 5:colcon.colcon_core.verb:set package 'robot_moveit_interface' build argument 'catkin_skip_building_tests' from command line to 'False'
[1.034s] DEBUG:colcon.colcon_core.verb:Building package 'robot_moveit_interface' with the following arguments: {'ament_cmake_args': None, 'build_base': '/home/ctg/jaka_HumanArm_v2/build/robot_moveit_interface', 'catkin_cmake_args': None, 'catkin_skip_building_tests': False, 'cmake_args': None, 'cmake_clean_cache': False, 'cmake_clean_first': False, 'cmake_force_configure': False, 'cmake_target': None, 'cmake_target_skip_unavailable': False, 'install_base': '/home/ctg/jaka_HumanArm_v2/install/robot_moveit_interface', 'merge_install': False, 'path': '/home/ctg/jaka_HumanArm_v2/src/robot_moveit_interface', 'symlink_install': False, 'test_result_base': None}
[1.036s] Level 5:colcon.colcon_core.verb:set package 'robot_octomap_motion_planning' build argument 'cmake_args' from command line to 'None'
[1.036s] Level 5:colcon.colcon_core.verb:set package 'robot_octomap_motion_planning' build argument 'cmake_target' from command line to 'None'
[1.036s] Level 5:colcon.colcon_core.verb:set package 'robot_octomap_motion_planning' build argument 'cmake_target_skip_unavailable' from command line to 'False'
[1.036s] Level 5:colcon.colcon_core.verb:set package 'robot_octomap_motion_planning' build argument 'cmake_clean_cache' from command line to 'False'
[1.036s] Level 5:colcon.colcon_core.verb:set package 'robot_octomap_motion_planning' build argument 'cmake_clean_first' from command line to 'False'
[1.037s] Level 5:colcon.colcon_core.verb:set package 'robot_octomap_motion_planning' build argument 'cmake_force_configure' from command line to 'False'
[1.037s] Level 5:colcon.colcon_core.verb:set package 'robot_octomap_motion_planning' build argument 'ament_cmake_args' from command line to 'None'
[1.037s] Level 5:colcon.colcon_core.verb:set package 'robot_octomap_motion_planning' build argument 'catkin_cmake_args' from command line to 'None'
[1.037s] Level 5:colcon.colcon_core.verb:set package 'robot_octomap_motion_planning' build argument 'catkin_skip_building_tests' from command line to 'False'
[1.037s] DEBUG:colcon.colcon_core.verb:Building package 'robot_octomap_motion_planning' with the following arguments: {'ament_cmake_args': None, 'build_base': '/home/ctg/jaka_HumanArm_v2/build/robot_octomap_motion_planning', 'catkin_cmake_args': None, 'catkin_skip_building_tests': False, 'cmake_args': None, 'cmake_clean_cache': False, 'cmake_clean_first': False, 'cmake_force_configure': False, 'cmake_target': None, 'cmake_target_skip_unavailable': False, 'install_base': '/home/ctg/jaka_HumanArm_v2/install/robot_octomap_motion_planning', 'merge_install': False, 'path': '/home/ctg/jaka_HumanArm_v2/src/robot_octomap_motion_planning', 'symlink_install': False, 'test_result_base': None}
[1.038s] Level 5:colcon.colcon_core.verb:set package 'robot_control' build argument 'cmake_args' from command line to 'None'
[1.038s] Level 5:colcon.colcon_core.verb:set package 'robot_control' build argument 'cmake_target' from command line to 'None'
[1.038s] Level 5:colcon.colcon_core.verb:set package 'robot_control' build argument 'cmake_target_skip_unavailable' from command line to 'False'
[1.038s] Level 5:colcon.colcon_core.verb:set package 'robot_control' build argument 'cmake_clean_cache' from command line to 'False'
[1.038s] Level 5:colcon.colcon_core.verb:set package 'robot_control' build argument 'cmake_clean_first' from command line to 'False'
[1.038s] Level 5:colcon.colcon_core.verb:set package 'robot_control' build argument 'cmake_force_configure' from command line to 'False'
[1.039s] Level 5:colcon.colcon_core.verb:set package 'robot_control' build argument 'ament_cmake_args' from command line to 'None'
[1.039s] Level 5:colcon.colcon_core.verb:set package 'robot_control' build argument 'catkin_cmake_args' from command line to 'None'
[1.039s] Level 5:colcon.colcon_core.verb:set package 'robot_control' build argument 'catkin_skip_building_tests' from command line to 'False'
[1.039s] DEBUG:colcon.colcon_core.verb:Building package 'robot_control' with the following arguments: {'ament_cmake_args': None, 'build_base': '/home/ctg/jaka_HumanArm_v2/build/robot_control', 'catkin_cmake_args': None, 'catkin_skip_building_tests': False, 'cmake_args': None, 'cmake_clean_cache': False, 'cmake_clean_first': False, 'cmake_force_configure': False, 'cmake_target': None, 'cmake_target_skip_unavailable': False, 'install_base': '/home/ctg/jaka_HumanArm_v2/install/robot_control', 'merge_install': False, 'path': '/home/ctg/jaka_HumanArm_v2/src/robot_control', 'symlink_install': False, 'test_result_base': None}
[1.040s] Level 5:colcon.colcon_core.verb:set package 'robot_moveit_config' build argument 'cmake_args' from command line to 'None'
[1.040s] Level 5:colcon.colcon_core.verb:set package 'robot_moveit_config' build argument 'cmake_target' from command line to 'None'
[1.040s] Level 5:colcon.colcon_core.verb:set package 'robot_moveit_config' build argument 'cmake_target_skip_unavailable' from command line to 'False'
[1.040s] Level 5:colcon.colcon_core.verb:set package 'robot_moveit_config' build argument 'cmake_clean_cache' from command line to 'False'
[1.040s] Level 5:colcon.colcon_core.verb:set package 'robot_moveit_config' build argument 'cmake_clean_first' from command line to 'False'
[1.040s] Level 5:colcon.colcon_core.verb:set package 'robot_moveit_config' build argument 'cmake_force_configure' from command line to 'False'
[1.040s] Level 5:colcon.colcon_core.verb:set package 'robot_moveit_config' build argument 'ament_cmake_args' from command line to 'None'
[1.040s] Level 5:colcon.colcon_core.verb:set package 'robot_moveit_config' build argument 'catkin_cmake_args' from command line to 'None'
[1.040s] Level 5:colcon.colcon_core.verb:set package 'robot_moveit_config' build argument 'catkin_skip_building_tests' from command line to 'False'
[1.040s] DEBUG:colcon.colcon_core.verb:Building package 'robot_moveit_config' with the following arguments: {'ament_cmake_args': None, 'build_base': '/home/ctg/jaka_HumanArm_v2/build/robot_moveit_config', 'catkin_cmake_args': None, 'catkin_skip_building_tests': False, 'cmake_args': None, 'cmake_clean_cache': False, 'cmake_clean_first': False, 'cmake_force_configure': False, 'cmake_target': None, 'cmake_target_skip_unavailable': False, 'install_base': '/home/ctg/jaka_HumanArm_v2/install/robot_moveit_config', 'merge_install': False, 'path': '/home/ctg/jaka_HumanArm_v2/src/robot_moveit_config', 'symlink_install': False, 'test_result_base': None}
[1.040s] INFO:colcon.colcon_core.executor:Executing jobs using 'parallel' executor
[1.042s] DEBUG:colcon.colcon_parallel_executor.executor.parallel:run_until_complete
[1.042s] INFO:colcon.colcon_ros.task.ament_cmake.build:Building ROS package in '/home/ctg/jaka_HumanArm_v2/src/arm_hand_interface' with build type 'ament_cmake'
[1.042s] INFO:colcon.colcon_cmake.task.cmake.build:Building CMake package in '/home/ctg/jaka_HumanArm_v2/src/arm_hand_interface'
[1.047s] INFO:colcon.colcon_core.plugin_system:Skipping extension 'colcon_core.shell.bat': Not used on non-Windows systems
[1.047s] INFO:colcon.colcon_core.shell:Skip shell extension 'powershell' for command environment: Not usable outside of PowerShell
[1.047s] DEBUG:colcon.colcon_core.shell:Skip shell extension 'dsv' for command environment
[1.065s] INFO:colcon.colcon_ros.task.ament_cmake.build:Building ROS package in '/home/ctg/jaka_HumanArm_v2/src/robot_description' with build type 'ament_cmake'
[1.065s] INFO:colcon.colcon_cmake.task.cmake.build:Building CMake package in '/home/ctg/jaka_HumanArm_v2/src/robot_description'
[1.066s] INFO:colcon.colcon_core.shell:Skip shell extension 'powershell' for command environment: Not usable outside of PowerShell
[1.066s] DEBUG:colcon.colcon_core.shell:Skip shell extension 'dsv' for command environment
[1.079s] INFO:colcon.colcon_ros.task.ament_cmake.build:Building ROS package in '/home/ctg/jaka_HumanArm_v2/src/robot_moveit_interface' with build type 'ament_cmake'
[1.080s] INFO:colcon.colcon_cmake.task.cmake.build:Building CMake package in '/home/ctg/jaka_HumanArm_v2/src/robot_moveit_interface'
[1.081s] INFO:colcon.colcon_core.shell:Skip shell extension 'powershell' for command environment: Not usable outside of PowerShell
[1.081s] DEBUG:colcon.colcon_core.shell:Skip shell extension 'dsv' for command environment
[1.101s] INFO:colcon.colcon_ros.task.ament_cmake.build:Building ROS package in '/home/ctg/jaka_HumanArm_v2/src/robot_octomap_motion_planning' with build type 'ament_cmake'
[1.102s] INFO:colcon.colcon_cmake.task.cmake.build:Building CMake package in '/home/ctg/jaka_HumanArm_v2/src/robot_octomap_motion_planning'
[1.102s] INFO:colcon.colcon_core.shell:Skip shell extension 'powershell' for command environment: Not usable outside of PowerShell
[1.102s] DEBUG:colcon.colcon_core.shell:Skip shell extension 'dsv' for command environment
[1.129s] DEBUG:colcon.colcon_core.event_handler.log_command:Invoking command in '/home/ctg/jaka_HumanArm_v2/build/arm_hand_interface': CMAKE_PREFIX_PATH=${CMAKE_PREFIX_PATH}:/opt/ros/humble:/home/ctg/dev_ws/install/learning_urdf:/home/ctg/dev_ws/install/learning_topic:/home/ctg/dev_ws/install/learning_tf:/home/ctg/dev_ws/install/learning_service:/home/ctg/dev_ws/install/learning_qos:/home/ctg/dev_ws/install/learning_pkg_python:/home/ctg/dev_ws/install/learning_parameter:/home/ctg/dev_ws/install/learning_node:/home/ctg/dev_ws/install/learning_launch:/home/ctg/dev_ws/install/learning_action:/home/ctg/dev_ws/install/learning_gazebo_fortress:/home/ctg/dev_ws/install/learning_gazebo:/home/ctg/dev_ws/install/learning_cv /usr/bin/cmake --build /home/ctg/jaka_HumanArm_v2/build/arm_hand_interface -- -j32 -l32
[1.139s] DEBUG:colcon.colcon_core.event_handler.log_command:Invoking command in '/home/ctg/jaka_HumanArm_v2/build/robot_description': CMAKE_PREFIX_PATH=${CMAKE_PREFIX_PATH}:/opt/ros/humble:/home/ctg/dev_ws/install/learning_urdf:/home/ctg/dev_ws/install/learning_topic:/home/ctg/dev_ws/install/learning_tf:/home/ctg/dev_ws/install/learning_service:/home/ctg/dev_ws/install/learning_qos:/home/ctg/dev_ws/install/learning_pkg_python:/home/ctg/dev_ws/install/learning_parameter:/home/ctg/dev_ws/install/learning_node:/home/ctg/dev_ws/install/learning_launch:/home/ctg/dev_ws/install/learning_action:/home/ctg/dev_ws/install/learning_gazebo_fortress:/home/ctg/dev_ws/install/learning_gazebo:/home/ctg/dev_ws/install/learning_cv /usr/bin/cmake --build /home/ctg/jaka_HumanArm_v2/build/robot_description -- -j32 -l32
[1.148s] DEBUG:colcon.colcon_core.event_handler.log_command:Invoking command in '/home/ctg/jaka_HumanArm_v2/build/robot_moveit_interface': CMAKE_PREFIX_PATH=${CMAKE_PREFIX_PATH}:/opt/ros/humble:/home/ctg/dev_ws/install/learning_urdf:/home/ctg/dev_ws/install/learning_topic:/home/ctg/dev_ws/install/learning_tf:/home/ctg/dev_ws/install/learning_service:/home/ctg/dev_ws/install/learning_qos:/home/ctg/dev_ws/install/learning_pkg_python:/home/ctg/dev_ws/install/learning_parameter:/home/ctg/dev_ws/install/learning_node:/home/ctg/dev_ws/install/learning_launch:/home/ctg/dev_ws/install/learning_action:/home/ctg/dev_ws/install/learning_gazebo_fortress:/home/ctg/dev_ws/install/learning_gazebo:/home/ctg/dev_ws/install/learning_cv /usr/bin/cmake --build /home/ctg/jaka_HumanArm_v2/build/robot_moveit_interface -- -j32 -l32
[1.163s] DEBUG:colcon.colcon_core.event_handler.log_command:Invoking command in '/home/ctg/jaka_HumanArm_v2/build/robot_octomap_motion_planning': CMAKE_PREFIX_PATH=${CMAKE_PREFIX_PATH}:/opt/ros/humble:/home/ctg/dev_ws/install/learning_urdf:/home/ctg/dev_ws/install/learning_topic:/home/ctg/dev_ws/install/learning_tf:/home/ctg/dev_ws/install/learning_service:/home/ctg/dev_ws/install/learning_qos:/home/ctg/dev_ws/install/learning_pkg_python:/home/ctg/dev_ws/install/learning_parameter:/home/ctg/dev_ws/install/learning_node:/home/ctg/dev_ws/install/learning_launch:/home/ctg/dev_ws/install/learning_action:/home/ctg/dev_ws/install/learning_gazebo_fortress:/home/ctg/dev_ws/install/learning_gazebo:/home/ctg/dev_ws/install/learning_cv /usr/bin/cmake --build /home/ctg/jaka_HumanArm_v2/build/robot_octomap_motion_planning -- -j32 -l32
[1.246s] DEBUG:colcon.colcon_core.event_handler.log_command:Invoked command in '/home/ctg/jaka_HumanArm_v2/build/robot_description' returned '0': CMAKE_PREFIX_PATH=${CMAKE_PREFIX_PATH}:/opt/ros/humble:/home/ctg/dev_ws/install/learning_urdf:/home/ctg/dev_ws/install/learning_topic:/home/ctg/dev_ws/install/learning_tf:/home/ctg/dev_ws/install/learning_service:/home/ctg/dev_ws/install/learning_qos:/home/ctg/dev_ws/install/learning_pkg_python:/home/ctg/dev_ws/install/learning_parameter:/home/ctg/dev_ws/install/learning_node:/home/ctg/dev_ws/install/learning_launch:/home/ctg/dev_ws/install/learning_action:/home/ctg/dev_ws/install/learning_gazebo_fortress:/home/ctg/dev_ws/install/learning_gazebo:/home/ctg/dev_ws/install/learning_cv /usr/bin/cmake --build /home/ctg/jaka_HumanArm_v2/build/robot_description -- -j32 -l32
[1.347s] DEBUG:colcon.colcon_core.event_handler.log_command:Invoked command in '/home/ctg/jaka_HumanArm_v2/build/robot_moveit_interface' returned '0': CMAKE_PREFIX_PATH=${CMAKE_PREFIX_PATH}:/opt/ros/humble:/home/ctg/dev_ws/install/learning_urdf:/home/ctg/dev_ws/install/learning_topic:/home/ctg/dev_ws/install/learning_tf:/home/ctg/dev_ws/install/learning_service:/home/ctg/dev_ws/install/learning_qos:/home/ctg/dev_ws/install/learning_pkg_python:/home/ctg/dev_ws/install/learning_parameter:/home/ctg/dev_ws/install/learning_node:/home/ctg/dev_ws/install/learning_launch:/home/ctg/dev_ws/install/learning_action:/home/ctg/dev_ws/install/learning_gazebo_fortress:/home/ctg/dev_ws/install/learning_gazebo:/home/ctg/dev_ws/install/learning_cv /usr/bin/cmake --build /home/ctg/jaka_HumanArm_v2/build/robot_moveit_interface -- -j32 -l32
[1.368s] DEBUG:colcon.colcon_core.event_handler.log_command:Invoking command in '/home/ctg/jaka_HumanArm_v2/build/robot_description': CMAKE_PREFIX_PATH=${CMAKE_PREFIX_PATH}:/opt/ros/humble:/home/ctg/dev_ws/install/learning_urdf:/home/ctg/dev_ws/install/learning_topic:/home/ctg/dev_ws/install/learning_tf:/home/ctg/dev_ws/install/learning_service:/home/ctg/dev_ws/install/learning_qos:/home/ctg/dev_ws/install/learning_pkg_python:/home/ctg/dev_ws/install/learning_parameter:/home/ctg/dev_ws/install/learning_node:/home/ctg/dev_ws/install/learning_launch:/home/ctg/dev_ws/install/learning_action:/home/ctg/dev_ws/install/learning_gazebo_fortress:/home/ctg/dev_ws/install/learning_gazebo:/home/ctg/dev_ws/install/learning_cv /usr/bin/cmake --install /home/ctg/jaka_HumanArm_v2/build/robot_description
[1.397s] Level 1:colcon.colcon_core.environment:create_environment_scripts_only(robot_description)
[1.399s] DEBUG:colcon.colcon_core.event_handler.log_command:Invoked command in '/home/ctg/jaka_HumanArm_v2/build/robot_description' returned '0': CMAKE_PREFIX_PATH=${CMAKE_PREFIX_PATH}:/opt/ros/humble:/home/ctg/dev_ws/install/learning_urdf:/home/ctg/dev_ws/install/learning_topic:/home/ctg/dev_ws/install/learning_tf:/home/ctg/dev_ws/install/learning_service:/home/ctg/dev_ws/install/learning_qos:/home/ctg/dev_ws/install/learning_pkg_python:/home/ctg/dev_ws/install/learning_parameter:/home/ctg/dev_ws/install/learning_node:/home/ctg/dev_ws/install/learning_launch:/home/ctg/dev_ws/install/learning_action:/home/ctg/dev_ws/install/learning_gazebo_fortress:/home/ctg/dev_ws/install/learning_gazebo:/home/ctg/dev_ws/install/learning_cv /usr/bin/cmake --install /home/ctg/jaka_HumanArm_v2/build/robot_description
[1.405s] Level 1:colcon.colcon_core.environment:checking '/home/ctg/jaka_HumanArm_v2/install/robot_description' for CMake module files
[1.406s] Level 1:colcon.colcon_core.environment:checking '/home/ctg/jaka_HumanArm_v2/install/robot_description' for CMake config files
[1.407s] Level 1:colcon.colcon_core.shell:create_environment_hook('robot_description', 'cmake_prefix_path')
[1.407s] INFO:colcon.colcon_core.shell:Creating environment hook '/home/ctg/jaka_HumanArm_v2/install/robot_description/share/robot_description/hook/cmake_prefix_path.ps1'
[1.409s] INFO:colcon.colcon_core.shell:Creating environment descriptor '/home/ctg/jaka_HumanArm_v2/install/robot_description/share/robot_description/hook/cmake_prefix_path.dsv'
[1.410s] INFO:colcon.colcon_core.shell:Creating environment hook '/home/ctg/jaka_HumanArm_v2/install/robot_description/share/robot_description/hook/cmake_prefix_path.sh'
[1.413s] Level 1:colcon.colcon_core.environment:checking '/home/ctg/jaka_HumanArm_v2/install/robot_description/bin'
[1.413s] Level 1:colcon.colcon_core.environment:checking '/home/ctg/jaka_HumanArm_v2/install/robot_description/lib/pkgconfig/robot_description.pc'
[1.413s] Level 1:colcon.colcon_core.environment:checking '/home/ctg/jaka_HumanArm_v2/install/robot_description/lib/python3.10/site-packages'
[1.414s] Level 1:colcon.colcon_core.environment:checking '/home/ctg/jaka_HumanArm_v2/install/robot_description/bin'
[1.415s] INFO:colcon.colcon_core.shell:Creating package script '/home/ctg/jaka_HumanArm_v2/install/robot_description/share/robot_description/package.ps1'
[1.417s] INFO:colcon.colcon_core.shell:Creating package descriptor '/home/ctg/jaka_HumanArm_v2/install/robot_description/share/robot_description/package.dsv'
[1.418s] INFO:colcon.colcon_core.shell:Creating package script '/home/ctg/jaka_HumanArm_v2/install/robot_description/share/robot_description/package.sh'
[1.421s] INFO:colcon.colcon_core.shell:Creating package script '/home/ctg/jaka_HumanArm_v2/install/robot_description/share/robot_description/package.bash'
[1.423s] INFO:colcon.colcon_core.shell:Creating package script '/home/ctg/jaka_HumanArm_v2/install/robot_description/share/robot_description/package.zsh'
[1.425s] Level 1:colcon.colcon_core.environment:create_file_with_runtime_dependencies(/home/ctg/jaka_HumanArm_v2/install/robot_description/share/colcon-core/packages/robot_description)
[1.435s] DEBUG:colcon.colcon_core.event_handler.log_command:Invoked command in '/home/ctg/jaka_HumanArm_v2/build/robot_octomap_motion_planning' returned '0': CMAKE_PREFIX_PATH=${CMAKE_PREFIX_PATH}:/opt/ros/humble:/home/ctg/dev_ws/install/learning_urdf:/home/ctg/dev_ws/install/learning_topic:/home/ctg/dev_ws/install/learning_tf:/home/ctg/dev_ws/install/learning_service:/home/ctg/dev_ws/install/learning_qos:/home/ctg/dev_ws/install/learning_pkg_python:/home/ctg/dev_ws/install/learning_parameter:/home/ctg/dev_ws/install/learning_node:/home/ctg/dev_ws/install/learning_launch:/home/ctg/dev_ws/install/learning_action:/home/ctg/dev_ws/install/learning_gazebo_fortress:/home/ctg/dev_ws/install/learning_gazebo:/home/ctg/dev_ws/install/learning_cv /usr/bin/cmake --build /home/ctg/jaka_HumanArm_v2/build/robot_octomap_motion_planning -- -j32 -l32
[1.458s] DEBUG:colcon.colcon_core.event_handler.log_command:Invoking command in '/home/ctg/jaka_HumanArm_v2/build/robot_moveit_interface': CMAKE_PREFIX_PATH=${CMAKE_PREFIX_PATH}:/opt/ros/humble:/home/ctg/dev_ws/install/learning_urdf:/home/ctg/dev_ws/install/learning_topic:/home/ctg/dev_ws/install/learning_tf:/home/ctg/dev_ws/install/learning_service:/home/ctg/dev_ws/install/learning_qos:/home/ctg/dev_ws/install/learning_pkg_python:/home/ctg/dev_ws/install/learning_parameter:/home/ctg/dev_ws/install/learning_node:/home/ctg/dev_ws/install/learning_launch:/home/ctg/dev_ws/install/learning_action:/home/ctg/dev_ws/install/learning_gazebo_fortress:/home/ctg/dev_ws/install/learning_gazebo:/home/ctg/dev_ws/install/learning_cv /usr/bin/cmake --install /home/ctg/jaka_HumanArm_v2/build/robot_moveit_interface
[1.478s] Level 1:colcon.colcon_core.environment:create_environment_scripts_only(robot_moveit_interface)
[1.478s] Level 1:colcon.colcon_core.environment:checking '/home/ctg/jaka_HumanArm_v2/install/robot_moveit_interface' for CMake module files
[1.478s] Level 1:colcon.colcon_core.environment:checking '/home/ctg/jaka_HumanArm_v2/install/robot_moveit_interface' for CMake config files
[1.478s] Level 1:colcon.colcon_core.shell:create_environment_hook('robot_moveit_interface', 'cmake_prefix_path')
[1.479s] INFO:colcon.colcon_core.shell:Creating environment hook '/home/ctg/jaka_HumanArm_v2/install/robot_moveit_interface/share/robot_moveit_interface/hook/cmake_prefix_path.ps1'
[1.480s] DEBUG:colcon.colcon_core.event_handler.log_command:Invoked command in '/home/ctg/jaka_HumanArm_v2/build/robot_moveit_interface' returned '0': CMAKE_PREFIX_PATH=${CMAKE_PREFIX_PATH}:/opt/ros/humble:/home/ctg/dev_ws/install/learning_urdf:/home/ctg/dev_ws/install/learning_topic:/home/ctg/dev_ws/install/learning_tf:/home/ctg/dev_ws/install/learning_service:/home/ctg/dev_ws/install/learning_qos:/home/ctg/dev_ws/install/learning_pkg_python:/home/ctg/dev_ws/install/learning_parameter:/home/ctg/dev_ws/install/learning_node:/home/ctg/dev_ws/install/learning_launch:/home/ctg/dev_ws/install/learning_action:/home/ctg/dev_ws/install/learning_gazebo_fortress:/home/ctg/dev_ws/install/learning_gazebo:/home/ctg/dev_ws/install/learning_cv /usr/bin/cmake --install /home/ctg/jaka_HumanArm_v2/build/robot_moveit_interface
[1.480s] INFO:colcon.colcon_core.shell:Creating environment descriptor '/home/ctg/jaka_HumanArm_v2/install/robot_moveit_interface/share/robot_moveit_interface/hook/cmake_prefix_path.dsv'
[1.480s] INFO:colcon.colcon_core.shell:Creating environment hook '/home/ctg/jaka_HumanArm_v2/install/robot_moveit_interface/share/robot_moveit_interface/hook/cmake_prefix_path.sh'
[1.481s] Level 1:colcon.colcon_core.environment:checking '/home/ctg/jaka_HumanArm_v2/install/robot_moveit_interface/lib'
[1.481s] Level 1:colcon.colcon_core.environment:checking '/home/ctg/jaka_HumanArm_v2/install/robot_moveit_interface/bin'
[1.481s] Level 1:colcon.colcon_core.environment:checking '/home/ctg/jaka_HumanArm_v2/install/robot_moveit_interface/lib/pkgconfig/robot_moveit_interface.pc'
[1.481s] Level 1:colcon.colcon_core.environment:checking '/home/ctg/jaka_HumanArm_v2/install/robot_moveit_interface/lib/python3.10/site-packages'
[1.481s] Level 1:colcon.colcon_core.environment:checking '/home/ctg/jaka_HumanArm_v2/install/robot_moveit_interface/bin'
[1.481s] INFO:colcon.colcon_core.shell:Creating package script '/home/ctg/jaka_HumanArm_v2/install/robot_moveit_interface/share/robot_moveit_interface/package.ps1'
[1.482s] INFO:colcon.colcon_core.shell:Creating package descriptor '/home/ctg/jaka_HumanArm_v2/install/robot_moveit_interface/share/robot_moveit_interface/package.dsv'
[1.482s] INFO:colcon.colcon_core.shell:Creating package script '/home/ctg/jaka_HumanArm_v2/install/robot_moveit_interface/share/robot_moveit_interface/package.sh'
[1.482s] INFO:colcon.colcon_core.shell:Creating package script '/home/ctg/jaka_HumanArm_v2/install/robot_moveit_interface/share/robot_moveit_interface/package.bash'
[1.482s] INFO:colcon.colcon_core.shell:Creating package script '/home/ctg/jaka_HumanArm_v2/install/robot_moveit_interface/share/robot_moveit_interface/package.zsh'
[1.483s] Level 1:colcon.colcon_core.environment:create_file_with_runtime_dependencies(/home/ctg/jaka_HumanArm_v2/install/robot_moveit_interface/share/colcon-core/packages/robot_moveit_interface)
[1.525s] Level 1:colcon.colcon_core.environment:create_environment_scripts_only(robot_description)
[1.526s] Level 1:colcon.colcon_core.environment:checking '/home/ctg/jaka_HumanArm_v2/install/robot_description' for CMake module files
[1.527s] Level 1:colcon.colcon_core.environment:checking '/home/ctg/jaka_HumanArm_v2/install/robot_description' for CMake config files
[1.527s] Level 1:colcon.colcon_core.shell:create_environment_hook('robot_description', 'cmake_prefix_path')
[1.528s] INFO:colcon.colcon_core.shell:Creating environment hook '/home/ctg/jaka_HumanArm_v2/install/robot_description/share/robot_description/hook/cmake_prefix_path.ps1'
[1.529s] INFO:colcon.colcon_core.shell:Creating environment descriptor '/home/ctg/jaka_HumanArm_v2/install/robot_description/share/robot_description/hook/cmake_prefix_path.dsv'
[1.530s] INFO:colcon.colcon_core.shell:Creating environment hook '/home/ctg/jaka_HumanArm_v2/install/robot_description/share/robot_description/hook/cmake_prefix_path.sh'
[1.532s] Level 1:colcon.colcon_core.environment:checking '/home/ctg/jaka_HumanArm_v2/install/robot_description/bin'
[1.532s] Level 1:colcon.colcon_core.environment:checking '/home/ctg/jaka_HumanArm_v2/install/robot_description/lib/pkgconfig/robot_description.pc'
[1.533s] Level 1:colcon.colcon_core.environment:checking '/home/ctg/jaka_HumanArm_v2/install/robot_description/lib/python3.10/site-packages'
[1.533s] Level 1:colcon.colcon_core.environment:checking '/home/ctg/jaka_HumanArm_v2/install/robot_description/bin'
[1.534s] INFO:colcon.colcon_core.shell:Creating package script '/home/ctg/jaka_HumanArm_v2/install/robot_description/share/robot_description/package.ps1'
[1.535s] INFO:colcon.colcon_core.shell:Creating package descriptor '/home/ctg/jaka_HumanArm_v2/install/robot_description/share/robot_description/package.dsv'
[1.537s] INFO:colcon.colcon_core.shell:Creating package script '/home/ctg/jaka_HumanArm_v2/install/robot_description/share/robot_description/package.sh'
[1.538s] INFO:colcon.colcon_core.shell:Creating package script '/home/ctg/jaka_HumanArm_v2/install/robot_description/share/robot_description/package.bash'
[1.539s] INFO:colcon.colcon_core.shell:Creating package script '/home/ctg/jaka_HumanArm_v2/install/robot_description/share/robot_description/package.zsh'
[1.540s] Level 1:colcon.colcon_core.environment:create_file_with_runtime_dependencies(/home/ctg/jaka_HumanArm_v2/install/robot_description/share/colcon-core/packages/robot_description)
[1.543s] INFO:colcon.colcon_ros.task.ament_cmake.build:Building ROS package in '/home/ctg/jaka_HumanArm_v2/src/robot_moveit_config' with build type 'ament_cmake'
[1.543s] INFO:colcon.colcon_cmake.task.cmake.build:Building CMake package in '/home/ctg/jaka_HumanArm_v2/src/robot_moveit_config'
[1.544s] INFO:colcon.colcon_core.shell:Skip shell extension 'powershell' for command environment: Not usable outside of PowerShell
[1.545s] DEBUG:colcon.colcon_core.shell:Skip shell extension 'dsv' for command environment
[1.561s] DEBUG:colcon.colcon_core.event_handler.log_command:Invoking command in '/home/ctg/jaka_HumanArm_v2/build/robot_octomap_motion_planning': CMAKE_PREFIX_PATH=${CMAKE_PREFIX_PATH}:/opt/ros/humble:/home/ctg/dev_ws/install/learning_urdf:/home/ctg/dev_ws/install/learning_topic:/home/ctg/dev_ws/install/learning_tf:/home/ctg/dev_ws/install/learning_service:/home/ctg/dev_ws/install/learning_qos:/home/ctg/dev_ws/install/learning_pkg_python:/home/ctg/dev_ws/install/learning_parameter:/home/ctg/dev_ws/install/learning_node:/home/ctg/dev_ws/install/learning_launch:/home/ctg/dev_ws/install/learning_action:/home/ctg/dev_ws/install/learning_gazebo_fortress:/home/ctg/dev_ws/install/learning_gazebo:/home/ctg/dev_ws/install/learning_cv /usr/bin/cmake --install /home/ctg/jaka_HumanArm_v2/build/robot_octomap_motion_planning
[1.581s] DEBUG:colcon.colcon_core.event_handler.log_command:Invoking command in '/home/ctg/jaka_HumanArm_v2/build/robot_moveit_config': CMAKE_PREFIX_PATH=/home/ctg/jaka_HumanArm_v2/install/robot_description:/home/ctg/jaka_HumanArm_v2/install/robot_octomap_motion_planning:/home/ctg/jaka_HumanArm_v2/install/robot_moveit_interface:/home/ctg/jaka_HumanArm_v2/install/robot_control:/home/ctg/jaka_HumanArm_v2/install/robot_moveit_config:/home/ctg/jaka_HumanArm_v2/install/arm_hand_interface:/home/ctg/dev_ws/install/pkg01_helloworld_cpp:/home/ctg/dev_ws/install/learning_topic_cpp:/home/ctg/dev_ws/install/learning_tf_cpp:/home/ctg/dev_ws/install/learning_service_cpp:/home/ctg/dev_ws/install/learning_pkg_c:/home/ctg/dev_ws/install/learning_parameter_cpp:/home/ctg/dev_ws/install/learning_node_cpp:/home/ctg/dev_ws/install/learning_action_cpp:/home/ctg/dev_ws/install/learning_interface:/opt/ros/humble:/home/ctg/dev_ws/install/learning_urdf:/home/ctg/dev_ws/install/learning_topic:/home/ctg/dev_ws/install/learning_tf:/home/ctg/dev_ws/install/learning_service:/home/ctg/dev_ws/install/learning_qos:/home/ctg/dev_ws/install/learning_pkg_python:/home/ctg/dev_ws/install/learning_parameter:/home/ctg/dev_ws/install/learning_node:/home/ctg/dev_ws/install/learning_launch:/home/ctg/dev_ws/install/learning_action:/home/ctg/dev_ws/install/learning_gazebo_fortress:/home/ctg/dev_ws/install/learning_gazebo:/home/ctg/dev_ws/install/learning_cv /usr/bin/cmake --build /home/ctg/jaka_HumanArm_v2/build/robot_moveit_config -- -j32 -l32
[1.594s] Level 1:colcon.colcon_core.environment:create_environment_scripts_only(robot_moveit_interface)
[1.595s] Level 1:colcon.colcon_core.environment:checking '/home/ctg/jaka_HumanArm_v2/install/robot_moveit_interface' for CMake module files
[1.598s] Level 1:colcon.colcon_core.environment:checking '/home/ctg/jaka_HumanArm_v2/install/robot_moveit_interface' for CMake config files
[1.598s] Level 1:colcon.colcon_core.shell:create_environment_hook('robot_moveit_interface', 'cmake_prefix_path')
[1.598s] INFO:colcon.colcon_core.shell:Creating environment hook '/home/ctg/jaka_HumanArm_v2/install/robot_moveit_interface/share/robot_moveit_interface/hook/cmake_prefix_path.ps1'
[1.600s] INFO:colcon.colcon_core.shell:Creating environment descriptor '/home/ctg/jaka_HumanArm_v2/install/robot_moveit_interface/share/robot_moveit_interface/hook/cmake_prefix_path.dsv'
[1.601s] INFO:colcon.colcon_core.shell:Creating environment hook '/home/ctg/jaka_HumanArm_v2/install/robot_moveit_interface/share/robot_moveit_interface/hook/cmake_prefix_path.sh'
[1.602s] Level 1:colcon.colcon_core.environment:checking '/home/ctg/jaka_HumanArm_v2/install/robot_moveit_interface/lib'
[1.603s] Level 1:colcon.colcon_core.environment:checking '/home/ctg/jaka_HumanArm_v2/install/robot_moveit_interface/bin'
[1.603s] Level 1:colcon.colcon_core.environment:checking '/home/ctg/jaka_HumanArm_v2/install/robot_moveit_interface/lib/pkgconfig/robot_moveit_interface.pc'
[1.603s] Level 1:colcon.colcon_core.environment:checking '/home/ctg/jaka_HumanArm_v2/install/robot_moveit_interface/lib/python3.10/site-packages'
[1.604s] Level 1:colcon.colcon_core.environment:checking '/home/ctg/jaka_HumanArm_v2/install/robot_moveit_interface/bin'
[1.605s] INFO:colcon.colcon_core.shell:Creating package script '/home/ctg/jaka_HumanArm_v2/install/robot_moveit_interface/share/robot_moveit_interface/package.ps1'
[1.606s] INFO:colcon.colcon_core.shell:Creating package descriptor '/home/ctg/jaka_HumanArm_v2/install/robot_moveit_interface/share/robot_moveit_interface/package.dsv'
[1.608s] INFO:colcon.colcon_core.shell:Creating package script '/home/ctg/jaka_HumanArm_v2/install/robot_moveit_interface/share/robot_moveit_interface/package.sh'
[1.610s] INFO:colcon.colcon_core.shell:Creating package script '/home/ctg/jaka_HumanArm_v2/install/robot_moveit_interface/share/robot_moveit_interface/package.bash'
[1.611s] INFO:colcon.colcon_core.shell:Creating package script '/home/ctg/jaka_HumanArm_v2/install/robot_moveit_interface/share/robot_moveit_interface/package.zsh'
[1.612s] Level 1:colcon.colcon_core.environment:create_file_with_runtime_dependencies(/home/ctg/jaka_HumanArm_v2/install/robot_moveit_interface/share/colcon-core/packages/robot_moveit_interface)
[1.614s] Level 1:colcon.colcon_core.environment:create_environment_scripts_only(robot_octomap_motion_planning)
[1.614s] Level 1:colcon.colcon_core.environment:checking '/home/ctg/jaka_HumanArm_v2/install/robot_octomap_motion_planning' for CMake module files
[1.617s] Level 1:colcon.colcon_core.environment:checking '/home/ctg/jaka_HumanArm_v2/install/robot_octomap_motion_planning' for CMake config files
[1.619s] Level 1:colcon.colcon_core.shell:create_environment_hook('robot_octomap_motion_planning', 'cmake_prefix_path')
[1.619s] INFO:colcon.colcon_core.shell:Creating environment hook '/home/ctg/jaka_HumanArm_v2/install/robot_octomap_motion_planning/share/robot_octomap_motion_planning/hook/cmake_prefix_path.ps1'
[1.621s] DEBUG:colcon.colcon_core.event_handler.log_command:Invoked command in '/home/ctg/jaka_HumanArm_v2/build/robot_octomap_motion_planning' returned '0': CMAKE_PREFIX_PATH=${CMAKE_PREFIX_PATH}:/opt/ros/humble:/home/ctg/dev_ws/install/learning_urdf:/home/ctg/dev_ws/install/learning_topic:/home/ctg/dev_ws/install/learning_tf:/home/ctg/dev_ws/install/learning_service:/home/ctg/dev_ws/install/learning_qos:/home/ctg/dev_ws/install/learning_pkg_python:/home/ctg/dev_ws/install/learning_parameter:/home/ctg/dev_ws/install/learning_node:/home/ctg/dev_ws/install/learning_launch:/home/ctg/dev_ws/install/learning_action:/home/ctg/dev_ws/install/learning_gazebo_fortress:/home/ctg/dev_ws/install/learning_gazebo:/home/ctg/dev_ws/install/learning_cv /usr/bin/cmake --install /home/ctg/jaka_HumanArm_v2/build/robot_octomap_motion_planning
[1.622s] INFO:colcon.colcon_core.shell:Creating environment descriptor '/home/ctg/jaka_HumanArm_v2/install/robot_octomap_motion_planning/share/robot_octomap_motion_planning/hook/cmake_prefix_path.dsv'
[1.622s] INFO:colcon.colcon_core.shell:Creating environment hook '/home/ctg/jaka_HumanArm_v2/install/robot_octomap_motion_planning/share/robot_octomap_motion_planning/hook/cmake_prefix_path.sh'
[1.624s] Level 1:colcon.colcon_core.environment:checking '/home/ctg/jaka_HumanArm_v2/install/robot_octomap_motion_planning/lib'
[1.624s] Level 1:colcon.colcon_core.environment:checking '/home/ctg/jaka_HumanArm_v2/install/robot_octomap_motion_planning/bin'
[1.624s] Level 1:colcon.colcon_core.environment:checking '/home/ctg/jaka_HumanArm_v2/install/robot_octomap_motion_planning/lib/pkgconfig/robot_octomap_motion_planning.pc'
[1.625s] Level 1:colcon.colcon_core.environment:checking '/home/ctg/jaka_HumanArm_v2/install/robot_octomap_motion_planning/lib/python3.10/site-packages'
[1.626s] Level 1:colcon.colcon_core.environment:checking '/home/ctg/jaka_HumanArm_v2/install/robot_octomap_motion_planning/bin'
[1.627s] INFO:colcon.colcon_core.shell:Creating package script '/home/ctg/jaka_HumanArm_v2/install/robot_octomap_motion_planning/share/robot_octomap_motion_planning/package.ps1'
[1.628s] INFO:colcon.colcon_core.shell:Creating package descriptor '/home/ctg/jaka_HumanArm_v2/install/robot_octomap_motion_planning/share/robot_octomap_motion_planning/package.dsv'
[1.629s] INFO:colcon.colcon_core.shell:Creating package script '/home/ctg/jaka_HumanArm_v2/install/robot_octomap_motion_planning/share/robot_octomap_motion_planning/package.sh'
[1.630s] INFO:colcon.colcon_core.shell:Creating package script '/home/ctg/jaka_HumanArm_v2/install/robot_octomap_motion_planning/share/robot_octomap_motion_planning/package.bash'
[1.631s] INFO:colcon.colcon_core.shell:Creating package script '/home/ctg/jaka_HumanArm_v2/install/robot_octomap_motion_planning/share/robot_octomap_motion_planning/package.zsh'
[1.633s] Level 1:colcon.colcon_core.environment:create_file_with_runtime_dependencies(/home/ctg/jaka_HumanArm_v2/install/robot_octomap_motion_planning/share/colcon-core/packages/robot_octomap_motion_planning)
[1.685s] DEBUG:colcon.colcon_core.event_handler.log_command:Invoked command in '/home/ctg/jaka_HumanArm_v2/build/robot_moveit_config' returned '0': CMAKE_PREFIX_PATH=/home/ctg/jaka_HumanArm_v2/install/robot_description:/home/ctg/jaka_HumanArm_v2/install/robot_octomap_motion_planning:/home/ctg/jaka_HumanArm_v2/install/robot_moveit_interface:/home/ctg/jaka_HumanArm_v2/install/robot_control:/home/ctg/jaka_HumanArm_v2/install/robot_moveit_config:/home/ctg/jaka_HumanArm_v2/install/arm_hand_interface:/home/ctg/dev_ws/install/pkg01_helloworld_cpp:/home/ctg/dev_ws/install/learning_topic_cpp:/home/ctg/dev_ws/install/learning_tf_cpp:/home/ctg/dev_ws/install/learning_service_cpp:/home/ctg/dev_ws/install/learning_pkg_c:/home/ctg/dev_ws/install/learning_parameter_cpp:/home/ctg/dev_ws/install/learning_node_cpp:/home/ctg/dev_ws/install/learning_action_cpp:/home/ctg/dev_ws/install/learning_interface:/opt/ros/humble:/home/ctg/dev_ws/install/learning_urdf:/home/ctg/dev_ws/install/learning_topic:/home/ctg/dev_ws/install/learning_tf:/home/ctg/dev_ws/install/learning_service:/home/ctg/dev_ws/install/learning_qos:/home/ctg/dev_ws/install/learning_pkg_python:/home/ctg/dev_ws/install/learning_parameter:/home/ctg/dev_ws/install/learning_node:/home/ctg/dev_ws/install/learning_launch:/home/ctg/dev_ws/install/learning_action:/home/ctg/dev_ws/install/learning_gazebo_fortress:/home/ctg/dev_ws/install/learning_gazebo:/home/ctg/dev_ws/install/learning_cv /usr/bin/cmake --build /home/ctg/jaka_HumanArm_v2/build/robot_moveit_config -- -j32 -l32
[1.749s] Level 1:colcon.colcon_core.environment:create_environment_scripts_only(robot_octomap_motion_planning)
[1.750s] Level 1:colcon.colcon_core.environment:checking '/home/ctg/jaka_HumanArm_v2/install/robot_octomap_motion_planning' for CMake module files
[1.751s] Level 1:colcon.colcon_core.environment:checking '/home/ctg/jaka_HumanArm_v2/install/robot_octomap_motion_planning' for CMake config files
[1.752s] Level 1:colcon.colcon_core.shell:create_environment_hook('robot_octomap_motion_planning', 'cmake_prefix_path')
[1.753s] INFO:colcon.colcon_core.shell:Creating environment hook '/home/ctg/jaka_HumanArm_v2/install/robot_octomap_motion_planning/share/robot_octomap_motion_planning/hook/cmake_prefix_path.ps1'
[1.754s] INFO:colcon.colcon_core.shell:Creating environment descriptor '/home/ctg/jaka_HumanArm_v2/install/robot_octomap_motion_planning/share/robot_octomap_motion_planning/hook/cmake_prefix_path.dsv'
[1.755s] INFO:colcon.colcon_core.shell:Creating environment hook '/home/ctg/jaka_HumanArm_v2/install/robot_octomap_motion_planning/share/robot_octomap_motion_planning/hook/cmake_prefix_path.sh'
[1.757s] Level 1:colcon.colcon_core.environment:checking '/home/ctg/jaka_HumanArm_v2/install/robot_octomap_motion_planning/lib'
[1.757s] Level 1:colcon.colcon_core.environment:checking '/home/ctg/jaka_HumanArm_v2/install/robot_octomap_motion_planning/bin'
[1.757s] Level 1:colcon.colcon_core.environment:checking '/home/ctg/jaka_HumanArm_v2/install/robot_octomap_motion_planning/lib/pkgconfig/robot_octomap_motion_planning.pc'
[1.758s] Level 1:colcon.colcon_core.environment:checking '/home/ctg/jaka_HumanArm_v2/install/robot_octomap_motion_planning/lib/python3.10/site-packages'
[1.759s] Level 1:colcon.colcon_core.environment:checking '/home/ctg/jaka_HumanArm_v2/install/robot_octomap_motion_planning/bin'
[1.759s] INFO:colcon.colcon_core.shell:Creating package script '/home/ctg/jaka_HumanArm_v2/install/robot_octomap_motion_planning/share/robot_octomap_motion_planning/package.ps1'
[1.761s] INFO:colcon.colcon_core.shell:Creating package descriptor '/home/ctg/jaka_HumanArm_v2/install/robot_octomap_motion_planning/share/robot_octomap_motion_planning/package.dsv'
[1.762s] INFO:colcon.colcon_core.shell:Creating package script '/home/ctg/jaka_HumanArm_v2/install/robot_octomap_motion_planning/share/robot_octomap_motion_planning/package.sh'
[1.763s] INFO:colcon.colcon_core.shell:Creating package script '/home/ctg/jaka_HumanArm_v2/install/robot_octomap_motion_planning/share/robot_octomap_motion_planning/package.bash'
[1.764s] INFO:colcon.colcon_core.shell:Creating package script '/home/ctg/jaka_HumanArm_v2/install/robot_octomap_motion_planning/share/robot_octomap_motion_planning/package.zsh'
[1.764s] Level 1:colcon.colcon_core.environment:create_file_with_runtime_dependencies(/home/ctg/jaka_HumanArm_v2/install/robot_octomap_motion_planning/share/colcon-core/packages/robot_octomap_motion_planning)
[1.784s] DEBUG:colcon.colcon_core.event_handler.log_command:Invoking command in '/home/ctg/jaka_HumanArm_v2/build/robot_moveit_config': CMAKE_PREFIX_PATH=/home/ctg/jaka_HumanArm_v2/install/robot_description:/home/ctg/jaka_HumanArm_v2/install/robot_octomap_motion_planning:/home/ctg/jaka_HumanArm_v2/install/robot_moveit_interface:/home/ctg/jaka_HumanArm_v2/install/robot_control:/home/ctg/jaka_HumanArm_v2/install/robot_moveit_config:/home/ctg/jaka_HumanArm_v2/install/arm_hand_interface:/home/ctg/dev_ws/install/pkg01_helloworld_cpp:/home/ctg/dev_ws/install/learning_topic_cpp:/home/ctg/dev_ws/install/learning_tf_cpp:/home/ctg/dev_ws/install/learning_service_cpp:/home/ctg/dev_ws/install/learning_pkg_c:/home/ctg/dev_ws/install/learning_parameter_cpp:/home/ctg/dev_ws/install/learning_node_cpp:/home/ctg/dev_ws/install/learning_action_cpp:/home/ctg/dev_ws/install/learning_interface:/opt/ros/humble:/home/ctg/dev_ws/install/learning_urdf:/home/ctg/dev_ws/install/learning_topic:/home/ctg/dev_ws/install/learning_tf:/home/ctg/dev_ws/install/learning_service:/home/ctg/dev_ws/install/learning_qos:/home/ctg/dev_ws/install/learning_pkg_python:/home/ctg/dev_ws/install/learning_parameter:/home/ctg/dev_ws/install/learning_node:/home/ctg/dev_ws/install/learning_launch:/home/ctg/dev_ws/install/learning_action:/home/ctg/dev_ws/install/learning_gazebo_fortress:/home/ctg/dev_ws/install/learning_gazebo:/home/ctg/dev_ws/install/learning_cv /usr/bin/cmake --install /home/ctg/jaka_HumanArm_v2/build/robot_moveit_config
[1.818s] Level 1:colcon.colcon_core.environment:create_environment_scripts_only(robot_moveit_config)
[1.818s] Level 1:colcon.colcon_core.environment:checking '/home/ctg/jaka_HumanArm_v2/install/robot_moveit_config' for CMake module files
[1.819s] Level 1:colcon.colcon_core.environment:checking '/home/ctg/jaka_HumanArm_v2/install/robot_moveit_config' for CMake config files
[1.819s] DEBUG:colcon.colcon_core.event_handler.log_command:Invoked command in '/home/ctg/jaka_HumanArm_v2/build/robot_moveit_config' returned '0': CMAKE_PREFIX_PATH=/home/ctg/jaka_HumanArm_v2/install/robot_description:/home/ctg/jaka_HumanArm_v2/install/robot_octomap_motion_planning:/home/ctg/jaka_HumanArm_v2/install/robot_moveit_interface:/home/ctg/jaka_HumanArm_v2/install/robot_control:/home/ctg/jaka_HumanArm_v2/install/robot_moveit_config:/home/ctg/jaka_HumanArm_v2/install/arm_hand_interface:/home/ctg/dev_ws/install/pkg01_helloworld_cpp:/home/ctg/dev_ws/install/learning_topic_cpp:/home/ctg/dev_ws/install/learning_tf_cpp:/home/ctg/dev_ws/install/learning_service_cpp:/home/ctg/dev_ws/install/learning_pkg_c:/home/ctg/dev_ws/install/learning_parameter_cpp:/home/ctg/dev_ws/install/learning_node_cpp:/home/ctg/dev_ws/install/learning_action_cpp:/home/ctg/dev_ws/install/learning_interface:/opt/ros/humble:/home/ctg/dev_ws/install/learning_urdf:/home/ctg/dev_ws/install/learning_topic:/home/ctg/dev_ws/install/learning_tf:/home/ctg/dev_ws/install/learning_service:/home/ctg/dev_ws/install/learning_qos:/home/ctg/dev_ws/install/learning_pkg_python:/home/ctg/dev_ws/install/learning_parameter:/home/ctg/dev_ws/install/learning_node:/home/ctg/dev_ws/install/learning_launch:/home/ctg/dev_ws/install/learning_action:/home/ctg/dev_ws/install/learning_gazebo_fortress:/home/ctg/dev_ws/install/learning_gazebo:/home/ctg/dev_ws/install/learning_cv /usr/bin/cmake --install /home/ctg/jaka_HumanArm_v2/build/robot_moveit_config
[1.819s] Level 1:colcon.colcon_core.shell:create_environment_hook('robot_moveit_config', 'cmake_prefix_path')
[1.820s] INFO:colcon.colcon_core.shell:Creating environment hook '/home/ctg/jaka_HumanArm_v2/install/robot_moveit_config/share/robot_moveit_config/hook/cmake_prefix_path.ps1'
[1.820s] INFO:colcon.colcon_core.shell:Creating environment descriptor '/home/ctg/jaka_HumanArm_v2/install/robot_moveit_config/share/robot_moveit_config/hook/cmake_prefix_path.dsv'
[1.820s] INFO:colcon.colcon_core.shell:Creating environment hook '/home/ctg/jaka_HumanArm_v2/install/robot_moveit_config/share/robot_moveit_config/hook/cmake_prefix_path.sh'
[1.821s] Level 1:colcon.colcon_core.environment:checking '/home/ctg/jaka_HumanArm_v2/install/robot_moveit_config/bin'
[1.821s] Level 1:colcon.colcon_core.environment:checking '/home/ctg/jaka_HumanArm_v2/install/robot_moveit_config/lib/pkgconfig/robot_moveit_config.pc'
[1.821s] Level 1:colcon.colcon_core.environment:checking '/home/ctg/jaka_HumanArm_v2/install/robot_moveit_config/lib/python3.10/site-packages'
[1.821s] Level 1:colcon.colcon_core.environment:checking '/home/ctg/jaka_HumanArm_v2/install/robot_moveit_config/bin'
[1.822s] INFO:colcon.colcon_core.shell:Creating package script '/home/ctg/jaka_HumanArm_v2/install/robot_moveit_config/share/robot_moveit_config/package.ps1'
[1.822s] INFO:colcon.colcon_core.shell:Creating package descriptor '/home/ctg/jaka_HumanArm_v2/install/robot_moveit_config/share/robot_moveit_config/package.dsv'
[1.822s] INFO:colcon.colcon_core.shell:Creating package script '/home/ctg/jaka_HumanArm_v2/install/robot_moveit_config/share/robot_moveit_config/package.sh'
[1.823s] INFO:colcon.colcon_core.shell:Creating package script '/home/ctg/jaka_HumanArm_v2/install/robot_moveit_config/share/robot_moveit_config/package.bash'
[1.823s] INFO:colcon.colcon_core.shell:Creating package script '/home/ctg/jaka_HumanArm_v2/install/robot_moveit_config/share/robot_moveit_config/package.zsh'
[1.823s] Level 1:colcon.colcon_core.environment:create_file_with_runtime_dependencies(/home/ctg/jaka_HumanArm_v2/install/robot_moveit_config/share/colcon-core/packages/robot_moveit_config)
[1.919s] Level 1:colcon.colcon_core.environment:create_environment_scripts_only(robot_moveit_config)
[1.920s] Level 1:colcon.colcon_core.environment:checking '/home/ctg/jaka_HumanArm_v2/install/robot_moveit_config' for CMake module files
[1.921s] Level 1:colcon.colcon_core.environment:checking '/home/ctg/jaka_HumanArm_v2/install/robot_moveit_config' for CMake config files
[1.922s] Level 1:colcon.colcon_core.shell:create_environment_hook('robot_moveit_config', 'cmake_prefix_path')
[1.922s] INFO:colcon.colcon_core.shell:Creating environment hook '/home/ctg/jaka_HumanArm_v2/install/robot_moveit_config/share/robot_moveit_config/hook/cmake_prefix_path.ps1'
[1.923s] INFO:colcon.colcon_core.shell:Creating environment descriptor '/home/ctg/jaka_HumanArm_v2/install/robot_moveit_config/share/robot_moveit_config/hook/cmake_prefix_path.dsv'
[1.924s] INFO:colcon.colcon_core.shell:Creating environment hook '/home/ctg/jaka_HumanArm_v2/install/robot_moveit_config/share/robot_moveit_config/hook/cmake_prefix_path.sh'
[1.926s] Level 1:colcon.colcon_core.environment:checking '/home/ctg/jaka_HumanArm_v2/install/robot_moveit_config/bin'
[1.926s] Level 1:colcon.colcon_core.environment:checking '/home/ctg/jaka_HumanArm_v2/install/robot_moveit_config/lib/pkgconfig/robot_moveit_config.pc'
[1.926s] Level 1:colcon.colcon_core.environment:checking '/home/ctg/jaka_HumanArm_v2/install/robot_moveit_config/lib/python3.10/site-packages'
[1.927s] Level 1:colcon.colcon_core.environment:checking '/home/ctg/jaka_HumanArm_v2/install/robot_moveit_config/bin'
[1.927s] INFO:colcon.colcon_core.shell:Creating package script '/home/ctg/jaka_HumanArm_v2/install/robot_moveit_config/share/robot_moveit_config/package.ps1'
[1.927s] INFO:colcon.colcon_core.shell:Creating package descriptor '/home/ctg/jaka_HumanArm_v2/install/robot_moveit_config/share/robot_moveit_config/package.dsv'
[1.928s] INFO:colcon.colcon_core.shell:Creating package script '/home/ctg/jaka_HumanArm_v2/install/robot_moveit_config/share/robot_moveit_config/package.sh'
[1.930s] INFO:colcon.colcon_core.shell:Creating package script '/home/ctg/jaka_HumanArm_v2/install/robot_moveit_config/share/robot_moveit_config/package.bash'
[1.930s] INFO:colcon.colcon_core.shell:Creating package script '/home/ctg/jaka_HumanArm_v2/install/robot_moveit_config/share/robot_moveit_config/package.zsh'
[1.932s] Level 1:colcon.colcon_core.environment:create_file_with_runtime_dependencies(/home/ctg/jaka_HumanArm_v2/install/robot_moveit_config/share/colcon-core/packages/robot_moveit_config)
[2.139s] DEBUG:colcon.colcon_core.event_handler.log_command:Invoked command in '/home/ctg/jaka_HumanArm_v2/build/arm_hand_interface' returned '0': CMAKE_PREFIX_PATH=${CMAKE_PREFIX_PATH}:/opt/ros/humble:/home/ctg/dev_ws/install/learning_urdf:/home/ctg/dev_ws/install/learning_topic:/home/ctg/dev_ws/install/learning_tf:/home/ctg/dev_ws/install/learning_service:/home/ctg/dev_ws/install/learning_qos:/home/ctg/dev_ws/install/learning_pkg_python:/home/ctg/dev_ws/install/learning_parameter:/home/ctg/dev_ws/install/learning_node:/home/ctg/dev_ws/install/learning_launch:/home/ctg/dev_ws/install/learning_action:/home/ctg/dev_ws/install/learning_gazebo_fortress:/home/ctg/dev_ws/install/learning_gazebo:/home/ctg/dev_ws/install/learning_cv /usr/bin/cmake --build /home/ctg/jaka_HumanArm_v2/build/arm_hand_interface -- -j32 -l32
[2.724s] DEBUG:colcon.colcon_core.event_handler.log_command:Invoking command in '/home/ctg/jaka_HumanArm_v2/build/arm_hand_interface': CMAKE_PREFIX_PATH=${CMAKE_PREFIX_PATH}:/opt/ros/humble:/home/ctg/dev_ws/install/learning_urdf:/home/ctg/dev_ws/install/learning_topic:/home/ctg/dev_ws/install/learning_tf:/home/ctg/dev_ws/install/learning_service:/home/ctg/dev_ws/install/learning_qos:/home/ctg/dev_ws/install/learning_pkg_python:/home/ctg/dev_ws/install/learning_parameter:/home/ctg/dev_ws/install/learning_node:/home/ctg/dev_ws/install/learning_launch:/home/ctg/dev_ws/install/learning_action:/home/ctg/dev_ws/install/learning_gazebo_fortress:/home/ctg/dev_ws/install/learning_gazebo:/home/ctg/dev_ws/install/learning_cv /usr/bin/cmake --install /home/ctg/jaka_HumanArm_v2/build/arm_hand_interface
[2.896s] Level 1:colcon.colcon_core.environment:create_environment_scripts_only(arm_hand_interface)
[2.897s] Level 1:colcon.colcon_core.environment:checking '/home/ctg/jaka_HumanArm_v2/install/arm_hand_interface' for CMake module files
[2.897s] Level 1:colcon.colcon_core.environment:checking '/home/ctg/jaka_HumanArm_v2/install/arm_hand_interface' for CMake config files
[2.898s] Level 1:colcon.colcon_core.shell:create_environment_hook('arm_hand_interface', 'cmake_prefix_path')
[2.898s] INFO:colcon.colcon_core.shell:Creating environment hook '/home/ctg/jaka_HumanArm_v2/install/arm_hand_interface/share/arm_hand_interface/hook/cmake_prefix_path.ps1'
[2.898s] DEBUG:colcon.colcon_core.event_handler.log_command:Invoked command in '/home/ctg/jaka_HumanArm_v2/build/arm_hand_interface' returned '0': CMAKE_PREFIX_PATH=${CMAKE_PREFIX_PATH}:/opt/ros/humble:/home/ctg/dev_ws/install/learning_urdf:/home/ctg/dev_ws/install/learning_topic:/home/ctg/dev_ws/install/learning_tf:/home/ctg/dev_ws/install/learning_service:/home/ctg/dev_ws/install/learning_qos:/home/ctg/dev_ws/install/learning_pkg_python:/home/ctg/dev_ws/install/learning_parameter:/home/ctg/dev_ws/install/learning_node:/home/ctg/dev_ws/install/learning_launch:/home/ctg/dev_ws/install/learning_action:/home/ctg/dev_ws/install/learning_gazebo_fortress:/home/ctg/dev_ws/install/learning_gazebo:/home/ctg/dev_ws/install/learning_cv /usr/bin/cmake --install /home/ctg/jaka_HumanArm_v2/build/arm_hand_interface
[2.899s] INFO:colcon.colcon_core.shell:Creating environment descriptor '/home/ctg/jaka_HumanArm_v2/install/arm_hand_interface/share/arm_hand_interface/hook/cmake_prefix_path.dsv'
[2.901s] INFO:colcon.colcon_core.shell:Creating environment hook '/home/ctg/jaka_HumanArm_v2/install/arm_hand_interface/share/arm_hand_interface/hook/cmake_prefix_path.sh'
[2.902s] Level 1:colcon.colcon_core.environment:checking '/home/ctg/jaka_HumanArm_v2/install/arm_hand_interface/lib'
[2.902s] Level 1:colcon.colcon_core.shell:create_environment_hook('arm_hand_interface', 'ld_library_path_lib')
[2.902s] INFO:colcon.colcon_core.shell:Creating environment hook '/home/ctg/jaka_HumanArm_v2/install/arm_hand_interface/share/arm_hand_interface/hook/ld_library_path_lib.ps1'
[2.904s] INFO:colcon.colcon_core.shell:Creating environment descriptor '/home/ctg/jaka_HumanArm_v2/install/arm_hand_interface/share/arm_hand_interface/hook/ld_library_path_lib.dsv'
[2.905s] INFO:colcon.colcon_core.shell:Creating environment hook '/home/ctg/jaka_HumanArm_v2/install/arm_hand_interface/share/arm_hand_interface/hook/ld_library_path_lib.sh'
[2.906s] Level 1:colcon.colcon_core.environment:checking '/home/ctg/jaka_HumanArm_v2/install/arm_hand_interface/bin'
[2.906s] Level 1:colcon.colcon_core.environment:checking '/home/ctg/jaka_HumanArm_v2/install/arm_hand_interface/lib/pkgconfig/arm_hand_interface.pc'
[2.907s] Level 1:colcon.colcon_core.environment:checking '/home/ctg/jaka_HumanArm_v2/install/arm_hand_interface/lib/python3.10/site-packages'
[2.907s] Level 1:colcon.colcon_core.environment:checking '/home/ctg/jaka_HumanArm_v2/install/arm_hand_interface/bin'
[2.908s] INFO:colcon.colcon_core.shell:Creating package script '/home/ctg/jaka_HumanArm_v2/install/arm_hand_interface/share/arm_hand_interface/package.ps1'
[2.910s] INFO:colcon.colcon_core.shell:Creating package descriptor '/home/ctg/jaka_HumanArm_v2/install/arm_hand_interface/share/arm_hand_interface/package.dsv'
[2.911s] INFO:colcon.colcon_core.shell:Creating package script '/home/ctg/jaka_HumanArm_v2/install/arm_hand_interface/share/arm_hand_interface/package.sh'
[2.912s] INFO:colcon.colcon_core.shell:Creating package script '/home/ctg/jaka_HumanArm_v2/install/arm_hand_interface/share/arm_hand_interface/package.bash'
[2.913s] INFO:colcon.colcon_core.shell:Creating package script '/home/ctg/jaka_HumanArm_v2/install/arm_hand_interface/share/arm_hand_interface/package.zsh'
[2.914s] Level 1:colcon.colcon_core.environment:create_file_with_runtime_dependencies(/home/ctg/jaka_HumanArm_v2/install/arm_hand_interface/share/colcon-core/packages/arm_hand_interface)
[3.516s] Level 1:colcon.colcon_core.environment:create_environment_scripts_only(arm_hand_interface)
[3.517s] Level 1:colcon.colcon_core.environment:checking '/home/ctg/jaka_HumanArm_v2/install/arm_hand_interface' for CMake module files
[3.519s] Level 1:colcon.colcon_core.environment:checking '/home/ctg/jaka_HumanArm_v2/install/arm_hand_interface' for CMake config files
[3.519s] Level 1:colcon.colcon_core.shell:create_environment_hook('arm_hand_interface', 'cmake_prefix_path')
[3.520s] INFO:colcon.colcon_core.shell:Creating environment hook '/home/ctg/jaka_HumanArm_v2/install/arm_hand_interface/share/arm_hand_interface/hook/cmake_prefix_path.ps1'
[3.521s] INFO:colcon.colcon_core.shell:Creating environment descriptor '/home/ctg/jaka_HumanArm_v2/install/arm_hand_interface/share/arm_hand_interface/hook/cmake_prefix_path.dsv'
[3.523s] INFO:colcon.colcon_core.shell:Creating environment hook '/home/ctg/jaka_HumanArm_v2/install/arm_hand_interface/share/arm_hand_interface/hook/cmake_prefix_path.sh'
[3.524s] Level 1:colcon.colcon_core.environment:checking '/home/ctg/jaka_HumanArm_v2/install/arm_hand_interface/lib'
[3.524s] Level 1:colcon.colcon_core.shell:create_environment_hook('arm_hand_interface', 'ld_library_path_lib')
[3.524s] INFO:colcon.colcon_core.shell:Creating environment hook '/home/ctg/jaka_HumanArm_v2/install/arm_hand_interface/share/arm_hand_interface/hook/ld_library_path_lib.ps1'
[3.525s] INFO:colcon.colcon_core.shell:Creating environment descriptor '/home/ctg/jaka_HumanArm_v2/install/arm_hand_interface/share/arm_hand_interface/hook/ld_library_path_lib.dsv'
[3.525s] INFO:colcon.colcon_core.shell:Creating environment hook '/home/ctg/jaka_HumanArm_v2/install/arm_hand_interface/share/arm_hand_interface/hook/ld_library_path_lib.sh'
[3.525s] Level 1:colcon.colcon_core.environment:checking '/home/ctg/jaka_HumanArm_v2/install/arm_hand_interface/bin'
[3.525s] Level 1:colcon.colcon_core.environment:checking '/home/ctg/jaka_HumanArm_v2/install/arm_hand_interface/lib/pkgconfig/arm_hand_interface.pc'
[3.526s] Level 1:colcon.colcon_core.environment:checking '/home/ctg/jaka_HumanArm_v2/install/arm_hand_interface/lib/python3.10/site-packages'
[3.526s] Level 1:colcon.colcon_core.environment:checking '/home/ctg/jaka_HumanArm_v2/install/arm_hand_interface/bin'
[3.526s] INFO:colcon.colcon_core.shell:Creating package script '/home/ctg/jaka_HumanArm_v2/install/arm_hand_interface/share/arm_hand_interface/package.ps1'
[3.527s] INFO:colcon.colcon_core.shell:Creating package descriptor '/home/ctg/jaka_HumanArm_v2/install/arm_hand_interface/share/arm_hand_interface/package.dsv'
[3.527s] INFO:colcon.colcon_core.shell:Creating package script '/home/ctg/jaka_HumanArm_v2/install/arm_hand_interface/share/arm_hand_interface/package.sh'
[3.528s] INFO:colcon.colcon_core.shell:Creating package script '/home/ctg/jaka_HumanArm_v2/install/arm_hand_interface/share/arm_hand_interface/package.bash'
[3.528s] INFO:colcon.colcon_core.shell:Creating package script '/home/ctg/jaka_HumanArm_v2/install/arm_hand_interface/share/arm_hand_interface/package.zsh'
[3.529s] Level 1:colcon.colcon_core.environment:create_file_with_runtime_dependencies(/home/ctg/jaka_HumanArm_v2/install/arm_hand_interface/share/colcon-core/packages/arm_hand_interface)
[3.530s] INFO:colcon.colcon_ros.task.ament_cmake.build:Building ROS package in '/home/ctg/jaka_HumanArm_v2/src/robot_control' with build type 'ament_cmake'
[3.530s] INFO:colcon.colcon_cmake.task.cmake.build:Building CMake package in '/home/ctg/jaka_HumanArm_v2/src/robot_control'
[3.531s] INFO:colcon.colcon_core.shell:Skip shell extension 'powershell' for command environment: Not usable outside of PowerShell
[3.531s] DEBUG:colcon.colcon_core.shell:Skip shell extension 'dsv' for command environment
[3.601s] DEBUG:colcon.colcon_core.event_handler.log_command:Invoking command in '/home/ctg/jaka_HumanArm_v2/build/robot_control': CMAKE_PREFIX_PATH=/home/ctg/jaka_HumanArm_v2/install/arm_hand_interface:/home/ctg/jaka_HumanArm_v2/install/robot_octomap_motion_planning:/home/ctg/jaka_HumanArm_v2/install/robot_moveit_interface:/home/ctg/jaka_HumanArm_v2/install/robot_control:/home/ctg/jaka_HumanArm_v2/install/robot_moveit_config:/home/ctg/jaka_HumanArm_v2/install/robot_description:/home/ctg/dev_ws/install/pkg01_helloworld_cpp:/home/ctg/dev_ws/install/learning_topic_cpp:/home/ctg/dev_ws/install/learning_tf_cpp:/home/ctg/dev_ws/install/learning_service_cpp:/home/ctg/dev_ws/install/learning_pkg_c:/home/ctg/dev_ws/install/learning_parameter_cpp:/home/ctg/dev_ws/install/learning_node_cpp:/home/ctg/dev_ws/install/learning_action_cpp:/home/ctg/dev_ws/install/learning_interface:/opt/ros/humble:/home/ctg/dev_ws/install/learning_urdf:/home/ctg/dev_ws/install/learning_topic:/home/ctg/dev_ws/install/learning_tf:/home/ctg/dev_ws/install/learning_service:/home/ctg/dev_ws/install/learning_qos:/home/ctg/dev_ws/install/learning_pkg_python:/home/ctg/dev_ws/install/learning_parameter:/home/ctg/dev_ws/install/learning_node:/home/ctg/dev_ws/install/learning_launch:/home/ctg/dev_ws/install/learning_action:/home/ctg/dev_ws/install/learning_gazebo_fortress:/home/ctg/dev_ws/install/learning_gazebo:/home/ctg/dev_ws/install/learning_cv /usr/bin/cmake --build /home/ctg/jaka_HumanArm_v2/build/robot_control -- -j32 -l32
[37.699s] DEBUG:colcon.colcon_core.event_handler.log_command:Invoked command in '/home/ctg/jaka_HumanArm_v2/build/robot_control' returned '2': CMAKE_PREFIX_PATH=/home/ctg/jaka_HumanArm_v2/install/arm_hand_interface:/home/ctg/jaka_HumanArm_v2/install/robot_octomap_motion_planning:/home/ctg/jaka_HumanArm_v2/install/robot_moveit_interface:/home/ctg/jaka_HumanArm_v2/install/robot_control:/home/ctg/jaka_HumanArm_v2/install/robot_moveit_config:/home/ctg/jaka_HumanArm_v2/install/robot_description:/home/ctg/dev_ws/install/pkg01_helloworld_cpp:/home/ctg/dev_ws/install/learning_topic_cpp:/home/ctg/dev_ws/install/learning_tf_cpp:/home/ctg/dev_ws/install/learning_service_cpp:/home/ctg/dev_ws/install/learning_pkg_c:/home/ctg/dev_ws/install/learning_parameter_cpp:/home/ctg/dev_ws/install/learning_node_cpp:/home/ctg/dev_ws/install/learning_action_cpp:/home/ctg/dev_ws/install/learning_interface:/opt/ros/humble:/home/ctg/dev_ws/install/learning_urdf:/home/ctg/dev_ws/install/learning_topic:/home/ctg/dev_ws/install/learning_tf:/home/ctg/dev_ws/install/learning_service:/home/ctg/dev_ws/install/learning_qos:/home/ctg/dev_ws/install/learning_pkg_python:/home/ctg/dev_ws/install/learning_parameter:/home/ctg/dev_ws/install/learning_node:/home/ctg/dev_ws/install/learning_launch:/home/ctg/dev_ws/install/learning_action:/home/ctg/dev_ws/install/learning_gazebo_fortress:/home/ctg/dev_ws/install/learning_gazebo:/home/ctg/dev_ws/install/learning_cv /usr/bin/cmake --build /home/ctg/jaka_HumanArm_v2/build/robot_control -- -j32 -l32
[37.838s] Level 1:colcon.colcon_core.environment:create_environment_scripts_only(robot_control)
[37.839s] Level 1:colcon.colcon_core.environment:checking '/home/ctg/jaka_HumanArm_v2/install/robot_control' for CMake module files
[37.839s] Level 1:colcon.colcon_core.environment:checking '/home/ctg/jaka_HumanArm_v2/install/robot_control' for CMake config files
[37.839s] Level 1:colcon.colcon_core.shell:create_environment_hook('robot_control', 'cmake_prefix_path')
[37.839s] INFO:colcon.colcon_core.shell:Creating environment hook '/home/ctg/jaka_HumanArm_v2/install/robot_control/share/robot_control/hook/cmake_prefix_path.ps1'
[37.840s] INFO:colcon.colcon_core.shell:Creating environment descriptor '/home/ctg/jaka_HumanArm_v2/install/robot_control/share/robot_control/hook/cmake_prefix_path.dsv'
[37.841s] INFO:colcon.colcon_core.shell:Creating environment hook '/home/ctg/jaka_HumanArm_v2/install/robot_control/share/robot_control/hook/cmake_prefix_path.sh'
[37.842s] Level 1:colcon.colcon_core.environment:checking '/home/ctg/jaka_HumanArm_v2/install/robot_control/lib'
[37.842s] Level 1:colcon.colcon_core.environment:checking '/home/ctg/jaka_HumanArm_v2/install/robot_control/bin'
[37.842s] Level 1:colcon.colcon_core.environment:checking '/home/ctg/jaka_HumanArm_v2/install/robot_control/lib/pkgconfig/robot_control.pc'
[37.842s] Level 1:colcon.colcon_core.environment:checking '/home/ctg/jaka_HumanArm_v2/install/robot_control/lib/python3.10/site-packages'
[37.843s] Level 1:colcon.colcon_core.environment:checking '/home/ctg/jaka_HumanArm_v2/install/robot_control/bin'
[37.843s] INFO:colcon.colcon_core.shell:Creating package script '/home/ctg/jaka_HumanArm_v2/install/robot_control/share/robot_control/package.ps1'
[37.843s] INFO:colcon.colcon_core.shell:Creating package descriptor '/home/ctg/jaka_HumanArm_v2/install/robot_control/share/robot_control/package.dsv'
[37.844s] INFO:colcon.colcon_core.shell:Creating package script '/home/ctg/jaka_HumanArm_v2/install/robot_control/share/robot_control/package.sh'
[37.844s] INFO:colcon.colcon_core.shell:Creating package script '/home/ctg/jaka_HumanArm_v2/install/robot_control/share/robot_control/package.bash'
[37.846s] INFO:colcon.colcon_core.shell:Creating package script '/home/ctg/jaka_HumanArm_v2/install/robot_control/share/robot_control/package.zsh'
[37.847s] Level 1:colcon.colcon_core.environment:create_file_with_runtime_dependencies(/home/ctg/jaka_HumanArm_v2/install/robot_control/share/colcon-core/packages/robot_control)
[37.859s] DEBUG:colcon.colcon_parallel_executor.executor.parallel:closing loop
[37.860s] DEBUG:colcon.colcon_parallel_executor.executor.parallel:loop closed
[37.860s] DEBUG:colcon.colcon_parallel_executor.executor.parallel:run_until_complete finished with '2'
[37.860s] DEBUG:colcon.colcon_core.event_reactor:joining thread
[37.870s] INFO:colcon.colcon_core.plugin_system:Skipping extension 'colcon_notification.desktop_notification.terminal_notifier': Not used on non-Darwin systems
[37.871s] INFO:colcon.colcon_core.plugin_system:Skipping extension 'colcon_notification.desktop_notification.win32': Not used on non-Windows systems
[37.871s] INFO:colcon.colcon_notification.desktop_notification:Sending desktop notification using 'notify2'
[37.932s] DEBUG:colcon.colcon_core.event_reactor:joined thread
[37.933s] INFO:colcon.colcon_core.shell:Creating prefix script '/home/ctg/jaka_HumanArm_v2/install/local_setup.ps1'
[37.937s] INFO:colcon.colcon_core.shell:Creating prefix util module '/home/ctg/jaka_HumanArm_v2/install/_local_setup_util_ps1.py'
[37.940s] INFO:colcon.colcon_core.shell:Creating prefix chain script '/home/ctg/jaka_HumanArm_v2/install/setup.ps1'
[37.943s] INFO:colcon.colcon_core.shell:Creating prefix script '/home/ctg/jaka_HumanArm_v2/install/local_setup.sh'
[37.944s] INFO:colcon.colcon_core.shell:Creating prefix util module '/home/ctg/jaka_HumanArm_v2/install/_local_setup_util_sh.py'
[37.946s] INFO:colcon.colcon_core.shell:Creating prefix chain script '/home/ctg/jaka_HumanArm_v2/install/setup.sh'
[37.951s] INFO:colcon.colcon_core.shell:Creating prefix script '/home/ctg/jaka_HumanArm_v2/install/local_setup.bash'
[37.952s] INFO:colcon.colcon_core.shell:Creating prefix chain script '/home/ctg/jaka_HumanArm_v2/install/setup.bash'
[37.958s] INFO:colcon.colcon_core.shell:Creating prefix script '/home/ctg/jaka_HumanArm_v2/install/local_setup.zsh'
[37.959s] INFO:colcon.colcon_core.shell:Creating prefix chain script '/home/ctg/jaka_HumanArm_v2/install/setup.zsh'
