[0.273s] DEBUG:colcon:Command line arguments: ['/usr/bin/colcon', 'build']
[0.273s] DEBUG:colcon:Parsed command line arguments: Namespace(log_base=None, log_level=None, verb_name='build', build_base='build', install_base='install', merge_install=False, symlink_install=False, test_result_base=None, continue_on_error=False, executor='parallel', parallel_workers=32, event_handlers=None, ignore_user_meta=False, metas=['./colcon.meta'], base_paths=['.'], packages_ignore=None, packages_ignore_regex=None, paths=None, packages_up_to=None, packages_up_to_regex=None, packages_above=None, packages_above_and_dependencies=None, packages_above_depth=None, packages_select_by_dep=None, packages_skip_by_dep=None, packages_skip_up_to=None, packages_select_build_failed=False, packages_skip_build_finished=False, packages_select_test_failures=False, packages_skip_test_passed=False, packages_select=None, packages_skip=None, packages_select_regex=None, packages_skip_regex=None, packages_start=None, packages_end=None, allow_overriding=[], cmake_args=None, cmake_target=None, cmake_target_skip_unavailable=False, cmake_clean_cache=False, cmake_clean_first=False, cmake_force_configure=False, ament_cmake_args=None, catkin_cmake_args=None, catkin_skip_building_tests=False, mixin_files=None, mixin=None, verb_parser=<colcon_mixin.mixin.mixin_argument.MixinArgumentDecorator object at 0x7a1f34049090>, verb_extension=<colcon_core.verb.build.BuildVerb object at 0x7a1f34048a00>, main=<bound method BuildVerb.main of <colcon_core.verb.build.BuildVerb object at 0x7a1f34048a00>>, mixin_verb=('build',))
[0.679s] Level 1:colcon.colcon_core.package_discovery:discover_packages(colcon_meta) check parameters
[0.679s] Level 1:colcon.colcon_core.package_discovery:discover_packages(recursive) check parameters
[0.679s] Level 1:colcon.colcon_core.package_discovery:discover_packages(ignore) check parameters
[0.679s] Level 1:colcon.colcon_core.package_discovery:discover_packages(path) check parameters
[0.679s] Level 1:colcon.colcon_core.package_discovery:discover_packages(colcon_meta) discover
[0.679s] Level 1:colcon.colcon_core.package_discovery:discover_packages(recursive) discover
[0.679s] INFO:colcon.colcon_core.package_discovery:Crawling recursively for packages in '/home/ctg/jaka_HumanArm_v2'
[0.680s] Level 1:colcon.colcon_core.package_identification:_identify(.) by extensions ['ignore', 'ignore_ament_install']
[0.680s] Level 1:colcon.colcon_core.package_identification:_identify(.) by extension 'ignore'
[0.680s] Level 1:colcon.colcon_core.package_identification:_identify(.) by extension 'ignore_ament_install'
[0.680s] Level 1:colcon.colcon_core.package_identification:_identify(.) by extensions ['colcon_pkg']
[0.680s] Level 1:colcon.colcon_core.package_identification:_identify(.) by extension 'colcon_pkg'
[0.680s] Level 1:colcon.colcon_core.package_identification:_identify(.) by extensions ['colcon_meta']
[0.680s] Level 1:colcon.colcon_core.package_identification:_identify(.) by extension 'colcon_meta'
[0.680s] Level 1:colcon.colcon_core.package_identification:_identify(.) by extensions ['ros']
[0.680s] Level 1:colcon.colcon_core.package_identification:_identify(.) by extension 'ros'
[0.700s] Level 1:colcon.colcon_core.package_identification:_identify(.) by extensions ['cmake', 'python']
[0.700s] Level 1:colcon.colcon_core.package_identification:_identify(.) by extension 'cmake'
[0.700s] Level 1:colcon.colcon_core.package_identification:_identify(.) by extension 'python'
[0.700s] Level 1:colcon.colcon_core.package_identification:_identify(.) by extensions ['python_setup_py']
[0.700s] Level 1:colcon.colcon_core.package_identification:_identify(.) by extension 'python_setup_py'
[0.700s] Level 1:colcon.colcon_core.package_identification:_identify(build) by extensions ['ignore', 'ignore_ament_install']
[0.701s] Level 1:colcon.colcon_core.package_identification:_identify(build) by extension 'ignore'
[0.701s] Level 1:colcon.colcon_core.package_identification:_identify(build) ignored
[0.701s] Level 1:colcon.colcon_core.package_identification:_identify(install) by extensions ['ignore', 'ignore_ament_install']
[0.701s] Level 1:colcon.colcon_core.package_identification:_identify(install) by extension 'ignore'
[0.701s] Level 1:colcon.colcon_core.package_identification:_identify(install) ignored
[0.702s] Level 1:colcon.colcon_core.package_identification:_identify(log) by extensions ['ignore', 'ignore_ament_install']
[0.702s] Level 1:colcon.colcon_core.package_identification:_identify(log) by extension 'ignore'
[0.702s] Level 1:colcon.colcon_core.package_identification:_identify(log) ignored
[0.702s] Level 1:colcon.colcon_core.package_identification:_identify(src) by extensions ['ignore', 'ignore_ament_install']
[0.702s] Level 1:colcon.colcon_core.package_identification:_identify(src) by extension 'ignore'
[0.702s] Level 1:colcon.colcon_core.package_identification:_identify(src) by extension 'ignore_ament_install'
[0.702s] Level 1:colcon.colcon_core.package_identification:_identify(src) by extensions ['colcon_pkg']
[0.703s] Level 1:colcon.colcon_core.package_identification:_identify(src) by extension 'colcon_pkg'
[0.703s] Level 1:colcon.colcon_core.package_identification:_identify(src) by extensions ['colcon_meta']
[0.704s] Level 1:colcon.colcon_core.package_identification:_identify(src) by extension 'colcon_meta'
[0.705s] Level 1:colcon.colcon_core.package_identification:_identify(src) by extensions ['ros']
[0.705s] Level 1:colcon.colcon_core.package_identification:_identify(src) by extension 'ros'
[0.705s] Level 1:colcon.colcon_core.package_identification:_identify(src) by extensions ['cmake', 'python']
[0.705s] Level 1:colcon.colcon_core.package_identification:_identify(src) by extension 'cmake'
[0.705s] Level 1:colcon.colcon_core.package_identification:_identify(src) by extension 'python'
[0.705s] Level 1:colcon.colcon_core.package_identification:_identify(src) by extensions ['python_setup_py']
[0.705s] Level 1:colcon.colcon_core.package_identification:_identify(src) by extension 'python_setup_py'
[0.705s] Level 1:colcon.colcon_core.package_identification:_identify(src/arm_hand_interface) by extensions ['ignore', 'ignore_ament_install']
[0.706s] Level 1:colcon.colcon_core.package_identification:_identify(src/arm_hand_interface) by extension 'ignore'
[0.706s] Level 1:colcon.colcon_core.package_identification:_identify(src/arm_hand_interface) by extension 'ignore_ament_install'
[0.706s] Level 1:colcon.colcon_core.package_identification:_identify(src/arm_hand_interface) by extensions ['colcon_pkg']
[0.706s] Level 1:colcon.colcon_core.package_identification:_identify(src/arm_hand_interface) by extension 'colcon_pkg'
[0.706s] Level 1:colcon.colcon_core.package_identification:_identify(src/arm_hand_interface) by extensions ['colcon_meta']
[0.706s] Level 1:colcon.colcon_core.package_identification:_identify(src/arm_hand_interface) by extension 'colcon_meta'
[0.706s] Level 1:colcon.colcon_core.package_identification:_identify(src/arm_hand_interface) by extensions ['ros']
[0.707s] Level 1:colcon.colcon_core.package_identification:_identify(src/arm_hand_interface) by extension 'ros'
[0.713s] DEBUG:colcon.colcon_core.package_identification:Package 'src/arm_hand_interface' with type 'ros.ament_cmake' and name 'arm_hand_interface'
[0.714s] Level 1:colcon.colcon_core.package_identification:_identify(src/robot_control) by extensions ['ignore', 'ignore_ament_install']
[0.714s] Level 1:colcon.colcon_core.package_identification:_identify(src/robot_control) by extension 'ignore'
[0.714s] Level 1:colcon.colcon_core.package_identification:_identify(src/robot_control) by extension 'ignore_ament_install'
[0.715s] Level 1:colcon.colcon_core.package_identification:_identify(src/robot_control) by extensions ['colcon_pkg']
[0.716s] Level 1:colcon.colcon_core.package_identification:_identify(src/robot_control) by extension 'colcon_pkg'
[0.716s] Level 1:colcon.colcon_core.package_identification:_identify(src/robot_control) by extensions ['colcon_meta']
[0.716s] Level 1:colcon.colcon_core.package_identification:_identify(src/robot_control) by extension 'colcon_meta'
[0.716s] Level 1:colcon.colcon_core.package_identification:_identify(src/robot_control) by extensions ['ros']
[0.716s] Level 1:colcon.colcon_core.package_identification:_identify(src/robot_control) by extension 'ros'
[0.717s] DEBUG:colcon.colcon_core.package_identification:Package 'src/robot_control' with type 'ros.ament_cmake' and name 'robot_control'
[0.717s] Level 1:colcon.colcon_core.package_identification:_identify(src/robot_description) by extensions ['ignore', 'ignore_ament_install']
[0.717s] Level 1:colcon.colcon_core.package_identification:_identify(src/robot_description) by extension 'ignore'
[0.717s] Level 1:colcon.colcon_core.package_identification:_identify(src/robot_description) by extension 'ignore_ament_install'
[0.718s] Level 1:colcon.colcon_core.package_identification:_identify(src/robot_description) by extensions ['colcon_pkg']
[0.718s] Level 1:colcon.colcon_core.package_identification:_identify(src/robot_description) by extension 'colcon_pkg'
[0.718s] Level 1:colcon.colcon_core.package_identification:_identify(src/robot_description) by extensions ['colcon_meta']
[0.718s] Level 1:colcon.colcon_core.package_identification:_identify(src/robot_description) by extension 'colcon_meta'
[0.718s] Level 1:colcon.colcon_core.package_identification:_identify(src/robot_description) by extensions ['ros']
[0.718s] Level 1:colcon.colcon_core.package_identification:_identify(src/robot_description) by extension 'ros'
[0.719s] DEBUG:colcon.colcon_core.package_identification:Package 'src/robot_description' with type 'ros.ament_cmake' and name 'robot_description'
[0.719s] Level 1:colcon.colcon_core.package_identification:_identify(src/robot_moveit_config) by extensions ['ignore', 'ignore_ament_install']
[0.719s] Level 1:colcon.colcon_core.package_identification:_identify(src/robot_moveit_config) by extension 'ignore'
[0.719s] Level 1:colcon.colcon_core.package_identification:_identify(src/robot_moveit_config) by extension 'ignore_ament_install'
[0.719s] Level 1:colcon.colcon_core.package_identification:_identify(src/robot_moveit_config) by extensions ['colcon_pkg']
[0.719s] Level 1:colcon.colcon_core.package_identification:_identify(src/robot_moveit_config) by extension 'colcon_pkg'
[0.719s] Level 1:colcon.colcon_core.package_identification:_identify(src/robot_moveit_config) by extensions ['colcon_meta']
[0.719s] Level 1:colcon.colcon_core.package_identification:_identify(src/robot_moveit_config) by extension 'colcon_meta'
[0.719s] Level 1:colcon.colcon_core.package_identification:_identify(src/robot_moveit_config) by extensions ['ros']
[0.719s] Level 1:colcon.colcon_core.package_identification:_identify(src/robot_moveit_config) by extension 'ros'
[0.720s] DEBUG:colcon.colcon_core.package_identification:Package 'src/robot_moveit_config' with type 'ros.ament_cmake' and name 'robot_moveit_config'
[0.720s] Level 1:colcon.colcon_core.package_identification:_identify(src/robot_moveit_interface) by extensions ['ignore', 'ignore_ament_install']
[0.720s] Level 1:colcon.colcon_core.package_identification:_identify(src/robot_moveit_interface) by extension 'ignore'
[0.720s] Level 1:colcon.colcon_core.package_identification:_identify(src/robot_moveit_interface) by extension 'ignore_ament_install'
[0.720s] Level 1:colcon.colcon_core.package_identification:_identify(src/robot_moveit_interface) by extensions ['colcon_pkg']
[0.720s] Level 1:colcon.colcon_core.package_identification:_identify(src/robot_moveit_interface) by extension 'colcon_pkg'
[0.720s] Level 1:colcon.colcon_core.package_identification:_identify(src/robot_moveit_interface) by extensions ['colcon_meta']
[0.720s] Level 1:colcon.colcon_core.package_identification:_identify(src/robot_moveit_interface) by extension 'colcon_meta'
[0.720s] Level 1:colcon.colcon_core.package_identification:_identify(src/robot_moveit_interface) by extensions ['ros']
[0.720s] Level 1:colcon.colcon_core.package_identification:_identify(src/robot_moveit_interface) by extension 'ros'
[0.721s] DEBUG:colcon.colcon_core.package_identification:Package 'src/robot_moveit_interface' with type 'ros.ament_cmake' and name 'robot_moveit_interface'
[0.721s] Level 1:colcon.colcon_core.package_identification:_identify(src/robot_octomap_motion_planning) by extensions ['ignore', 'ignore_ament_install']
[0.721s] Level 1:colcon.colcon_core.package_identification:_identify(src/robot_octomap_motion_planning) by extension 'ignore'
[0.721s] Level 1:colcon.colcon_core.package_identification:_identify(src/robot_octomap_motion_planning) by extension 'ignore_ament_install'
[0.721s] Level 1:colcon.colcon_core.package_identification:_identify(src/robot_octomap_motion_planning) by extensions ['colcon_pkg']
[0.721s] Level 1:colcon.colcon_core.package_identification:_identify(src/robot_octomap_motion_planning) by extension 'colcon_pkg'
[0.721s] Level 1:colcon.colcon_core.package_identification:_identify(src/robot_octomap_motion_planning) by extensions ['colcon_meta']
[0.721s] Level 1:colcon.colcon_core.package_identification:_identify(src/robot_octomap_motion_planning) by extension 'colcon_meta'
[0.721s] Level 1:colcon.colcon_core.package_identification:_identify(src/robot_octomap_motion_planning) by extensions ['ros']
[0.721s] Level 1:colcon.colcon_core.package_identification:_identify(src/robot_octomap_motion_planning) by extension 'ros'
[0.723s] DEBUG:colcon.colcon_core.package_identification:Package 'src/robot_octomap_motion_planning' with type 'ros.ament_cmake' and name 'robot_octomap_motion_planning'
[0.723s] Level 1:colcon.colcon_core.package_discovery:discover_packages(recursive) using defaults
[0.723s] Level 1:colcon.colcon_core.package_discovery:discover_packages(ignore) discover
[0.723s] Level 1:colcon.colcon_core.package_discovery:discover_packages(ignore) using defaults
[0.723s] Level 1:colcon.colcon_core.package_discovery:discover_packages(path) discover
[0.723s] Level 1:colcon.colcon_core.package_discovery:discover_packages(path) using defaults
[0.795s] Level 1:colcon.colcon_core.package_discovery:discover_packages(prefix_path) check parameters
[0.795s] Level 1:colcon.colcon_core.package_discovery:discover_packages(prefix_path) discover
[0.803s] DEBUG:colcon.colcon_installed_package_information.package_discovery:Found 4 installed packages in /home/ctg/jaka_HumanArm_v2/install
[0.805s] DEBUG:colcon.colcon_installed_package_information.package_discovery:Found 22 installed packages in /home/ctg/dev_ws/install
[0.810s] DEBUG:colcon.colcon_installed_package_information.package_discovery:Found 406 installed packages in /opt/ros/humble
[0.816s] Level 1:colcon.colcon_core.package_discovery:discover_packages(prefix_path) using defaults
[0.976s] Level 5:colcon.colcon_core.verb:set package 'arm_hand_interface' build argument 'cmake_args' from command line to 'None'
[0.976s] Level 5:colcon.colcon_core.verb:set package 'arm_hand_interface' build argument 'cmake_target' from command line to 'None'
[0.976s] Level 5:colcon.colcon_core.verb:set package 'arm_hand_interface' build argument 'cmake_target_skip_unavailable' from command line to 'False'
[0.976s] Level 5:colcon.colcon_core.verb:set package 'arm_hand_interface' build argument 'cmake_clean_cache' from command line to 'False'
[0.976s] Level 5:colcon.colcon_core.verb:set package 'arm_hand_interface' build argument 'cmake_clean_first' from command line to 'False'
[0.977s] Level 5:colcon.colcon_core.verb:set package 'arm_hand_interface' build argument 'cmake_force_configure' from command line to 'False'
[0.977s] Level 5:colcon.colcon_core.verb:set package 'arm_hand_interface' build argument 'ament_cmake_args' from command line to 'None'
[0.977s] Level 5:colcon.colcon_core.verb:set package 'arm_hand_interface' build argument 'catkin_cmake_args' from command line to 'None'
[0.977s] Level 5:colcon.colcon_core.verb:set package 'arm_hand_interface' build argument 'catkin_skip_building_tests' from command line to 'False'
[0.977s] DEBUG:colcon.colcon_core.verb:Building package 'arm_hand_interface' with the following arguments: {'ament_cmake_args': None, 'build_base': '/home/ctg/jaka_HumanArm_v2/build/arm_hand_interface', 'catkin_cmake_args': None, 'catkin_skip_building_tests': False, 'cmake_args': None, 'cmake_clean_cache': False, 'cmake_clean_first': False, 'cmake_force_configure': False, 'cmake_target': None, 'cmake_target_skip_unavailable': False, 'install_base': '/home/ctg/jaka_HumanArm_v2/install/arm_hand_interface', 'merge_install': False, 'path': '/home/ctg/jaka_HumanArm_v2/src/arm_hand_interface', 'symlink_install': False, 'test_result_base': None}
[0.979s] Level 5:colcon.colcon_core.verb:set package 'robot_description' build argument 'cmake_args' from command line to 'None'
[0.979s] Level 5:colcon.colcon_core.verb:set package 'robot_description' build argument 'cmake_target' from command line to 'None'
[0.979s] Level 5:colcon.colcon_core.verb:set package 'robot_description' build argument 'cmake_target_skip_unavailable' from command line to 'False'
[0.979s] Level 5:colcon.colcon_core.verb:set package 'robot_description' build argument 'cmake_clean_cache' from command line to 'False'
[0.979s] Level 5:colcon.colcon_core.verb:set package 'robot_description' build argument 'cmake_clean_first' from command line to 'False'
[0.979s] Level 5:colcon.colcon_core.verb:set package 'robot_description' build argument 'cmake_force_configure' from command line to 'False'
[0.979s] Level 5:colcon.colcon_core.verb:set package 'robot_description' build argument 'ament_cmake_args' from command line to 'None'
[0.979s] Level 5:colcon.colcon_core.verb:set package 'robot_description' build argument 'catkin_cmake_args' from command line to 'None'
[0.979s] Level 5:colcon.colcon_core.verb:set package 'robot_description' build argument 'catkin_skip_building_tests' from command line to 'False'
[0.979s] DEBUG:colcon.colcon_core.verb:Building package 'robot_description' with the following arguments: {'ament_cmake_args': None, 'build_base': '/home/ctg/jaka_HumanArm_v2/build/robot_description', 'catkin_cmake_args': None, 'catkin_skip_building_tests': False, 'cmake_args': None, 'cmake_clean_cache': False, 'cmake_clean_first': False, 'cmake_force_configure': False, 'cmake_target': None, 'cmake_target_skip_unavailable': False, 'install_base': '/home/ctg/jaka_HumanArm_v2/install/robot_description', 'merge_install': False, 'path': '/home/ctg/jaka_HumanArm_v2/src/robot_description', 'symlink_install': False, 'test_result_base': None}
[0.980s] Level 5:colcon.colcon_core.verb:set package 'robot_moveit_interface' build argument 'cmake_args' from command line to 'None'
[0.980s] Level 5:colcon.colcon_core.verb:set package 'robot_moveit_interface' build argument 'cmake_target' from command line to 'None'
[0.980s] Level 5:colcon.colcon_core.verb:set package 'robot_moveit_interface' build argument 'cmake_target_skip_unavailable' from command line to 'False'
[0.981s] Level 5:colcon.colcon_core.verb:set package 'robot_moveit_interface' build argument 'cmake_clean_cache' from command line to 'False'
[0.981s] Level 5:colcon.colcon_core.verb:set package 'robot_moveit_interface' build argument 'cmake_clean_first' from command line to 'False'
[0.981s] Level 5:colcon.colcon_core.verb:set package 'robot_moveit_interface' build argument 'cmake_force_configure' from command line to 'False'
[0.981s] Level 5:colcon.colcon_core.verb:set package 'robot_moveit_interface' build argument 'ament_cmake_args' from command line to 'None'
[0.981s] Level 5:colcon.colcon_core.verb:set package 'robot_moveit_interface' build argument 'catkin_cmake_args' from command line to 'None'
[0.981s] Level 5:colcon.colcon_core.verb:set package 'robot_moveit_interface' build argument 'catkin_skip_building_tests' from command line to 'False'
[0.981s] DEBUG:colcon.colcon_core.verb:Building package 'robot_moveit_interface' with the following arguments: {'ament_cmake_args': None, 'build_base': '/home/ctg/jaka_HumanArm_v2/build/robot_moveit_interface', 'catkin_cmake_args': None, 'catkin_skip_building_tests': False, 'cmake_args': None, 'cmake_clean_cache': False, 'cmake_clean_first': False, 'cmake_force_configure': False, 'cmake_target': None, 'cmake_target_skip_unavailable': False, 'install_base': '/home/ctg/jaka_HumanArm_v2/install/robot_moveit_interface', 'merge_install': False, 'path': '/home/ctg/jaka_HumanArm_v2/src/robot_moveit_interface', 'symlink_install': False, 'test_result_base': None}
[0.982s] Level 5:colcon.colcon_core.verb:set package 'robot_octomap_motion_planning' build argument 'cmake_args' from command line to 'None'
[0.982s] Level 5:colcon.colcon_core.verb:set package 'robot_octomap_motion_planning' build argument 'cmake_target' from command line to 'None'
[0.982s] Level 5:colcon.colcon_core.verb:set package 'robot_octomap_motion_planning' build argument 'cmake_target_skip_unavailable' from command line to 'False'
[0.982s] Level 5:colcon.colcon_core.verb:set package 'robot_octomap_motion_planning' build argument 'cmake_clean_cache' from command line to 'False'
[0.982s] Level 5:colcon.colcon_core.verb:set package 'robot_octomap_motion_planning' build argument 'cmake_clean_first' from command line to 'False'
[0.982s] Level 5:colcon.colcon_core.verb:set package 'robot_octomap_motion_planning' build argument 'cmake_force_configure' from command line to 'False'
[0.982s] Level 5:colcon.colcon_core.verb:set package 'robot_octomap_motion_planning' build argument 'ament_cmake_args' from command line to 'None'
[0.982s] Level 5:colcon.colcon_core.verb:set package 'robot_octomap_motion_planning' build argument 'catkin_cmake_args' from command line to 'None'
[0.982s] Level 5:colcon.colcon_core.verb:set package 'robot_octomap_motion_planning' build argument 'catkin_skip_building_tests' from command line to 'False'
[0.982s] DEBUG:colcon.colcon_core.verb:Building package 'robot_octomap_motion_planning' with the following arguments: {'ament_cmake_args': None, 'build_base': '/home/ctg/jaka_HumanArm_v2/build/robot_octomap_motion_planning', 'catkin_cmake_args': None, 'catkin_skip_building_tests': False, 'cmake_args': None, 'cmake_clean_cache': False, 'cmake_clean_first': False, 'cmake_force_configure': False, 'cmake_target': None, 'cmake_target_skip_unavailable': False, 'install_base': '/home/ctg/jaka_HumanArm_v2/install/robot_octomap_motion_planning', 'merge_install': False, 'path': '/home/ctg/jaka_HumanArm_v2/src/robot_octomap_motion_planning', 'symlink_install': False, 'test_result_base': None}
[0.983s] Level 5:colcon.colcon_core.verb:set package 'robot_control' build argument 'cmake_args' from command line to 'None'
[0.983s] Level 5:colcon.colcon_core.verb:set package 'robot_control' build argument 'cmake_target' from command line to 'None'
[0.983s] Level 5:colcon.colcon_core.verb:set package 'robot_control' build argument 'cmake_target_skip_unavailable' from command line to 'False'
[0.983s] Level 5:colcon.colcon_core.verb:set package 'robot_control' build argument 'cmake_clean_cache' from command line to 'False'
[0.983s] Level 5:colcon.colcon_core.verb:set package 'robot_control' build argument 'cmake_clean_first' from command line to 'False'
[0.983s] Level 5:colcon.colcon_core.verb:set package 'robot_control' build argument 'cmake_force_configure' from command line to 'False'
[0.983s] Level 5:colcon.colcon_core.verb:set package 'robot_control' build argument 'ament_cmake_args' from command line to 'None'
[0.983s] Level 5:colcon.colcon_core.verb:set package 'robot_control' build argument 'catkin_cmake_args' from command line to 'None'
[0.983s] Level 5:colcon.colcon_core.verb:set package 'robot_control' build argument 'catkin_skip_building_tests' from command line to 'False'
[0.983s] DEBUG:colcon.colcon_core.verb:Building package 'robot_control' with the following arguments: {'ament_cmake_args': None, 'build_base': '/home/ctg/jaka_HumanArm_v2/build/robot_control', 'catkin_cmake_args': None, 'catkin_skip_building_tests': False, 'cmake_args': None, 'cmake_clean_cache': False, 'cmake_clean_first': False, 'cmake_force_configure': False, 'cmake_target': None, 'cmake_target_skip_unavailable': False, 'install_base': '/home/ctg/jaka_HumanArm_v2/install/robot_control', 'merge_install': False, 'path': '/home/ctg/jaka_HumanArm_v2/src/robot_control', 'symlink_install': False, 'test_result_base': None}
[0.983s] Level 5:colcon.colcon_core.verb:set package 'robot_moveit_config' build argument 'cmake_args' from command line to 'None'
[0.983s] Level 5:colcon.colcon_core.verb:set package 'robot_moveit_config' build argument 'cmake_target' from command line to 'None'
[0.983s] Level 5:colcon.colcon_core.verb:set package 'robot_moveit_config' build argument 'cmake_target_skip_unavailable' from command line to 'False'
[0.984s] Level 5:colcon.colcon_core.verb:set package 'robot_moveit_config' build argument 'cmake_clean_cache' from command line to 'False'
[0.984s] Level 5:colcon.colcon_core.verb:set package 'robot_moveit_config' build argument 'cmake_clean_first' from command line to 'False'
[0.984s] Level 5:colcon.colcon_core.verb:set package 'robot_moveit_config' build argument 'cmake_force_configure' from command line to 'False'
[0.984s] Level 5:colcon.colcon_core.verb:set package 'robot_moveit_config' build argument 'ament_cmake_args' from command line to 'None'
[0.984s] Level 5:colcon.colcon_core.verb:set package 'robot_moveit_config' build argument 'catkin_cmake_args' from command line to 'None'
[0.984s] Level 5:colcon.colcon_core.verb:set package 'robot_moveit_config' build argument 'catkin_skip_building_tests' from command line to 'False'
[0.984s] DEBUG:colcon.colcon_core.verb:Building package 'robot_moveit_config' with the following arguments: {'ament_cmake_args': None, 'build_base': '/home/ctg/jaka_HumanArm_v2/build/robot_moveit_config', 'catkin_cmake_args': None, 'catkin_skip_building_tests': False, 'cmake_args': None, 'cmake_clean_cache': False, 'cmake_clean_first': False, 'cmake_force_configure': False, 'cmake_target': None, 'cmake_target_skip_unavailable': False, 'install_base': '/home/ctg/jaka_HumanArm_v2/install/robot_moveit_config', 'merge_install': False, 'path': '/home/ctg/jaka_HumanArm_v2/src/robot_moveit_config', 'symlink_install': False, 'test_result_base': None}
[0.984s] INFO:colcon.colcon_core.executor:Executing jobs using 'parallel' executor
[0.990s] DEBUG:colcon.colcon_parallel_executor.executor.parallel:run_until_complete
[0.991s] INFO:colcon.colcon_ros.task.ament_cmake.build:Building ROS package in '/home/ctg/jaka_HumanArm_v2/src/arm_hand_interface' with build type 'ament_cmake'
[0.991s] INFO:colcon.colcon_cmake.task.cmake.build:Building CMake package in '/home/ctg/jaka_HumanArm_v2/src/arm_hand_interface'
[0.996s] INFO:colcon.colcon_core.plugin_system:Skipping extension 'colcon_core.shell.bat': Not used on non-Windows systems
[0.996s] INFO:colcon.colcon_core.shell:Skip shell extension 'powershell' for command environment: Not usable outside of PowerShell
[0.996s] DEBUG:colcon.colcon_core.shell:Skip shell extension 'dsv' for command environment
[1.007s] INFO:colcon.colcon_ros.task.ament_cmake.build:Building ROS package in '/home/ctg/jaka_HumanArm_v2/src/robot_description' with build type 'ament_cmake'
[1.007s] INFO:colcon.colcon_cmake.task.cmake.build:Building CMake package in '/home/ctg/jaka_HumanArm_v2/src/robot_description'
[1.007s] INFO:colcon.colcon_core.shell:Skip shell extension 'powershell' for command environment: Not usable outside of PowerShell
[1.008s] DEBUG:colcon.colcon_core.shell:Skip shell extension 'dsv' for command environment
[1.029s] INFO:colcon.colcon_ros.task.ament_cmake.build:Building ROS package in '/home/ctg/jaka_HumanArm_v2/src/robot_moveit_interface' with build type 'ament_cmake'
[1.029s] INFO:colcon.colcon_cmake.task.cmake.build:Building CMake package in '/home/ctg/jaka_HumanArm_v2/src/robot_moveit_interface'
[1.029s] INFO:colcon.colcon_core.shell:Skip shell extension 'powershell' for command environment: Not usable outside of PowerShell
[1.029s] DEBUG:colcon.colcon_core.shell:Skip shell extension 'dsv' for command environment
[1.041s] INFO:colcon.colcon_ros.task.ament_cmake.build:Building ROS package in '/home/ctg/jaka_HumanArm_v2/src/robot_octomap_motion_planning' with build type 'ament_cmake'
[1.041s] INFO:colcon.colcon_cmake.task.cmake.build:Building CMake package in '/home/ctg/jaka_HumanArm_v2/src/robot_octomap_motion_planning'
[1.042s] INFO:colcon.colcon_core.shell:Skip shell extension 'powershell' for command environment: Not usable outside of PowerShell
[1.042s] DEBUG:colcon.colcon_core.shell:Skip shell extension 'dsv' for command environment
[1.067s] DEBUG:colcon.colcon_core.event_handler.log_command:Invoking command in '/home/ctg/jaka_HumanArm_v2/build/arm_hand_interface': CMAKE_PREFIX_PATH=${CMAKE_PREFIX_PATH}:/opt/ros/humble:/home/ctg/dev_ws/install/learning_urdf:/home/ctg/dev_ws/install/learning_topic:/home/ctg/dev_ws/install/learning_tf:/home/ctg/dev_ws/install/learning_service:/home/ctg/dev_ws/install/learning_qos:/home/ctg/dev_ws/install/learning_pkg_python:/home/ctg/dev_ws/install/learning_parameter:/home/ctg/dev_ws/install/learning_node:/home/ctg/dev_ws/install/learning_launch:/home/ctg/dev_ws/install/learning_action:/home/ctg/dev_ws/install/learning_gazebo_fortress:/home/ctg/dev_ws/install/learning_gazebo:/home/ctg/dev_ws/install/learning_cv /usr/bin/cmake --build /home/ctg/jaka_HumanArm_v2/build/arm_hand_interface -- -j32 -l32
[1.089s] DEBUG:colcon.colcon_core.event_handler.log_command:Invoking command in '/home/ctg/jaka_HumanArm_v2/build/robot_description': CMAKE_PREFIX_PATH=${CMAKE_PREFIX_PATH}:/opt/ros/humble:/home/ctg/dev_ws/install/learning_urdf:/home/ctg/dev_ws/install/learning_topic:/home/ctg/dev_ws/install/learning_tf:/home/ctg/dev_ws/install/learning_service:/home/ctg/dev_ws/install/learning_qos:/home/ctg/dev_ws/install/learning_pkg_python:/home/ctg/dev_ws/install/learning_parameter:/home/ctg/dev_ws/install/learning_node:/home/ctg/dev_ws/install/learning_launch:/home/ctg/dev_ws/install/learning_action:/home/ctg/dev_ws/install/learning_gazebo_fortress:/home/ctg/dev_ws/install/learning_gazebo:/home/ctg/dev_ws/install/learning_cv /usr/bin/cmake --build /home/ctg/jaka_HumanArm_v2/build/robot_description -- -j32 -l32
[1.091s] DEBUG:colcon.colcon_core.event_handler.log_command:Invoking command in '/home/ctg/jaka_HumanArm_v2/build/robot_moveit_interface': CMAKE_PREFIX_PATH=${CMAKE_PREFIX_PATH}:/opt/ros/humble:/home/ctg/dev_ws/install/learning_urdf:/home/ctg/dev_ws/install/learning_topic:/home/ctg/dev_ws/install/learning_tf:/home/ctg/dev_ws/install/learning_service:/home/ctg/dev_ws/install/learning_qos:/home/ctg/dev_ws/install/learning_pkg_python:/home/ctg/dev_ws/install/learning_parameter:/home/ctg/dev_ws/install/learning_node:/home/ctg/dev_ws/install/learning_launch:/home/ctg/dev_ws/install/learning_action:/home/ctg/dev_ws/install/learning_gazebo_fortress:/home/ctg/dev_ws/install/learning_gazebo:/home/ctg/dev_ws/install/learning_cv /usr/bin/cmake /home/ctg/jaka_HumanArm_v2/src/robot_moveit_interface -DCMAKE_INSTALL_PREFIX=/home/ctg/jaka_HumanArm_v2/install/robot_moveit_interface
[1.108s] DEBUG:colcon.colcon_core.event_handler.log_command:Invoking command in '/home/ctg/jaka_HumanArm_v2/build/robot_octomap_motion_planning': CMAKE_PREFIX_PATH=${CMAKE_PREFIX_PATH}:/opt/ros/humble:/home/ctg/dev_ws/install/learning_urdf:/home/ctg/dev_ws/install/learning_topic:/home/ctg/dev_ws/install/learning_tf:/home/ctg/dev_ws/install/learning_service:/home/ctg/dev_ws/install/learning_qos:/home/ctg/dev_ws/install/learning_pkg_python:/home/ctg/dev_ws/install/learning_parameter:/home/ctg/dev_ws/install/learning_node:/home/ctg/dev_ws/install/learning_launch:/home/ctg/dev_ws/install/learning_action:/home/ctg/dev_ws/install/learning_gazebo_fortress:/home/ctg/dev_ws/install/learning_gazebo:/home/ctg/dev_ws/install/learning_cv /usr/bin/cmake /home/ctg/jaka_HumanArm_v2/src/robot_octomap_motion_planning -DCMAKE_INSTALL_PREFIX=/home/ctg/jaka_HumanArm_v2/install/robot_octomap_motion_planning
[1.178s] DEBUG:colcon.colcon_core.event_handler.log_command:Invoked command in '/home/ctg/jaka_HumanArm_v2/build/robot_description' returned '0': CMAKE_PREFIX_PATH=${CMAKE_PREFIX_PATH}:/opt/ros/humble:/home/ctg/dev_ws/install/learning_urdf:/home/ctg/dev_ws/install/learning_topic:/home/ctg/dev_ws/install/learning_tf:/home/ctg/dev_ws/install/learning_service:/home/ctg/dev_ws/install/learning_qos:/home/ctg/dev_ws/install/learning_pkg_python:/home/ctg/dev_ws/install/learning_parameter:/home/ctg/dev_ws/install/learning_node:/home/ctg/dev_ws/install/learning_launch:/home/ctg/dev_ws/install/learning_action:/home/ctg/dev_ws/install/learning_gazebo_fortress:/home/ctg/dev_ws/install/learning_gazebo:/home/ctg/dev_ws/install/learning_cv /usr/bin/cmake --build /home/ctg/jaka_HumanArm_v2/build/robot_description -- -j32 -l32
[1.282s] DEBUG:colcon.colcon_core.event_handler.log_command:Invoking command in '/home/ctg/jaka_HumanArm_v2/build/robot_description': CMAKE_PREFIX_PATH=${CMAKE_PREFIX_PATH}:/opt/ros/humble:/home/ctg/dev_ws/install/learning_urdf:/home/ctg/dev_ws/install/learning_topic:/home/ctg/dev_ws/install/learning_tf:/home/ctg/dev_ws/install/learning_service:/home/ctg/dev_ws/install/learning_qos:/home/ctg/dev_ws/install/learning_pkg_python:/home/ctg/dev_ws/install/learning_parameter:/home/ctg/dev_ws/install/learning_node:/home/ctg/dev_ws/install/learning_launch:/home/ctg/dev_ws/install/learning_action:/home/ctg/dev_ws/install/learning_gazebo_fortress:/home/ctg/dev_ws/install/learning_gazebo:/home/ctg/dev_ws/install/learning_cv /usr/bin/cmake --install /home/ctg/jaka_HumanArm_v2/build/robot_description
[1.305s] Level 1:colcon.colcon_core.environment:create_environment_scripts_only(robot_description)
[1.311s] DEBUG:colcon.colcon_core.event_handler.log_command:Invoked command in '/home/ctg/jaka_HumanArm_v2/build/robot_description' returned '0': CMAKE_PREFIX_PATH=${CMAKE_PREFIX_PATH}:/opt/ros/humble:/home/ctg/dev_ws/install/learning_urdf:/home/ctg/dev_ws/install/learning_topic:/home/ctg/dev_ws/install/learning_tf:/home/ctg/dev_ws/install/learning_service:/home/ctg/dev_ws/install/learning_qos:/home/ctg/dev_ws/install/learning_pkg_python:/home/ctg/dev_ws/install/learning_parameter:/home/ctg/dev_ws/install/learning_node:/home/ctg/dev_ws/install/learning_launch:/home/ctg/dev_ws/install/learning_action:/home/ctg/dev_ws/install/learning_gazebo_fortress:/home/ctg/dev_ws/install/learning_gazebo:/home/ctg/dev_ws/install/learning_cv /usr/bin/cmake --install /home/ctg/jaka_HumanArm_v2/build/robot_description
[1.320s] Level 1:colcon.colcon_core.environment:checking '/home/ctg/jaka_HumanArm_v2/install/robot_description' for CMake module files
[1.323s] Level 1:colcon.colcon_core.environment:checking '/home/ctg/jaka_HumanArm_v2/install/robot_description' for CMake config files
[1.323s] Level 1:colcon.colcon_core.shell:create_environment_hook('robot_description', 'cmake_prefix_path')
[1.323s] INFO:colcon.colcon_core.shell:Creating environment hook '/home/ctg/jaka_HumanArm_v2/install/robot_description/share/robot_description/hook/cmake_prefix_path.ps1'
[1.325s] INFO:colcon.colcon_core.shell:Creating environment descriptor '/home/ctg/jaka_HumanArm_v2/install/robot_description/share/robot_description/hook/cmake_prefix_path.dsv'
[1.326s] INFO:colcon.colcon_core.shell:Creating environment hook '/home/ctg/jaka_HumanArm_v2/install/robot_description/share/robot_description/hook/cmake_prefix_path.sh'
[1.329s] Level 1:colcon.colcon_core.environment:checking '/home/ctg/jaka_HumanArm_v2/install/robot_description/bin'
[1.329s] Level 1:colcon.colcon_core.environment:checking '/home/ctg/jaka_HumanArm_v2/install/robot_description/lib/pkgconfig/robot_description.pc'
[1.330s] Level 1:colcon.colcon_core.environment:checking '/home/ctg/jaka_HumanArm_v2/install/robot_description/lib/python3.10/site-packages'
[1.330s] Level 1:colcon.colcon_core.environment:checking '/home/ctg/jaka_HumanArm_v2/install/robot_description/bin'
[1.331s] INFO:colcon.colcon_core.shell:Creating package script '/home/ctg/jaka_HumanArm_v2/install/robot_description/share/robot_description/package.ps1'
[1.333s] INFO:colcon.colcon_core.shell:Creating package descriptor '/home/ctg/jaka_HumanArm_v2/install/robot_description/share/robot_description/package.dsv'
[1.334s] INFO:colcon.colcon_core.shell:Creating package script '/home/ctg/jaka_HumanArm_v2/install/robot_description/share/robot_description/package.sh'
[1.336s] INFO:colcon.colcon_core.shell:Creating package script '/home/ctg/jaka_HumanArm_v2/install/robot_description/share/robot_description/package.bash'
[1.338s] INFO:colcon.colcon_core.shell:Creating package script '/home/ctg/jaka_HumanArm_v2/install/robot_description/share/robot_description/package.zsh'
[1.340s] Level 1:colcon.colcon_core.environment:create_file_with_runtime_dependencies(/home/ctg/jaka_HumanArm_v2/install/robot_description/share/colcon-core/packages/robot_description)
[1.425s] Level 1:colcon.colcon_core.environment:create_environment_scripts_only(robot_description)
[1.426s] Level 1:colcon.colcon_core.environment:checking '/home/ctg/jaka_HumanArm_v2/install/robot_description' for CMake module files
[1.427s] Level 1:colcon.colcon_core.environment:checking '/home/ctg/jaka_HumanArm_v2/install/robot_description' for CMake config files
[1.428s] Level 1:colcon.colcon_core.shell:create_environment_hook('robot_description', 'cmake_prefix_path')
[1.428s] INFO:colcon.colcon_core.shell:Creating environment hook '/home/ctg/jaka_HumanArm_v2/install/robot_description/share/robot_description/hook/cmake_prefix_path.ps1'
[1.431s] INFO:colcon.colcon_core.shell:Creating environment descriptor '/home/ctg/jaka_HumanArm_v2/install/robot_description/share/robot_description/hook/cmake_prefix_path.dsv'
[1.431s] INFO:colcon.colcon_core.shell:Creating environment hook '/home/ctg/jaka_HumanArm_v2/install/robot_description/share/robot_description/hook/cmake_prefix_path.sh'
[1.432s] Level 1:colcon.colcon_core.environment:checking '/home/ctg/jaka_HumanArm_v2/install/robot_description/bin'
[1.432s] Level 1:colcon.colcon_core.environment:checking '/home/ctg/jaka_HumanArm_v2/install/robot_description/lib/pkgconfig/robot_description.pc'
[1.432s] Level 1:colcon.colcon_core.environment:checking '/home/ctg/jaka_HumanArm_v2/install/robot_description/lib/python3.10/site-packages'
[1.433s] Level 1:colcon.colcon_core.environment:checking '/home/ctg/jaka_HumanArm_v2/install/robot_description/bin'
[1.433s] INFO:colcon.colcon_core.shell:Creating package script '/home/ctg/jaka_HumanArm_v2/install/robot_description/share/robot_description/package.ps1'
[1.435s] INFO:colcon.colcon_core.shell:Creating package descriptor '/home/ctg/jaka_HumanArm_v2/install/robot_description/share/robot_description/package.dsv'
[1.436s] INFO:colcon.colcon_core.shell:Creating package script '/home/ctg/jaka_HumanArm_v2/install/robot_description/share/robot_description/package.sh'
[1.436s] INFO:colcon.colcon_core.shell:Creating package script '/home/ctg/jaka_HumanArm_v2/install/robot_description/share/robot_description/package.bash'
[1.436s] INFO:colcon.colcon_core.shell:Creating package script '/home/ctg/jaka_HumanArm_v2/install/robot_description/share/robot_description/package.zsh'
[1.437s] Level 1:colcon.colcon_core.environment:create_file_with_runtime_dependencies(/home/ctg/jaka_HumanArm_v2/install/robot_description/share/colcon-core/packages/robot_description)
[1.438s] INFO:colcon.colcon_ros.task.ament_cmake.build:Building ROS package in '/home/ctg/jaka_HumanArm_v2/src/robot_moveit_config' with build type 'ament_cmake'
[1.438s] INFO:colcon.colcon_cmake.task.cmake.build:Building CMake package in '/home/ctg/jaka_HumanArm_v2/src/robot_moveit_config'
[1.439s] INFO:colcon.colcon_core.shell:Skip shell extension 'powershell' for command environment: Not usable outside of PowerShell
[1.439s] DEBUG:colcon.colcon_core.shell:Skip shell extension 'dsv' for command environment
[1.471s] DEBUG:colcon.colcon_core.event_handler.log_command:Invoking command in '/home/ctg/jaka_HumanArm_v2/build/robot_moveit_config': CMAKE_PREFIX_PATH=/home/ctg/jaka_HumanArm_v2/install/robot_description:/home/ctg/jaka_HumanArm_v2/install/robot_moveit_config:/home/ctg/jaka_HumanArm_v2/install/arm_hand_interface:/home/ctg/dev_ws/install/pkg01_helloworld_cpp:/home/ctg/dev_ws/install/learning_topic_cpp:/home/ctg/dev_ws/install/learning_tf_cpp:/home/ctg/dev_ws/install/learning_service_cpp:/home/ctg/dev_ws/install/learning_pkg_c:/home/ctg/dev_ws/install/learning_parameter_cpp:/home/ctg/dev_ws/install/learning_node_cpp:/home/ctg/dev_ws/install/learning_action_cpp:/home/ctg/dev_ws/install/learning_interface:/opt/ros/humble:/home/ctg/dev_ws/install/learning_urdf:/home/ctg/dev_ws/install/learning_topic:/home/ctg/dev_ws/install/learning_tf:/home/ctg/dev_ws/install/learning_service:/home/ctg/dev_ws/install/learning_qos:/home/ctg/dev_ws/install/learning_pkg_python:/home/ctg/dev_ws/install/learning_parameter:/home/ctg/dev_ws/install/learning_node:/home/ctg/dev_ws/install/learning_launch:/home/ctg/dev_ws/install/learning_action:/home/ctg/dev_ws/install/learning_gazebo_fortress:/home/ctg/dev_ws/install/learning_gazebo:/home/ctg/dev_ws/install/learning_cv /usr/bin/cmake --build /home/ctg/jaka_HumanArm_v2/build/robot_moveit_config -- -j32 -l32
[1.566s] DEBUG:colcon.colcon_core.event_handler.log_command:Invoked command in '/home/ctg/jaka_HumanArm_v2/build/robot_moveit_config' returned '0': CMAKE_PREFIX_PATH=/home/ctg/jaka_HumanArm_v2/install/robot_description:/home/ctg/jaka_HumanArm_v2/install/robot_moveit_config:/home/ctg/jaka_HumanArm_v2/install/arm_hand_interface:/home/ctg/dev_ws/install/pkg01_helloworld_cpp:/home/ctg/dev_ws/install/learning_topic_cpp:/home/ctg/dev_ws/install/learning_tf_cpp:/home/ctg/dev_ws/install/learning_service_cpp:/home/ctg/dev_ws/install/learning_pkg_c:/home/ctg/dev_ws/install/learning_parameter_cpp:/home/ctg/dev_ws/install/learning_node_cpp:/home/ctg/dev_ws/install/learning_action_cpp:/home/ctg/dev_ws/install/learning_interface:/opt/ros/humble:/home/ctg/dev_ws/install/learning_urdf:/home/ctg/dev_ws/install/learning_topic:/home/ctg/dev_ws/install/learning_tf:/home/ctg/dev_ws/install/learning_service:/home/ctg/dev_ws/install/learning_qos:/home/ctg/dev_ws/install/learning_pkg_python:/home/ctg/dev_ws/install/learning_parameter:/home/ctg/dev_ws/install/learning_node:/home/ctg/dev_ws/install/learning_launch:/home/ctg/dev_ws/install/learning_action:/home/ctg/dev_ws/install/learning_gazebo_fortress:/home/ctg/dev_ws/install/learning_gazebo:/home/ctg/dev_ws/install/learning_cv /usr/bin/cmake --build /home/ctg/jaka_HumanArm_v2/build/robot_moveit_config -- -j32 -l32
[1.651s] DEBUG:colcon.colcon_core.event_handler.log_command:Invoking command in '/home/ctg/jaka_HumanArm_v2/build/robot_moveit_config': CMAKE_PREFIX_PATH=/home/ctg/jaka_HumanArm_v2/install/robot_description:/home/ctg/jaka_HumanArm_v2/install/robot_moveit_config:/home/ctg/jaka_HumanArm_v2/install/arm_hand_interface:/home/ctg/dev_ws/install/pkg01_helloworld_cpp:/home/ctg/dev_ws/install/learning_topic_cpp:/home/ctg/dev_ws/install/learning_tf_cpp:/home/ctg/dev_ws/install/learning_service_cpp:/home/ctg/dev_ws/install/learning_pkg_c:/home/ctg/dev_ws/install/learning_parameter_cpp:/home/ctg/dev_ws/install/learning_node_cpp:/home/ctg/dev_ws/install/learning_action_cpp:/home/ctg/dev_ws/install/learning_interface:/opt/ros/humble:/home/ctg/dev_ws/install/learning_urdf:/home/ctg/dev_ws/install/learning_topic:/home/ctg/dev_ws/install/learning_tf:/home/ctg/dev_ws/install/learning_service:/home/ctg/dev_ws/install/learning_qos:/home/ctg/dev_ws/install/learning_pkg_python:/home/ctg/dev_ws/install/learning_parameter:/home/ctg/dev_ws/install/learning_node:/home/ctg/dev_ws/install/learning_launch:/home/ctg/dev_ws/install/learning_action:/home/ctg/dev_ws/install/learning_gazebo_fortress:/home/ctg/dev_ws/install/learning_gazebo:/home/ctg/dev_ws/install/learning_cv /usr/bin/cmake --install /home/ctg/jaka_HumanArm_v2/build/robot_moveit_config
[1.665s] Level 1:colcon.colcon_core.environment:create_environment_scripts_only(robot_moveit_config)
[1.665s] Level 1:colcon.colcon_core.environment:checking '/home/ctg/jaka_HumanArm_v2/install/robot_moveit_config' for CMake module files
[1.666s] Level 1:colcon.colcon_core.environment:checking '/home/ctg/jaka_HumanArm_v2/install/robot_moveit_config' for CMake config files
[1.667s] DEBUG:colcon.colcon_core.event_handler.log_command:Invoked command in '/home/ctg/jaka_HumanArm_v2/build/robot_moveit_config' returned '0': CMAKE_PREFIX_PATH=/home/ctg/jaka_HumanArm_v2/install/robot_description:/home/ctg/jaka_HumanArm_v2/install/robot_moveit_config:/home/ctg/jaka_HumanArm_v2/install/arm_hand_interface:/home/ctg/dev_ws/install/pkg01_helloworld_cpp:/home/ctg/dev_ws/install/learning_topic_cpp:/home/ctg/dev_ws/install/learning_tf_cpp:/home/ctg/dev_ws/install/learning_service_cpp:/home/ctg/dev_ws/install/learning_pkg_c:/home/ctg/dev_ws/install/learning_parameter_cpp:/home/ctg/dev_ws/install/learning_node_cpp:/home/ctg/dev_ws/install/learning_action_cpp:/home/ctg/dev_ws/install/learning_interface:/opt/ros/humble:/home/ctg/dev_ws/install/learning_urdf:/home/ctg/dev_ws/install/learning_topic:/home/ctg/dev_ws/install/learning_tf:/home/ctg/dev_ws/install/learning_service:/home/ctg/dev_ws/install/learning_qos:/home/ctg/dev_ws/install/learning_pkg_python:/home/ctg/dev_ws/install/learning_parameter:/home/ctg/dev_ws/install/learning_node:/home/ctg/dev_ws/install/learning_launch:/home/ctg/dev_ws/install/learning_action:/home/ctg/dev_ws/install/learning_gazebo_fortress:/home/ctg/dev_ws/install/learning_gazebo:/home/ctg/dev_ws/install/learning_cv /usr/bin/cmake --install /home/ctg/jaka_HumanArm_v2/build/robot_moveit_config
[1.668s] Level 1:colcon.colcon_core.shell:create_environment_hook('robot_moveit_config', 'cmake_prefix_path')
[1.669s] INFO:colcon.colcon_core.shell:Creating environment hook '/home/ctg/jaka_HumanArm_v2/install/robot_moveit_config/share/robot_moveit_config/hook/cmake_prefix_path.ps1'
[1.670s] INFO:colcon.colcon_core.shell:Creating environment descriptor '/home/ctg/jaka_HumanArm_v2/install/robot_moveit_config/share/robot_moveit_config/hook/cmake_prefix_path.dsv'
[1.671s] INFO:colcon.colcon_core.shell:Creating environment hook '/home/ctg/jaka_HumanArm_v2/install/robot_moveit_config/share/robot_moveit_config/hook/cmake_prefix_path.sh'
[1.672s] Level 1:colcon.colcon_core.environment:checking '/home/ctg/jaka_HumanArm_v2/install/robot_moveit_config/bin'
[1.673s] Level 1:colcon.colcon_core.environment:checking '/home/ctg/jaka_HumanArm_v2/install/robot_moveit_config/lib/pkgconfig/robot_moveit_config.pc'
[1.673s] Level 1:colcon.colcon_core.environment:checking '/home/ctg/jaka_HumanArm_v2/install/robot_moveit_config/lib/python3.10/site-packages'
[1.673s] Level 1:colcon.colcon_core.environment:checking '/home/ctg/jaka_HumanArm_v2/install/robot_moveit_config/bin'
[1.674s] INFO:colcon.colcon_core.shell:Creating package script '/home/ctg/jaka_HumanArm_v2/install/robot_moveit_config/share/robot_moveit_config/package.ps1'
[1.676s] INFO:colcon.colcon_core.shell:Creating package descriptor '/home/ctg/jaka_HumanArm_v2/install/robot_moveit_config/share/robot_moveit_config/package.dsv'
[1.677s] INFO:colcon.colcon_core.shell:Creating package script '/home/ctg/jaka_HumanArm_v2/install/robot_moveit_config/share/robot_moveit_config/package.sh'
[1.679s] INFO:colcon.colcon_core.shell:Creating package script '/home/ctg/jaka_HumanArm_v2/install/robot_moveit_config/share/robot_moveit_config/package.bash'
[1.680s] INFO:colcon.colcon_core.shell:Creating package script '/home/ctg/jaka_HumanArm_v2/install/robot_moveit_config/share/robot_moveit_config/package.zsh'
[1.681s] Level 1:colcon.colcon_core.environment:create_file_with_runtime_dependencies(/home/ctg/jaka_HumanArm_v2/install/robot_moveit_config/share/colcon-core/packages/robot_moveit_config)
[1.777s] Level 1:colcon.colcon_core.environment:create_environment_scripts_only(robot_moveit_config)
[1.778s] Level 1:colcon.colcon_core.environment:checking '/home/ctg/jaka_HumanArm_v2/install/robot_moveit_config' for CMake module files
[1.779s] Level 1:colcon.colcon_core.environment:checking '/home/ctg/jaka_HumanArm_v2/install/robot_moveit_config' for CMake config files
[1.779s] Level 1:colcon.colcon_core.shell:create_environment_hook('robot_moveit_config', 'cmake_prefix_path')
[1.780s] INFO:colcon.colcon_core.shell:Creating environment hook '/home/ctg/jaka_HumanArm_v2/install/robot_moveit_config/share/robot_moveit_config/hook/cmake_prefix_path.ps1'
[1.781s] INFO:colcon.colcon_core.shell:Creating environment descriptor '/home/ctg/jaka_HumanArm_v2/install/robot_moveit_config/share/robot_moveit_config/hook/cmake_prefix_path.dsv'
[1.782s] INFO:colcon.colcon_core.shell:Creating environment hook '/home/ctg/jaka_HumanArm_v2/install/robot_moveit_config/share/robot_moveit_config/hook/cmake_prefix_path.sh'
[1.783s] Level 1:colcon.colcon_core.environment:checking '/home/ctg/jaka_HumanArm_v2/install/robot_moveit_config/bin'
[1.784s] Level 1:colcon.colcon_core.environment:checking '/home/ctg/jaka_HumanArm_v2/install/robot_moveit_config/lib/pkgconfig/robot_moveit_config.pc'
[1.784s] Level 1:colcon.colcon_core.environment:checking '/home/ctg/jaka_HumanArm_v2/install/robot_moveit_config/lib/python3.10/site-packages'
[1.785s] Level 1:colcon.colcon_core.environment:checking '/home/ctg/jaka_HumanArm_v2/install/robot_moveit_config/bin'
[1.785s] INFO:colcon.colcon_core.shell:Creating package script '/home/ctg/jaka_HumanArm_v2/install/robot_moveit_config/share/robot_moveit_config/package.ps1'
[1.786s] INFO:colcon.colcon_core.shell:Creating package descriptor '/home/ctg/jaka_HumanArm_v2/install/robot_moveit_config/share/robot_moveit_config/package.dsv'
[1.786s] INFO:colcon.colcon_core.shell:Creating package script '/home/ctg/jaka_HumanArm_v2/install/robot_moveit_config/share/robot_moveit_config/package.sh'
[1.789s] INFO:colcon.colcon_core.shell:Creating package script '/home/ctg/jaka_HumanArm_v2/install/robot_moveit_config/share/robot_moveit_config/package.bash'
[1.790s] INFO:colcon.colcon_core.shell:Creating package script '/home/ctg/jaka_HumanArm_v2/install/robot_moveit_config/share/robot_moveit_config/package.zsh'
[1.791s] Level 1:colcon.colcon_core.environment:create_file_with_runtime_dependencies(/home/ctg/jaka_HumanArm_v2/install/robot_moveit_config/share/colcon-core/packages/robot_moveit_config)
[1.987s] DEBUG:colcon.colcon_core.event_handler.log_command:Invoked command in '/home/ctg/jaka_HumanArm_v2/build/arm_hand_interface' returned '0': CMAKE_PREFIX_PATH=${CMAKE_PREFIX_PATH}:/opt/ros/humble:/home/ctg/dev_ws/install/learning_urdf:/home/ctg/dev_ws/install/learning_topic:/home/ctg/dev_ws/install/learning_tf:/home/ctg/dev_ws/install/learning_service:/home/ctg/dev_ws/install/learning_qos:/home/ctg/dev_ws/install/learning_pkg_python:/home/ctg/dev_ws/install/learning_parameter:/home/ctg/dev_ws/install/learning_node:/home/ctg/dev_ws/install/learning_launch:/home/ctg/dev_ws/install/learning_action:/home/ctg/dev_ws/install/learning_gazebo_fortress:/home/ctg/dev_ws/install/learning_gazebo:/home/ctg/dev_ws/install/learning_cv /usr/bin/cmake --build /home/ctg/jaka_HumanArm_v2/build/arm_hand_interface -- -j32 -l32
[2.575s] DEBUG:colcon.colcon_core.event_handler.log_command:Invoking command in '/home/ctg/jaka_HumanArm_v2/build/arm_hand_interface': CMAKE_PREFIX_PATH=${CMAKE_PREFIX_PATH}:/opt/ros/humble:/home/ctg/dev_ws/install/learning_urdf:/home/ctg/dev_ws/install/learning_topic:/home/ctg/dev_ws/install/learning_tf:/home/ctg/dev_ws/install/learning_service:/home/ctg/dev_ws/install/learning_qos:/home/ctg/dev_ws/install/learning_pkg_python:/home/ctg/dev_ws/install/learning_parameter:/home/ctg/dev_ws/install/learning_node:/home/ctg/dev_ws/install/learning_launch:/home/ctg/dev_ws/install/learning_action:/home/ctg/dev_ws/install/learning_gazebo_fortress:/home/ctg/dev_ws/install/learning_gazebo:/home/ctg/dev_ws/install/learning_cv /usr/bin/cmake --install /home/ctg/jaka_HumanArm_v2/build/arm_hand_interface
[2.738s] Level 1:colcon.colcon_core.environment:create_environment_scripts_only(arm_hand_interface)
[2.739s] Level 1:colcon.colcon_core.environment:checking '/home/ctg/jaka_HumanArm_v2/install/arm_hand_interface' for CMake module files
[2.741s] DEBUG:colcon.colcon_core.event_handler.log_command:Invoked command in '/home/ctg/jaka_HumanArm_v2/build/arm_hand_interface' returned '0': CMAKE_PREFIX_PATH=${CMAKE_PREFIX_PATH}:/opt/ros/humble:/home/ctg/dev_ws/install/learning_urdf:/home/ctg/dev_ws/install/learning_topic:/home/ctg/dev_ws/install/learning_tf:/home/ctg/dev_ws/install/learning_service:/home/ctg/dev_ws/install/learning_qos:/home/ctg/dev_ws/install/learning_pkg_python:/home/ctg/dev_ws/install/learning_parameter:/home/ctg/dev_ws/install/learning_node:/home/ctg/dev_ws/install/learning_launch:/home/ctg/dev_ws/install/learning_action:/home/ctg/dev_ws/install/learning_gazebo_fortress:/home/ctg/dev_ws/install/learning_gazebo:/home/ctg/dev_ws/install/learning_cv /usr/bin/cmake --install /home/ctg/jaka_HumanArm_v2/build/arm_hand_interface
[2.742s] Level 1:colcon.colcon_core.environment:checking '/home/ctg/jaka_HumanArm_v2/install/arm_hand_interface' for CMake config files
[2.743s] Level 1:colcon.colcon_core.shell:create_environment_hook('arm_hand_interface', 'cmake_prefix_path')
[2.744s] INFO:colcon.colcon_core.shell:Creating environment hook '/home/ctg/jaka_HumanArm_v2/install/arm_hand_interface/share/arm_hand_interface/hook/cmake_prefix_path.ps1'
[2.745s] INFO:colcon.colcon_core.shell:Creating environment descriptor '/home/ctg/jaka_HumanArm_v2/install/arm_hand_interface/share/arm_hand_interface/hook/cmake_prefix_path.dsv'
[2.746s] INFO:colcon.colcon_core.shell:Creating environment hook '/home/ctg/jaka_HumanArm_v2/install/arm_hand_interface/share/arm_hand_interface/hook/cmake_prefix_path.sh'
[2.748s] Level 1:colcon.colcon_core.environment:checking '/home/ctg/jaka_HumanArm_v2/install/arm_hand_interface/lib'
[2.748s] Level 1:colcon.colcon_core.shell:create_environment_hook('arm_hand_interface', 'ld_library_path_lib')
[2.749s] INFO:colcon.colcon_core.shell:Creating environment hook '/home/ctg/jaka_HumanArm_v2/install/arm_hand_interface/share/arm_hand_interface/hook/ld_library_path_lib.ps1'
[2.750s] INFO:colcon.colcon_core.shell:Creating environment descriptor '/home/ctg/jaka_HumanArm_v2/install/arm_hand_interface/share/arm_hand_interface/hook/ld_library_path_lib.dsv'
[2.751s] INFO:colcon.colcon_core.shell:Creating environment hook '/home/ctg/jaka_HumanArm_v2/install/arm_hand_interface/share/arm_hand_interface/hook/ld_library_path_lib.sh'
[2.752s] Level 1:colcon.colcon_core.environment:checking '/home/ctg/jaka_HumanArm_v2/install/arm_hand_interface/bin'
[2.752s] Level 1:colcon.colcon_core.environment:checking '/home/ctg/jaka_HumanArm_v2/install/arm_hand_interface/lib/pkgconfig/arm_hand_interface.pc'
[2.752s] Level 1:colcon.colcon_core.environment:checking '/home/ctg/jaka_HumanArm_v2/install/arm_hand_interface/lib/python3.10/site-packages'
[2.753s] Level 1:colcon.colcon_core.environment:checking '/home/ctg/jaka_HumanArm_v2/install/arm_hand_interface/bin'
[2.754s] INFO:colcon.colcon_core.shell:Creating package script '/home/ctg/jaka_HumanArm_v2/install/arm_hand_interface/share/arm_hand_interface/package.ps1'
[2.755s] INFO:colcon.colcon_core.shell:Creating package descriptor '/home/ctg/jaka_HumanArm_v2/install/arm_hand_interface/share/arm_hand_interface/package.dsv'
[2.756s] INFO:colcon.colcon_core.shell:Creating package script '/home/ctg/jaka_HumanArm_v2/install/arm_hand_interface/share/arm_hand_interface/package.sh'
[2.758s] INFO:colcon.colcon_core.shell:Creating package script '/home/ctg/jaka_HumanArm_v2/install/arm_hand_interface/share/arm_hand_interface/package.bash'
[2.759s] INFO:colcon.colcon_core.shell:Creating package script '/home/ctg/jaka_HumanArm_v2/install/arm_hand_interface/share/arm_hand_interface/package.zsh'
[2.760s] Level 1:colcon.colcon_core.environment:create_file_with_runtime_dependencies(/home/ctg/jaka_HumanArm_v2/install/arm_hand_interface/share/colcon-core/packages/arm_hand_interface)
[3.323s] Level 1:colcon.colcon_core.environment:create_environment_scripts_only(arm_hand_interface)
[3.323s] Level 1:colcon.colcon_core.environment:checking '/home/ctg/jaka_HumanArm_v2/install/arm_hand_interface' for CMake module files
[3.325s] Level 1:colcon.colcon_core.environment:checking '/home/ctg/jaka_HumanArm_v2/install/arm_hand_interface' for CMake config files
[3.326s] Level 1:colcon.colcon_core.shell:create_environment_hook('arm_hand_interface', 'cmake_prefix_path')
[3.326s] INFO:colcon.colcon_core.shell:Creating environment hook '/home/ctg/jaka_HumanArm_v2/install/arm_hand_interface/share/arm_hand_interface/hook/cmake_prefix_path.ps1'
[3.328s] INFO:colcon.colcon_core.shell:Creating environment descriptor '/home/ctg/jaka_HumanArm_v2/install/arm_hand_interface/share/arm_hand_interface/hook/cmake_prefix_path.dsv'
[3.329s] INFO:colcon.colcon_core.shell:Creating environment hook '/home/ctg/jaka_HumanArm_v2/install/arm_hand_interface/share/arm_hand_interface/hook/cmake_prefix_path.sh'
[3.331s] Level 1:colcon.colcon_core.environment:checking '/home/ctg/jaka_HumanArm_v2/install/arm_hand_interface/lib'
[3.331s] Level 1:colcon.colcon_core.shell:create_environment_hook('arm_hand_interface', 'ld_library_path_lib')
[3.331s] INFO:colcon.colcon_core.shell:Creating environment hook '/home/ctg/jaka_HumanArm_v2/install/arm_hand_interface/share/arm_hand_interface/hook/ld_library_path_lib.ps1'
[3.333s] INFO:colcon.colcon_core.shell:Creating environment descriptor '/home/ctg/jaka_HumanArm_v2/install/arm_hand_interface/share/arm_hand_interface/hook/ld_library_path_lib.dsv'
[3.335s] INFO:colcon.colcon_core.shell:Creating environment hook '/home/ctg/jaka_HumanArm_v2/install/arm_hand_interface/share/arm_hand_interface/hook/ld_library_path_lib.sh'
[3.336s] Level 1:colcon.colcon_core.environment:checking '/home/ctg/jaka_HumanArm_v2/install/arm_hand_interface/bin'
[3.336s] Level 1:colcon.colcon_core.environment:checking '/home/ctg/jaka_HumanArm_v2/install/arm_hand_interface/lib/pkgconfig/arm_hand_interface.pc'
[3.337s] Level 1:colcon.colcon_core.environment:checking '/home/ctg/jaka_HumanArm_v2/install/arm_hand_interface/lib/python3.10/site-packages'
[3.338s] Level 1:colcon.colcon_core.environment:checking '/home/ctg/jaka_HumanArm_v2/install/arm_hand_interface/bin'
[3.339s] INFO:colcon.colcon_core.shell:Creating package script '/home/ctg/jaka_HumanArm_v2/install/arm_hand_interface/share/arm_hand_interface/package.ps1'
[3.340s] INFO:colcon.colcon_core.shell:Creating package descriptor '/home/ctg/jaka_HumanArm_v2/install/arm_hand_interface/share/arm_hand_interface/package.dsv'
[3.341s] INFO:colcon.colcon_core.shell:Creating package script '/home/ctg/jaka_HumanArm_v2/install/arm_hand_interface/share/arm_hand_interface/package.sh'
[3.343s] INFO:colcon.colcon_core.shell:Creating package script '/home/ctg/jaka_HumanArm_v2/install/arm_hand_interface/share/arm_hand_interface/package.bash'
[3.344s] INFO:colcon.colcon_core.shell:Creating package script '/home/ctg/jaka_HumanArm_v2/install/arm_hand_interface/share/arm_hand_interface/package.zsh'
[3.347s] Level 1:colcon.colcon_core.environment:create_file_with_runtime_dependencies(/home/ctg/jaka_HumanArm_v2/install/arm_hand_interface/share/colcon-core/packages/arm_hand_interface)
[3.349s] INFO:colcon.colcon_ros.task.ament_cmake.build:Building ROS package in '/home/ctg/jaka_HumanArm_v2/src/robot_control' with build type 'ament_cmake'
[3.349s] INFO:colcon.colcon_cmake.task.cmake.build:Building CMake package in '/home/ctg/jaka_HumanArm_v2/src/robot_control'
[3.350s] INFO:colcon.colcon_core.shell:Skip shell extension 'powershell' for command environment: Not usable outside of PowerShell
[3.350s] DEBUG:colcon.colcon_core.shell:Skip shell extension 'dsv' for command environment
[3.392s] DEBUG:colcon.colcon_core.event_handler.log_command:Invoking command in '/home/ctg/jaka_HumanArm_v2/build/robot_control': CMAKE_PREFIX_PATH=/home/ctg/jaka_HumanArm_v2/install/arm_hand_interface:/home/ctg/jaka_HumanArm_v2/install/robot_moveit_config:/home/ctg/jaka_HumanArm_v2/install/robot_description:/home/ctg/dev_ws/install/pkg01_helloworld_cpp:/home/ctg/dev_ws/install/learning_topic_cpp:/home/ctg/dev_ws/install/learning_tf_cpp:/home/ctg/dev_ws/install/learning_service_cpp:/home/ctg/dev_ws/install/learning_pkg_c:/home/ctg/dev_ws/install/learning_parameter_cpp:/home/ctg/dev_ws/install/learning_node_cpp:/home/ctg/dev_ws/install/learning_action_cpp:/home/ctg/dev_ws/install/learning_interface:/opt/ros/humble:/home/ctg/dev_ws/install/learning_urdf:/home/ctg/dev_ws/install/learning_topic:/home/ctg/dev_ws/install/learning_tf:/home/ctg/dev_ws/install/learning_service:/home/ctg/dev_ws/install/learning_qos:/home/ctg/dev_ws/install/learning_pkg_python:/home/ctg/dev_ws/install/learning_parameter:/home/ctg/dev_ws/install/learning_node:/home/ctg/dev_ws/install/learning_launch:/home/ctg/dev_ws/install/learning_action:/home/ctg/dev_ws/install/learning_gazebo_fortress:/home/ctg/dev_ws/install/learning_gazebo:/home/ctg/dev_ws/install/learning_cv /usr/bin/cmake --build /home/ctg/jaka_HumanArm_v2/build/robot_control -- -j32 -l32
[14.296s] DEBUG:colcon.colcon_core.event_handler.log_command:Invoked command in '/home/ctg/jaka_HumanArm_v2/build/robot_moveit_interface' returned '0': CMAKE_PREFIX_PATH=${CMAKE_PREFIX_PATH}:/opt/ros/humble:/home/ctg/dev_ws/install/learning_urdf:/home/ctg/dev_ws/install/learning_topic:/home/ctg/dev_ws/install/learning_tf:/home/ctg/dev_ws/install/learning_service:/home/ctg/dev_ws/install/learning_qos:/home/ctg/dev_ws/install/learning_pkg_python:/home/ctg/dev_ws/install/learning_parameter:/home/ctg/dev_ws/install/learning_node:/home/ctg/dev_ws/install/learning_launch:/home/ctg/dev_ws/install/learning_action:/home/ctg/dev_ws/install/learning_gazebo_fortress:/home/ctg/dev_ws/install/learning_gazebo:/home/ctg/dev_ws/install/learning_cv /usr/bin/cmake /home/ctg/jaka_HumanArm_v2/src/robot_moveit_interface -DCMAKE_INSTALL_PREFIX=/home/ctg/jaka_HumanArm_v2/install/robot_moveit_interface
[14.300s] DEBUG:colcon.colcon_core.event_handler.log_command:Invoking command in '/home/ctg/jaka_HumanArm_v2/build/robot_moveit_interface': CMAKE_PREFIX_PATH=${CMAKE_PREFIX_PATH}:/opt/ros/humble:/home/ctg/dev_ws/install/learning_urdf:/home/ctg/dev_ws/install/learning_topic:/home/ctg/dev_ws/install/learning_tf:/home/ctg/dev_ws/install/learning_service:/home/ctg/dev_ws/install/learning_qos:/home/ctg/dev_ws/install/learning_pkg_python:/home/ctg/dev_ws/install/learning_parameter:/home/ctg/dev_ws/install/learning_node:/home/ctg/dev_ws/install/learning_launch:/home/ctg/dev_ws/install/learning_action:/home/ctg/dev_ws/install/learning_gazebo_fortress:/home/ctg/dev_ws/install/learning_gazebo:/home/ctg/dev_ws/install/learning_cv /usr/bin/cmake --build /home/ctg/jaka_HumanArm_v2/build/robot_moveit_interface -- -j32 -l32
[17.290s] DEBUG:colcon.colcon_core.event_handler.log_command:Invoked command in '/home/ctg/jaka_HumanArm_v2/build/robot_octomap_motion_planning' returned '0': CMAKE_PREFIX_PATH=${CMAKE_PREFIX_PATH}:/opt/ros/humble:/home/ctg/dev_ws/install/learning_urdf:/home/ctg/dev_ws/install/learning_topic:/home/ctg/dev_ws/install/learning_tf:/home/ctg/dev_ws/install/learning_service:/home/ctg/dev_ws/install/learning_qos:/home/ctg/dev_ws/install/learning_pkg_python:/home/ctg/dev_ws/install/learning_parameter:/home/ctg/dev_ws/install/learning_node:/home/ctg/dev_ws/install/learning_launch:/home/ctg/dev_ws/install/learning_action:/home/ctg/dev_ws/install/learning_gazebo_fortress:/home/ctg/dev_ws/install/learning_gazebo:/home/ctg/dev_ws/install/learning_cv /usr/bin/cmake /home/ctg/jaka_HumanArm_v2/src/robot_octomap_motion_planning -DCMAKE_INSTALL_PREFIX=/home/ctg/jaka_HumanArm_v2/install/robot_octomap_motion_planning
[17.296s] DEBUG:colcon.colcon_core.event_handler.log_command:Invoking command in '/home/ctg/jaka_HumanArm_v2/build/robot_octomap_motion_planning': CMAKE_PREFIX_PATH=${CMAKE_PREFIX_PATH}:/opt/ros/humble:/home/ctg/dev_ws/install/learning_urdf:/home/ctg/dev_ws/install/learning_topic:/home/ctg/dev_ws/install/learning_tf:/home/ctg/dev_ws/install/learning_service:/home/ctg/dev_ws/install/learning_qos:/home/ctg/dev_ws/install/learning_pkg_python:/home/ctg/dev_ws/install/learning_parameter:/home/ctg/dev_ws/install/learning_node:/home/ctg/dev_ws/install/learning_launch:/home/ctg/dev_ws/install/learning_action:/home/ctg/dev_ws/install/learning_gazebo_fortress:/home/ctg/dev_ws/install/learning_gazebo:/home/ctg/dev_ws/install/learning_cv /usr/bin/cmake --build /home/ctg/jaka_HumanArm_v2/build/robot_octomap_motion_planning -- -j32 -l32
[60.600s] DEBUG:colcon.colcon_core.event_handler.log_command:Invoked command in '/home/ctg/jaka_HumanArm_v2/build/robot_moveit_interface' returned '0': CMAKE_PREFIX_PATH=${CMAKE_PREFIX_PATH}:/opt/ros/humble:/home/ctg/dev_ws/install/learning_urdf:/home/ctg/dev_ws/install/learning_topic:/home/ctg/dev_ws/install/learning_tf:/home/ctg/dev_ws/install/learning_service:/home/ctg/dev_ws/install/learning_qos:/home/ctg/dev_ws/install/learning_pkg_python:/home/ctg/dev_ws/install/learning_parameter:/home/ctg/dev_ws/install/learning_node:/home/ctg/dev_ws/install/learning_launch:/home/ctg/dev_ws/install/learning_action:/home/ctg/dev_ws/install/learning_gazebo_fortress:/home/ctg/dev_ws/install/learning_gazebo:/home/ctg/dev_ws/install/learning_cv /usr/bin/cmake --build /home/ctg/jaka_HumanArm_v2/build/robot_moveit_interface -- -j32 -l32
[60.738s] DEBUG:colcon.colcon_core.event_handler.log_command:Invoking command in '/home/ctg/jaka_HumanArm_v2/build/robot_moveit_interface': CMAKE_PREFIX_PATH=${CMAKE_PREFIX_PATH}:/opt/ros/humble:/home/ctg/dev_ws/install/learning_urdf:/home/ctg/dev_ws/install/learning_topic:/home/ctg/dev_ws/install/learning_tf:/home/ctg/dev_ws/install/learning_service:/home/ctg/dev_ws/install/learning_qos:/home/ctg/dev_ws/install/learning_pkg_python:/home/ctg/dev_ws/install/learning_parameter:/home/ctg/dev_ws/install/learning_node:/home/ctg/dev_ws/install/learning_launch:/home/ctg/dev_ws/install/learning_action:/home/ctg/dev_ws/install/learning_gazebo_fortress:/home/ctg/dev_ws/install/learning_gazebo:/home/ctg/dev_ws/install/learning_cv /usr/bin/cmake --install /home/ctg/jaka_HumanArm_v2/build/robot_moveit_interface
[60.762s] Level 1:colcon.colcon_core.environment:create_environment_scripts_only(robot_moveit_interface)
[60.762s] Level 1:colcon.colcon_core.environment:checking '/home/ctg/jaka_HumanArm_v2/install/robot_moveit_interface' for CMake module files
[60.763s] Level 1:colcon.colcon_core.environment:checking '/home/ctg/jaka_HumanArm_v2/install/robot_moveit_interface' for CMake config files
[60.763s] DEBUG:colcon.colcon_core.event_handler.log_command:Invoked command in '/home/ctg/jaka_HumanArm_v2/build/robot_moveit_interface' returned '0': CMAKE_PREFIX_PATH=${CMAKE_PREFIX_PATH}:/opt/ros/humble:/home/ctg/dev_ws/install/learning_urdf:/home/ctg/dev_ws/install/learning_topic:/home/ctg/dev_ws/install/learning_tf:/home/ctg/dev_ws/install/learning_service:/home/ctg/dev_ws/install/learning_qos:/home/ctg/dev_ws/install/learning_pkg_python:/home/ctg/dev_ws/install/learning_parameter:/home/ctg/dev_ws/install/learning_node:/home/ctg/dev_ws/install/learning_launch:/home/ctg/dev_ws/install/learning_action:/home/ctg/dev_ws/install/learning_gazebo_fortress:/home/ctg/dev_ws/install/learning_gazebo:/home/ctg/dev_ws/install/learning_cv /usr/bin/cmake --install /home/ctg/jaka_HumanArm_v2/build/robot_moveit_interface
[60.764s] Level 1:colcon.colcon_core.shell:create_environment_hook('robot_moveit_interface', 'cmake_prefix_path')
[60.764s] INFO:colcon.colcon_core.shell:Creating environment hook '/home/ctg/jaka_HumanArm_v2/install/robot_moveit_interface/share/robot_moveit_interface/hook/cmake_prefix_path.ps1'
[60.766s] INFO:colcon.colcon_core.shell:Creating environment descriptor '/home/ctg/jaka_HumanArm_v2/install/robot_moveit_interface/share/robot_moveit_interface/hook/cmake_prefix_path.dsv'
[60.767s] INFO:colcon.colcon_core.shell:Creating environment hook '/home/ctg/jaka_HumanArm_v2/install/robot_moveit_interface/share/robot_moveit_interface/hook/cmake_prefix_path.sh'
[60.769s] Level 1:colcon.colcon_core.environment:checking '/home/ctg/jaka_HumanArm_v2/install/robot_moveit_interface/lib'
[60.770s] Level 1:colcon.colcon_core.environment:checking '/home/ctg/jaka_HumanArm_v2/install/robot_moveit_interface/bin'
[60.770s] Level 1:colcon.colcon_core.environment:checking '/home/ctg/jaka_HumanArm_v2/install/robot_moveit_interface/lib/pkgconfig/robot_moveit_interface.pc'
[60.770s] Level 1:colcon.colcon_core.environment:checking '/home/ctg/jaka_HumanArm_v2/install/robot_moveit_interface/lib/python3.10/site-packages'
[60.771s] Level 1:colcon.colcon_core.environment:checking '/home/ctg/jaka_HumanArm_v2/install/robot_moveit_interface/bin'
[60.772s] INFO:colcon.colcon_core.shell:Creating package script '/home/ctg/jaka_HumanArm_v2/install/robot_moveit_interface/share/robot_moveit_interface/package.ps1'
[60.773s] INFO:colcon.colcon_core.shell:Creating package descriptor '/home/ctg/jaka_HumanArm_v2/install/robot_moveit_interface/share/robot_moveit_interface/package.dsv'
[60.775s] INFO:colcon.colcon_core.shell:Creating package script '/home/ctg/jaka_HumanArm_v2/install/robot_moveit_interface/share/robot_moveit_interface/package.sh'
[60.776s] INFO:colcon.colcon_core.shell:Creating package script '/home/ctg/jaka_HumanArm_v2/install/robot_moveit_interface/share/robot_moveit_interface/package.bash'
[60.777s] INFO:colcon.colcon_core.shell:Creating package script '/home/ctg/jaka_HumanArm_v2/install/robot_moveit_interface/share/robot_moveit_interface/package.zsh'
[60.779s] Level 1:colcon.colcon_core.environment:create_file_with_runtime_dependencies(/home/ctg/jaka_HumanArm_v2/install/robot_moveit_interface/share/colcon-core/packages/robot_moveit_interface)
[60.907s] Level 1:colcon.colcon_core.environment:create_environment_scripts_only(robot_moveit_interface)
[60.908s] Level 1:colcon.colcon_core.environment:checking '/home/ctg/jaka_HumanArm_v2/install/robot_moveit_interface' for CMake module files
[60.910s] Level 1:colcon.colcon_core.environment:checking '/home/ctg/jaka_HumanArm_v2/install/robot_moveit_interface' for CMake config files
[60.910s] Level 1:colcon.colcon_core.shell:create_environment_hook('robot_moveit_interface', 'cmake_prefix_path')
[60.911s] INFO:colcon.colcon_core.shell:Creating environment hook '/home/ctg/jaka_HumanArm_v2/install/robot_moveit_interface/share/robot_moveit_interface/hook/cmake_prefix_path.ps1'
[60.912s] INFO:colcon.colcon_core.shell:Creating environment descriptor '/home/ctg/jaka_HumanArm_v2/install/robot_moveit_interface/share/robot_moveit_interface/hook/cmake_prefix_path.dsv'
[60.912s] INFO:colcon.colcon_core.shell:Creating environment hook '/home/ctg/jaka_HumanArm_v2/install/robot_moveit_interface/share/robot_moveit_interface/hook/cmake_prefix_path.sh'
[60.914s] Level 1:colcon.colcon_core.environment:checking '/home/ctg/jaka_HumanArm_v2/install/robot_moveit_interface/lib'
[60.914s] Level 1:colcon.colcon_core.environment:checking '/home/ctg/jaka_HumanArm_v2/install/robot_moveit_interface/bin'
[60.914s] Level 1:colcon.colcon_core.environment:checking '/home/ctg/jaka_HumanArm_v2/install/robot_moveit_interface/lib/pkgconfig/robot_moveit_interface.pc'
[60.915s] Level 1:colcon.colcon_core.environment:checking '/home/ctg/jaka_HumanArm_v2/install/robot_moveit_interface/lib/python3.10/site-packages'
[60.915s] Level 1:colcon.colcon_core.environment:checking '/home/ctg/jaka_HumanArm_v2/install/robot_moveit_interface/bin'
[60.916s] INFO:colcon.colcon_core.shell:Creating package script '/home/ctg/jaka_HumanArm_v2/install/robot_moveit_interface/share/robot_moveit_interface/package.ps1'
[60.917s] INFO:colcon.colcon_core.shell:Creating package descriptor '/home/ctg/jaka_HumanArm_v2/install/robot_moveit_interface/share/robot_moveit_interface/package.dsv'
[60.918s] INFO:colcon.colcon_core.shell:Creating package script '/home/ctg/jaka_HumanArm_v2/install/robot_moveit_interface/share/robot_moveit_interface/package.sh'
[60.919s] INFO:colcon.colcon_core.shell:Creating package script '/home/ctg/jaka_HumanArm_v2/install/robot_moveit_interface/share/robot_moveit_interface/package.bash'
[60.921s] INFO:colcon.colcon_core.shell:Creating package script '/home/ctg/jaka_HumanArm_v2/install/robot_moveit_interface/share/robot_moveit_interface/package.zsh'
[60.921s] Level 1:colcon.colcon_core.environment:create_file_with_runtime_dependencies(/home/ctg/jaka_HumanArm_v2/install/robot_moveit_interface/share/colcon-core/packages/robot_moveit_interface)
[84.060s] DEBUG:colcon.colcon_core.event_handler.log_command:Invoked command in '/home/ctg/jaka_HumanArm_v2/build/robot_control' returned '0': CMAKE_PREFIX_PATH=/home/ctg/jaka_HumanArm_v2/install/arm_hand_interface:/home/ctg/jaka_HumanArm_v2/install/robot_moveit_config:/home/ctg/jaka_HumanArm_v2/install/robot_description:/home/ctg/dev_ws/install/pkg01_helloworld_cpp:/home/ctg/dev_ws/install/learning_topic_cpp:/home/ctg/dev_ws/install/learning_tf_cpp:/home/ctg/dev_ws/install/learning_service_cpp:/home/ctg/dev_ws/install/learning_pkg_c:/home/ctg/dev_ws/install/learning_parameter_cpp:/home/ctg/dev_ws/install/learning_node_cpp:/home/ctg/dev_ws/install/learning_action_cpp:/home/ctg/dev_ws/install/learning_interface:/opt/ros/humble:/home/ctg/dev_ws/install/learning_urdf:/home/ctg/dev_ws/install/learning_topic:/home/ctg/dev_ws/install/learning_tf:/home/ctg/dev_ws/install/learning_service:/home/ctg/dev_ws/install/learning_qos:/home/ctg/dev_ws/install/learning_pkg_python:/home/ctg/dev_ws/install/learning_parameter:/home/ctg/dev_ws/install/learning_node:/home/ctg/dev_ws/install/learning_launch:/home/ctg/dev_ws/install/learning_action:/home/ctg/dev_ws/install/learning_gazebo_fortress:/home/ctg/dev_ws/install/learning_gazebo:/home/ctg/dev_ws/install/learning_cv /usr/bin/cmake --build /home/ctg/jaka_HumanArm_v2/build/robot_control -- -j32 -l32
[84.227s] DEBUG:colcon.colcon_core.event_handler.log_command:Invoking command in '/home/ctg/jaka_HumanArm_v2/build/robot_control': CMAKE_PREFIX_PATH=/home/ctg/jaka_HumanArm_v2/install/arm_hand_interface:/home/ctg/jaka_HumanArm_v2/install/robot_moveit_config:/home/ctg/jaka_HumanArm_v2/install/robot_description:/home/ctg/dev_ws/install/pkg01_helloworld_cpp:/home/ctg/dev_ws/install/learning_topic_cpp:/home/ctg/dev_ws/install/learning_tf_cpp:/home/ctg/dev_ws/install/learning_service_cpp:/home/ctg/dev_ws/install/learning_pkg_c:/home/ctg/dev_ws/install/learning_parameter_cpp:/home/ctg/dev_ws/install/learning_node_cpp:/home/ctg/dev_ws/install/learning_action_cpp:/home/ctg/dev_ws/install/learning_interface:/opt/ros/humble:/home/ctg/dev_ws/install/learning_urdf:/home/ctg/dev_ws/install/learning_topic:/home/ctg/dev_ws/install/learning_tf:/home/ctg/dev_ws/install/learning_service:/home/ctg/dev_ws/install/learning_qos:/home/ctg/dev_ws/install/learning_pkg_python:/home/ctg/dev_ws/install/learning_parameter:/home/ctg/dev_ws/install/learning_node:/home/ctg/dev_ws/install/learning_launch:/home/ctg/dev_ws/install/learning_action:/home/ctg/dev_ws/install/learning_gazebo_fortress:/home/ctg/dev_ws/install/learning_gazebo:/home/ctg/dev_ws/install/learning_cv /usr/bin/cmake --install /home/ctg/jaka_HumanArm_v2/build/robot_control
[84.271s] Level 1:colcon.colcon_core.environment:create_environment_scripts_only(robot_control)
[84.271s] Level 1:colcon.colcon_core.environment:checking '/home/ctg/jaka_HumanArm_v2/install/robot_control' for CMake module files
[84.272s] Level 1:colcon.colcon_core.environment:checking '/home/ctg/jaka_HumanArm_v2/install/robot_control' for CMake config files
[84.273s] Level 1:colcon.colcon_core.shell:create_environment_hook('robot_control', 'cmake_prefix_path')
[84.273s] INFO:colcon.colcon_core.shell:Creating environment hook '/home/ctg/jaka_HumanArm_v2/install/robot_control/share/robot_control/hook/cmake_prefix_path.ps1'
[84.275s] INFO:colcon.colcon_core.shell:Creating environment descriptor '/home/ctg/jaka_HumanArm_v2/install/robot_control/share/robot_control/hook/cmake_prefix_path.dsv'
[84.275s] INFO:colcon.colcon_core.shell:Creating environment hook '/home/ctg/jaka_HumanArm_v2/install/robot_control/share/robot_control/hook/cmake_prefix_path.sh'
[84.276s] Level 1:colcon.colcon_core.environment:checking '/home/ctg/jaka_HumanArm_v2/install/robot_control/lib'
[84.276s] Level 1:colcon.colcon_core.environment:checking '/home/ctg/jaka_HumanArm_v2/install/robot_control/bin'
[84.276s] Level 1:colcon.colcon_core.environment:checking '/home/ctg/jaka_HumanArm_v2/install/robot_control/lib/pkgconfig/robot_control.pc'
[84.276s] Level 1:colcon.colcon_core.environment:checking '/home/ctg/jaka_HumanArm_v2/install/robot_control/lib/python3.10/site-packages'
[84.277s] Level 1:colcon.colcon_core.environment:checking '/home/ctg/jaka_HumanArm_v2/install/robot_control/bin'
[84.277s] DEBUG:colcon.colcon_core.event_handler.log_command:Invoked command in '/home/ctg/jaka_HumanArm_v2/build/robot_control' returned '0': CMAKE_PREFIX_PATH=/home/ctg/jaka_HumanArm_v2/install/arm_hand_interface:/home/ctg/jaka_HumanArm_v2/install/robot_moveit_config:/home/ctg/jaka_HumanArm_v2/install/robot_description:/home/ctg/dev_ws/install/pkg01_helloworld_cpp:/home/ctg/dev_ws/install/learning_topic_cpp:/home/ctg/dev_ws/install/learning_tf_cpp:/home/ctg/dev_ws/install/learning_service_cpp:/home/ctg/dev_ws/install/learning_pkg_c:/home/ctg/dev_ws/install/learning_parameter_cpp:/home/ctg/dev_ws/install/learning_node_cpp:/home/ctg/dev_ws/install/learning_action_cpp:/home/ctg/dev_ws/install/learning_interface:/opt/ros/humble:/home/ctg/dev_ws/install/learning_urdf:/home/ctg/dev_ws/install/learning_topic:/home/ctg/dev_ws/install/learning_tf:/home/ctg/dev_ws/install/learning_service:/home/ctg/dev_ws/install/learning_qos:/home/ctg/dev_ws/install/learning_pkg_python:/home/ctg/dev_ws/install/learning_parameter:/home/ctg/dev_ws/install/learning_node:/home/ctg/dev_ws/install/learning_launch:/home/ctg/dev_ws/install/learning_action:/home/ctg/dev_ws/install/learning_gazebo_fortress:/home/ctg/dev_ws/install/learning_gazebo:/home/ctg/dev_ws/install/learning_cv /usr/bin/cmake --install /home/ctg/jaka_HumanArm_v2/build/robot_control
[84.278s] INFO:colcon.colcon_core.shell:Creating package script '/home/ctg/jaka_HumanArm_v2/install/robot_control/share/robot_control/package.ps1'
[84.278s] INFO:colcon.colcon_core.shell:Creating package descriptor '/home/ctg/jaka_HumanArm_v2/install/robot_control/share/robot_control/package.dsv'
[84.278s] INFO:colcon.colcon_core.shell:Creating package script '/home/ctg/jaka_HumanArm_v2/install/robot_control/share/robot_control/package.sh'
[84.278s] INFO:colcon.colcon_core.shell:Creating package script '/home/ctg/jaka_HumanArm_v2/install/robot_control/share/robot_control/package.bash'
[84.279s] INFO:colcon.colcon_core.shell:Creating package script '/home/ctg/jaka_HumanArm_v2/install/robot_control/share/robot_control/package.zsh'
[84.279s] Level 1:colcon.colcon_core.environment:create_file_with_runtime_dependencies(/home/ctg/jaka_HumanArm_v2/install/robot_control/share/colcon-core/packages/robot_control)
[84.422s] Level 1:colcon.colcon_core.environment:create_environment_scripts_only(robot_control)
[84.423s] Level 1:colcon.colcon_core.environment:checking '/home/ctg/jaka_HumanArm_v2/install/robot_control' for CMake module files
[84.424s] Level 1:colcon.colcon_core.environment:checking '/home/ctg/jaka_HumanArm_v2/install/robot_control' for CMake config files
[84.424s] Level 1:colcon.colcon_core.shell:create_environment_hook('robot_control', 'cmake_prefix_path')
[84.425s] INFO:colcon.colcon_core.shell:Creating environment hook '/home/ctg/jaka_HumanArm_v2/install/robot_control/share/robot_control/hook/cmake_prefix_path.ps1'
[84.426s] INFO:colcon.colcon_core.shell:Creating environment descriptor '/home/ctg/jaka_HumanArm_v2/install/robot_control/share/robot_control/hook/cmake_prefix_path.dsv'
[84.427s] INFO:colcon.colcon_core.shell:Creating environment hook '/home/ctg/jaka_HumanArm_v2/install/robot_control/share/robot_control/hook/cmake_prefix_path.sh'
[84.429s] Level 1:colcon.colcon_core.environment:checking '/home/ctg/jaka_HumanArm_v2/install/robot_control/lib'
[84.429s] Level 1:colcon.colcon_core.environment:checking '/home/ctg/jaka_HumanArm_v2/install/robot_control/bin'
[84.429s] Level 1:colcon.colcon_core.environment:checking '/home/ctg/jaka_HumanArm_v2/install/robot_control/lib/pkgconfig/robot_control.pc'
[84.430s] Level 1:colcon.colcon_core.environment:checking '/home/ctg/jaka_HumanArm_v2/install/robot_control/lib/python3.10/site-packages'
[84.430s] Level 1:colcon.colcon_core.environment:checking '/home/ctg/jaka_HumanArm_v2/install/robot_control/bin'
[84.431s] INFO:colcon.colcon_core.shell:Creating package script '/home/ctg/jaka_HumanArm_v2/install/robot_control/share/robot_control/package.ps1'
[84.432s] INFO:colcon.colcon_core.shell:Creating package descriptor '/home/ctg/jaka_HumanArm_v2/install/robot_control/share/robot_control/package.dsv'
[84.433s] INFO:colcon.colcon_core.shell:Creating package script '/home/ctg/jaka_HumanArm_v2/install/robot_control/share/robot_control/package.sh'
[84.434s] INFO:colcon.colcon_core.shell:Creating package script '/home/ctg/jaka_HumanArm_v2/install/robot_control/share/robot_control/package.bash'
[84.435s] INFO:colcon.colcon_core.shell:Creating package script '/home/ctg/jaka_HumanArm_v2/install/robot_control/share/robot_control/package.zsh'
[84.436s] Level 1:colcon.colcon_core.environment:create_file_with_runtime_dependencies(/home/ctg/jaka_HumanArm_v2/install/robot_control/share/colcon-core/packages/robot_control)
[123.897s] DEBUG:colcon.colcon_core.event_handler.log_command:Invoked command in '/home/ctg/jaka_HumanArm_v2/build/robot_octomap_motion_planning' returned '0': CMAKE_PREFIX_PATH=${CMAKE_PREFIX_PATH}:/opt/ros/humble:/home/ctg/dev_ws/install/learning_urdf:/home/ctg/dev_ws/install/learning_topic:/home/ctg/dev_ws/install/learning_tf:/home/ctg/dev_ws/install/learning_service:/home/ctg/dev_ws/install/learning_qos:/home/ctg/dev_ws/install/learning_pkg_python:/home/ctg/dev_ws/install/learning_parameter:/home/ctg/dev_ws/install/learning_node:/home/ctg/dev_ws/install/learning_launch:/home/ctg/dev_ws/install/learning_action:/home/ctg/dev_ws/install/learning_gazebo_fortress:/home/ctg/dev_ws/install/learning_gazebo:/home/ctg/dev_ws/install/learning_cv /usr/bin/cmake --build /home/ctg/jaka_HumanArm_v2/build/robot_octomap_motion_planning -- -j32 -l32
[124.027s] DEBUG:colcon.colcon_core.event_handler.log_command:Invoking command in '/home/ctg/jaka_HumanArm_v2/build/robot_octomap_motion_planning': CMAKE_PREFIX_PATH=${CMAKE_PREFIX_PATH}:/opt/ros/humble:/home/ctg/dev_ws/install/learning_urdf:/home/ctg/dev_ws/install/learning_topic:/home/ctg/dev_ws/install/learning_tf:/home/ctg/dev_ws/install/learning_service:/home/ctg/dev_ws/install/learning_qos:/home/ctg/dev_ws/install/learning_pkg_python:/home/ctg/dev_ws/install/learning_parameter:/home/ctg/dev_ws/install/learning_node:/home/ctg/dev_ws/install/learning_launch:/home/ctg/dev_ws/install/learning_action:/home/ctg/dev_ws/install/learning_gazebo_fortress:/home/ctg/dev_ws/install/learning_gazebo:/home/ctg/dev_ws/install/learning_cv /usr/bin/cmake --install /home/ctg/jaka_HumanArm_v2/build/robot_octomap_motion_planning
[124.063s] Level 1:colcon.colcon_core.environment:create_environment_scripts_only(robot_octomap_motion_planning)
[124.065s] Level 1:colcon.colcon_core.environment:checking '/home/ctg/jaka_HumanArm_v2/install/robot_octomap_motion_planning' for CMake module files
[124.067s] DEBUG:colcon.colcon_core.event_handler.log_command:Invoked command in '/home/ctg/jaka_HumanArm_v2/build/robot_octomap_motion_planning' returned '0': CMAKE_PREFIX_PATH=${CMAKE_PREFIX_PATH}:/opt/ros/humble:/home/ctg/dev_ws/install/learning_urdf:/home/ctg/dev_ws/install/learning_topic:/home/ctg/dev_ws/install/learning_tf:/home/ctg/dev_ws/install/learning_service:/home/ctg/dev_ws/install/learning_qos:/home/ctg/dev_ws/install/learning_pkg_python:/home/ctg/dev_ws/install/learning_parameter:/home/ctg/dev_ws/install/learning_node:/home/ctg/dev_ws/install/learning_launch:/home/ctg/dev_ws/install/learning_action:/home/ctg/dev_ws/install/learning_gazebo_fortress:/home/ctg/dev_ws/install/learning_gazebo:/home/ctg/dev_ws/install/learning_cv /usr/bin/cmake --install /home/ctg/jaka_HumanArm_v2/build/robot_octomap_motion_planning
[124.068s] Level 1:colcon.colcon_core.environment:checking '/home/ctg/jaka_HumanArm_v2/install/robot_octomap_motion_planning' for CMake config files
[124.068s] Level 1:colcon.colcon_core.shell:create_environment_hook('robot_octomap_motion_planning', 'cmake_prefix_path')
[124.069s] INFO:colcon.colcon_core.shell:Creating environment hook '/home/ctg/jaka_HumanArm_v2/install/robot_octomap_motion_planning/share/robot_octomap_motion_planning/hook/cmake_prefix_path.ps1'
[124.069s] INFO:colcon.colcon_core.shell:Creating environment descriptor '/home/ctg/jaka_HumanArm_v2/install/robot_octomap_motion_planning/share/robot_octomap_motion_planning/hook/cmake_prefix_path.dsv'
[124.070s] INFO:colcon.colcon_core.shell:Creating environment hook '/home/ctg/jaka_HumanArm_v2/install/robot_octomap_motion_planning/share/robot_octomap_motion_planning/hook/cmake_prefix_path.sh'
[124.071s] Level 1:colcon.colcon_core.environment:checking '/home/ctg/jaka_HumanArm_v2/install/robot_octomap_motion_planning/lib'
[124.072s] Level 1:colcon.colcon_core.environment:checking '/home/ctg/jaka_HumanArm_v2/install/robot_octomap_motion_planning/bin'
[124.072s] Level 1:colcon.colcon_core.environment:checking '/home/ctg/jaka_HumanArm_v2/install/robot_octomap_motion_planning/lib/pkgconfig/robot_octomap_motion_planning.pc'
[124.072s] Level 1:colcon.colcon_core.environment:checking '/home/ctg/jaka_HumanArm_v2/install/robot_octomap_motion_planning/lib/python3.10/site-packages'
[124.073s] Level 1:colcon.colcon_core.environment:checking '/home/ctg/jaka_HumanArm_v2/install/robot_octomap_motion_planning/bin'
[124.073s] INFO:colcon.colcon_core.shell:Creating package script '/home/ctg/jaka_HumanArm_v2/install/robot_octomap_motion_planning/share/robot_octomap_motion_planning/package.ps1'
[124.074s] INFO:colcon.colcon_core.shell:Creating package descriptor '/home/ctg/jaka_HumanArm_v2/install/robot_octomap_motion_planning/share/robot_octomap_motion_planning/package.dsv'
[124.075s] INFO:colcon.colcon_core.shell:Creating package script '/home/ctg/jaka_HumanArm_v2/install/robot_octomap_motion_planning/share/robot_octomap_motion_planning/package.sh'
[124.076s] INFO:colcon.colcon_core.shell:Creating package script '/home/ctg/jaka_HumanArm_v2/install/robot_octomap_motion_planning/share/robot_octomap_motion_planning/package.bash'
[124.077s] INFO:colcon.colcon_core.shell:Creating package script '/home/ctg/jaka_HumanArm_v2/install/robot_octomap_motion_planning/share/robot_octomap_motion_planning/package.zsh'
[124.077s] Level 1:colcon.colcon_core.environment:create_file_with_runtime_dependencies(/home/ctg/jaka_HumanArm_v2/install/robot_octomap_motion_planning/share/colcon-core/packages/robot_octomap_motion_planning)
[124.198s] Level 1:colcon.colcon_core.environment:create_environment_scripts_only(robot_octomap_motion_planning)
[124.198s] Level 1:colcon.colcon_core.environment:checking '/home/ctg/jaka_HumanArm_v2/install/robot_octomap_motion_planning' for CMake module files
[124.200s] Level 1:colcon.colcon_core.environment:checking '/home/ctg/jaka_HumanArm_v2/install/robot_octomap_motion_planning' for CMake config files
[124.200s] Level 1:colcon.colcon_core.shell:create_environment_hook('robot_octomap_motion_planning', 'cmake_prefix_path')
[124.201s] INFO:colcon.colcon_core.shell:Creating environment hook '/home/ctg/jaka_HumanArm_v2/install/robot_octomap_motion_planning/share/robot_octomap_motion_planning/hook/cmake_prefix_path.ps1'
[124.202s] INFO:colcon.colcon_core.shell:Creating environment descriptor '/home/ctg/jaka_HumanArm_v2/install/robot_octomap_motion_planning/share/robot_octomap_motion_planning/hook/cmake_prefix_path.dsv'
[124.203s] INFO:colcon.colcon_core.shell:Creating environment hook '/home/ctg/jaka_HumanArm_v2/install/robot_octomap_motion_planning/share/robot_octomap_motion_planning/hook/cmake_prefix_path.sh'
[124.205s] Level 1:colcon.colcon_core.environment:checking '/home/ctg/jaka_HumanArm_v2/install/robot_octomap_motion_planning/lib'
[124.205s] Level 1:colcon.colcon_core.environment:checking '/home/ctg/jaka_HumanArm_v2/install/robot_octomap_motion_planning/bin'
[124.205s] Level 1:colcon.colcon_core.environment:checking '/home/ctg/jaka_HumanArm_v2/install/robot_octomap_motion_planning/lib/pkgconfig/robot_octomap_motion_planning.pc'
[124.206s] Level 1:colcon.colcon_core.environment:checking '/home/ctg/jaka_HumanArm_v2/install/robot_octomap_motion_planning/lib/python3.10/site-packages'
[124.206s] Level 1:colcon.colcon_core.environment:checking '/home/ctg/jaka_HumanArm_v2/install/robot_octomap_motion_planning/bin'
[124.207s] INFO:colcon.colcon_core.shell:Creating package script '/home/ctg/jaka_HumanArm_v2/install/robot_octomap_motion_planning/share/robot_octomap_motion_planning/package.ps1'
[124.208s] INFO:colcon.colcon_core.shell:Creating package descriptor '/home/ctg/jaka_HumanArm_v2/install/robot_octomap_motion_planning/share/robot_octomap_motion_planning/package.dsv'
[124.209s] INFO:colcon.colcon_core.shell:Creating package script '/home/ctg/jaka_HumanArm_v2/install/robot_octomap_motion_planning/share/robot_octomap_motion_planning/package.sh'
[124.211s] INFO:colcon.colcon_core.shell:Creating package script '/home/ctg/jaka_HumanArm_v2/install/robot_octomap_motion_planning/share/robot_octomap_motion_planning/package.bash'
[124.212s] INFO:colcon.colcon_core.shell:Creating package script '/home/ctg/jaka_HumanArm_v2/install/robot_octomap_motion_planning/share/robot_octomap_motion_planning/package.zsh'
[124.213s] Level 1:colcon.colcon_core.environment:create_file_with_runtime_dependencies(/home/ctg/jaka_HumanArm_v2/install/robot_octomap_motion_planning/share/colcon-core/packages/robot_octomap_motion_planning)
[124.214s] DEBUG:colcon.colcon_parallel_executor.executor.parallel:closing loop
[124.216s] DEBUG:colcon.colcon_parallel_executor.executor.parallel:loop closed
[124.216s] DEBUG:colcon.colcon_parallel_executor.executor.parallel:run_until_complete finished with '0'
[124.216s] DEBUG:colcon.colcon_core.event_reactor:joining thread
[124.232s] INFO:colcon.colcon_core.plugin_system:Skipping extension 'colcon_notification.desktop_notification.terminal_notifier': Not used on non-Darwin systems
[124.232s] INFO:colcon.colcon_core.plugin_system:Skipping extension 'colcon_notification.desktop_notification.win32': Not used on non-Windows systems
[124.232s] INFO:colcon.colcon_notification.desktop_notification:Sending desktop notification using 'notify2'
[124.279s] DEBUG:colcon.colcon_core.event_reactor:joined thread
[124.279s] INFO:colcon.colcon_core.shell:Creating prefix script '/home/ctg/jaka_HumanArm_v2/install/local_setup.ps1'
[124.281s] INFO:colcon.colcon_core.shell:Creating prefix util module '/home/ctg/jaka_HumanArm_v2/install/_local_setup_util_ps1.py'
[124.284s] INFO:colcon.colcon_core.shell:Creating prefix chain script '/home/ctg/jaka_HumanArm_v2/install/setup.ps1'
[124.289s] INFO:colcon.colcon_core.shell:Creating prefix script '/home/ctg/jaka_HumanArm_v2/install/local_setup.sh'
[124.290s] INFO:colcon.colcon_core.shell:Creating prefix util module '/home/ctg/jaka_HumanArm_v2/install/_local_setup_util_sh.py'
[124.292s] INFO:colcon.colcon_core.shell:Creating prefix chain script '/home/ctg/jaka_HumanArm_v2/install/setup.sh'
[124.297s] INFO:colcon.colcon_core.shell:Creating prefix script '/home/ctg/jaka_HumanArm_v2/install/local_setup.bash'
[124.298s] INFO:colcon.colcon_core.shell:Creating prefix chain script '/home/ctg/jaka_HumanArm_v2/install/setup.bash'
[124.303s] INFO:colcon.colcon_core.shell:Creating prefix script '/home/ctg/jaka_HumanArm_v2/install/local_setup.zsh'
[124.304s] INFO:colcon.colcon_core.shell:Creating prefix chain script '/home/ctg/jaka_HumanArm_v2/install/setup.zsh'
