[0.064s] Invoking command in '/home/ctg/jaka_HumanArm_v2/build/robot_description': CMAKE_PREFIX_PATH=${CMAKE_PREFIX_PATH}:/opt/ros/humble:/home/ctg/dev_ws/install/learning_urdf:/home/ctg/dev_ws/install/learning_topic:/home/ctg/dev_ws/install/learning_tf:/home/ctg/dev_ws/install/learning_service:/home/ctg/dev_ws/install/learning_qos:/home/ctg/dev_ws/install/learning_pkg_python:/home/ctg/dev_ws/install/learning_parameter:/home/ctg/dev_ws/install/learning_node:/home/ctg/dev_ws/install/learning_launch:/home/ctg/dev_ws/install/learning_action:/home/ctg/dev_ws/install/learning_gazebo_fortress:/home/ctg/dev_ws/install/learning_gazebo:/home/ctg/dev_ws/install/learning_cv /usr/bin/cmake --build /home/ctg/jaka_HumanArm_v2/build/robot_description -- -j32 -l32
[0.254s] Invoked command in '/home/ctg/jaka_HumanArm_v2/build/robot_description' returned '0': CMAKE_PREFIX_PATH=${CMAKE_PREFIX_PATH}:/opt/ros/humble:/home/ctg/dev_ws/install/learning_urdf:/home/ctg/dev_ws/install/learning_topic:/home/ctg/dev_ws/install/learning_tf:/home/ctg/dev_ws/install/learning_service:/home/ctg/dev_ws/install/learning_qos:/home/ctg/dev_ws/install/learning_pkg_python:/home/ctg/dev_ws/install/learning_parameter:/home/ctg/dev_ws/install/learning_node:/home/ctg/dev_ws/install/learning_launch:/home/ctg/dev_ws/install/learning_action:/home/ctg/dev_ws/install/learning_gazebo_fortress:/home/ctg/dev_ws/install/learning_gazebo:/home/ctg/dev_ws/install/learning_cv /usr/bin/cmake --build /home/ctg/jaka_HumanArm_v2/build/robot_description -- -j32 -l32
[1.190s] Invoking command in '/home/ctg/jaka_HumanArm_v2/build/robot_description': CMAKE_PREFIX_PATH=${CMAKE_PREFIX_PATH}:/opt/ros/humble:/home/ctg/dev_ws/install/learning_urdf:/home/ctg/dev_ws/install/learning_topic:/home/ctg/dev_ws/install/learning_tf:/home/ctg/dev_ws/install/learning_service:/home/ctg/dev_ws/install/learning_qos:/home/ctg/dev_ws/install/learning_pkg_python:/home/ctg/dev_ws/install/learning_parameter:/home/ctg/dev_ws/install/learning_node:/home/ctg/dev_ws/install/learning_launch:/home/ctg/dev_ws/install/learning_action:/home/ctg/dev_ws/install/learning_gazebo_fortress:/home/ctg/dev_ws/install/learning_gazebo:/home/ctg/dev_ws/install/learning_cv /usr/bin/cmake --install /home/ctg/jaka_HumanArm_v2/build/robot_description
[1.190s] -- Install configuration: ""
[1.191s] -- Up-to-date: /home/ctg/jaka_HumanArm_v2/install/robot_description/share/robot_description//meshes
[1.191s] -- Up-to-date: /home/ctg/jaka_HumanArm_v2/install/robot_description/share/robot_description//meshes/base_link.STL
[1.191s] -- Up-to-date: /home/ctg/jaka_HumanArm_v2/install/robot_description/share/robot_description//meshes/r5.STL
[1.191s] -- Up-to-date: /home/ctg/jaka_HumanArm_v2/install/robot_description/share/robot_description//meshes/r2.STL
[1.191s] -- Up-to-date: /home/ctg/jaka_HumanArm_v2/install/robot_description/share/robot_description//meshes/r4.STL
[1.191s] -- Up-to-date: /home/ctg/jaka_HumanArm_v2/install/robot_description/share/robot_description//meshes/rt.STL
[1.191s] -- Up-to-date: /home/ctg/jaka_HumanArm_v2/install/robot_description/share/robot_description//meshes/r1.STL
[1.191s] -- Up-to-date: /home/ctg/jaka_HumanArm_v2/install/robot_description/share/robot_description//meshes/r3.STL
[1.192s] -- Up-to-date: /home/ctg/jaka_HumanArm_v2/install/robot_description/share/robot_description//meshes/r6.STL
[1.192s] -- Up-to-date: /home/ctg/jaka_HumanArm_v2/install/robot_description/share/robot_description//urdf
[1.192s] -- Up-to-date: /home/ctg/jaka_HumanArm_v2/install/robot_description/share/robot_description//urdf/urdf.urdf
[1.192s] -- Up-to-date: /home/ctg/jaka_HumanArm_v2/install/robot_description/share/robot_description//urdf/urdf.csv
[1.192s] -- Up-to-date: /home/ctg/jaka_HumanArm_v2/install/robot_description/share/robot_description//launch
[1.192s] -- Up-to-date: /home/ctg/jaka_HumanArm_v2/install/robot_description/share/robot_description//launch/display.launch.py
[1.192s] -- Up-to-date: /home/ctg/jaka_HumanArm_v2/install/robot_description/share/robot_description//rviz
[1.192s] -- Up-to-date: /home/ctg/jaka_HumanArm_v2/install/robot_description/share/robot_description//rviz/urdf.rviz
[1.192s] -- Up-to-date: /home/ctg/jaka_HumanArm_v2/install/robot_description/share/ament_index/resource_index/package_run_dependencies/robot_description
[1.192s] -- Up-to-date: /home/ctg/jaka_HumanArm_v2/install/robot_description/share/ament_index/resource_index/parent_prefix_path/robot_description
[1.193s] -- Up-to-date: /home/ctg/jaka_HumanArm_v2/install/robot_description/share/robot_description/environment/ament_prefix_path.sh
[1.193s] -- Up-to-date: /home/ctg/jaka_HumanArm_v2/install/robot_description/share/robot_description/environment/ament_prefix_path.dsv
[1.193s] -- Up-to-date: /home/ctg/jaka_HumanArm_v2/install/robot_description/share/robot_description/environment/path.sh
[1.200s] -- Up-to-date: /home/ctg/jaka_HumanArm_v2/install/robot_description/share/robot_description/environment/path.dsv
[1.200s] -- Up-to-date: /home/ctg/jaka_HumanArm_v2/install/robot_description/share/robot_description/local_setup.bash
[1.201s] -- Up-to-date: /home/ctg/jaka_HumanArm_v2/install/robot_description/share/robot_description/local_setup.sh
[1.201s] -- Up-to-date: /home/ctg/jaka_HumanArm_v2/install/robot_description/share/robot_description/local_setup.zsh
[1.201s] -- Up-to-date: /home/ctg/jaka_HumanArm_v2/install/robot_description/share/robot_description/local_setup.dsv
[1.201s] -- Installing: /home/ctg/jaka_HumanArm_v2/install/robot_description/share/robot_description/package.dsv
[1.201s] -- Up-to-date: /home/ctg/jaka_HumanArm_v2/install/robot_description/share/ament_index/resource_index/packages/robot_description
[1.201s] -- Up-to-date: /home/ctg/jaka_HumanArm_v2/install/robot_description/share/robot_description/cmake/robot_descriptionConfig.cmake
[1.201s] -- Up-to-date: /home/ctg/jaka_HumanArm_v2/install/robot_description/share/robot_description/cmake/robot_descriptionConfig-version.cmake
[1.201s] -- Up-to-date: /home/ctg/jaka_HumanArm_v2/install/robot_description/share/robot_description/package.xml
[1.233s] Invoked command in '/home/ctg/jaka_HumanArm_v2/build/robot_description' returned '0': CMAKE_PREFIX_PATH=${CMAKE_PREFIX_PATH}:/opt/ros/humble:/home/ctg/dev_ws/install/learning_urdf:/home/ctg/dev_ws/install/learning_topic:/home/ctg/dev_ws/install/learning_tf:/home/ctg/dev_ws/install/learning_service:/home/ctg/dev_ws/install/learning_qos:/home/ctg/dev_ws/install/learning_pkg_python:/home/ctg/dev_ws/install/learning_parameter:/home/ctg/dev_ws/install/learning_node:/home/ctg/dev_ws/install/learning_launch:/home/ctg/dev_ws/install/learning_action:/home/ctg/dev_ws/install/learning_gazebo_fortress:/home/ctg/dev_ws/install/learning_gazebo:/home/ctg/dev_ws/install/learning_cv /usr/bin/cmake --install /home/ctg/jaka_HumanArm_v2/build/robot_description
