[0.077s] Invoking command in '/home/ctg/jaka_HumanArm_v2/build/robot_octomap_motion_planning': CMAKE_PREFIX_PATH=${CMAKE_PREFIX_PATH}:/opt/ros/humble:/home/ctg/dev_ws/install/learning_urdf:/home/ctg/dev_ws/install/learning_topic:/home/ctg/dev_ws/install/learning_tf:/home/ctg/dev_ws/install/learning_service:/home/ctg/dev_ws/install/learning_qos:/home/ctg/dev_ws/install/learning_pkg_python:/home/ctg/dev_ws/install/learning_parameter:/home/ctg/dev_ws/install/learning_node:/home/ctg/dev_ws/install/learning_launch:/home/ctg/dev_ws/install/learning_action:/home/ctg/dev_ws/install/learning_gazebo_fortress:/home/ctg/dev_ws/install/learning_gazebo:/home/ctg/dev_ws/install/learning_cv /usr/bin/cmake /home/ctg/jaka_HumanArm_v2/src/robot_octomap_motion_planning -DCMAKE_INSTALL_PREFIX=/home/ctg/jaka_HumanArm_v2/install/robot_octomap_motion_planning
[0.103s] -- Found ament_cmake: 1.3.9 (/opt/ros/humble/share/ament_cmake/cmake)
[0.465s] -- Found rclcpp: 16.0.9 (/opt/ros/humble/share/rclcpp/cmake)
[0.530s] -- Found rosidl_generator_c: 3.1.5 (/opt/ros/humble/share/rosidl_generator_c/cmake)
[0.535s] -- Found rosidl_adapter: 3.1.5 (/opt/ros/humble/share/rosidl_adapter/cmake)
[0.550s] -- Found rosidl_generator_cpp: 3.1.5 (/opt/ros/humble/share/rosidl_generator_cpp/cmake)
[0.586s] -- Using all available rosidl_typesupport_c: rosidl_typesupport_fastrtps_c;rosidl_typesupport_introspection_c
[0.621s] -- Using all available rosidl_typesupport_cpp: rosidl_typesupport_fastrtps_cpp;rosidl_typesupport_introspection_cpp
[0.753s] -- Found rmw_implementation_cmake: 6.1.2 (/opt/ros/humble/share/rmw_implementation_cmake/cmake)
[0.759s] -- Found rmw_fastrtps_cpp: 6.2.6 (/opt/ros/humble/share/rmw_fastrtps_cpp/cmake)
[1.018s] -- Using RMW implementation 'rmw_fastrtps_cpp' as default
[1.408s] -- Found octomap_msgs: 2.0.0 (/opt/ros/humble/share/octomap_msgs/cmake)
[1.682s] -- Eigen found (include: /usr/include/eigen3, version: 3.4.0)
[1.709s] -- Found Boost: /usr/lib/x86_64-linux-gnu/cmake/Boost-1.74.0/BoostConfig.cmake (found suitable version "1.74.0", minimum required is "1.65.0") found components: system filesystem date_time iostreams serialization 
[1.756s] -- FLANN found (include: /usr/include, lib: /usr/lib/x86_64-linux-gnu/libflann_cpp.so)
[1.854s] -- Found OpenGL: /usr/lib/x86_64-linux-gnu/libOpenGL.so  found components: OpenGL GLX 
[2.200s] -- Found Eigen3: /usr/include/eigen3 (found version "3.4.0") 
[2.482s] -- OpenNI found (version: 1.5.4.0, include: /usr/include/ni, lib: /usr/lib/libOpenNI.so;libusb::libusb)
[2.503s] -- OpenNI2 found (version: 2.2.0.33, include: /usr/include/openni2, lib: /usr/lib/x86_64-linux-gnu/libOpenNI2.so;libusb::libusb)
[2.504s] [0m** WARNING ** io features related to pcap will be disabled[0m
[2.888s] -- Eigen found (include: /usr/include/eigen3, version: 3.4.0)
[2.901s] -- OpenNI found (version: 1.5.4.0, include: /usr/include/ni, lib: /usr/lib/libOpenNI.so;libusb::libusb)
[2.921s] -- OpenNI2 found (version: 2.2.0.33, include: /usr/include/openni2, lib: /usr/lib/x86_64-linux-gnu/libOpenNI2.so;libusb::libusb)
[3.296s] -- Found Qhull version 8.0.2
[3.614s] -- OpenNI found (version: 1.5.4.0, include: /usr/include/ni, lib: /usr/lib/libOpenNI.so;libusb::libusb)
[3.953s] -- looking for PCL_COMMON
[3.954s] -- looking for PCL_KDTREE
[3.954s] -- looking for PCL_OCTREE
[3.954s] -- looking for PCL_SEARCH
[3.955s] -- looking for PCL_SAMPLE_CONSENSUS
[3.955s] -- looking for PCL_FILTERS
[3.955s] -- looking for PCL_2D
[3.955s] -- looking for PCL_GEOMETRY
[3.955s] -- looking for PCL_IO
[3.956s] -- looking for PCL_FEATURES
[3.956s] -- looking for PCL_ML
[3.957s] -- looking for PCL_SEGMENTATION
[3.958s] -- looking for PCL_VISUALIZATION
[3.958s] -- looking for PCL_SURFACE
[3.958s] -- looking for PCL_REGISTRATION
[3.958s] -- looking for PCL_KEYPOINTS
[3.959s] -- looking for PCL_TRACKING
[3.960s] -- looking for PCL_RECOGNITION
[3.960s] -- looking for PCL_STEREO
[3.960s] -- looking for PCL_APPS
[3.961s] -- looking for PCL_IN_HAND_SCANNER
[3.961s] -- looking for PCL_MODELER
[3.961s] -- looking for PCL_POINT_CLOUD_EDITOR
[3.962s] -- looking for PCL_OUTOFCORE
[3.964s] -- looking for PCL_PEOPLE
[3.966s] -- Found sensor_msgs: 4.2.4 (/opt/ros/humble/share/sensor_msgs/cmake)
[4.148s] -- Found moveit_core: 2.5.5 (/opt/ros/humble/share/moveit_core/cmake)
[4.162s] -- Found Boost: /usr/lib/x86_64-linux-gnu/cmake/Boost-1.74.0/BoostConfig.cmake (found version "1.74.0") found components: chrono date_time filesystem iostreams program_options regex serialization system thread 
[4.167s] -- Found parameter_traits: 0.3.8 (/opt/ros/humble/share/parameter_traits/cmake)
[4.187s] -- Found rclcpp_lifecycle: 16.0.9 (/opt/ros/humble/share/rclcpp_lifecycle/cmake)
[4.285s] -- Found Boost: /usr/lib/x86_64-linux-gnu/cmake/Boost-1.74.0/BoostConfig.cmake (found version "1.74.0") found components: filesystem 
[4.388s] -- library: /usr/lib/x86_64-linux-gnu/libcurl.so
[4.910s] -- Found Eigen3: TRUE (found version "3.4.0") 
[4.911s] -- Ensuring Eigen3 include directory is part of orocos-kdl CMake target
[7.226s] -- Found moveit_ros_planning_interface: 2.5.5 (/opt/ros/humble/share/moveit_ros_planning_interface/cmake)
[7.238s] -- Found Boost: /usr/lib/x86_64-linux-gnu/cmake/Boost-1.74.0/BoostConfig.cmake (found version "1.74.0") found components: date_time filesystem program_options system thread 
[7.451s] -- Found Boost: /usr/lib/x86_64-linux-gnu/cmake/Boost-1.74.0/BoostConfig.cmake (found version "1.74.0") found components: system filesystem date_time program_options thread chrono 
[8.646s] -- Found Boost: /usr/lib/x86_64-linux-gnu/cmake/Boost-1.74.0/BoostConfig.cmake (found version "1.74.0") found components: thread system filesystem regex date_time program_options 
[9.162s] -- Found Boost: /usr/lib/x86_64-linux-gnu/cmake/Boost-1.74.0/BoostConfig.cmake (found version "1.74.0") found components: system filesystem date_time program_options thread 
[10.022s] -- Found moveit_common: 2.5.5 (/opt/ros/humble/share/moveit_common/cmake)
[10.192s] -- Could NOT find libbfd (missing: LIBBFD_LIBRARY LIBBFD_INCLUDE_DIR) 
[10.192s] -- BACKWARD_HAS_UNWIND=1
[10.192s] -- BACKWARD_HAS_BACKTRACE=0
[10.192s] -- BACKWARD_HAS_BACKTRACE_SYMBOL=0
[10.192s] -- BACKWARD_HAS_DW=1
[10.193s] -- BACKWARD_HAS_BFD=0
[10.193s] -- Found Backward: /opt/ros/humble/share/backward_ros/cmake  
[10.194s] [0mrobot_octomap_motion_planning: You did not request a specific build type: Choosing 'Release' for maximum performance[0m
[10.205s] -- Found Boost: /usr/lib/x86_64-linux-gnu/cmake/Boost-1.74.0/BoostConfig.cmake (found version "1.74.0") found components: system filesystem date_time thread 
[10.205s] -- Found control_msgs: 4.6.0 (/opt/ros/humble/share/control_msgs/cmake)
[10.688s] -- Found moveit_ros_perception: 2.5.5 (/opt/ros/humble/share/moveit_ros_perception/cmake)
[10.695s] -- Found Boost: /usr/lib/x86_64-linux-gnu/cmake/Boost-1.74.0/BoostConfig.cmake (found version "1.74.0") found components: thread 
[11.349s] -- Found moveit_servo: 2.5.5 (/opt/ros/humble/share/moveit_servo/cmake)
[12.563s] -- Found interactive_markers: 2.3.2 (/opt/ros/humble/share/interactive_markers/cmake)
[12.592s] -- Found rviz_visual_tools: 4.1.4 (/opt/ros/humble/share/rviz_visual_tools/cmake)
[12.813s] -- Setting OGRE_DIR to: '/opt/ros/humble/share/rviz_ogre_vendor/cmake/../../../opt/rviz_ogre_vendor/lib/OGRE/cmake'
[12.815s] -- Found OGRE
[12.815s] --   static     : OFF
[12.815s] --   components : HLMS;MeshLodGenerator;Overlay;Paging;Property;RTShaderSystem;Terrain;Volume
[12.816s] --   plugins    : Plugin_BSPSceneManager;Plugin_OctreeSceneManager;Plugin_PCZSceneManager;Plugin_ParticleFX;RenderSystem_GL;RenderSystem_GL3Plus;Codec_STBI
[12.816s] --   media      : /opt/ros/humble/opt/rviz_ogre_vendor/share/OGRE/Media
[12.816s] -- OGRE_LIBRARIES: OgreHLMS;OgreMeshLodGenerator;OgreOverlay;OgrePaging;OgreProperty;OgreRTShaderSystem;OgreTerrain;OgreVolume;OgreMain
[12.816s] -- OGRE_LIBRARY_DIRS: /opt/ros/humble/opt/rviz_ogre_vendor/lib
[12.816s] -- OGRE_PLUGINS: Plugin_BSPSceneManager;Plugin_OctreeSceneManager;Plugin_PCZSceneManager;Plugin_ParticleFX;RenderSystem_GL;RenderSystem_GL3Plus;Codec_STBI
[12.816s] -- OGRE_PLUGIN_DIR: /opt/ros/humble/opt/rviz_ogre_vendor/lib/OGRE
[12.816s] -- rviz_ogre_vendor::OgreOverlay for IMPORTED_LOCATION_RELEASE: /opt/ros/humble/opt/rviz_ogre_vendor/lib/libOgreOverlay.so
[12.816s] -- rviz_ogre_vendor::OgreOverlay for IMPORTED_LOCATION_DEBUG: /opt/ros/humble/opt/rviz_ogre_vendor/lib/libOgreOverlay.so
[12.816s] -- rviz_ogre_vendor::OgreMain for IMPORTED_LOCATION_RELEASE: /opt/ros/humble/opt/rviz_ogre_vendor/lib/libOgreMain.so
[12.816s] -- rviz_ogre_vendor::OgreMain for IMPORTED_LOCATION_DEBUG: /opt/ros/humble/opt/rviz_ogre_vendor/lib/libOgreMain.so
[12.835s] -- Found OpenGL: /usr/lib/x86_64-linux-gnu/libOpenGL.so   
[12.899s] -- rviz_ogre_vendor::RenderSystem_GL for IMPORTED_LOCATION_RELEASE: _render_system_gl_static_library_abs-NOTFOUND
[12.899s] -- rviz_ogre_vendor::RenderSystem_GL for IMPORTED_LOCATION_DEBUG: _render_system_gl_static_library_abs-NOTFOUND
[14.101s] -- Found moveit_visual_tools: 4.1.0 (/opt/ros/humble/share/moveit_visual_tools/cmake)
[15.308s] [31mCMake Error at CMakeLists.txt:44 (find_package):
[15.308s]   By not providing "Findrobot_moveit_config.cmake" in CMAKE_MODULE_PATH this
[15.309s]   project has asked CMake to find a package configuration file provided by
[15.309s]   "robot_moveit_config", but CMake did not find one.
[15.309s] 
[15.309s]   Could not find a package configuration file provided by
[15.309s]   "robot_moveit_config" with any of the following names:
[15.309s] 
[15.310s]     robot_moveit_configConfig.cmake
[15.310s]     robot_moveit_config-config.cmake
[15.310s] 
[15.310s]   Add the installation prefix of "robot_moveit_config" to CMAKE_PREFIX_PATH
[15.310s]   or set "robot_moveit_config_DIR" to a directory containing one of the above
[15.310s]   files.  If "robot_moveit_config" provides a separate development package or
[15.310s]   SDK, be sure it has been installed.
[15.311s] 
[15.311s] [0m
[15.311s] -- Configuring incomplete, errors occurred!
[15.311s] See also "/home/ctg/jaka_HumanArm_v2/build/robot_octomap_motion_planning/CMakeFiles/CMakeOutput.log".
